1000000000000000000000000000
100000000000000000000000000000000000000
10000000000000000000000000001
1000000000000000000000000000100000000000000000
100000000000000000000000000010000000000000000000000
1001
10010000000000000000000000000000000000000000000
10010000000000000000001
100100000000000000000010
10010000000000000000001000000000000000000
10010000000000000000001000000000000000000000000000
100100000000000000000010000000001
1001000000000000000000100000001
1001000000001
100100000000100000000000000
10010001
10010002
10010002000000
100100020000000000000000000
100100020000000000000000000000
10010002000000000000000001
1001000200001
10010002000010000000000000000000000000000000000000
100100020000100000000000000000000001
1001000200001000000000000000000000010000000000000
10011
100110000000000000000000000000000000000000000000
100110000000000001
100110000000000001000000000000000000000
1001100000000000010000000000000000001
10011000000000000100000000000000001
10011000000000000100000000000000001000000000000
1001101
10011010000000000000000000000000000000000000
100110100000000000000000000000000000000000000
1001101001
1001101001000000
10011010010000000000
10011010010000000000000
100110100100000000000000000000000000000000000
10011010010001
100110100100010
100110100100010000000000000000000000000000
101
101000000000000000000000000000000000
1010000000000000000000000000000001
10100000000000000000000000000000010000
1010000000000000000000000000000001000000000000
1010000000000000000000001
1010000000000000001
10100000000000000010000000000000000000000000
101000000000000000100000000000001
1010000000000000001000000000000010000000
101000000000000000100000000000001000001
10100000000000000010000000000001
1010000000000001
1010000000000002
101001
1010010000000000000000
101001000000000000000000000000000000000000000000000
11
11000000000
110000000000000000000
1100000000000000000000000000
11000000000000001
110000001
11000000100000000000000000000
110000001001
12
12000000000000000000000000000000000000000
12000000000000000000000000000000000000000000
120000000000000000000001
120000000000000000000001000000000000000000
1201
1201000000000000000000000000
1201000000001
1201000000001000000000
1201000000001000000000000000000000000000000
120100000000100001
120100000000100001000000000000000000000000
12010000000010000101
120100000000101
12010000000010100
121
1210000000000000
1210000000000000000000000000000000000000000000000
1210000001
1210000001000000000000000000000000000
12100001
121000010000000000000000000
121000010000000000000000000000000000
1210000100000000000000000000000000000000000
12100001000001
121000010000010000000
1210000100001
12101
12101000000
12101000000000000
2
2000000000000000000000000000000
