100
11
11000
11001
2
200000
2001
3
30000
3000000
300001
301
30100
30100000
3010001
30100010
30100011
30100012
30100013
30100014
30100015
30100016
30100017
30100018
30100019
301000190000
30100019000000000000
30100019001
301000190010000000
301000190010001
301000191
30100019100000000000000
3010001910001
30100019100010
301000191001
3010001910010000000000
301000191002
30100020
301000200000000000000
30100020000000001
3010002000000000100
30100020000000001000
301000201
30100020100000000000000
3010002010001
3010002010001000
3010002011
301000201100000
301000201100000000
301000201100001
301000202
30100020200000000000000000000000000000000000000
3010002020000000000000000000000000000000000001
301000202000000000000000000000000000000000001
30100020200000000000000000000000000000000001
3010002020000000000000000000000000000000001
301000202000000000000000000000000000000001
30100020200000000000000000000000000000001
3010002020000000000000000000000000000001
301000202000000000000000000000000000001
30100020200000000000000000000000000001
3010002020000000000000000000000000001
301000202000000000000000000000000001
30100020200000000000000000000000001
3010002020000000000000000000000001
301000202000000000000000000000001
30100020200000000000000000000001
3010002020000000000000000000001
301000202000000000000000000001
30100020200000000000000000001
3010002020000000000000000001
301000202000000000000000001
30100020200000000000000001
3010002020000000000000001
301000202000000000000001
30100020200000000000001
30100020200000000000001000000000000000000000000
30100020200000000000001000000000000000000000001
30100020200000000000001000000000000000000000002
30100020200000000000001000000000000000000000003
30100020200000000000001000000000000000000000003000
3010002020000000000000100000000000000000000000301
301000202000000000000010000000000000000000000031
30100020200000000000001000000000000000000000004
30100020200000000000001000000000000000000000004000
30100020200000000000001000000000000000000000004001
30100020200000000000001000000000000000000000004002
30100020200000000000001000000000000000000000004003
30100020200000000000001000000000000000000000004004
30100020200000000000001000000000000000000000004005
30100020200000000000001000000000000000000000004006
30100020200000000000001000000000000000000000004007
30100020200000000000001000000000000000000000004008
30100020200000000000001000000000000000000000004009
30100020200000000000001000000000000000000000004010
30100020200000000000001000000000000000000000004011
30100020200000000000001000000000000000000000004012
30100020200000000000001000000000000000000000004013
30100020200000000000001000000000000000000000004014
30100020200000000000001000000000000000000000004015
