1000000000000000000000000000000000000000000000000000000000000000000000000000000000000000000000000000
100000000000000000000000000000000000000000000000000000000000000000000000000000000000000000000000001
10000000000000000000000000000000000000000000000000000000000000000000000000000000000000000000000001
1000000000000000000000000000000000000000000000000000000000000000000000000000000000000000000000001
100000000000000000000000000000000000000000000000000000000000000000000000000000000000000000000001
10000000000000000000000000000000000000000000000000000000000000000000000000000000000000000000001
1000000000000000000000000000000000000000000000000000000000000000000000000000000000000000000001
100000000000000000000000000000000000000000000000000000000000000000000000000000000000000000001
10000000000000000000000000000000000000000000000000000000000000000000000000000000000000000001
1000000000000000000000000000000000000000000000000000000000000000000000000000000000000000001
100000000000000000000000000000000000000000000000000000000000000000000000000000000000000001
10000000000000000000000000000000000000000000000000000000000000000000000000000000000000001
1000000000000000000000000000000000000000000000000000000000000000000000000000000000000001
100000000000000000000000000000000000000000000000000000000000000000000000000000000000001
10000000000000000000000000000000000000000000000000000000000000000000000000000000000001
1000000000000000000000000000000000000000000000000000000000000000000000000000000000001
100000000000000000000000000000000000000000000000000000000000000000000000000000000001
10000000000000000000000000000000000000000000000000000000000000000000000000000000001
1000000000000000000000000000000000000000000000000000000000000000000000000000000001
100000000000000000000000000000000000000000000000000000000000000000000000000000001
10000000000000000000000000000000000000000000000000000000000000000000000000000001
1000000000000000000000000000000000000000000000000000000000000000000000000000001
100000000000000000000000000000000000000000000000000000000000000000000000000001
10000000000000000000000000000000000000000000000000000000000000000000000000001
1000000000000000000000000000000000000000000000000000000000000000000000000001
100000000000000000000000000000000000000000000000000000000000000000000000001
10000000000000000000000000000000000000000000000000000000000000000000000001
1000000000000000000000000000000000000000000000000000000000000000000000001
100000000000000000000000000000000000000000000000000000000000000000000001
10000000000000000000000000000000000000000000000000000000000000000000001
1000000000000000000000000000000000000000000000000000000000000000000001
100000000000000000000000000000000000000000000000000000000000000000001
10000000000000000000000000000000000000000000000000000000000000000001
1000000000000000000000000000000000000000000000000000000000000000001
100000000000000000000000000000000000000000000000000000000000000001
10000000000000000000000000000000000000000000000000000000000000001
1000000000000000000000000000000000000000000000000000000000000001
100000000000000000000000000000000000000000000000000000000000001
10000000000000000000000000000000000000000000000000000000000001
1000000000000000000000000000000000000000000000000000000000001
100000000000000000000000000000000000000000000000000000000001
10000000000000000000000000000000000000000000000000000000001
1000000000000000000000000000000000000000000000000000000001
100000000000000000000000000000000000000000000000000000001
10000000000000000000000000000000000000000000000000000001
1000000000000000000000000000000000000000000000000000001
100000000000000000000000000000000000000000000000000001
10000000000000000000000000000000000000000000000000001
1000000000000000000000000000000000000000000000000001
100000000000000000000000000000000000000000000000001
10000000000000000000000000000000000000000000000001
1000000000000000000000000000000000000000000000001
100000000000000000000000000000000000000000000001
10000000000000000000000000000000000000000000001
1000000000000000000000000000000000000000000001
100000000000000000000000000000000000000000001
10000000000000000000000000000000000000000001
1000000000000000000000000000000000000000001
100000000000000000000000000000000000000001
10000000000000000000000000000000000000001
1000000000000000000000000000000000000001
100000000000000000000000000000000000001
10000000000000000000000000000000000001
1000000000000000000000000000000000001
100000000000000000000000000000000001
10000000000000000000000000000000001
1000000000000000000000000000000001
100000000000000000000000000000001
10000000000000000000000000000001
1000000000000000000000000000001
100000000000000000000000000001
10000000000000000000000000001
1000000000000000000000000001
100000000000000000000000001
10000000000000000000000001
1000000000000000000000001
100000000000000000000001
10000000000000000000001
1000000000000000000001
100000000000000000001
10000000000000000001
1000000000000000001
100000000000000001
10000000000000001
1000000000000001
100000000000001
10000000000001
1000000000001
100000000001
10000000001
1000000001
100000001
10000001
1000001
100001
10001
1001
101
11
2
