Case 1: -1.000 -0.367 1.000 -0.367
Case 2: -0.499 -0.036 1.198 -1.236
Case 3: 0.428 0.140 -0.617 0.140
Case 4: -0.095 -0.121 1317.314 -1316.214
Case 5: -0.095 0.879 1317.314 -1315.214
Case 6: -0.095 -1.121 1317.314 -1317.214
Case 7: 0.000 1.000 0.000 1.000
Case 8: 0.000 1.000 0.000 1.000
Case 9: 0.000 0.000 0.000 0.000
Case 10: 0.000 -0.500 0.000 -0.500
Case 11: 2.522 -1.338 -0.940 0.480
Case 12: -0.796 0.163 6.065 0.163
Case 13: 0.298 -0.802 0.298 -0.802
Case 14: 0.716 -0.520 0.716 -0.520
Case 15: 0.161 -0.556 0.161 -0.556
Case 16: 0.918 0.103 0.918 0.103
Case 17: 0.181 0.233 0.181 0.233
Case 18: 0.966 0.832 0.966 0.832
Case 19: 0.622 -0.864 0.622 -0.864
Case 20: 0.076 -0.493 0.076 -0.493
Case 21: 0.673 0.915 0.673 0.915
Case 22: 0.581 -0.040 0.581 -0.040
Case 23: 0.266 0.963 0.266 0.963
Case 24: 0.440 -0.050 0.440 -0.050
Case 25: 0.294 0.222 0.294 0.222
Case 26: 0.796 0.992 0.796 0.992
Case 27: 0.824 -0.164 0.824 -0.164
Case 28: 0.490 -0.216 0.490 -0.216
Case 29: 0.886 0.530 0.886 0.530
Case 30: 0.362 0.682 0.362 0.682
Case 31: 0.661 -0.555 0.661 -0.555
Case 32: 0.115 -0.761 0.115 -0.761
Case 33: -4.279 -3.124 -0.602 0.167
Case 34: -0.087 -0.677 0.474 -0.925
Case 35: -0.125 -0.648 1.519 -0.409
Case 36: 0.058 0.260 1.579 -0.885
Case 37: 0.125 0.004 35.777 -35.317
Case 38: -0.778 -0.640 0.585 -1.009
Case 39: -0.151 -0.226 2.460 -2.349
Case 40: -0.755 -0.468 -0.171 -0.828
Case 41: -1.090 -0.035 0.586 -1.191
Case 42: -1.228 -0.968 0.219 -1.283
Case 43: 0.155 -0.614 0.840 -1.167
Case 44: -0.640 -0.228 0.436 -0.918
Case 45: -1.301 -1.090 -0.608 -0.872
Case 46: -0.169 -0.773 1.651 -0.634
Case 47: 0.759 0.901 0.869 0.900
Case 48: -1.696 -0.339 -0.369 0.077
Case 49: 0.398 0.548 1.330 0.667
Case 50: -0.199 0.085 -0.038 0.184
Case 51: 0.207 -0.567 28.360 -28.110
Case 52: -1.971 -1.574 -0.253 -0.711
Case 53: 0.536 0.150 -1.056 -0.082
Case 54: -0.361 -0.234 0.486 0.277
Case 55: -0.511 -0.210 1.167 0.705
Case 56: -1.098 -0.119 -0.252 0.356
Case 57: 9.674 7.106 1.217 -0.568
Case 58: 0.335 -0.382 1.133 -0.959
Case 59: 6.146 6.593 -0.891 0.176
Case 60: 0.293 -0.512 -0.112 -0.813
Case 61: 0.466 0.887 2.527 -0.576
Case 62: 4.112 2.801 0.702 -0.031
Case 63: 1.580 -0.315 0.556 -0.281
Case 64: 4.496 3.952 -0.471 -0.380
Case 65: 0.036 0.865 0.739 0.910
Case 66: -0.003 0.405 0.608 0.246
Case 67: 0.815 0.811 1.518 0.671
Case 68: -0.234 -0.790 0.204 -0.580
Case 69: 5.922 5.057 0.574 0.454
Case 70: -0.704 -0.364 0.319 -0.859
Case 71: 0.231 -0.268 -1.537 0.190
Case 72: 0.585 -0.440 0.851 -0.381
Case 73: -1.037 -0.329 -0.594 -0.324
Case 74: -0.183 -0.797 1.964 -0.584
Case 75: -3.987 -2.614 -0.431 0.225
Case 76: -4.023 -1.698 0.236 0.915
Case 77: 0.380 0.224 19.607 -17.441
Case 78: -0.817 -0.637 0.138 0.227
Case 79: 0.363 -0.124 -19.667 19.220
Case 80: -0.918 -0.949 -0.225 -1.578
Case 81: -98.478 -95.754 -0.816 0.953
Case 82: -0.306 -0.823 -0.083 -0.866
Case 83: -1.176 0.074 2.475 -1.270
Case 84: 0.682 -0.246 0.721 -0.247
Case 85: -13.861 -12.747 0.191 0.700
Case 86: 0.024 -1.169 0.599 -0.911
Case 87: -0.341 0.644 -0.801 0.597
Case 88: -0.494 0.636 0.454 0.484
Case 89: -2.160 -1.314 0.020 -0.367
Case 90: 1.340 1.043 -0.518 0.363
Case 91: -0.368 0.308 0.740 0.190
Case 92: -1.222 -1.503 0.449 -0.214
Case 93: 0.101 0.271 0.760 0.345
Case 94: 0.560 0.200 5.148 -3.812
Case 95: 1.061 0.720 1.021 0.719
Case 96: -0.762 0.009 -0.661 0.020
Case 97: 3.065 2.007 0.563 0.593
Case 98: 2.294 2.359 -1.086 0.625
Case 99: -2.325 -0.299 -0.691 0.673
Case 100: -0.724 -0.516 -1.043 -0.315
Case 101: 0.872 0.082 0.580 0.122
Case 102: 1.276 0.874 -1.112 0.030
Case 103: 3.371 1.833 -0.617 0.207
Case 104: -0.446 -0.766 -0.712 -0.925
Case 105: -3.068 -2.747 0.039 -0.390
Case 106: 1.521 0.077 -1.706 0.471
Case 107: 0.941 0.468 0.922 0.469
Case 108: 0.661 -0.968 1.773 -1.189
Case 109: -0.664 0.670 0.050 0.475
Case 110: 2.353 1.780 -0.542 0.456
Case 111: 1.650 1.548 0.051 0.778
Case 112: 0.264 0.419 1.053 -0.111
Case 113: -44.206 -41.200 0.091 0.458
Case 114: -0.253 -0.476 1.590 -0.488
Case 115: 0.027 -0.929 0.581 -1.398
Case 116: -0.569 0.560 1.588 0.780
Case 117: -3.129 -0.284 0.164 0.994
Case 118: -0.414 0.336 2.170 -1.015
Case 119: -2.442 0.014 0.561 0.691
Case 120: -1.147 0.298 4.427 -2.938
Case 121: 1.634 1.629 -0.270 0.507
Case 122: -0.492 -0.652 0.190 -0.819
Case 123: -0.053 -0.972 0.083 -0.931
Case 124: -2.166 -1.992 0.136 -0.531
Case 125: -0.234 0.215 -0.123 0.199
Case 126: 0.646 -0.225 0.582 -0.229
Case 127: -1.336 -0.694 -0.054 -1.353
Case 128: -3.112 -1.271 -1.034 -0.897
Case 129: 0.203 -0.772 2.840 -2.388
Case 130: 0.487 -0.525 0.015 -0.185
Case 131: 0.872 -0.646 3.208 -2.335
Case 132: -3.712 -2.339 0.562 0.126
Case 133: -0.865 -0.858 1.644 -0.070
Case 134: -0.287 0.383 0.888 0.019
Case 135: -3.596 -2.578 -1.204 -0.732
Case 136: 0.705 -0.958 -5.821 4.023
Case 137: 1.390 -0.136 0.029 -0.534
Case 138: -1.685 -1.029 0.711 -1.027
Case 139: 0.442 0.171 -1.130 0.731
Case 140: 1.231 -0.503 4.241 -1.274
Case 141: 4.267 1.557 1.012 -0.246
Case 142: -0.067 0.453 3.542 -1.099
Case 143: 0.634 0.022 -0.637 0.163
Case 144: -0.086 -0.471 -0.353 -0.509
Case 145: 1.037 -0.386 10.206 -6.949
Case 146: 4.630 1.872 0.522 -0.645
Case 147: -1.134 -0.468 6.535 -7.131
Case 148: -1.057 -0.602 5.093 -5.161
Case 149: 0.240 -0.775 -2.766 -0.265
Case 150: 6.525 5.779 -0.022 -0.301
Case 151: -0.383 -0.260 2.331 -1.313
Case 152: 0.747 0.609 0.959 0.547
Case 153: 1.375 2.443 -1.525 0.691
Case 154: 14.969 14.234 0.651 0.235
Case 155: -1.563 -0.577 3.263 -3.027
Case 156: -0.360 -0.649 4.114 -4.734
Case 157: -6.189 -4.677 0.398 -0.241
Case 158: -0.095 1.055 3.165 -1.184
Case 159: -0.695 0.785 -0.241 0.686
Case 160: 0.659 -0.139 1.493 -0.899
Case 161: -0.572 0.522 -0.531 0.538
Case 162: -0.963 -0.385 -1.036 -0.366
Case 163: -2.314 -1.606 -0.172 -0.765
Case 164: 0.777 0.003 2.604 -0.644
Case 165: 0.260 0.475 1.657 -0.230
Case 166: 0.019 0.885 48.104 -45.344
Case 167: -2.450 -1.079 1.514 0.480
Case 168: 0.525 -0.169 -1.333 -0.262
Case 169: -1.228 0.002 -1.097 -0.038
Case 170: 0.440 -0.973 3.765 -3.108
Case 171: 1.414 -0.556 1.091 -0.823
Case 172: 1.303 -0.760 1.121 -0.858
Case 173: -0.437 0.796 -0.454 0.798
Case 174: -0.961 -0.475 -7.484 3.893
Case 175: 1.432 -0.405 -1.128 -0.442
Case 176: -4.145 -3.510 -0.218 -0.616
Case 177: 1.405 -0.269 1.229 -0.378
Case 178: -13.045 -10.488 -0.292 -0.524
Case 179: -0.047 -0.192 8.708 -5.841
Case 180: -0.182 -0.499 0.782 -1.350
Case 181: -0.554 0.724 -0.168 0.905
Case 182: -0.433 0.115 -0.510 0.077
Case 183: 0.206 -0.909 2.322 -1.730
Case 184: -0.790 0.852 2.432 -0.145
Case 185: 3.169 2.213 0.903 0.353
Case 186: 1.674 0.295 -0.963 -0.562
Case 187: 0.794 0.029 4.365 -2.849
Case 188: 0.652 0.755 1.215 0.467
Case 189: 0.989 -0.407 -25.254 22.884
Case 190: -0.538 0.496 -12.875 9.621
Case 191: 0.769 -0.432 6.365 -3.829
Case 192: 2.623 0.369 -1.091 0.691
Case 193: -0.428 -0.665 -4.390 1.565
Case 194: 2.976 0.745 -0.869 -0.670
Case 195: -0.853 -0.168 -2.848 1.124
Case 196: 0.976 -0.636 1.683 -0.943
Case 197: 1.487 0.603 0.139 -0.463
Case 198: -1.107 0.685 2.049 -1.573
Case 199: 0.199 -0.164 1.718 -0.992
Case 200: -7.894 -7.237 -0.473 -0.725
Case 201: -2.726 -0.103 2.328 -0.556
Case 202: -0.047 -0.151 7.493 -5.411
Case 203: 0.088 -0.639 -3.579 0.964
Case 204: 1.798 1.972 -1.550 -0.023
Case 205: 0.426 -0.484 -10.264 8.900
Case 206: -6.204 -3.534 -0.162 1.055
Case 207: -0.298 -1.052 -5.485 2.679
Case 208: -1.099 -0.573 1.229 -1.645
Case 209: 2.798 2.236 0.182 0.050
Case 210: -2.222 -0.674 -0.880 -0.577
Case 211: -179.479 -176.390 -0.302 -0.749
Case 212: -23.250 -21.417 0.445 -0.628
