10000
2
2000
201
202
21
3
3000000
3000001
30001
300010
31
31000
32
320000
32000000
32000001
32000002
32000003
32000004
32000005
3200000500000000000000000000000000000
3200000500000000000000000000000000001
320000050000000000001
32000005000000000001
3200000500000000001
320000050000000001
32000005000000001
3200000500000001
320000050000001
32000005000001
3200000500001
320000050001
32000005001
3200000501
320000051
3200000510000000000000000000000000000000000000000000
320000051000000000000000000000000000000000000000001
32000005100000000000000000000000000000000000000001
3200000510000000000000000000000000000000000000001
320000051000000000000000000001
320000051000000000000000000001000000
32000005100000000000000000001
32000005100000000000000001
320000051000000000001
32000005100000000000100000000000000
3200000510000000000010000000000001
32000005100000000000100000000001
3200000510000000000010001
32000005100000000000101
3200000510000000000010100000
320000051000000000001010001
32000005100000000000101000100000
32000005100000000000101000100000000
3200000510000000000011
320000051000000000001100
320000051000000000001100000000000
320000051000000000001100000001
32000005100000000000110001
320000051000000000001100010000000
3200000510000000000011000100000000
3200000510000000000011000100001
32000005100000000000110001000010000
32000005100000000000111
320000051000000000002
320000051000000000002000000000
32000005100000000000200000000000
3200000510000000000020000001
3200001
3200002
3200003
3200003000000000000000000000000000000000000000
3200003000000000000000000000000000000000001
320000300000000000000000000000000000001
32000030000000000000000000000000000001
32000030000000000000000000000000000001000
3200003000000000000000000000000000001
320000300000000000000000000000000000100000
32000030000000000000000000000000000011
320000300000000000000000000000000000110000000
32000030000000000000000000000000000011000001
320000300000000000000000000000000000111
320000300000000000000000000000000000111000000
320000300000000000000000000000000000111000001
3200003000000000000000000000000000001111
320000300000000000000000000000000000111100000000
320000300000000000000000000000000000112
320000300000000000000000000000000000113
3200003000000000000000000000000000001130000000
320000300000000000000000000000000000113001
320000300000000000000000000000000000113002
32000030000000000000000000000000000011301
32000030000000000000000000000000000011301000000
32000030000000000000000000000000000011301000001
3200003000000000000000000000000000001130101
3200003000000000000000000000000000001131
3200003000000000000000000000000000001131000000
32000030000000000000000000000000000011310000000
3200004
32000040
