1000000000000000000000000000000000000000000000000000000000000000000000000
1000000000000000000000000000000000000000000000000000000000000000000000001
1000000000000000000000000000000000000000000000000000000000000000000000002
100000000000000000000000000000000000000000000000000000000000000000000001
100000000000000000000000000000000000000000000000000000000000000000000002
100000000000000000000000000000000000000000000000000000000000000000000003
100000000000000000000000000000000000000000000000000000000000000000000004
100000000000000000000000000000000000000000000000000000000000000000000005
100000000000000000000000000000000000000000000000000000000000000000000006
100000000000000000000000000000000000000000000000000000000000000000000007
100000000000000000000000000000000000000000000000000000000000000000000008
100000000000000000000000000000000000000000000000000000000000000000000009
100000000000000000000000000000000000000000000000000000000000000000000010
100000000000000000000000000000000000000000000000000000000000000000000011
10000000000000000000000000000000000000000000000000000000000000000000002
1000000000000000000000000000000000000000000000000000000000000000000001
100000000000000000000000000000000000000000000000000000000000000000001
10000000000000000000000000000000000000000000000000000000000000000001
1000000000000000000000000000000000000000000000000000000000000000001
100000000000000000000000000000000000000000000000000000000000000001
10000000000000000000000000000000000000000000000000000000000000001
1000000000000000000000000000000000000000000000000000000000000001
100000000000000000000000000000000000000000000000000000000000001
10000000000000000000000000000000000000000000000000000000000001
1000000000000000000000000000000000000000000000000000000000001
100000000000000000000000000000000000000000000000000000000001
10000000000000000000000000000000000000000000000000000000001
1000000000000000000000000000000000000000000000000000000001
100000000000000000000000000000000000000000000000000000001
10000000000000000000000000000000000000000000000000000001
1000000000000000000000000000000000000000000000000000001
100000000000000000000000000000000000000000000000000001
100000000000000000000000000000000000000000000000000002
100000000000000000000000000000000000000000000000000003
100000000000000000000000000000000000000000000000000004
10000000000000000000000000000000000000000000000000001
10000000000000000000000000000000000000000000000000002
10000000000000000000000000000000000000000000000000003
1000000000000000000000000000000000000000000000000001
100000000000000000000000000000000000000000001
10000000000000000000000000000000000000000001
100000000000000000000000000000000000000000010000000
100000000000000000000000000000000000000000010001
100000000000000000000000000000000000000000010001000
1000000000000000000000000000000000000000000101
10000000000000000000000000000000000000000001010000
10000000000000000000000000000000000000001
1000000000000000000000000000000000000000100
1000000000000000000000000000000000000000100000000
1000000000000000000000000000000000000000101
10000000000000000000000000000000000000002
1000000000000000000000000000000000000001
100000000000000000000000000000000000000100
100000000000000000000000000000000000000100000000
1000000000000000000000000000000000000001000001
100000000000000000000000000000000000000101
10000000000000000000000000000000000000010100000
100000000000000000000000000000000000000101001
1000000000000000000000000000000000000001010010
100000000000000000000000000000000000000101001000000
10000000000000000000000000000000000000011
100000000000000000000000000000000000001
10000000000000000000000000000000000001
1000000000000000000000000000000000001
100000000000000000000000000000000001
10000000000000000000000000000000001
1000000000000000000000000000000001
100000000000000000000000000000001
10000000000000000000000000000001
1000000000000000000000000000001
100000000000000000000000000001
10000000000000000000000000001
1000000000000000000000000001
100000000000000000000000001
10000000000000000000000001
1000000000000000000000001
100000000000000000000001
10000000000000000000001
1000000000000000000001
100000000000000000001
10000000000000000001
1000000000000000001
100000000000000001
10000000000000001
1000000000000001
100000000000001
10000000000001
1000000000001
100000000001
10000000001
1000000001
100000001
10000001
1000001
100001
10001
1001
101
11
2
