1
2
3
300
31
4
4000
401
4010
401000
40101
4011
4011000
40110000
4011001
401101
40110100
40110101
40110102
401101020
40110103
401101030
401101031
401101032
401101033
40110103300
4011010331
401101034
40110103400
40110103401
40110103402
40110103403
401101034030000000000000
40110103403000000000001
4011010340300000000001
401101034030000000001
40110103403000000001
4011010340300000001
401101034030000001
40110103403000001
4011010340300001
401101034030001
40110103403001
4011010340301
401101034031
40110103404
4011010340400000000000000
4011010340400000000000001
401101034040000000000000100
40110103404000000000000011
401101034040000000000001
4011010340400000000000010
4011010340400000000000010000000
401101034040000000000001000001
40110103404000000000000100001
4011010340400000000000010001
401101034040000000000001001
40110103404000000000000100100
4011010340400000000000010011
401101034040000000000001002
401101034040000000000001002000
40110103404000000000000100201
401101034040000000000001003
4011010340400000000000010030000000000000000
401101034040000000000001003000000000000001
40110103404000000000000100300000000000001
4011010340400000000000010030000000000001
401101034040000000000001003000000000001
40110103404000000000000100300000000001
4011010340400000000000010030000000001
401101034040000000000001003000000001
40110103404000000000000100300000001
4011010340400000000000010030000001
401101034040000000000001003000001
40110103404000000000000100300001
4011010340400000000000010030001
4011010340400000000000010030001000000000000
4011010340400000000000010030001000000000001
4011010340400000000000010030001000000000002
4011010340400000000000010030001000000000003
4011010340400000000000010030001000000000004
4011010340400000000000010030001000000000005
4011010340400000000000010030001000000000006
4011010340400000000000010030001000000000007
4011010340400000000000010030001000000000008
4011010340400000000000010030001000000000009
4011010340400000000000010030001000000000010
4011010340400000000000010030001000000000011
4011010340400000000000010030001000000000012
4011010340400000000000010030001000000000013
4011010340400000000000010030001000000000014
4011010340400000000000010030001000000000015
4011010340400000000000010030001000000000016
4011010340400000000000010030001000000000017
401101034040000000000001003000100000000001700000
40110103404000000000000100300010000000000170001
4011010340400000000000010030001000000000017001
401101034040000000000001003000100000000001701
40110103404000000000000100300010000000000171
4011010340400000000000010030001000000000018
