100000000000000000000000000000000000000000000000000000
10000000000000000000000000000000000000000000000000001
1000000000000000000000000000000000000000000000000001
100000000000000000000000000000000000000000000000001
10000000000000000000000000000000000000000000000001
1000000000000000000000000000000000000000000000001
100000000000000000000000000000000000000000000001
10000000000000000000000000000000000000000000001
1000000000000000000000000000000000000000000001
100000000000000000000000000000000000000000001
1000000000000000000000000000000000000000001
1000000000000000000000000000000000000001
100000000000000000000000000000000000000100
100000000000000000000000000000000000000100000
10000000000000000000000000000000000000010001
100000000000000000000000000000000000000100010
10000000000000000000000000000000000000011
100000000000000000000000000000000000000110000
1000000000000000000000000000000000000001101
10000000000000000000000000000000000000011010
1000000000000000000000000000000000000002
1000000000000000000000000000000000000002000
100000000000000000000000000000000000000201
100000000000000000000000000000000000001
10000000000000000000000000000000000001
1000000000000000000000000000000000001
100000000000000000000000000000000001
100000000000000000000000000000000002
100000000000000000000000000000000003
100000000000000000000000000000000004
100000000000000000000000000000000005
100000000000000000000000000000000006
10000000000000000000000000000001
10000000000000000000000000000001000
1000000000000000000000000000000101
1000000000000000000000000000001
10000000000000000000000000000010000
100000000000000000000000000001
10000000000000000000000000000100000
10000000000000000000000000001
1000000000000000000000000001
100000000000000000000000000100000
100000000000000000000000000101
100000000000000000000000001
1000000000000000000000000010
100000000000000000000000001000
10000000000000000000000000100000
1000000000000000000000000010001
10000000000000000000000001
1000000000000000000000001
100000000000000000000001
10000000000000000000001
10000000000000000001
100000000000000000010
10000000000000001
1000000000000000100000
1000000000000000101
100000000000000010100
10000000000000001011
100000000000000010110
1000000000000001
10000000000000010000
10000000000000010001
100000000000000101
10000000000000011
10000000000000012
10000000000000012000
100000000000000120000
100000000000001
10000000000001
1000000000001
100000000001
10000000001
1000000001
100000001
10000001
10000002
10000003
10000004
10000005
10000006
10000007
10000008
10000009
10000010
10000011
10000012
10000013
10000014
10000015
10000016
10000017
10000018
1000002
100001
10001
1001
101
11
2
