Case 1:
1
2
Mercer
Bears
5
Mercer
7
Bears
Mercer
10

Case 2:
5
Mercer
7
Bears
Mercer
10
11
MercerBears
13
14
Mercer
Bears
17
MercerGrrrr
19
Bears

Case 3:
Mercer
31
Bears
MercerBite
34
35
MercerBearsGrrrr
37
38
Mercer
Bears

Case 4:
Mercer
391
Bears
Mercer
394
395
MercerBearsGrrrrBite
397
398
Mercer
Bears

Case 5:
Bears
Mercer
5002
5003
MercerBearsGrrrr
5005
5006
Mercer
Bears
5009
Mercer
5011
Bears
Mercer
5014
5015
MercerBearsBite
5017
5018
Mercer
Bears
5021
MercerGrrrr
5023
Bears
Mercer
5026
5027
MercerBears
5029
5030
Mercer
Bears
5033
Mercer
5035
Bears
Mercer
5038
5039
MercerBearsGrrrr
5041
5042
Mercer
Bears
5045
Mercer
5047
Bears
MercerBite
5050
5051
MercerBears
5053
5054
Mercer
Bears
5057
MercerGrrrr
5059
Bears
Mercer
5062
5063
MercerBears
5065
5066
Mercer
Bears
5069
Mercer
5071
Bears
Mercer
5074
5075
MercerBearsGrrrr
5077
5078
Mercer
Bears
5081
MercerBite
5083
Bears
Mercer
5086
5087
MercerBears
5089
5090
Mercer
Bears
5093
MercerGrrrr
5095
Bears
Mercer
5098
5099
MercerBears
5101
5102
Mercer
Bears
5105
Mercer
5107
Bears
Mercer
5110
5111
MercerBearsGrrrr
5113
5114
MercerBite
Bears
5117
Mercer
5119
Bears
Mercer
5122
5123
MercerBears
5125
5126
Mercer
Bears
5129
MercerGrrrr
5131
Bears
Mercer
5134
5135
MercerBears
5137
5138
Mercer
Bears
5141
Mercer
5143
Bears
Mercer
5146
5147
MercerBearsGrrrrBite
5149
5150
Mercer
Bears
5153
Mercer
5155
Bears
Mercer
5158
5159
MercerBears
5161
5162
Mercer
Bears
5165
MercerGrrrr
5167
Bears
Mercer
5170
5171
MercerBears
5173
5174
Mercer
Bears
5177
Mercer
5179
Bears
MercerBite
5182
5183
MercerBearsGrrrr
5185
5186
Mercer
Bears
5189
Mercer
5191
Bears
Mercer
5194
5195
MercerBears
5197
5198
Mercer
Bears
5201
MercerGrrrr
5203
Bears
Mercer
5206
5207
MercerBears
5209
5210
Mercer
Bears
5213
MercerBite
5215
Bears
Mercer
5218
5219
MercerBearsGrrrr
5221
5222
Mercer
Bears
5225
Mercer
5227
Bears
Mercer
5230
5231
MercerBears
5233
5234
Mercer
Bears
5237
MercerGrrrr
5239
Bears
Mercer
5242
5243
MercerBears
5245
5246
MercerBite
Bears
5249
Mercer
5251
Bears
Mercer
5254
5255
MercerBearsGrrrr
5257
5258
Mercer
Bears
5261
Mercer
5263
Bears
Mercer
5266
5267
MercerBears
5269
5270
Mercer
Bears
5273
MercerGrrrr
5275
Bears
Mercer
5278
5279
MercerBearsBite
5281
5282
Mercer
Bears
5285
Mercer
5287
Bears
Mercer
5290
5291
MercerBearsGrrrr
5293
5294
Mercer
Bears
5297
Mercer
5299
Bears
Mercer
5302
5303
MercerBears
5305
5306
Mercer
Bears
5309
MercerGrrrr
5311
Bears
MercerBite
5314
5315
MercerBears
5317
5318
Mercer
Bears
5321
Mercer
5323
Bears
Mercer
5326
5327
MercerBearsGrrrr
5329
5330
Mercer
Bears
5333
Mercer
5335
Bears
Mercer
5338
5339
MercerBears
5341
5342
Mercer
Bears
5345
MercerGrrrrBite
5347
Bears
Mercer
5350
5351
MercerBears
5353
5354
Mercer
Bears
5357
Mercer
5359
Bears
Mercer
5362
5363
MercerBearsGrrrr
5365
5366
Mercer
Bears
5369
Mercer
5371
Bears
Mercer
5374
5375
MercerBears
5377
5378
MercerBite
Bears
5381
MercerGrrrr
5383
Bears
Mercer
5386
5387
MercerBears
5389
5390
Mercer
Bears
5393
Mercer
5395
Bears
Mercer
5398
5399
MercerBearsGrrrr
5401
5402
Mercer
Bears
5405
Mercer
5407
Bears
Mercer
5410
5411
MercerBearsBite
5413
5414
Mercer
Bears
5417
MercerGrrrr
5419
Bears
Mercer
5422
5423
MercerBears
5425
5426
Mercer
Bears
5429
Mercer
5431
Bears
Mercer
5434
5435
MercerBearsGrrrr
5437
5438
Mercer
Bears
5441
Mercer
5443
Bears
MercerBite
5446
5447
MercerBears
5449
5450
Mercer
Bears
5453
MercerGrrrr
5455
Bears
Mercer
5458
5459
MercerBears
5461
5462
Mercer
Bears
5465
Mercer
5467
Bears
Mercer
5470
5471
MercerBearsGrrrr
5473
5474
Mercer
Bears
5477
MercerBite
5479
Bears
Mercer
5482
5483
MercerBears
5485
5486
Mercer
Bears
5489
MercerGrrrr
5491
Bears
Mercer
5494
5495
MercerBears
5497
5498
Mercer
Bears
5501
Mercer
5503
Bears
Mercer
5506
5507
MercerBearsGrrrr
5509
5510
MercerBite
Bears
5513
Mercer
5515
Bears
Mercer
5518
5519
MercerBears
5521
5522
Mercer
Bears
5525
MercerGrrrr
5527
Bears
Mercer
5530
5531
MercerBears
5533
5534
Mercer
Bears
5537
Mercer
5539
Bears
Mercer
5542
5543
MercerBearsGrrrrBite
5545
5546
Mercer
Bears
5549
Mercer
5551
Bears
Mercer
5554
5555
MercerBears
5557
5558
Mercer
Bears
5561
MercerGrrrr
5563
Bears
Mercer
5566
5567
MercerBears
5569
5570
Mercer
Bears
5573
Mercer
5575
Bears
MercerBite
5578
5579
MercerBearsGrrrr
5581
5582
Mercer
Bears
5585
Mercer
5587
Bears
Mercer
5590
5591
MercerBears
5593
5594
Mercer
Bears
5597
MercerGrrrr
5599
Bears
Mercer
5602
5603
MercerBears
5605
5606
Mercer
Bears
5609
MercerBite
5611
Bears
Mercer
5614
5615
MercerBearsGrrrr
5617
5618
Mercer
Bears
5621
Mercer
5623
Bears
Mercer
5626
5627
MercerBears
5629
5630
Mercer
Bears
5633
MercerGrrrr
5635
Bears
Mercer
5638
5639
MercerBears
5641
5642
MercerBite
Bears
5645
Mercer
5647
Bears
Mercer
5650
5651
MercerBearsGrrrr
5653
5654
Mercer
Bears
5657
Mercer
5659
Bears
Mercer
5662
5663
MercerBears
5665
5666
Mercer
Bears
5669
MercerGrrrr
5671
Bears
Mercer
5674
5675
MercerBearsBite
5677
5678
Mercer
Bears
5681
Mercer
5683
Bears
Mercer
5686
5687
MercerBearsGrrrr
5689
5690
Mercer
Bears
5693
Mercer
5695
Bears
Mercer
5698
5699
MercerBears
5701
5702
Mercer
Bears
5705
MercerGrrrr
5707
Bears
MercerBite
5710
5711
MercerBears
5713
5714
Mercer
Bears
5717
Mercer
5719
Bears
Mercer
5722
5723
MercerBearsGrrrr
5725
5726
Mercer
Bears
5729
Mercer
5731
Bears
Mercer
5734
5735
MercerBears
5737
5738
Mercer
Bears
5741
MercerGrrrrBite
5743
Bears
Mercer
5746
5747
MercerBears
5749
5750
Mercer
Bears
5753
Mercer
5755
Bears
Mercer
5758
5759
MercerBearsGrrrr
5761
5762
Mercer
Bears
5765
Mercer
5767
Bears
Mercer
5770
5771
MercerBears
5773
5774
MercerBite
Bears
5777
MercerGrrrr
5779
Bears
Mercer
5782
5783
MercerBears
5785
5786
Mercer
Bears
5789
Mercer
5791
Bears
Mercer
5794
5795
MercerBearsGrrrr
5797
5798
Mercer
Bears
5801
Mercer
5803
Bears
Mercer
5806
5807
MercerBearsBite
5809
5810
Mercer
Bears
5813
MercerGrrrr
5815
Bears
Mercer
5818
5819
MercerBears
5821
5822
Mercer
Bears
5825
Mercer
5827
Bears
Mercer
5830
5831
MercerBearsGrrrr
5833
5834
Mercer
Bears
5837
Mercer
5839
Bears
MercerBite
5842
5843
MercerBears
5845
5846
Mercer
Bears
5849
MercerGrrrr
5851
Bears
Mercer
5854
5855
MercerBears
5857
5858
Mercer
Bears
5861
Mercer
5863
Bears
Mercer
5866
5867
MercerBearsGrrrr
5869
5870
Mercer
Bears
5873
MercerBite
5875
Bears
Mercer
5878
5879
MercerBears
5881
5882
Mercer
Bears
5885
MercerGrrrr
5887
Bears
Mercer
5890
5891
MercerBears
5893
5894
Mercer
Bears
5897
Mercer
5899
Bears
Mercer
5902
5903
MercerBearsGrrrr
5905
5906
MercerBite
Bears
5909
Mercer
5911
Bears
Mercer
5914
5915
MercerBears
5917
5918
Mercer
Bears
5921
MercerGrrrr
5923
Bears
Mercer
5926
5927
MercerBears
5929
5930
Mercer
Bears
5933
Mercer
5935
Bears
Mercer
5938
5939
MercerBearsGrrrrBite
5941
5942
Mercer
Bears
5945
Mercer
5947
Bears
Mercer
5950
5951
MercerBears
5953
5954
Mercer
Bears
5957
MercerGrrrr
5959
Bears
Mercer
5962
5963
MercerBears
5965
5966
Mercer
Bears
5969
Mercer
5971
Bears
MercerBite
5974
5975
MercerBearsGrrrr
5977
5978
Mercer
Bears
5981
Mercer
5983
Bears
Mercer
5986
5987
MercerBears
5989
5990
Mercer
Bears
5993
MercerGrrrr
5995
Bears
Mercer
5998
5999
MercerBears
6001
6002
Mercer
Bears
6005
MercerBite
6007
Bears
Mercer
6010
6011
MercerBearsGrrrr
6013
6014
Mercer
Bears
6017
Mercer
6019
Bears
Mercer
6022
6023
MercerBears
6025
6026
Mercer
Bears
6029
MercerGrrrr
6031
Bears
Mercer
6034
6035
MercerBears
6037
6038
MercerBite
Bears
6041
Mercer
6043
Bears
Mercer
6046
6047
MercerBearsGrrrr
6049
6050
Mercer
Bears
6053
Mercer
6055
Bears
Mercer
6058
6059
MercerBears
6061
6062
Mercer
Bears
6065
MercerGrrrr
6067
Bears
Mercer
6070
6071
MercerBearsBite
6073
6074
Mercer
Bears
6077
Mercer
6079
Bears
Mercer
6082
6083
MercerBearsGrrrr
6085
6086
Mercer
Bears
6089
Mercer
6091
Bears
Mercer
6094
6095
MercerBears
6097
6098
Mercer
Bears
6101
MercerGrrrr
6103
Bears
MercerBite
6106
6107
MercerBears
6109
6110
Mercer
Bears
6113
Mercer
6115
Bears
Mercer
6118
6119
MercerBearsGrrrr
6121
6122
Mercer
Bears
6125
Mercer
6127
Bears
Mercer
6130
6131
MercerBears
6133
6134
Mercer
Bears
6137
MercerGrrrrBite
6139
Bears
Mercer
6142
6143
MercerBears
6145
6146
Mercer
Bears
6149
Mercer
6151
Bears
Mercer
6154
6155
MercerBearsGrrrr
6157
6158
Mercer
Bears
6161
Mercer
6163
Bears
Mercer
6166
6167
MercerBears
6169
6170
MercerBite
Bears
6173
MercerGrrrr
6175
Bears
Mercer
6178
6179
MercerBears
6181
6182
Mercer
Bears
6185
Mercer
6187
Bears
Mercer
6190
6191
MercerBearsGrrrr
6193
6194
Mercer
Bears
6197
Mercer
6199
Bears
Mercer
6202
6203
MercerBearsBite
6205
6206
Mercer
Bears
6209
MercerGrrrr
6211
Bears
Mercer
6214
6215
MercerBears
6217
6218
Mercer
Bears
6221
Mercer
6223
Bears
Mercer
6226
6227
MercerBearsGrrrr
6229
6230
Mercer
Bears
6233
Mercer
6235
Bears
MercerBite
6238
6239
MercerBears
6241
6242
Mercer
Bears
6245
MercerGrrrr
6247
Bears
Mercer
6250
6251
MercerBears
6253
6254
Mercer
Bears
6257
Mercer
6259
Bears
Mercer
6262
6263
MercerBearsGrrrr
6265
6266
Mercer
Bears
6269
MercerBite
6271
Bears
Mercer
6274
6275
MercerBears
6277
6278
Mercer
Bears
6281
MercerGrrrr
6283
Bears
Mercer
6286
6287
MercerBears
6289
6290
Mercer
Bears
6293
Mercer
6295
Bears
Mercer
6298
6299
MercerBearsGrrrr
6301
6302
MercerBite
Bears
6305
Mercer
6307
Bears
Mercer
6310
6311
MercerBears
6313
6314
Mercer
Bears
6317
MercerGrrrr
6319
Bears
Mercer
6322
6323
MercerBears
6325
6326
Mercer
Bears
6329
Mercer
6331
Bears
Mercer
6334
6335
MercerBearsGrrrrBite
6337
6338
Mercer
Bears
6341
Mercer
6343
Bears
Mercer
6346
6347
MercerBears
6349
6350
Mercer
Bears
6353
MercerGrrrr
6355
Bears
Mercer
6358
6359
MercerBears
6361
6362
Mercer
Bears
6365
Mercer
6367
Bears
MercerBite
6370
6371
MercerBearsGrrrr
6373
6374
Mercer
Bears
6377
Mercer
6379
Bears
Mercer
6382
6383
MercerBears
6385
6386
Mercer
Bears
6389
MercerGrrrr
6391
Bears
Mercer
6394
6395
MercerBears
6397
6398
Mercer
Bears
6401
MercerBite
6403
Bears
Mercer
6406
6407
MercerBearsGrrrr
6409
6410
Mercer
Bears
6413
Mercer
6415
Bears
Mercer
6418
6419
MercerBears
6421
6422
Mercer
Bears
6425
MercerGrrrr
6427
Bears
Mercer
6430
6431
MercerBears
6433
6434
MercerBite
Bears
6437
Mercer
6439
Bears
Mercer
6442
6443
MercerBearsGrrrr
6445
6446
Mercer
Bears
6449
Mercer
6451
Bears
Mercer
6454
6455
MercerBears
6457
6458
Mercer
Bears
6461
MercerGrrrr
6463
Bears
Mercer
6466
6467
MercerBearsBite
6469
6470
Mercer
Bears
6473
Mercer
6475
Bears
Mercer
6478
6479
MercerBearsGrrrr
6481
6482
Mercer
Bears
6485
Mercer
6487
Bears
Mercer
6490
6491
MercerBears
6493
6494
Mercer
Bears
6497
MercerGrrrr
6499
Bears
MercerBite
6502
6503
MercerBears
6505
6506
Mercer
Bears
6509
Mercer
6511
Bears
Mercer
6514
6515
MercerBearsGrrrr
6517
6518
Mercer
Bears
6521
Mercer
6523
Bears
Mercer
6526
6527
MercerBears
6529
6530
Mercer
Bears
6533
MercerGrrrrBite
6535
Bears
Mercer
6538
6539
MercerBears
6541
6542
Mercer
Bears
6545
Mercer
6547
Bears
Mercer
6550
6551
MercerBearsGrrrr
6553
6554
Mercer
Bears
6557
Mercer
6559
Bears
Mercer
6562
6563
MercerBears
6565
6566
MercerBite
Bears
6569
MercerGrrrr
6571
Bears
Mercer
6574
6575
MercerBears
6577
6578
Mercer
Bears
6581
Mercer
6583
Bears
Mercer
6586
6587
MercerBearsGrrrr
6589
6590
Mercer
Bears
6593
Mercer
6595
Bears
Mercer
6598
6599
MercerBearsBite
6601
6602
Mercer
Bears
6605
MercerGrrrr
6607
Bears
Mercer
6610
6611
MercerBears
6613
6614
Mercer
Bears
6617
Mercer
6619
Bears
Mercer
6622
6623
MercerBearsGrrrr
6625
6626
Mercer
Bears
6629
Mercer
6631
Bears
MercerBite
6634
6635
MercerBears
6637
6638
Mercer
Bears
6641
MercerGrrrr
6643
Bears
Mercer
6646
6647
MercerBears
6649
6650
Mercer
Bears
6653
Mercer
6655
Bears
Mercer
6658
6659
MercerBearsGrrrr
6661
6662
Mercer
Bears
6665
MercerBite
6667
Bears
Mercer
6670
6671
MercerBears
6673
6674
Mercer
Bears
6677
MercerGrrrr
6679
Bears
Mercer
6682
6683
MercerBears
6685
6686
Mercer
Bears
6689
Mercer
6691
Bears
Mercer
6694
6695
MercerBearsGrrrr
6697
6698
MercerBite
Bears
6701
Mercer
6703
Bears
Mercer
6706
6707
MercerBears
6709
6710
Mercer
Bears
6713
MercerGrrrr
6715
Bears
Mercer
6718
6719
MercerBears
6721
6722
Mercer
Bears
6725
Mercer
6727
Bears
Mercer
6730
6731
MercerBearsGrrrrBite
6733
6734
Mercer
Bears
6737
Mercer
6739
Bears
Mercer
6742
6743
MercerBears
6745
6746
Mercer
Bears
6749
MercerGrrrr
6751
Bears
Mercer
6754
6755
MercerBears
6757
6758
Mercer
Bears
6761
Mercer
6763
Bears
MercerBite
6766
6767
MercerBearsGrrrr
6769
6770
Mercer
Bears
6773
Mercer
6775
Bears
Mercer
6778
6779
MercerBears
6781
6782
Mercer
Bears
6785
MercerGrrrr
6787
Bears
Mercer
6790
6791
MercerBears
6793
6794
Mercer
Bears
6797
MercerBite
6799
Bears
Mercer
6802
6803
MercerBearsGrrrr
6805
6806
Mercer
Bears
6809
Mercer
6811
Bears
Mercer
6814
6815
MercerBears
6817
6818
Mercer
Bears
6821
MercerGrrrr
6823
Bears
Mercer
6826
6827
MercerBears
6829
6830
MercerBite
Bears
6833
Mercer
6835
Bears
Mercer
6838
6839
MercerBearsGrrrr
6841
6842
Mercer
Bears
6845
Mercer
6847
Bears
Mercer
6850
6851
MercerBears
6853
6854
Mercer
Bears
6857
MercerGrrrr
6859
Bears
Mercer
6862
6863
MercerBearsBite
6865
6866
Mercer
Bears
6869
Mercer
6871
Bears
Mercer
6874
6875
MercerBearsGrrrr
6877
6878
Mercer
Bears
6881
Mercer
6883
Bears
Mercer
6886
6887
MercerBears
6889
6890
Mercer
Bears
6893
MercerGrrrr
6895
Bears
MercerBite
6898
6899
MercerBears
6901
6902
Mercer
Bears
6905
Mercer
6907
Bears
Mercer
6910
6911
MercerBearsGrrrr
6913
6914
Mercer
Bears
6917
Mercer
6919
Bears
Mercer
6922
6923
MercerBears
6925
6926
Mercer
Bears
6929
MercerGrrrrBite
6931
Bears
Mercer
6934
6935
MercerBears
6937
6938
Mercer
Bears
6941
Mercer
6943
Bears
Mercer
6946
6947
MercerBearsGrrrr
6949
6950
Mercer
Bears
6953
Mercer
6955
Bears
Mercer
6958
6959
MercerBears
6961
6962
MercerBite
Bears
6965
MercerGrrrr
6967
Bears
Mercer
6970
6971
MercerBears
6973
6974
Mercer
Bears
6977
Mercer
6979
Bears
Mercer
6982
6983
MercerBearsGrrrr
6985
6986
Mercer
Bears
6989
Mercer
6991
Bears
Mercer
6994
6995
MercerBearsBite
6997
6998
Mercer
Bears
7001
MercerGrrrr
7003
Bears
Mercer
7006
7007
MercerBears
7009
7010
Mercer
Bears
7013
Mercer
7015
Bears
Mercer
7018
7019
MercerBearsGrrrr
7021
7022
Mercer
Bears
7025
Mercer
7027
Bears
MercerBite
7030
7031
MercerBears
7033
7034
Mercer
Bears
7037
MercerGrrrr
7039
Bears
Mercer
7042
7043
MercerBears
7045
7046
Mercer
Bears
7049
Mercer
7051
Bears
Mercer
7054
7055
MercerBearsGrrrr
7057
7058
Mercer
Bears
7061
MercerBite
7063
Bears
Mercer
7066
7067
MercerBears
7069
7070
Mercer
Bears
7073
MercerGrrrr
7075
Bears
Mercer
7078
7079
MercerBears
7081
7082
Mercer
Bears
7085
Mercer
7087
Bears
Mercer
7090
7091
MercerBearsGrrrr
7093
7094
MercerBite
Bears
7097
Mercer
7099
Bears
Mercer
7102
7103
MercerBears
7105
7106
Mercer
Bears
7109
MercerGrrrr
7111
Bears
Mercer
7114
7115
MercerBears
7117
7118
Mercer
Bears
7121
Mercer
7123
Bears
Mercer
7126
7127
MercerBearsGrrrrBite
7129
7130
Mercer
Bears
7133
Mercer
7135
Bears
Mercer
7138
7139
MercerBears
7141
7142
Mercer
Bears
7145
MercerGrrrr
7147
Bears
Mercer
7150
7151
MercerBears
7153
7154
Mercer
Bears
7157
Mercer
7159
Bears
MercerBite
7162
7163
MercerBearsGrrrr
7165
7166
Mercer
Bears
7169
Mercer
7171
Bears
Mercer
7174
7175
MercerBears
7177
7178
Mercer
Bears
7181
MercerGrrrr
7183
Bears
Mercer
7186
7187
MercerBears
7189
7190
Mercer
Bears
7193
MercerBite
7195
Bears
Mercer
7198
7199
MercerBearsGrrrr
7201
7202
Mercer
Bears
7205
Mercer
7207
Bears
Mercer
7210
7211
MercerBears
7213
7214
Mercer
Bears
7217
MercerGrrrr
7219
Bears
Mercer
7222
7223
MercerBears
7225
7226
MercerBite
Bears
7229
Mercer
7231
Bears
Mercer
7234
7235
MercerBearsGrrrr
7237
7238
Mercer
Bears
7241
Mercer
7243
Bears
Mercer
7246
7247
MercerBears
7249
7250
Mercer
Bears
7253
MercerGrrrr
7255
Bears
Mercer
7258
7259
MercerBearsBite
7261
7262
Mercer
Bears
7265
Mercer
7267
Bears
Mercer
7270
7271
MercerBearsGrrrr
7273
7274
Mercer
Bears
7277
Mercer
7279
Bears
Mercer
7282
7283
MercerBears
7285
7286
Mercer
Bears
7289
MercerGrrrr
7291
Bears
MercerBite
7294
7295
MercerBears
7297
7298
Mercer
Bears
7301
Mercer
7303
Bears
Mercer
7306
7307
MercerBearsGrrrr
7309
7310
Mercer
Bears
7313
Mercer
7315
Bears
Mercer
7318
7319
MercerBears
7321
7322
Mercer
Bears
7325
MercerGrrrrBite
7327
Bears
Mercer
7330
7331
MercerBears
7333
7334
Mercer
Bears
7337
Mercer
7339
Bears
Mercer
7342
7343
MercerBearsGrrrr
7345
7346
Mercer
Bears
7349
Mercer
7351
Bears
Mercer
7354
7355
MercerBears
7357
7358
MercerBite
Bears
7361
MercerGrrrr
7363
Bears
Mercer
7366
7367
MercerBears
7369
7370
Mercer
Bears
7373
Mercer
7375
Bears
Mercer
7378
7379
MercerBearsGrrrr
7381
7382
Mercer
Bears
7385
Mercer
7387
Bears
Mercer
7390
7391
MercerBearsBite
7393
7394
Mercer
Bears
7397
MercerGrrrr
7399
Bears
Mercer
7402
7403
MercerBears
7405
7406
Mercer
Bears
7409
Mercer
7411
Bears
Mercer
7414
7415
MercerBearsGrrrr
7417
7418
Mercer
Bears
7421
Mercer
7423
Bears
MercerBite
7426
7427
MercerBears
7429
7430
Mercer
Bears
7433
MercerGrrrr
7435
Bears
Mercer
7438
7439
MercerBears
7441
7442
Mercer
Bears
7445
Mercer
7447
Bears
Mercer
7450
7451
MercerBearsGrrrr
7453
7454
Mercer
Bears
7457
MercerBite
7459
Bears
Mercer
7462
7463
MercerBears
7465
7466
Mercer
Bears
7469
MercerGrrrr
7471
Bears
Mercer
7474
7475
MercerBears
7477
7478
Mercer
Bears
7481
Mercer
7483
Bears
Mercer
7486
7487
MercerBearsGrrrr
7489
7490
MercerBite
Bears
7493
Mercer
7495
Bears
Mercer
7498
7499
MercerBears
7501
7502
Mercer
Bears
7505
MercerGrrrr
7507
Bears
Mercer
7510
7511
MercerBears
7513
7514
Mercer
Bears
7517
Mercer
7519
Bears
Mercer
7522
7523
MercerBearsGrrrrBite
7525
7526
Mercer
Bears
7529
Mercer
7531
Bears
Mercer
7534
7535
MercerBears
7537
7538
Mercer
Bears
7541
MercerGrrrr
7543
Bears
Mercer
7546
7547
MercerBears
7549
7550
Mercer
Bears
7553
Mercer
7555
Bears
MercerBite
7558
7559
MercerBearsGrrrr
7561
7562
Mercer
Bears
7565
Mercer
7567
Bears
Mercer
7570
7571
MercerBears
7573
7574
Mercer
Bears
7577
MercerGrrrr
7579
Bears
Mercer
7582
7583
MercerBears
7585
7586
Mercer
Bears
7589
MercerBite
7591
Bears
Mercer
7594
7595
MercerBearsGrrrr
7597
7598
Mercer
Bears
7601
Mercer
7603
Bears
Mercer
7606
7607
MercerBears
7609
7610
Mercer
Bears
7613
MercerGrrrr
7615
Bears
Mercer
7618
7619
MercerBears
7621
7622
MercerBite
Bears
7625
Mercer
7627
Bears
Mercer
7630
7631
MercerBearsGrrrr
7633
7634
Mercer
Bears
7637
Mercer
7639
Bears
Mercer
7642
7643
MercerBears
7645
7646
Mercer
Bears
7649
MercerGrrrr
7651
Bears
Mercer
7654
7655
MercerBearsBite
7657
7658
Mercer
Bears
7661
Mercer
7663
Bears
Mercer
7666
7667
MercerBearsGrrrr
7669
7670
Mercer
Bears
7673
Mercer
7675
Bears
Mercer
7678
7679
MercerBears
7681
7682
Mercer
Bears
7685
MercerGrrrr
7687
Bears
MercerBite
7690
7691
MercerBears
7693
7694
Mercer
Bears
7697
Mercer
7699
Bears
Mercer
7702
7703
MercerBearsGrrrr
7705
7706
Mercer
Bears
7709
Mercer
7711
Bears
Mercer
7714
7715
MercerBears
7717
7718
Mercer
Bears
7721
MercerGrrrrBite
7723
Bears
Mercer
7726
7727
MercerBears
7729
7730
Mercer
Bears
7733
Mercer
7735
Bears
Mercer
7738
7739
MercerBearsGrrrr
7741
7742
Mercer
Bears
7745
Mercer
7747
Bears
Mercer
7750
7751
MercerBears
7753
7754
MercerBite
Bears
7757
MercerGrrrr
7759
Bears
Mercer
7762
7763
MercerBears
7765
7766
Mercer
Bears
7769
Mercer
7771
Bears
Mercer
7774
7775
MercerBearsGrrrr
7777
7778
Mercer
Bears
7781
Mercer
7783
Bears
Mercer
7786
7787
MercerBearsBite
7789
7790
Mercer
Bears
7793
MercerGrrrr
7795
Bears
Mercer
7798
7799
MercerBears
7801
7802
Mercer
Bears
7805
Mercer
7807
Bears
Mercer
7810
7811
MercerBearsGrrrr
7813
7814
Mercer
Bears
7817
Mercer
7819
Bears
MercerBite
7822
7823
MercerBears
7825
7826
Mercer
Bears
7829
MercerGrrrr
7831
Bears
Mercer
7834
7835
MercerBears
7837
7838
Mercer
Bears
7841
Mercer
7843
Bears
Mercer
7846
7847
MercerBearsGrrrr
7849
7850
Mercer
Bears
7853
MercerBite
7855
Bears
Mercer
7858
7859
MercerBears
7861
7862
Mercer
Bears
7865
MercerGrrrr
7867
Bears
Mercer
7870
7871
MercerBears
7873
7874
Mercer
Bears
7877
Mercer
7879
Bears
Mercer
7882
7883
MercerBearsGrrrr
7885
7886
MercerBite
Bears
7889
Mercer
7891
Bears
Mercer
7894
7895
MercerBears
7897
7898
Mercer
Bears
7901
MercerGrrrr
7903
Bears
Mercer
7906
7907
MercerBears
7909
7910
Mercer
Bears
7913
Mercer
7915
Bears
Mercer
7918
7919
MercerBearsGrrrrBite
7921
7922
Mercer
Bears
7925
Mercer
7927
Bears
Mercer
7930
7931
MercerBears
7933
7934
Mercer
Bears
7937
MercerGrrrr
7939
Bears
Mercer
7942
7943
MercerBears
7945
7946
Mercer
Bears
7949
Mercer
7951
Bears
MercerBite
7954
7955
MercerBearsGrrrr
7957
7958
Mercer
Bears
7961
Mercer
7963
Bears
Mercer
7966
7967
MercerBears
7969
7970
Mercer
Bears
7973
MercerGrrrr
7975
Bears
Mercer
7978
7979
MercerBears
7981
7982
Mercer
Bears
7985
MercerBite
7987
Bears
Mercer
7990
7991
MercerBearsGrrrr
7993
7994
Mercer
Bears
7997
Mercer
7999
Bears
Mercer
8002
8003
MercerBears
8005
8006
Mercer
Bears
8009
MercerGrrrr
8011
Bears
Mercer
8014
8015
MercerBears
8017
8018
MercerBite
Bears
8021
Mercer
8023
Bears
Mercer
8026
8027
MercerBearsGrrrr
8029
8030
Mercer
Bears
8033
Mercer
8035
Bears
Mercer
8038
8039
MercerBears
8041
8042
Mercer
Bears
8045
MercerGrrrr
8047
Bears
Mercer
8050
8051
MercerBearsBite
8053
8054
Mercer
Bears
8057
Mercer
8059
Bears
Mercer
8062
8063
MercerBearsGrrrr
8065
8066
Mercer
Bears
8069
Mercer
8071
Bears
Mercer
8074
8075
MercerBears
8077
8078
Mercer
Bears
8081
MercerGrrrr
8083
Bears
MercerBite
8086
8087
MercerBears
8089
8090
Mercer
Bears
8093
Mercer
8095
Bears
Mercer
8098
8099
MercerBearsGrrrr
8101
8102
Mercer
Bears
8105
Mercer
8107
Bears
Mercer
8110
8111
MercerBears
8113
8114
Mercer
Bears
8117
MercerGrrrrBite
8119
Bears
Mercer
8122
8123
MercerBears
8125
8126
Mercer
Bears
8129
Mercer
8131
Bears
Mercer
8134
8135
MercerBearsGrrrr
8137
8138
Mercer
Bears
8141
Mercer
8143
Bears
Mercer
8146
8147
MercerBears
8149
8150
MercerBite
Bears
8153
MercerGrrrr
8155
Bears
Mercer
8158
8159
MercerBears
8161
8162
Mercer
Bears
8165
Mercer
8167
Bears
Mercer
8170
8171
MercerBearsGrrrr
8173
8174
Mercer
Bears
8177
Mercer
8179
Bears
Mercer
8182
8183
MercerBearsBite
8185
8186
Mercer
Bears
8189
MercerGrrrr
8191
Bears
Mercer
8194
8195
MercerBears
8197
8198
Mercer
Bears
8201
Mercer
8203
Bears
Mercer
8206
8207
MercerBearsGrrrr
8209
8210
Mercer
Bears
8213
Mercer
8215
Bears
MercerBite
8218
8219
MercerBears
8221
8222
Mercer
Bears
8225
MercerGrrrr
8227
Bears
Mercer
8230
8231
MercerBears
8233
8234
Mercer
Bears
8237
Mercer
8239
Bears
Mercer
8242
8243
MercerBearsGrrrr
8245
8246
Mercer
Bears
8249
MercerBite
8251
Bears
Mercer
8254
8255
MercerBears
8257
8258
Mercer
Bears
8261
MercerGrrrr
8263
Bears
Mercer
8266
8267
MercerBears
8269
8270
Mercer
Bears
8273
Mercer
8275
Bears
Mercer
8278
8279
MercerBearsGrrrr
8281
8282
MercerBite
Bears
8285
Mercer
8287
Bears
Mercer
8290
8291
MercerBears
8293
8294
Mercer
Bears
8297
MercerGrrrr
8299
Bears
Mercer
8302
8303
MercerBears
8305
8306
Mercer
Bears
8309
Mercer
8311
Bears
Mercer
8314
8315
MercerBearsGrrrrBite
8317
8318
Mercer
Bears
8321
Mercer
8323
Bears
Mercer
8326
8327
MercerBears
8329
8330
Mercer
Bears
8333
MercerGrrrr
8335
Bears
Mercer
8338
8339
MercerBears
8341
8342
Mercer
Bears
8345
Mercer
8347
Bears
MercerBite
8350
8351
MercerBearsGrrrr
8353
8354
Mercer
Bears
8357
Mercer
8359
Bears
Mercer
8362
8363
MercerBears
8365
8366
Mercer
Bears
8369
MercerGrrrr
8371
Bears
Mercer
8374
8375
MercerBears
8377
8378
Mercer
Bears
8381
MercerBite
8383
Bears
Mercer
8386
8387
MercerBearsGrrrr
8389
8390
Mercer
Bears
8393
Mercer
8395
Bears
Mercer
8398
8399
MercerBears
8401
8402
Mercer
Bears
8405
MercerGrrrr
8407
Bears
Mercer
8410
8411
MercerBears
8413
8414
MercerBite
Bears
8417
Mercer
8419
Bears
Mercer
8422
8423
MercerBearsGrrrr
8425
8426
Mercer
Bears
8429
Mercer
8431
Bears
Mercer
8434
8435
MercerBears
8437
8438
Mercer
Bears
8441
MercerGrrrr
8443
Bears
Mercer
8446
8447
MercerBearsBite
8449
8450
Mercer
Bears
8453
Mercer
8455
Bears
Mercer
8458
8459
MercerBearsGrrrr
8461
8462
Mercer
Bears
8465
Mercer
8467
Bears
Mercer
8470
8471
MercerBears
8473
8474
Mercer
Bears
8477
MercerGrrrr
8479
Bears
MercerBite
8482
8483
MercerBears
8485
8486
Mercer
Bears
8489
Mercer
8491
Bears
Mercer
8494
8495
MercerBearsGrrrr
8497
8498
Mercer
Bears
8501
Mercer
8503
Bears
Mercer
8506
8507
MercerBears
8509
8510
Mercer
Bears
8513
MercerGrrrrBite
8515
Bears
Mercer
8518
8519
MercerBears
8521
8522
Mercer
Bears
8525
Mercer
8527
Bears
Mercer
8530
8531
MercerBearsGrrrr
8533
8534
Mercer
Bears
8537
Mercer
8539
Bears
Mercer
8542
8543
MercerBears
8545
8546
MercerBite
Bears
8549
MercerGrrrr
8551
Bears
Mercer
8554
8555
MercerBears
8557
8558
Mercer
Bears
8561
Mercer
8563
Bears
Mercer
8566
8567
MercerBearsGrrrr
8569
8570
Mercer
Bears
8573
Mercer
8575
Bears
Mercer
8578
8579
MercerBearsBite
8581
8582
Mercer
Bears
8585
MercerGrrrr
8587
Bears
Mercer
8590
8591
MercerBears
8593
8594
Mercer
Bears
8597
Mercer
8599
Bears
Mercer
8602
8603
MercerBearsGrrrr
8605
8606
Mercer
Bears
8609
Mercer
8611
Bears
MercerBite
8614
8615
MercerBears
8617
8618
Mercer
Bears
8621
MercerGrrrr
8623
Bears
Mercer
8626
8627
MercerBears
8629
8630
Mercer
Bears
8633
Mercer
8635
Bears
Mercer
8638
8639
MercerBearsGrrrr
8641
8642
Mercer
Bears
8645
MercerBite
8647
Bears
Mercer
8650
8651
MercerBears
8653
8654
Mercer
Bears
8657
MercerGrrrr
8659
Bears
Mercer
8662
8663
MercerBears
8665
8666
Mercer
Bears
8669
Mercer
8671
Bears
Mercer
8674
8675
MercerBearsGrrrr
8677
8678
MercerBite
Bears
8681
Mercer
8683
Bears
Mercer
8686
8687
MercerBears
8689
8690
Mercer
Bears
8693
MercerGrrrr
8695
Bears
Mercer
8698
8699
MercerBears
8701
8702
Mercer
Bears
8705
Mercer
8707
Bears
Mercer
8710
8711
MercerBearsGrrrrBite
8713
8714
Mercer
Bears
8717
Mercer
8719
Bears
Mercer
8722
8723
MercerBears
8725
8726
Mercer
Bears
8729
MercerGrrrr
8731
Bears
Mercer
8734
8735
MercerBears
8737
8738
Mercer
Bears
8741
Mercer
8743
Bears
MercerBite
8746
8747
MercerBearsGrrrr
8749
8750
Mercer
Bears
8753
Mercer
8755
Bears
Mercer
8758
8759
MercerBears
8761
8762
Mercer
Bears
8765
MercerGrrrr
8767
Bears
Mercer
8770
8771
MercerBears
8773
8774
Mercer
Bears
8777
MercerBite
8779
Bears
Mercer
8782
8783
MercerBearsGrrrr
8785
8786
Mercer
Bears
8789
Mercer
8791
Bears
Mercer
8794
8795
MercerBears
8797
8798
Mercer
Bears
8801
MercerGrrrr
8803
Bears
Mercer
8806
8807
MercerBears
8809
8810
MercerBite
Bears
8813
Mercer
8815
Bears
Mercer
8818
8819
MercerBearsGrrrr
8821
8822
Mercer
Bears
8825
Mercer
8827
Bears
Mercer
8830
8831
MercerBears
8833
8834
Mercer
Bears
8837
MercerGrrrr
8839
Bears
Mercer
8842
8843
MercerBearsBite
8845
8846
Mercer
Bears
8849
Mercer
8851
Bears
Mercer
8854
8855
MercerBearsGrrrr
8857
8858
Mercer
Bears
8861
Mercer
8863
Bears
Mercer
8866
8867
MercerBears
8869
8870
Mercer
Bears
8873
MercerGrrrr
8875
Bears
MercerBite
8878
8879
MercerBears
8881
8882
Mercer
Bears
8885
Mercer
8887
Bears
Mercer
8890
8891
MercerBearsGrrrr
8893
8894
Mercer
Bears
8897
Mercer
8899
Bears
Mercer
8902
8903
MercerBears
8905
8906
Mercer
Bears
8909
MercerGrrrrBite
8911
Bears
Mercer
8914
8915
MercerBears
8917
8918
Mercer
Bears
8921
Mercer
8923
Bears
Mercer
8926
8927
MercerBearsGrrrr
8929
8930
Mercer
Bears
8933
Mercer
8935
Bears
Mercer
8938
8939
MercerBears
8941
8942
MercerBite
Bears
8945
MercerGrrrr
8947
Bears
Mercer
8950
8951
MercerBears
8953
8954
Mercer
Bears
8957
Mercer
8959
Bears
Mercer
8962
8963
MercerBearsGrrrr
8965
8966
Mercer
Bears
8969
Mercer
8971
Bears
Mercer
8974
8975
MercerBearsBite
8977
8978
Mercer
Bears
8981
MercerGrrrr
8983
Bears
Mercer
8986
8987
MercerBears
8989
8990
Mercer
Bears
8993
Mercer
8995
Bears
Mercer
8998
8999
MercerBearsGrrrr
9001
9002
Mercer
Bears
9005
Mercer
9007
Bears
MercerBite
9010
9011
MercerBears
9013
9014
Mercer
Bears
9017
MercerGrrrr
9019
Bears
Mercer
9022
9023
MercerBears
9025
9026
Mercer
Bears
9029
Mercer
9031
Bears
Mercer
9034
9035
MercerBearsGrrrr
9037
9038
Mercer
Bears
9041
MercerBite
9043
Bears
Mercer
9046
9047
MercerBears
9049
9050
Mercer
Bears
9053
MercerGrrrr
9055
Bears
Mercer
9058
9059
MercerBears
9061
9062
Mercer
Bears
9065
Mercer
9067
Bears
Mercer
9070
9071
MercerBearsGrrrr
9073
9074
MercerBite
Bears
9077
Mercer
9079
Bears
Mercer
9082
9083
MercerBears
9085
9086
Mercer
Bears
9089
MercerGrrrr
9091
Bears
Mercer
9094
9095
MercerBears
9097
9098
Mercer
Bears
9101
Mercer
9103
Bears
Mercer
9106
9107
MercerBearsGrrrrBite
9109
9110
Mercer
Bears
9113
Mercer
9115
Bears
Mercer
9118
9119
MercerBears
9121
9122
Mercer
Bears
9125
MercerGrrrr
9127
Bears
Mercer
9130
9131
MercerBears
9133
9134
Mercer
Bears
9137
Mercer
9139
Bears
MercerBite
9142
9143
MercerBearsGrrrr
9145
9146
Mercer
Bears
9149
Mercer
9151
Bears
Mercer
9154
9155
MercerBears
9157
9158
Mercer
Bears
9161
MercerGrrrr
9163
Bears
Mercer
9166
9167
MercerBears
9169
9170
Mercer
Bears
9173
MercerBite
9175
Bears
Mercer
9178
9179
MercerBearsGrrrr
9181
9182
Mercer
Bears
9185
Mercer
9187
Bears
Mercer
9190
9191
MercerBears
9193
9194
Mercer
Bears
9197
MercerGrrrr
9199
Bears
Mercer
9202
9203
MercerBears
9205
9206
MercerBite
Bears
9209
Mercer
9211
Bears
Mercer
9214
9215
MercerBearsGrrrr
9217
9218
Mercer
Bears
9221
Mercer
9223
Bears
Mercer
9226
9227
MercerBears
9229
9230
Mercer
Bears
9233
MercerGrrrr
9235
Bears
Mercer
9238
9239
MercerBearsBite
9241
9242
Mercer
Bears
9245
Mercer
9247
Bears
Mercer
9250
9251
MercerBearsGrrrr
9253
9254
Mercer
Bears
9257
Mercer
9259
Bears
Mercer
9262
9263
MercerBears
9265
9266
Mercer
Bears
9269
MercerGrrrr
9271
Bears
MercerBite
9274
9275
MercerBears
9277
9278
Mercer
Bears
9281
Mercer
9283
Bears
Mercer
9286
9287
MercerBearsGrrrr
9289
9290
Mercer
Bears
9293
Mercer
9295
Bears
Mercer
9298
9299
MercerBears
9301
9302
Mercer
Bears
9305
MercerGrrrrBite
9307
Bears
Mercer
9310
9311
MercerBears
9313
9314
Mercer
Bears
9317
Mercer
9319
Bears
Mercer
9322
9323
MercerBearsGrrrr
9325
9326
Mercer
Bears
9329
Mercer
9331
Bears
Mercer
9334
9335
MercerBears
9337
9338
MercerBite
Bears
9341
MercerGrrrr
9343
Bears
Mercer
9346
9347
MercerBears
9349
9350
Mercer
Bears
9353
Mercer
9355
Bears
Mercer
9358
9359
MercerBearsGrrrr
9361
9362
Mercer
Bears
9365
Mercer
9367
Bears
Mercer
9370
9371
MercerBearsBite
9373
9374
Mercer
Bears
9377
MercerGrrrr
9379
Bears
Mercer
9382
9383
MercerBears
9385
9386
Mercer
Bears
9389
Mercer
9391
Bears
Mercer
9394
9395
MercerBearsGrrrr
9397
9398
Mercer
Bears
9401
Mercer
9403
Bears
MercerBite
9406
9407
MercerBears
9409
9410
Mercer
Bears
9413
MercerGrrrr
9415
Bears
Mercer
9418
9419
MercerBears
9421
9422
Mercer
Bears
9425
Mercer
9427
Bears
Mercer
9430
9431
MercerBearsGrrrr
9433
9434
Mercer
Bears
9437
MercerBite
9439
Bears
Mercer
9442
9443
MercerBears
9445
9446
Mercer
Bears
9449
MercerGrrrr
9451
Bears
Mercer
9454
9455
MercerBears
9457
9458
Mercer
Bears
9461
Mercer
9463
Bears
Mercer
9466
9467
MercerBearsGrrrr
9469
9470
MercerBite
Bears
9473
Mercer
9475
Bears
Mercer
9478
9479
MercerBears
9481
9482
Mercer
Bears
9485
MercerGrrrr
9487
Bears
Mercer
9490
9491
MercerBears
9493
9494
Mercer
Bears
9497
Mercer
9499
Bears
Mercer
9502
9503
MercerBearsGrrrrBite
9505
9506
Mercer
Bears
9509
Mercer
9511
Bears
Mercer
9514
9515
MercerBears
9517
9518
Mercer
Bears
9521
MercerGrrrr
9523
Bears
Mercer
9526
9527
MercerBears
9529
9530
Mercer
Bears
9533
Mercer
9535
Bears
MercerBite
9538
9539
MercerBearsGrrrr
9541
9542
Mercer
Bears
9545
Mercer
9547
Bears
Mercer
9550
9551
MercerBears
9553
9554
Mercer
Bears
9557
MercerGrrrr
9559
Bears
Mercer
9562
9563
MercerBears
9565
9566
Mercer
Bears
9569
MercerBite
9571
Bears
Mercer
9574
9575
MercerBearsGrrrr
9577
9578
Mercer
Bears
9581
Mercer
9583
Bears
Mercer
9586
9587
MercerBears
9589
9590
Mercer
Bears
9593
MercerGrrrr
9595
Bears
Mercer
9598
9599
MercerBears
9601
9602
MercerBite
Bears
9605
Mercer
9607
Bears
Mercer
9610
9611
MercerBearsGrrrr
9613
9614
Mercer
Bears
9617
Mercer
9619
Bears
Mercer
9622
9623
MercerBears
9625
9626
Mercer
Bears
9629
MercerGrrrr
9631
Bears
Mercer
9634
9635
MercerBearsBite
9637
9638
Mercer
Bears
9641
Mercer
9643
Bears
Mercer
9646
9647
MercerBearsGrrrr
9649
9650
Mercer
Bears
9653
Mercer
9655
Bears
Mercer
9658
9659
MercerBears
9661
9662
Mercer
Bears
9665
MercerGrrrr
9667
Bears
MercerBite
9670
9671
MercerBears
9673
9674
Mercer
Bears
9677
Mercer
9679
Bears
Mercer
9682
9683
MercerBearsGrrrr
9685
9686
Mercer
Bears
9689
Mercer
9691
Bears
Mercer
9694
9695
MercerBears
9697
9698
Mercer
Bears
9701
MercerGrrrrBite
9703
Bears
Mercer
9706
9707
MercerBears
9709
9710
Mercer
Bears
9713
Mercer
9715
Bears
Mercer
9718
9719
MercerBearsGrrrr
9721
9722
Mercer
Bears
9725
Mercer
9727
Bears
Mercer
9730
9731
MercerBears
9733
9734
MercerBite
Bears
9737
MercerGrrrr
9739
Bears
Mercer
9742
9743
MercerBears
9745
9746
Mercer
Bears
9749
Mercer
9751
Bears
Mercer
9754
9755
MercerBearsGrrrr
9757
9758
Mercer
Bears
9761
Mercer
9763
Bears
Mercer
9766
9767
MercerBearsBite
9769
9770
Mercer
Bears
9773
MercerGrrrr
9775
Bears
Mercer
9778
9779
MercerBears
9781
9782
Mercer
Bears
9785
Mercer
9787
Bears
Mercer
9790
9791
MercerBearsGrrrr
9793
9794
Mercer
Bears
9797
Mercer
9799
Bears
MercerBite
9802
9803
MercerBears
9805
9806
Mercer
Bears
9809
MercerGrrrr
9811
Bears
Mercer
9814
9815
MercerBears
9817
9818
Mercer
Bears
9821
Mercer
9823
Bears
Mercer
9826
9827
MercerBearsGrrrr
9829
9830
Mercer
Bears
9833
MercerBite
9835
Bears
Mercer
9838
9839
MercerBears
9841
9842
Mercer
Bears
9845
MercerGrrrr
9847
Bears
Mercer
9850
9851
MercerBears
9853
9854
Mercer
Bears
9857
Mercer
9859
Bears
Mercer
9862
9863
MercerBearsGrrrr
9865
9866
MercerBite
Bears
9869
Mercer
9871
Bears
Mercer
9874
9875
MercerBears
9877
9878
Mercer
Bears
9881
MercerGrrrr
9883
Bears
Mercer
9886
9887
MercerBears
9889
9890
Mercer
Bears
9893
Mercer
9895
Bears
Mercer
9898
9899
MercerBearsGrrrrBite
9901
9902
Mercer
Bears
9905
Mercer
9907
Bears
Mercer
9910
9911
MercerBears
9913
9914
Mercer
Bears
9917
MercerGrrrr
9919
Bears
Mercer
9922
9923
MercerBears
9925
9926
Mercer
Bears
9929
Mercer
9931
Bears
MercerBite
9934
9935
MercerBearsGrrrr
9937
9938
Mercer
Bears
9941
Mercer
9943
Bears
Mercer
9946
9947
MercerBears
9949
9950
Mercer
Bears
9953
MercerGrrrr
9955
Bears
Mercer
9958
9959
MercerBears
9961
9962
Mercer
Bears
9965
MercerBite
9967
Bears
Mercer
9970
9971
MercerBearsGrrrr
9973
9974
Mercer
Bears
9977
Mercer
9979
Bears
Mercer
9982
9983
MercerBears
9985
9986
Mercer
Bears
9989
MercerGrrrr
9991
Bears
Mercer
9994
9995
MercerBears
9997
9998
MercerBite
Bears

