1000000000000000000000000000000
100000000000000000000000001
100000000000000000000000001000000000
10000000000000000000000000100001
10000000000000000000001
10000000000000000001
100000000000000000010000
10000000000000001
100000000000000010000000000000000
10000000000000001000000000001
1000000000000000100000000001
1000000000000000100000000001000
1000000000000000101
1000000000000001
1000000000000001000000000
100000000000000100000000000000
1000000000000001000001
10000000000000011
10000000000000011000000000000000000
1000000000000001100001
10000000000000011000010000000
1000000000000001100001000000000000
100000000000000110000100001
10000000000000011000011
100000000000000111
100000000000000111000000
10000000000000011100000000000000
100000000000000111000000000000000
10000000000000012
1000000000000001200000000000000000000
1000000000000001200000000000000001
1000000000000001200000000000000001000
10000000000000012000000001
100000000000000120001
10000000000000012000100
100000000000000120001000000000000
10000000000000012001
100000000000000120010000000000000000
1000000000000001200100001
100000000000000120010001
100000000000001
100000000000002
100000000000003
100000000000004
100000000000005
100000000000006
100000000000007
100000000000008
100000000000009
100000000000010
100000000000011
10000000000002
1000000000001
100000000001
10000000001
1000000001
100000001
10000001
1000001
100001
10001
1001
101
11
12
13
14
15
16
17
18
19
20
21
22
23
24
25
26
27
28
29
30
31
32
33
34
35
36
37
38
39
40
41
42
43
44
45
46
47
