Day #1:
1

Day #2:
1
1
3

Day #3:
4
1
6
1
4
2
3
2
7
3
3
2
2
1
3
2
2
1
3
2
4
2
2
3
3
4
2
2
5
1
4
4
6
4
7
2
4
2
1
2
2
6
5
1
7
6
3
4
4
7
2
1
2
2
3
6
2
6
7
2
4
1
4
1
4
3
2
1
6
3
4
2
2
2
5
3
2
7
4
3
4
3
1
3
5
6

Day #4:
1
1
2
2
1
1
1
1
1
1
1
2
2
1
1
1
1
1
1
2
1
2
2
2
1
2
1
1
3
3
2
1
1
1
1
1
2
2
2
1
1
1
2
1

Day #5:
1
1
2
1
1
1
1
1
1
2
2
1
1
1
2
1
1
1
2
2
1

Day #6:
1
1
1
2
1
1
1
1
2
1
2
2
1
2
1
2
2
2
1
1
1
1
1
1
2
1
1
1
2
1
2
1
1
2
2
1
1
1
2
2
2
1
2
2
2
1
1
1
2
1
1
1
2

Day #7:
1
1
1
1
1
1
1
1
1
1
1
1
1
1
1
1
1
1
1
1
1
1
1
1
1
1
1
1
1
1
1
1
1
1
1
1
1
1
1
1
1
1
1
1
1
1
1
1
1

Day #8:
1
1
2
1
1
1
2
1
1
1
1
1
1
2
1
2
1
1
1
1
1
1
1
2
1
1
2
1
1
1
1
1
1
1
1
1
1
1
1
1
1
1
1
2
1
1
1
2
1
1
1
1
1
1
1
1
2
1
1
1
1
1
1
1
1

Day #9:
1
1
1
1
1
1
1
2
1
1
1
1
2
1
2
1
1
1
1
1
1
1
2
1
1
1
1
1
1

Day #10:
1
1
1
1
1
1
1
1
1
1
1

Day #11:
1
1
1
1
1
1
1
1
1

Day #12:
1
1
1
1
1
1
1
1
1

Day #13:
22
10
6
6
3
3
16
17
33
11
18
10
25
24
33
43
5
21
8
13
33
2
17
6
48
31
11
47
8
27
12
2
4
2
11
27
1
12
25
16
2
32
21
41
12
24
15
14
2
32
7
35
5
5
10
21
40
30
15
21
22
9
5
36
7
26
24
31
4
9
11
30
3
27
2
21
30
21
10
23
18
16
24
8
42
34
12
14
2
6
19
8
7
2
7
21
27
38

Day #14:
30
21
29
17
19
16
39
26
35
27
25
31
24
40
17
11
4
22
12
3
22
14
30
28
8
7
4
41
17
25
19
15
12
9
7
7
30
3
35
28
8
25
4
37
2
13
16
17
13
6
22
22
9
28
15
14
8
1
27
4
1
17
26
16
14
12
24
13
4
5
18
20
3
13
5
14
26
21
3
23
42
1
23
39
4
17
39
36
39
17
2
24
7
5
14
27
17
29
2
1

