XXXXX...XX...X...X......X..X.XX.XX..XXXXX.....XX..XX.....XXX.X..XXXXXX.XXX....XX.XXX.X.XX.X....X..X.
X..XXX..X.X..X..XX..XXX......XX..X..XX.XX....XXX.X..X.X..XXXX....X..XXXX..XXXXX.X.XX.XXXXXXX..XX..X.
.XXX.XX.X.X.XX......X.X.XXX..X.XX.X..X....XXXX....X.XX..X.X.....X.X.X.........X.XXXX....XX...XXXX..X
XX..X.X.XXXX..XXXX..XXX.....X..X.XX..X.....XXXX.X.XXXX....X.X.X..X..XXX..X.XX..X..X...X.XXXX.XXXX...
.XXXXXXX..XXXX.X...X..XXXX.X.X.XXX.XX.X..XX.X..X.XXXXX.X.XXXXX..XX.X.X.XX.X....XX.XX..XX.X.XXX.XXXX.
XXX..XXX..X.X...X.XXX.XX......XX.X..X..XXX.X....X..XX...XXXX..X...XXX.XX..XXX.X......X..X..XX..XX.XX
XXXX.XXXXX..XXX...X..X...X.X..XX..X..X...XX.X.X.XX..XX.X.XXXXXX..XX...XX...XX..X.XXX..XX.XX.X..X...X
..XXX.XXXX.XX.X.XX..XX.X.XXX...X......X....XX..X.....XXXXXXXX.X...XX.X.X..X.XX.X...X..XXXXXXXX..X...
XX...X.XXXX..............XX...X.XX..XX.XX..X.X.X.X.X.XXXXXX.XX.XXX.XX.XXX.X....X.X.XX..X..X....X..X.
X..XXXXX..X.X..XXX.X....X...X.XXX.X..X..X.XX..X.X...X.XXX..X..X..XXX.......X......X.X.XXX.X..X.XX.X.
.XXX..XX...XXX.X..X..X.XXXX..XXXX.XXXXX.XX.XX...X.X.X..X....XX.X.XX.X..X.X...XXX.X..X.X.X.XX.X.XX.XX
X....XX.XX...X....XXX.XX..X..X...X..X.XXX.X...X.XX.X..XX...X.....XXXXXXX.X.X.....XX.XX......XXX..X..
XX..XX.X...X....X.X.X.XXXX..X.XX.......XX.X.XX.X..X..X...XX..XXX..XXX.XXXXX.X...X.X.X.X.XXX.XXX.XX.X
...XX..XXXXXXXXXXX.X....X..X.XX.X..XXXXXXX.X..X....X.XX.X.....X......XXXX.X.X.X.X.X.XXXX...X.XXX....
...XX..XXXX..XX.X...X......X...XXXX.XX.XX....X...XX..X.X.X.X.X.X.....X..X....X.XX..X.XX....XXXX.X.X.
X..XXX..XX.XX.X...XXXX.XX..X..X......X...X...XX......XX.X.X..XXX...X.X.X.X.XXX.....X....X.X..X.X..X.
...XX..X.XXX..X.X.XX..XX....X.XX..X.X...X...X.XX...XX.X.X.X..X.XX..X.XX.X.XX...XXXXX.X..XXX.X..X.X.X
X..XX...XX.XX.X.XXXXX..XXX..XX.X.X..XX.XXX.XX..X..X.X.X...X..X.XXX.XXX.X.XX.......X.XXX...XX..X.XXXX
X.....XX...XXX.XXX.X..XX........XX..X.X......XXXX.X..X.X...XXXX...X.XXX.X......XX...X...XXXX.X.X.X..
X..XXXX.........XXXX.XXXXXX.X..XXX.XX...X.X.X.XXX.X..X.XX..XXX.XXXXX....XX.X..X.XXXX..X.X.XXX.XX.X.X
XX.XXX.XX..XXXX..XXXXXXX..XX..X.XXXXX.XXXX.XX...XX.XXXXX.XXXX.XX.XX...X...X.X.XX.XXXXXX..X.....X..XX
XXX..XX...X..X....XX.....X.X...X...X.XXX.X.XXX......XXX.X.XX..XXX......X..X.....XXX..XX..X.X.....XXX
.X.X...X.X....XX........XXX.X.X....XX.X..X.X..X.XXXX....X..XX.X.X..XXXXXX.X.X.X..X.XXX.X.XXX.X..X.XX
.XX...X.X.X......X...X.XXXXX.X.XX...XXXX...XXXXX...X.XXXXXXXX.XX.X..XXX.....X....X.XX.X.X..XX....X..
X.X.XX.X.X.X.X..X.XXX.X...XXX.XXXXX.X..X..XX..X..X..XXX.....X.X.XXXX..XXX..XX.........XXXXX..XX.XXX.
.X.X.XXX....XXX.X.XX.X.XX.XX.X..XX.X..XXX...XXXX.XXXXXXX.XX.X.X.X...X..XX..X.XXXX.X..X.X.X....X.X.XX
XX...X.XXXX..XXXX.X..X....XX..X...XXXXXXXX..X..X..XX....XX.....X..X..X..X.XXX.X..XXX...X.X.XXXX.XXX.
X..XX.X...XX.XX.XX..XXXX.X....X...X..XXX..X..XX.X......X...XXXX..X.XX.XXXX.X....XXX..XX..........X.X
.XXXX.X.X..XX.....XX.XXX.......X..X.XX.XXXXX.....X.XX.X.XXX...XXXX.X.XX.XX.XXX..XX.XX.XX.XXXXXXXXX..
X.X.X..XXX.XXX.X.........XX.X..XX..X.XX.X....X...XX...XX.XX...XXX.X.X.XXXX.XX..X....X..XX...X....XX.
........XX...XXXXXXX...X...X...XXX.......X..........XX...X.X.XXX.X.X.XXX...XXX.X.X.XXX.XX.X....X...X
..XXXXXXX.XX..XX..X.XX.X.XXX..X.X..X.X.........X..X......X...XXX..XX......XXX.X.XX...XX.XXXXXXX..X..
XXX..X.X....XXX...X..X..X.XXX..X.....X.X.X.....XX...X.XXXXXX..X.X.X......XXXX.XX.XX..X...XXX.X.XX...
X.XX..X.X.X..XXXXX..X.X.X..X....XX...X.....X..X.........XX...X..XX..XX...X.X.....XXX...XXX..XX...XX.
X....X..XXX..X.XXXXXXX.XXX..XX.X.X..XXXX.X.XXXXXX.XX.X..XX..XX.XX..X...X.XX...X.XXX.X.X...XX..X.X.XX
X.X...XXXXXX.X....XX.XXXXXXX.XX...XXX..X..XX..XXXXX...X..X..XXX.....XX....XXXXXXX.X.XXX.XXXXX...XXXX
...XX..X..XXXX.XXXXXXXXX....X...X..XXXXXXXXX......X..X..XXXX.X...X......X....XXX.XX...X.XX..XX..XX..
XXXXXX..X..XX.....X...XX....XX.X..X...XXX.XX...XX...X........X.X....X..X...XXXXXX..XX.X.X.X...XXX..X
.X.X.XX.XX.X....X..XX.........XX..X..XX.XXX...X.X..X.X.XXX......X.X..X..X.X.XXXXX.X.X..X.X..XXXX.XXX
X...X.XX..X.XXXX..XXX..X..XX.XXX....X..XX....X.X.X...X..XX..XX.X.X.XX.XXX..X..X...XXXX.XX..X..XX.XX.
.XX.X...XXX...X.....X...XXX.XX....X.XXX.X.X.XX..XXXX..X..X..XXX...X...X.X.XX....X.X.XX.XXX.XXXX..XXX
....X....X....XX..X.......XXX.X.X..X.X.X.X.X..XX.X.XX.X.XXXX.XX.X......X.X.....XX..XX..X....X.XXXX..
.XXXX...X.XXX.XXXXX...X.X..X.XXXXXXX.XX..XX..X..X.XX....X.X..X.XX.X..XXXXX...XX.X...X.XXXX..XX.X.X..
XX..X.X.....XXXX..X....X.XXXXX..X.XXXXX.........X.XXX.X.XXXXX..XX..XX.X.X...XXX.X..XX.XX.X.X.XXXX.XX
XX.X.XXX.X...X.X..XX..X.X..XX.X.X...X...XXX.X....XXX.X...X.XX..X.X..X.XX.X.X...X...XXXX......X.X.X..
.....X.X.X.XXX.XX...X.X....XXX...XXX...XXX.XXXXX..X.XX.XXXXX.X.XXX...XX.X..X..XX.X...X...X.XXXXXX.XX
.X.....XXXX.X...XXX.X..XX..X..XX.XXX..X..X.X.X..XXX......XXX.XXXXXX.XX..XX.XX..X.X.X..XX.XX.X....XX.
X....X...XXXX..XX.XX....XXX.X...XXXXX..X..XX..X.XX...X......XXX.XX.X.XX.X...X.X..XX.X.X.......X.X.X.
XXXX...XX..X...X...X.X.XXXXX.X..XX.X.XXXX.X.X...X.....X..X.XX.XX..XXXXXX.X.X...XX...X....X....XX.X..
...XXXX..X......XXXXX..X..XXX....X..XXXXXX...XX.XX.....XX.XX...X...X..X...XXXXXXX...XXX.XX..X...XX..
..X..X..X..X......X.XXXX......X.XXX.X.XX.XXX...X.XX.XX..XXX..XXXXX.XXXX.XX...X.XX..XXX.X...X.XX.XX.X
X..X.X...X..X.XX..XX...X..XX..X..X.XXX......X...X.X.X.XXXXXX.X.XX....XXX....XX....XXXXXXXXXXXXX...XX
XX..XX.X.X.X.XX.XX..XX..X.X..X..XXXX...X.XXXX.....XX....X.X...X.X.X.X..X..XXXX.X..XXX..XX.X.XXXX.X.X
.XX.XX.XXXX..X...X....XXX.X..X..X.XXX..X..XXX...XX..X..XXX.XX..XX..XXX......XX.XXXXX..XX.XX...X.X.XX
...XXXXXX..X...XX.XX.X.X..X.XX...XX.XX.X.X.X.XXX..X.......X..X.XX......X.XX.XX.X....XXX.XX..XXX...XX
X.XXXX.XXXXX....X..X.X.XX.......X..X.X..X....X...X..XX.XXX...XX..XXXX...X.X...X...X.X..X.X.XX......X
X...X.X...XXXXXX..XXX.XX.XXX..XXX..X..XXXXX..X.XXX.X..XX.X..X..X.X.X..XX.X.X.X..XX.X..X.X.XX..XX..XX
XXXXX.X.X.XX..X...X.XX.....X..X....XXX.X.X....XXXX..XXX.XX....X.XX..XX..XXXXXXXXXX.XXX.XXX..XXXXX..X
X..X.XX.X.X.......X.......X.....X..X.X....XX.X.X..XX..XXXXX...XXXXX.X......X.XXXXX.....X...X.XX.XX.X
XX...X..X..XXX.....XX.......XX.XXX..XXXX.X..XX.X.XXX...X.X..XX.XXXXXXX..XX..XX.XX.XX..XXXX.XXX..X..X
.X.XXX..XX.....XX.XX...X.X...X.X..X...XX....XX...X...X..XXX.XXX..X.XX.X...X..XX.XXX.X.X...X..X.X.XX.
..XXX.XX.X..X.X.X.X.XXX....X....X...X...XXXX....X.XXXX..XX...XXX.X.X.X..XXX...X..X..XXXXX.X..X.XXXXX
XX.XX.....XX...X..X.XXX..X..XX..X..XX...X..XXXX..XX..XXXXX..X.XXX.XXX.X.X..XX......X..XX.X......X...
X.XX..X.X.X.X.XX.XXXX.X.X.XX.X....XXXX.XXXXX.XXXXX....X.X.X....X.....XX.XXXXXXXX...XXXX..XXX..XXX.XX
XX.XX.XXX.X.XX..X.X..X..X..X..X..X...X...XX.XXXX.X...XX....X.X.XX.X....X.....X..XXX.XXXX.XXXXX.X...X
XXXXX.....XX.X.XXXXXXXXXX.X.X...X..X.X.X.XX.XX..X..X..XX.X....X.X...X.X..XX.X.XXX.XX.XXXX..XXX....X.
XX....X...X.XX............XXX.XX...XX.X.XX..XXX.XX...XXX..X.XX...XXXXX.XXX.X.XX.X.X..X....X.XX..X..X
.....X.XX..XX..XXX..X..X.X.X..XXX...XXXXX..X.XX...X....X.XXX..X.X..XX..XXXX.X.X.X.X.X.XXXXX....XXXXX
..X....XX..XXXX..X..X..XXXX.XX..XXX...........XX..XX..X..XX.XXXXXXX.X.X.X.X...XXXXX..X.XX.........X.
.XX.X...X..X.XXXX.X.X.XXX....X.XX..XXX.X...X..X.XXXX.XX.XX..XX.X.X.X.XXX...XX.XXXX.......XX.X.X....X
.X...X.X..X.X....XXXXXXX.X.X...X.X.XX.X.X..XXX..X.XX.XXXX...XX..X.XXXX.X.X.XXX.XX.X..XX.X.XX.XX..X..
XX.X.XX...X..XXX.XX..X.XX....XXX.XXXXX....XXX.....X....X...X.XXXXXXXXXXX.XX...X.XXXXX.X.X..X.XX.X.X.
.X.XX.XX.X......X.X....X..XXXX..XXXX.XXXX.X.X.X..XXXX.X.XX..XXXXXX.XX.X..XX.X.X..X.....XXX.X....XX.X
.X.XXXXX.X.X.XXXX.XX..XX..X........X..XXXXX.XX.X.XX....XX..X...XXXX.X..X....XXX.XXXX.XXX.XXX......X.
X...XX.X..X..X..XX.XX.X.X.X..X...X...XXX.X.XX....X....X..X.XXX..XXX.XX..X.X.X.X.X.X.XX..XX.XX..X..XX
X..XX..X....X.X...X..X...XXXXXXX.XXX.XXX.X.X.X....X..XXXXX.XX.XX..X..X.XX.XX...X...X.X.XXXX.....X.X.
...XXXX...XXX..X.XXXXX...XX..XXXXXXXXXX..XXX..X..X..XXXXX....X..XXXXXX.XX.X.XXX.X.XX..X.XXX.XX.XX.XX
..X..XX.X..XX..XX..X.XX.X..XX.X...XX.X.X.XXXX.XX...X..X.X..X.X.X..XX..X.X..XX.X.X.XXXX.X..XX..XXXXXX
X..XXXXX.XX.XX.XX...X.X..X......XX.XX........XX...X.XXX....X.X...XX....XXXX.XXXX.X...X.X.XXXX.X..X.X
.XX.XXXXXXX.XX..XX..X.XXXXX.X....XX.XX..XXXXX.XX......X..X...XXXXX..XXXXXX.XX.X.XX.......XXXX.X...XX
.XXXX.XXX.X...XXX....X.X...XX.X.....XXX..XXX.XX.XXX.X...XX.X.X.X..X..XXXXXX..XX.XXXX.X..X..X.XXX.X.X
XXXXXX....X...XX....XX...X.XX.......X...X.XXXXX.XX.XXXX.X.X.X.X.X..XXX...X.XX..X.X.X....X.X.XXX.X..X
.....X..XXX....XX..XXX..XXXX....XXX.......XXXXXX.XX.XXXXXX..XXXXXXX...X.X..X.XXXXX.XXXXXX.XX.X.X...X
XX.X..XX.XX.X......X..XXX.X.XX.XX.X.XX..X.X.X.XXX.X..XX.XXXXX..XX..XXX.X...XX.X..XXXXX.X....XXX.....
X.X.X.....XX.XXX..XXX..X......X.XXXXXX......X...X..X.XXXXX...XX.XX.XX..XXX.X.X...X.X.X..XXX.XXX.X...
X....X..X.X..XXXX..X...X...XXX...XX.X.XXXX.XX.XXXXXX..X.X....XX.XXXX.XXXX.X..X..XX.X...XXX.XX..X..XX
.XX..XXX.XX.X....X..XX.X.XXX.X.XX.XXXXX.XXXXXXX.X.X.XX..XXXXX.X.XX.X....XXXXXX.X.......X..X.XXXX...X
.X..X..X.X...XX....XX.XX.X.XXXX.XXX......XXX.X.XXX.X.....X..XXXXXX....XX.X.X.X...X.X.X.XX.XX.X...XXX
.....X.XXX..X.X...XXXXX.X.X.X.X.X.X..XX.X...X.XXXXX.XXX.X.XXXX.X.X.XX.XX....XX.XX...XXXX.XX....X.X..
X.X.X.XX.XXX.X..X.....XX...X.XX..XX........X.XX...XX.X.X.XX.XXX.X.XXX...XX.XX....X.XXXXXXX.X....X..X
XX..X..XXX..X......XXXX..XXX.XXXXX...X..X...XXX.X..X.X.XX.X....X.X.XXX...XX..X...X.XXXXX..X.X...XX.X
XX.X...X.X.X.XX.X.X.XXXX.....XXXX.X....XXX..X.XXXXXXXXXXX......X...X..X...XX.XX..XX..X..X.X.XX.....X
XX.....XXXX.XXX.XXXX..X....XXX.XXXXXX.XX.X.XX....X.X..XX..X...XXXXXX.XX.....XXXXXXX..X.X.XX..X..X...
..XXX.X.XX.XX.XXX.X..XX.X.XXXXXX.XXXXX.X.XX..X..XX..X.X........XXXXXX.X..X...XX.X.X...XXX........X..
.....XXXXX..XXX..X...XXX...X.XX...X..X..X.XX.X.XXX.X..XXXX.XX..XX....XX...XX..XXX.X.XX..XX...X...XXX
X..XX.X.....X.X.X.XXX....X.XX.X.X..X..XXX.....X.XX.X..XX..XXXX...X.X..XX...XX....X.X..X.XX..XXX.X.X.
.X.XXXXX...X..X.XXX.X.XX.XX..XXXXXXXXX.X.XX...XX.X.X..XX.X.XX......XXXX..XXX.XX.X...X...XXXXX...X..X
..XXXX....X......X......X.XXXX....X....XX.X....X.X.X.X...X..XX......XX.X..XXX.XX..XXXX..XX.X.X.X.X..
X..XX.X.X...X..X.XX....X..XX.X.X.XX.XXXX..XX..XXXXX....XX.XX..XXXXXXXXXXXXX.XX.X...X.X.............X
X.XXXX.XXXX.X.X...XXXX....X.X..X..X.....X..XX...X..X..X.XXXXX...X.X...X.X..XXX.X.X....X..XX...X.XXX.
