10000000000000000000000000000000000000
1000000000000000000000000000000000000000000000000000000
10000000000000000000000000000000000000000000000000000000000
1000000000000000000000000000000001
100000000000000000000000000000000100000000000000000000000000
100000000000000000000000000000000100000000000000000000000000000
100000000000000000000000000000001
1000000000000000000000000000000010000000000000000000000000
10000000000000000000000000000000100000000000000001
10000000000000000000000000000000100000001
10000000000000000000000000000000100000001000000000000000000
1000000000000000000000000000000010000001
100000000000000000000000000000001001
1000000000000000000000000000000010010
100000000000000000000000000000001001000000000000000
1000000000000000000000000000000010010000000001
1000000000000000000000000000000010010000000001000
10000000000000000000000000000000100100000000010000000
1000000000000000000000000000000010010000000002
1000000000000000000000000000000010010000001
10000000000000000000000000000001
10000000000000000000000000000001000000000000
1000000000000000000000000000000100000000000000000000
10000000000000000000000000000001000001
100000000000000000000000000000010000010
100000000000000000000000000000010000010000000
10000000000000000000000000000001000002
10000000000000000000000000000001001
100000000000000000000000000000010010000000000000000000000
100000000000000000000000000000010010000000000000001
1000000000000000000000000000000100100000000000000010000000
100000000000000000000000000000010010000001
100000000000000000000000000000010011
100000000000000000000000000000010011000000000000000000000000000
10000000000000000000000000000001001100000001
100000000000000000000000000000010011000000010000000
10000000000000000000000000000001001100000001000000000000
10000000000000000000000000000001001101
10000000000000000000000000000001001101000000
10000000000000000000000000000001001101000001
10000000000000000000000000000001001101000001000000
100000000000000000000000000000011
1000000000000000000000000000000110000000000000000000000
1000000000000000000000000000000110000000000000000000001
10000000000000000000000000000001100000000000000000000010000000
100000000000000000000000000000011000000000000001
10000000000000000000000000000001100000000000001
1000000000000000000000000000000110000000000000100000000000000
1000000000000000000000000000000110000000000000100000000000001
10000000000000000000000000000001100000000000001001
1000000000000000000000000000000110000000000001
100000000000000000000000000000011000000000000100000000000000
1000000000000000000000000000000110000000000002
1000000000000000000000000000000110000000001
10000000000000000000000000000001100000000010000000000000000000
100000000000000000000000000000011000000000100001
100000000000000000000000000000011000000000100001000000
100000000000000000000000000000011000000000100001000001
10000000000000000000000000000001100000000010000100001
10000000000000000000000000000001100001
1000000000000000000000000000000111
1000000000000000000000000000000112
1000000000000000000000000000000112000000000000
1000000000000000000000000000000112000000000000000000000000000
100000000000000000000000000000011200000000000000000001
10000000000000000000000000000001120000001
10000000000000000000000000000001120000001000000000000
1000000000000000000000000000001
100000000000000000000000000000100000000000
10000000000000000000000000000010000000000000
100000000000000000000000000001
10000000000000000000000000001
1000000000000000000000000001
100000000000000000000000001
10000000000000000000000001
1000000000000000000000001
100000000000000000000001
10000000000000000000001
1000000000000000000001
100000000000000000001
10000000000000000001
1000000000000000001
100000000000000001
10000000000000001
1000000000000001
100000000000001
10000000000001
1000000000001
100000000001
10000000001
1000000001
100000001
10000001
1000001
100001
10001
1001
101
11
2
