100000000000000000
1000000000000000000000000000
1000000000000000000000000001
1000000000000000000001
1000000000000001
100001
1000010000000
100001000000000
10000100000000000000
100001000000000000000000000000
100001000000000000001
1000010000000000000010000
1000010000000000000011
100001000000000000001100000000000
10000101
100001010000000
10000102
10000102000000000000
100001020000000000000000
100001020000000000000000000000000
1001
1001000
100100000000
10010000001
10010000001000000
10010000001000000000000000000
1001000000100001
1001000001
1001000001000000000000000000
10010000010000000000000000000000
1001000001000000000000000000001
100100000100001
10010000010001
101
1010000000000000000000
102
1020000
10201
102010000000000000000
102011
10201100000000
10202
102020000000000000000000000000
11
110000000000000000000000000
1100000000000000000000001
1100000000000000000000001000000
11000000000000000000000011
11000000000000000000001
1100000000000000000001
1100000000000000000001000
110000000000000000001
1100000000001
11000000000010000000
110000001
2
2000
20000000000000000000000000000000
2000000000000000000000000001
2000000000000000000000000001000
2000000000001
2000000000001000000
2000000000001000000000000000000
200000000000100001
20000000000011
200000000001
20000001
