8466
8387
8088
7715
7390
7080
6704
6487
6048
5655
5318
5078
4757
4543
4282
4209
4094
3940
3811
3618
3588
3513
3347
3204
3107
3092
2999
2810
2818
2792
2645
2588
2535
2548
2516
2427
2359
2231
2314
2240
2190
2170
2116
2065
1897
2010
1914
1925
1864
1858
1930
1877
1851
1718
1670
1632
1650
1621
1602
1507
1410
1480
1444
1508
1477
1473
1473
1520
1419
1333
1324
1328
1356
1337
1330
1276
1229
1273
1212
1250
1266
1231
1253
1182
1217
1130
1116
1111
1174
1189
1151
1112
1154
1122
1176
1030
1000
1038
1004
961
955
973
996
988
970
967
933
988
961
961
921
870
862
882
866
886
895
884
892
840
835
850
861
916
816
777
802
775
823
816
776
777
738
819
795
779
750
775
749
781
778
759
722
752
713
684
697
755
637
709
651
666
643
610
657
684
638
663
633
651
616
574
613
630
662
644
642
656
578
589
633
638
632
650
611
614
614
550
557
630
599
608
572
575
503
571
566
569
552
578
576
565
559
541
548
566
540
556
486
498
508
510
500
489
558
540
513
490
498
512
490
432
471
486
478
530
491
503
435
407
478
508
500
472
464
492
499
476
444
448
470
482
501
460
404
451
442
458
444
450
474
463
475
431
419
445
392
386
404
416
379
388
370
385
459
436
443
437
429
448
408
435
361
366
397
412
394
380
425
357
403
403
422
407
416
363
388
379
401
361
358
362
383
392
363
407
368
370
385
414
383
414
393
350
366
389
393
379
386
384
373
401
365
377
377
339
347
329
393
365
338
354
362
334
329
365
330
335
355
340
334
337
324
322
337
333
343
343
312
319
336
322
326
301
312
321
327
344
313
314
322
307
340
325
301
304
296
306
276
291
294
315
291
326
347
341
325
317
285
291
311
320
324
310
311
305
320
325
325
328
330
316
306
291
276
284
289
278
287
302
286
258
247
291
283
297
294
300
307
306
311
267
275
260
285
279
279
274
274
270
312
334
334
318
296
296
297
266
278
261
283
283
259
231
245
247
264
261
263
274
286
286
262
240
249
231
220
227
225
244
268
245
245
244
259
236
247
264
230
227
259
253
242
243
235
252
245
243
234
232
229
235
244
240
242
252
221
232
240
222
216
275
264
264
223
223
215
250
250
230
230
245
239
245
226
230
223
210
234
238
230
238
248
249
246
240
226
226
246
230
210
204
208
203
216
220
236
219
214
225
241
244
223
222
227
227
185
201
212
204
220
218
214
232
216
194
207
192
192
226
226
224
213
222
226
218
210
217
219
212
219
231
227
206
208
220
201
210
214
215
187
188
188
203
209
212
190
220
220
226
189
193
225
180
213
194
213
217
203
200
191
206
193
200
200
227
227
224
224
230
231
188
176
205
205
202
202
200
187
198
194
186
197
198
198
195
167
167
181
209
209
173
189
193
193
193
212
219
193
193
209
200
201
206
186
185
175
193
190
219
183
183
181
190
200
162
165
186
184
194
194
161
150
161
162
162
164
186
194
180
180
180
183
188
181
193
193
186
185
182
182
182
185
182
186
200
200
188
188
184
180
178
192
190
190
190
197
148
152
149
152
170
183
165
179
179
191
191
180
148
138
133
159
169
170
169
172
140
138
170
188
163
180
180
180
180
170
170
176
178
172
168
170
170
170
161
189
191
189
152
170
170
167
153
156
148
148
154
145
159
161
172
172
172
172
172
145
145
135
156
165
165
149
142
142
140
162
159
159
156
159
152
151
169
169
161
152
164
139
141
168
161
162
162
171
158
162
162
165
165
178
178
184
162
159
159
165
133
133
133
141
149
138
128
128
136
149
149
149
136
132
123
125
123
149
159
159
148
148
159
143
169
159
159
148
152
152
146
152
157
144
128
152
153
136
154
149
161
125
153
147
147
157
149
144
144
144
130
142
144
153
165
131
143
152
152
163
147
153
158
167
167
159
169
113
113
127
143
143
141
124
124
115
139
139
144
142
142
135
135
121
126
122
116
131
131
131
132
138
138
118
116
123
127
133
133
133
134
141
123
123
139
129
130
119
134
127
127
134
146
146
146
144
158
163
163
163
139
141
141
141
141
122
137
141
141
141
118
125
132
146
145
136
135
132
132
138
139
122
116
120
120
132
138
138
143
139
131
131
131
133
123
123
121
114
114
109
130
137
137
137
137
137
137
129
123
113
113
117
115
115
130
128
129
120
120
124
128
103
123
124
136
136
111
116
118
118
122
143
143
143
132
132
119
119
129
129
134
134
134
125
123
122
124
124
124
111
111
131
121
121
121
128
128
128
126
126
124
124
126
131
131
135
122
126
113
113
113
126
126
126
112
103
103
116
116
116
116
129
124
124
110
110
113
116
111
106
106
118
118
119
103
105
120
120
96
96
107
107
112
106
108
108
108
97
97
101
122
103
103
103
109
109
109
99
117
117
116
106
108
108
115
115
115
110
108
94
94
97
111
111
111
111
107
106
103
103
103
95
101
101
93
111
114
114
120
107
107
114
114
122
130
134
124
117
116
116
116
124
126
126
111
114
116
97
94
109
116
127
127
127
127
114
114
127
111
111
111
90
88
100
100
102
88
88
101
111
111
95
97
103
94
94
100
100
118
118
110
110
110
110
119
119
118
118
118
110
110
110
120
120
104
106
106
109
105
105
105
105
101
101
91
91
105
105
109
109
109
115
115
96
96
113
113
97
102
97
97
97
104
104
105
104
104
100
100
98
98
105
110
110
100
100
99
105
103
108
112
112
89
89
98
98
96
96
96
119
120
120
120
117
117
117
117
95
88
98
104
104
104
107
99
106
106
102
108
96
96
96
103
103
97
101
101
104
103
100
100
100
102
95
95
95
117
115
115
115
127
127
127
127
108
108
108
108
108
91
112
112
99
99
83
83
89
89
84
84
85
85
97
97
86
95
95
95
95
88
88
92
90
90
89
83
83
84
86
86
100
99
99
99
99
102
94
89
84
84
84
93
93
90
90
100
88
88
88
89
84
84
82
87
87
80
80
79
80
97
97
97
90
83
83
91
97
97
93
74
74
81
81
84
82
77
93
106
106
90
90
90
98
109
109
107
107
100
100
94
94
94
94
88
96
96
85
85
106
106
79
80
80
94
94
94
94
91
90
96
96
88
88
88
88
68
87
85
87
87
87
89
89
77
77
86
86
86
95
80
76
65
65
78
76
76
94
94
93
85
85
94
90
90
90
70
85
96
100
84
84
86
82
97
99
99
99
81
81
81
92
88
86
86
86
104
104
104
104
109
109
109
104
104
93
93
83
81
87
70
73
73
70
71
85
83
83
82
80
80
80
80
80
84
93
68
68
70
75
75
59
59
69
69
67
67
73
73
79
79
79
76
76
82
89
89
89
89
88
88
102
102
102
102
102
74
74
79
70
83
83
83
82
82
95
95
95
95
95
95
95
81
89
78
78
78
76
76
76
76
75
80
84
79
76
76
76
76
70
70
84
84
84
84
84
78
78
78
78
78
78
78
88
88
93
93
93
75
83
88
88
82
90
90
90
99
99
99
88
88
51
51
51
65
77
77
77
77
80
67
81
88
88
75
75
76
77
77
77
68
68
76
76
72
72
72
72
72
76
64
64
67
67
67
67
82
62
62
62
88
87
87
87
100
100
80
82
82
84
78
65
73
77
85
85
85
85
83
84
78
78
78
86
86
75
75
66
73
69
70
70
70
71
90
90
86
86
86
77
77
77
77
71
77
77
67
69
81
83
83
61
61
61
71
70
59
76
64
62
62
74
84
89
89
89
89
88
88
88
91
91
76
76
80
80
80
68
88
88
88
94
94
86
74
74
74
81
92
75
73
63
63
63
63
63
63
71
71
71
71
71
71
78
78
78
52
52
54
54
54
54
77
77
66
66
66
62
62
61
63
63
60
60
64
55
55
60
68
70
70
64
64
64
72
72
70
70
63
68
71
59
70
65
53
53
63
63
65
59
59
60
70
70
70
73
72
77
77
77
65
65
72
79
77
77
77
71
71
76
78
78
78
78
78
78
75
57
64
64
71
72
71
71
71
71
71
64
64
79
79
79
79
79
79
79
64
68
66
66
66
69
69
69
69
67
67
59
59
69
69
68
63
57
57
58
58
57
64
56
60
49
68
68
68
68
68
58
58
53
45
69
69
69
69
65
65
74
74
73
73
73
64
64
64
64
80
80
80
80
71
71
71
71
70
71
80
68
68
74
74
74
74
74
74
58
58
58
58
58
58
68
75
75
75
75
74
91
91
91
91
91
91
82
82
82
74
74
74
74
74
74
74
50
50
65
79
90
90
84
84
73
73
73
73
64
64
76
68
68
68
68
73
73
73
73
73
73
73
70
76
76
63
63
63
81
81
81
81
69
69
69
69
69
60
65
65
65
68
68
67
74
74
81
68
68
68
68
68
68
70
70
70
78
76
72
72
77
77
77
77
77
77
64
71
71
71
71
74
74
74
74
67
69
69
80
69
69
69
74
74
76
76
76
76
76
61
61
67
78
78
61
61
61
71
71
67
78
78
78
78
64
64
63
63
63
65
65
65
65
70
77
77
50
50
52
52
65
65
65
77
69
69
79
73
66
66
66
66
66
66
66
53
53
53
62
53
53
66
66
63
62
62
62
62
62
59
59
59
59
59
59
65
65
65
65
57
57
45
45
45
52
52
62
74
74
74
74
74
74
74
74
62
62
76
76
76
53
57
57
63
61
59
59
59
59
59
55
55
57
57
57
59
51
51
51
51
39
52
52
52
56
56
51
51
51
49
56
56
56
56
56
56
56
56
57
57
56
56
56
56
56
58
59
55
51
51
57
59
59
59
39
52
52
58
50
42
42
42
42
44
51
64
64
64
61
61
61
61
61
61
55
55
55
55
56
56
56
56
56
53
45
45
55
55
62
62
62
49
49
61
61
61
57
57
63
63
52
52
52
53
53
53
62
62
62
62
62
62
62
62
62
62
62
61
61
61
61
61
61
61
61
61
61
61
58
60
60
62
62
54
44
60
60
60
60
60
60
60
41
51
51
59
59
66
66
66
66
66
66
66
57
50
50
59
59
52
52
52
56
56
56
56
57
57
57
64
64
64
61
44
45
50
50
50
50
60
60
60
61
61
63
63
63
53
53
53
60
60
56
56
65
65
65
58
58
58
58
66
66
66
55
57
57
57
57
57
56
63
50
50
54
55
55
55
55
55
53
61
61
61
61
57
57
65
65
65
65
65
65
65
65
57
57
69
69
69
69
69
66
66
66
66
66
66
66
47
51
51
51
64
60
60
56
50
47
47
47
60
62
62
65
42
42
42
42
54
62
62
54
51
58
58
58
58
58
58
58
58
56
47
46
50
50
50
55
55
55
53
47
43
43
43
56
56
56
56
56
54
54
52
52
52
52
57
57
48
48
65
65
65
65
65
65
65
53
53
60
60
58
58
70
70
70
45
45
51
47
53
53
57
57
57
59
59
59
59
59
50
50
50
58
58
58
47
47
63
63
63
63
63
59
59
59
59
54
49
51
50
50
50
59
59
55
55
55
55
45
52
59
59
59
67
67
67
67
67
67
67
67
55
55
57
63
63
63
63
63
53
53
53
53
53
59
59
59
48
53
53
53
53
53
54
54
55
51
51
51
63
63
63
63
63
63
63
63
63
55
55
64
64
64
69
64
64
64
58
53
53
64
64
64
68
68
56
56
56
58
64
64
51
51
51
51
51
51
51
44
44
44
43
43
43
43
43
43
45
45
54
54
54
54
54
54
54
52
34
32
32
41
41
42
42
42
42
42
47
47
47
47
56
56
56
56
56
56
56
38
34
42
34
42
43
43
43
46
46
45
45
45
45
53
48
48
48
55
55
55
55
55
55
55
55
55
55
43
43
43
43
43
43
43
54
54
54
54
54
30
33
43
43
46
46
46
43
43
38
38
38
38
38
38
38
38
38
46
43
43
43
43
43
43
43
49
37
37
49
49
39
39
45
42
42
42
42
45
35
35
43
43
43
43
43
42
42
48
48
48
48
48
48
48
48
48
54
52
52
52
52
52
45
46
46
46
59
59
59
59
59
59
53
53
53
53
56
56
56
56
56
56
52
52
52
52
52
52
52
52
52
52
46
49
51
51
51
51
51
51
51
51
60
60
60
60
60
44
44
44
44
44
44
34
34
48
48
48
48
60
60
60
60
60
60
60
58
58
58
58
58
53
53
53
53
53
53
53
53
53
53
52
52
52
52
52
52
52
52
52
47
47
47
47
45
53
53
53
53
53
53
53
53
53
56
56
56
56
46
46
46
46
48
48
45
45
45
45
29
34
42
42
42
42
54
54
54
54
54
54
44
44
46
46
46
46
46
37
37
37
47
47
47
47
47
55
55
55
54
54
54
59
52
52
52
52
52
52
59
59
59
59
59
59
59
59
59
47
47
42
42
42
55
41
41
41
40
40
40
40
40
54
54
54
54
54
54
54
54
53
53
53
53
53
48
48
48
48
48
47
47
47
47
47
49
49
49
49
33
33
53
53
53
53
53
53
53
53
39
32
32
33
33
36
36
36
36
36
36
36
36
44
44
44
45
45
45
45
45
55
55
55
39
39
42
42
42
56
56
56
56
56
45
45
45
45
45
45
40
40
40
40
40
44
44
44
50
41
41
54
54
54
54
54
54
54
54
44
35
36
49
49
52
52
50
50
50
50
50
50
57
57
57
57
57
38
38
38
48
48
48
48
48
48
49
49
49
44
44
44
49
49
49
49
52
52
52
52
49
57
57
57
57
57
57
45
45
45
45
45
45
42
42
42
42
50
50
50
50
50
50
50
50
50
38
38
38
38
33
46
46
46
46
41
41
45
33
49
49
49
49
49
49
46
46
46
54
54
54
54
54
54
54
54
54
48
48
48
48
48
41
41
48
48
48
48
43
43
51
51
51
51
51
51
51
43
43
46
46
45
45
45
52
52
52
43
43
43
43
43
40
40
32
32
40
55
55
55
55
55
55
55
55
55
55
55
55
53
53
53
53
53
53
53
41
41
34
34
34
34
44
44
44
44
44
44
44
58
58
49
49
49
49
49
49
49
57
42
42
42
50
50
50
50
50
50
50
50
53
53
53
53
53
56
56
56
47
47
47
47
40
40
40
40
40
39
35
35
30
30
28
28
41
41
41
41
36
36
36
45
45
45
45
45
34
36
36
36
36
38
38
57
57
57
57
57
57
57
57
57
52
46
46
46
44
44
44
44
44
44
44
44
38
38
38
38
40
40
39
39
39
47
47
47
47
47
47
38
38
38
38
38
46
46
45
45
45
45
27
27
28
37
37
36
40
40
40
39
39
39
39
44
44
44
44
44
44
44
44
51
51
51
51
51
48
48
48
48
48
48
48
44
44
44
44
44
44
44
52
57
45
45
45
47
47
47
47
47
54
54
57
37
37
37
37
37
39
46
46
46
46
46
46
38
38
38
43
43
43
43
43
43
43
43
39
32
32
42
47
43
43
43
43
43
43
50
50
51
52
52
37
37
37
37
40
40
40
49
49
49
49
49
39
39
49
49
56
41
47
56
56
56
56
56
56
56
56
56
56
56
50
50
51
51
43
36
36
36
36
36
36
36
32
32
32
32
31
31
31
31
31
30
30
30
32
32
32
32
30
30
44
44
44
44
44
44
44
44
44
44
36
36
36
36
36
36
24
33
33
33
33
33
40
40
38
38
38
38
38
38
38
38
38
38
38
34
34
34
34
34
34
36
36
36
28
28
28
28
28
26
26
26
26
26
26
34
34
34
40
40
40
29
29
29
29
37
37
37
37
37
37
40
40
40
31
31
31
34
34
34
34
34
34
40
40
24
24
38
38
38
38
38
38
38
38
38
38
38
33
33
36
36
36
36
36
42
42
42
42
42
42
42
42
42
42
42
42
41
41
41
41
41
41
41
41
41
41
41
41
38
38
38
38
38
30
30
35
35
35
35
35
35
35
28
28
28
28
28
28
26
26
24
24
30
30
30
30
30
30
30
35
35
39
40
40
40
40
40
40
40
40
40
40
40
40
40
40
40
40
39
39
39
39
39
39
39
39
39
39
34
34
34
34
34
34
34
27
27
27
19
27
27
27
27
27
33
33
33
33
33
33
26
26
26
31
31
31
31
31
31
33
33
33
33
33
33
33
33
34
34
34
34
43
43
43
43
43
43
43
43
37
37
37
37
37
40
40
40
40
40
40
40
40
40
40
40
40
31
37
37
37
37
37
37
37
34
34
34
34
34
42
42
42
42
42
42
42
42
42
42
42
42
36
36
36
36
21
22
24
24
24
31
37
37
37
37
37
37
37
37
28
28
37
37
37
37
37
37
37
37
38
38
38
38
38
38
38
38
38
38
40
40
40
40
40
40
40
40
40
27
28
28
28
28
33
33
33
33
33
33
37
37
37
39
39
39
39
39
39
39
39
39
39
45
45
45
45
45
45
45
45
45
45
45
45
45
45
45
39
40
40
40
40
40
34
34
34
34
34
34
34
38
34
34
34
34
34
43
43
31
31
31
32
32
32
32
43
43
43
43
43
36
36
36
36
36
35
35
35
35
35
35
35
35
31
31
36
36
36
36
36
31
31
42
42
42
42
42
42
42
42
42
42
42
42
40
40
40
25
30
30
39
39
39
39
39
39
39
39
31
31
31
31
42
42
42
37
37
37
37
37
37
37
37
37
33
33
38
38
40
40
40
40
40
40
40
40
40
41
41
41
41
41
41
41
41
41
41
41
41
41
38
38
38
38
35
35
35
35
35
35
35
35
38
38
38
40
40
40
40
40
40
40
40
40
40
43
43
43
43
43
43
43
43
43
29
29
32
32
38
38
38
38
38
38
38
33
33
33
33
38
38
38
38
33
33
33
33
33
33
33
33
33
32
32
32
32
32
37
37
28
28
28
28
36
36
36
36
33
33
33
33
33
33
33
33
39
39
39
31
31
31
31
41
41
41
41
41
41
41
41
41
36
36
36
36
36
36
29
29
29
29
29
35
32
32
32
37
37
30
30
30
30
30
30
39
39
39
39
39
39
43
43
43
43
43
43
43
34
34
34
34
34
34
34
34
45
45
45
45
45
45
45
44
44
44
44
44
44
44
44
44
39
39
39
39
34
34
34
34
34
34
39
39
39
39
39
41
41
41
41
41
41
41
41
41
32
32
45
45
45
45
45
45
45
44
44
44
44
44
44
44
44
36
36
36
36
36
36
36
36
36
42
42
42
42
30
30
30
43
43
43
43
43
37
37
37
37
37
37
37
38
38
38
38
34
34
34
34
45
45
45
45
45
45
45
45
45
45
45
33
33
33
44
44
37
37
37
37
37
37
37
37
37
33
33
33
33
37
37
37
39
39
39
39
39
39
37
37
37
35
35
25
25
25
25
27
26
26
26
32
30
30
30
30
30
30
30
35
32
32
24
24
24
24
30
30
30
37
37
37
37
40
40
40
40
40
35
35
35
35
35
35
35
35
35
35
35
35
35
24
22
23
23
23
35
35
35
35
35
35
35
34
34
34
34
34
34
39
39
39
39
39
39
39
39
39
45
45
45
45
45
45
45
45
45
45
45
45
45
35
35
20
20
33
39
39
39
39
39
39
39
39
39
28
28
28
28
28
28
28
32
32
32
32
32
32
41
41
41
41
41
40
40
40
40
40
40
40
40
40
40
40
39
39
39
39
39
39
39
39
39
39
39
41
41
40
40
40
40
40
40
40
40
40
32
32
43
43
43
43
43
33
33
33
33
41
41
41
41
41
41
41
41
41
41
41
34
34
34
34
30
30
30
31
31
31
31
31
31
31
33
33
33
33
22
22
32
38
38
38
38
38
38
38
38
38
37
37
37
42
42
42
42
42
42
42
42
42
42
26
26
39
39
39
39
39
39
39
39
39
39
39
39
39
39
39
34
34
34
36
36
36
36
36
36
36
38
38
38
38
38
38
38
38
28
28
28
24
24
24
39
39
39
39
39
39
39
39
39
39
29
29
43
43
43
42
42
42
42
42
42
42
42
42
42
42
42
35
33
36
36
36
36
36
41
41
41
41
41
33
33
33
33
33
33
31
31
35
35
35
35
35
35
35
26
26
26
45
45
45
45
45
45
45
45
45
45
45
45
45
45
45
34
34
34
34
34
34
34
34
34
42
42
42
42
42
42
42
42
37
37
37
37
41
41
41
41
41
41
32
32
39
39
39
39
39
39
39
39
37
37
37
37
37
37
37
37
37
30
30
30
32
29
29
29
29
29
34
34
34
34
34
34
34
34
26
26
34
34
34
34
33
33
40
40
40
40
40
35
35
35
35
35
35
35
35
37
37
37
37
37
37
37
37
37
27
39
39
39
42
42
42
42
42
42
42
42
42
42
42
38
38
38
38
38
38
38
39
39
39
39
42
42
42
42
42
42
42
42
42
42
42
42
42
36
43
43
43
43
43
43
43
43
43
43
43
43
43
32
32
32
32
44
44
44
44
44
39
39
39
39
39
39
39
39
39
35
35
25
25
25
25
39
39
39
39
39
39
39
39
39
42
42
42
35
26
26
26
26
42
42
42
42
42
42
42
42
42
42
42
42
42
40
40
40
40
40
40
40
40
40
40
40
40
30
30
30
32
32
34
34
34
34
32
31
35
35
35
35
35
35
33
33
33
33
33
33
33
33
33
31
30
30
30
30
30
30
39
39
39
39
39
39
39
39
39
39
39
31
31
40
40
40
40
40
40
40
40
40
40
40
31
31
28
28
28
28
28
28
40
40
40
40
40
40
40
35
35
35
35
25
25
41
41
41
41
41
41
41
41
41
41
41
41
41
42
24
24
24
36
36
36
36
36
36
36
32
32
32
36
36
36
36
36
33
33
33
33
33
33
36
36
41
41
41
41
32
32
32
32
32
40
40
40
40
22
26
26
39
39
39
39
32
32
35
35
35
35
35
44
44
44
44
44
32
32
32
32
30
30
30
32
32
32
32
32
39
39
41
41
41
41
41
41
41
41
41
41
43
43
43
43
43
43
34
34
34
34
41
41
41
41
41
41
41
41
41
41
41
41
41
41
41
41
41
29
29
29
34
34
34
34
34
34
34
33
33
33
39
39
39
39
39
28
28
28
28
36
36
36
36
36
36
36
36
38
38
38
38
38
27
27
39
39
39
39
39
39
39
39
39
39
39
39
39
39
39
39
39
39
39
39
35
35
35
35
35
35
35
36
37
37
37
37
37
37
37
37
22
22
34
34
34
34
34
34
34
34
39
39
39
40
40
40
40
40
40
40
40
40
40
40
40
25
25
42
42
42
42
42
42
42
42
42
42
42
42
42
40
40
40
40
40
40
40
40
40
32
32
32
32
27
27
27
27
27
27
27
27
27
27
27
27
27
26
26
26
26
26
26
26
26
26
26
26
26
25
25
25
25
25
25
25
25
25
25
25
29
29
29
29
29
29
29
29
29
29
29
29
29
29
29
18
18
18
18
16
16
28
28
28
28
28
28
28
28
28
28
28
28
28
28
29
29
29
29
29
29
29
29
29
29
29
29
29
29
29
16
16
24
24
24
24
24
24
24
24
24
24
19
19
19
19
19
25
25
25
25
25
25
25
25
25
25
25
25
25
25
25
25
25
25
25
25
25
25
29
29
29
29
29
29
29
29
29
29
29
29
29
29
29
17
17
17
21
21
21
21
21
21
21
23
23
23
23
23
23
23
23
23
26
26
26
26
26
26
26
26
26
26
26
26
16
16
26
26
26
26
26
26
26
26
26
26
26
26
29
29
29
29
29
29
29
29
29
29
29
29
29
29
29
22
22
22
22
22
22
22
22
27
27
27
27
27
27
27
27
27
27
27
27
27
21
21
21
21
21
21
21
18
18
18
18
30
30
30
30
30
30
30
30
30
30
30
30
30
30
30
30
21
21
21
21
21
21
21
19
19
19
19
19
16
16
23
23
23
23
23
23
23
23
23
16
16
23
23
23
23
23
23
23
23
23
21
21
21
21
21
21
21
22
22
22
22
22
22
22
22
20
20
20
20
20
20
27
27
27
27
27
27
27
27
27
27
27
27
27
25
25
25
25
25
25
25
25
25
25
25
27
27
27
27
27
27
27
27
27
27
27
27
27
26
26
26
26
26
26
26
26
26
26
26
26
25
25
25
25
25
25
25
25
25
25
25
24
24
24
24
24
24
24
24
24
24
30
30
30
30
30
30
30
30
30
30
30
30
30
30
30
30
17
17
17
23
23
23
23
23
23
23
23
23
16
16
23
23
23
23
23
23
23
23
23
29
29
29
29
29
29
29
29
29
29
29
29
29
29
29
16
16
24
24
24
24
24
24
24
24
24
24
27
27
27
27
27
27
27
27
27
27
27
27
27
17
17
17
18
18
18
18
29
29
29
29
29
29
29
29
29
29
29
29
29
29
29
28
28
28
28
28
28
28
28
28
28
28
28
28
28
28
28
28
28
28
28
28
28
28
28
28
28
28
28
28
28
28
28
28
28
28
28
28
28
28
28
28
28
24
24
24
24
24
24
24
24
24
24
21
21
21
21
21
21
21
23
23
23
23
23
23
23
23
23
28
28
28
28
28
28
28
28
28
28
28
28
28
28
23
23
23
23
23
23
23
23
23
19
19
19
19
19
30
30
30
30
30
30
30
30
30
30
30
30
30
30
30
30
29
29
29
29
29
29
29
29
29
29
29
29
29
29
29
20
20
20
20
20
20
27
27
27
27
27
27
27
27
27
27
27
27
27
16
16
30
30
30
30
30
30
30
30
30
30
30
30
30
30
30
30
25
25
25
25
25
25
25
25
25
25
25
23
23
23
23
23
23
23
23
23
30
30
30
30
30
30
30
30
30
30
30
30
30
30
30
30
23
23
23
23
23
23
23
23
23
22
22
22
22
22
22
22
22
19
19
19
19
19
25
25
25
25
25
25
25
25
25
25
25
19
19
19
19
19
18
18
18
18
30
30
30
30
30
30
30
30
30
30
30
30
30
30
30
30
24
24
24
24
24
24
24
24
24
24
21
21
21
21
21
21
21
20
20
20
20
20
20
20
20
20
20
20
20
27
27
27
27
27
27
27
27
27
27
27
27
27
16
16
19
19
19
19
19
30
30
30
30
30
30
30
30
30
30
30
30
30
30
30
30
24
24
24
24
24
24
24
24
24
24
16
16
24
24
24
24
24
24
24
24
24
24
26
26
26
26
26
26
26
26
26
26
26
26
16
16
29
29
29
29
29
29
29
29
29
29
29
29
29
29
29
17
17
17
18
18
18
18
19
19
19
19
19
22
22
22
22
22
22
22
22
30
30
30
30
30
30
30
30
30
30
30
30
30
30
30
30
22
22
22
22
22
22
22
22
26
26
26
26
26
26
26
26
26
26
26
26
26
26
26
26
26
26
26
26
26
26
26
26
25
25
25
25
25
25
25
25
25
25
25
29
29
29
29
29
29
29
29
29
29
29
29
29
29
29
22
22
22
22
22
22
22
22
21
21
21
21
21
21
21
22
22
22
22
22
22
22
22
30
30
30
30
30
30
30
30
30
30
30
30
30
30
30
30
18
18
18
18
20
20
20
20
20
20
30
30
30
30
30
30
30
30
30
30
30
30
30
30
30
30
17
17
17
28
28
28
28
28
28
28
28
28
28
28
28
28
28
19
19
19
19
19
24
24
24
24
24
24
24
24
24
24
19
19
19
19
19
17
17
17
25
25
25
25
25
25
25
25
25
25
25
22
22
22
22
22
22
22
22
27
27
27
27
27
27
27
27
27
27
27
27
27
25
25
25
25
25
25
25
25
25
25
25
29
29
29
29
29
29
29
29
29
29
29
29
29
29
29
19
19
19
19
19
16
16
21
21
21
21
21
21
21
21
21
21
21
21
21
21
16
16
27
27
27
27
27
27
27
27
27
27
27
27
27
16
16
30
30
30
30
30
30
30
30
30
30
30
30
30
30
30
30
22
22
22
22
22
22
22
22
17
17
17
18
18
18
18
22
22
22
22
22
22
22
22
20
20
20
20
20
20
16
16
30
30
30
30
30
30
30
30
30
30
30
30
30
30
30
30
19
19
19
19
19
18
18
18
18
25
25
25
25
25
25
25
25
25
25
25
16
16
28
28
28
28
28
28
28
28
28
28
28
28
28
28
20
20
20
20
20
20
18
18
18
18
25
25
25
25
25
25
25
25
25
25
25
23
23
23
23
23
23
23
23
23
22
22
22
22
22
22
22
22
23
23
23
23
23
23
23
23
23
23
23
23
23
23
23
23
23
23
21
21
21
21
21
21
21
21
21
21
21
21
21
21
17
17
17
29
29
29
29
29
29
29
29
29
29
29
29
29
29
29
24
24
24
24
24
24
24
24
24
24
16
16
18
18
18
18
22
22
22
22
22
22
22
22
19
19
19
19
19
27
27
27
27
27
27
27
27
27
27
27
27
27
26
26
26
26
26
26
26
26
26
26
26
26
21
21
21
21
21
21
21
21
21
21
21
21
21
21
20
20
20
20
20
20
24
24
24
24
24
24
24
24
24
24
16
16
17
17
17
16
16
23
23
23
23
23
23
23
23
23
24
24
24
24
24
24
24
24
24
24
23
23
23
23
23
23
23
23
23
26
26
26
26
26
26
26
26
26
26
26
26
25
25
25
25
25
25
25
25
25
25
25
18
18
18
18
27
27
27
27
27
27
27
27
27
27
27
27
27
30
30
30
30
30
30
30
30
30
30
30
30
30
30
30
30
29
29
29
29
29
29
29
29
29
29
29
29
29
29
29
20
20
20
20
20
20
25
25
25
25
25
25
25
25
25
25
25
24
24
24
24
24
24
24
24
24
24
24
24
24
24
24
24
24
24
24
24
24
24
24
24
24
24
24
24
24
24
16
16
26
26
26
26
26
26
26
26
26
26
26
26
28
28
28
28
28
28
28
28
28
28
28
28
28
28
21
21
21
21
21
21
21
17
17
17
26
26
26
26
26
26
26
26
26
26
26
26
16
16
26
26
26
26
26
26
26
26
26
26
26
26
16
16
25
25
25
25
25
25
25
25
25
25
25
21
21
21
21
21
21
21
28
28
28
28
28
28
28
28
28
28
28
28
28
28
26
26
26
26
26
26
26
26
26
26
26
26
23
23
23
23
23
23
23
23
23
22
22
22
22
22
22
22
22
23
23
23
23
23
23
23
23
23
25
25
25
25
25
25
25
25
25
25
25
28
28
28
28
28
28
28
28
28
28
28
28
28
28
20
20
20
20
20
20
25
25
25
25
25
25
25
25
25
25
25
16
16
18
18
18
18
27
27
27
27
27
27
27
27
27
27
27
27
27
25
25
25
25
25
25
25
25
25
25
25
28
28
28
28
28
28
28
28
28
28
28
28
28
28
28
28
28
28
28
28
28
28
28
28
28
28
28
28
20
20
20
20
20
20
24
24
24
24
24
24
24
24
24
24
19
19
19
19
19
27
27
27
27
27
27
27
27
27
27
27
27
27
16
16
16
16
24
24
24
24
24
24
24
24
24
24
26
26
26
26
26
26
26
26
26
26
26
26
17
17
17
20
20
20
20
20
20
26
26
26
26
26
26
26
26
26
26
26
26
22
22
22
22
22
22
22
22
25
25
25
25
25
25
25
25
25
25
25
20
20
20
20
20
20
18
18
18
18
17
17
17
21
21
21
21
21
21
21
27
27
27
27
27
27
27
27
27
27
27
27
27
28
28
28
28
28
28
28
28
28
28
28
28
28
28
27
27
27
27
27
27
27
27
27
27
27
27
27
16
16
20
20
20
20
20
20
24
24
24
24
24
24
24
24
24
24
16
16
21
21
21
21
21
21
21
17
17
17
23
23
23
23
23
23
23
23
23
22
22
22
22
22
22
22
22
22
22
22
22
22
22
22
22
20
20
20
20
20
20
21
21
21
21
21
21
21
26
26
26
26
26
26
26
26
26
26
26
26
27
27
27
27
27
27
27
27
27
27
27
27
27
18
18
18
18
26
26
26
26
26
26
26
26
26
26
26
26
25
25
25
25
25
25
25
25
25
25
25
21
21
21
21
21
21
21
17
17
17
24
24
24
24
24
24
24
24
24
24
17
17
17
23
23
23
23
23
23
23
23
23
16
16
24
24
24
24
24
24
24
24
24
24
27
27
27
27
27
27
27
27
27
27
27
27
27
17
17
17
22
22
22
22
22
22
22
22
19
19
19
19
19
25
25
25
25
25
25
25
25
25
25
25
17
17
17
18
18
18
18
30
30
30
30
30
30
30
30
30
30
30
30
30
30
30
30
24
24
24
24
24
24
24
24
24
24
19
19
19
19
19
16
16
27
27
27
27
27
27
27
27
27
27
27
27
27
18
18
18
18
17
17
17
17
17
17
25
25
25
25
25
25
25
25
25
25
25
22
22
22
22
22
22
22
22
20
20
20
20
20
20
17
17
17
26
26
26
26
26
26
26
26
26
26
26
26
20
20
20
20
20
20
19
19
19
19
19
19
19
19
19
19
19
19
19
19
19
20
20
20
20
20
20
27
27
27
27
27
27
27
27
27
27
27
27
27
18
18
18
18
22
22
22
22
22
22
22
22
29
29
29
29
29
29
29
29
29
29
29
29
29
29
29
28
28
28
28
28
28
28
28
28
28
28
28
28
28
30
30
30
30
30
30
30
30
30
30
30
30
30
30
30
30
17
17
17
22
22
22
22
22
22
22
22
18
18
18
18
23
23
23
23
23
23
23
23
23
24
24
24
24
24
24
24
24
24
24
26
26
26
26
26
26
26
26
26
26
26
26
25
25
25
25
25
25
25
25
25
25
25
29
29
29
29
29
29
29
29
29
29
29
29
29
29
29
23
23
23
23
23
23
23
23
23
27
27
27
27
27
27
27
27
27
27
27
27
27
21
21
21
21
21
21
21
25
25
25
25
25
25
25
25
25
25
25
29
29
29
29
29
29
29
29
29
29
29
29
29
29
29
17
17
17
18
18
18
18
29
29
29
29
29
29
29
29
29
29
29
29
29
29
29
23
23
23
23
23
23
23
23
23
22
22
22
22
22
22
22
22
16
16
17
17
17
24
24
24
24
24
24
24
24
24
24
29
29
29
29
29
29
29
29
29
29
29
29
29
29
29
27
27
27
27
27
27
27
27
27
27
27
27
27
25
25
25
25
25
25
25
25
25
25
25
22
22
22
22
22
22
22
22
27
27
27
27
27
27
27
27
27
27
27
27
27
19
19
19
19
19
28
28
28
28
28
28
28
28
28
28
28
28
28
28
23
23
23
23
23
23
23
23
23
19
19
19
19
19
27
27
27
27
27
27
27
27
27
27
27
27
27
29
29
29
29
29
29
29
29
29
29
29
29
29
29
29
18
18
18
18
28
28
28
28
28
28
28
28
28
28
28
28
28
28
19
19
19
19
19
26
26
26
26
26
26
26
26
26
26
26
26
23
23
23
23
23
23
23
23
23
17
17
17
25
25
25
25
25
25
25
25
25
25
25
27
27
27
27
27
27
27
27
27
27
27
27
27
17
17
17
30
30
30
30
30
30
30
30
30
30
30
30
30
30
30
30
16
16
19
19
19
19
19
22
22
22
22
22
22
22
22
23
23
23
23
23
23
23
23
23
18
18
18
18
23
23
23
23
23
23
23
23
23
24
24
24
24
24
24
24
24
24
24
24
24
24
24
24
24
24
24
24
24
21
21
21
21
21
21
21
27
27
27
27
27
27
27
27
27
27
27
27
27
18
18
18
18
26
26
26
26
26
26
26
26
26
26
26
26
16
16
22
22
22
22
22
22
22
22
28
28
28
28
28
28
28
28
28
28
28
28
28
28
18
18
18
18
28
28
28
28
28
28
28
28
28
28
28
28
28
28
30
30
30
30
30
30
30
30
30
30
30
30
30
30
30
30
23
23
23
23
23
23
23
23
23
29
29
29
29
29
29
29
29
29
29
29
29
29
29
29
22
22
22
22
22
22
22
22
26
26
26
26
26
26
26
26
26
26
26
26
30
30
30
30
30
30
30
30
30
30
30
30
30
30
30
30
26
26
26
26
26
26
26
26
26
26
26
26
29
29
29
29
29
29
29
29
29
29
29
29
29
29
29
28
28
28
28
28
28
28
28
28
28
28
28
28
28
29
29
29
29
29
29
29
29
29
29
29
29
29
29
29
24
24
24
24
24
24
24
24
24
24
25
25
25
25
25
25
25
25
25
25
25
27
27
27
27
27
27
27
27
27
27
27
27
27
19
19
19
19
19
30
30
30
30
30
30
30
30
30
30
30
30
30
30
30
30
29
29
29
29
29
29
29
29
29
29
29
29
29
29
29
22
22
22
22
22
22
22
22
23
23
23
23
23
23
23
23
23
29
29
29
29
29
29
29
29
29
29
29
29
29
29
29
27
27
27
27
27
27
27
27
27
27
27
27
27
21
21
21
21
21
21
21
22
22
22
22
22
22
22
22
30
30
30
30
30
30
30
30
30
30
30
30
30
30
30
30
29
29
29
29
29
29
29
29
29
29
29
29
29
29
29
17
17
17
28
28
28
28
28
28
28
28
28
28
28
28
28
28
28
28
28
28
28
28
28
28
28
28
28
28
28
28
26
26
26
26
26
26
26
26
26
26
26
26
30
30
30
30
30
30
30
30
30
30
30
30
30
30
30
30
28
28
28
28
28
28
28
28
28
28
28
28
28
28
18
18
18
18
20
20
20
20
20
20
23
23
23
23
23
23
23
23
23
21
21
21
21
21
21
21
26
26
26
26
26
26
26
26
26
26
26
26
18
18
18
18
23
23
23
23
23
23
23
23
23
30
30
30
30
30
30
30
30
30
30
30
30
30
30
30
30
25
25
25
25
25
25
25
25
25
25
25
27
27
27
27
27
27
27
27
27
27
27
27
27
22
22
22
22
22
22
22
22
20
20
20
20
20
20
28
28
28
28
28
28
28
28
28
28
28
28
28
28
28
28
28
28
28
28
28
28
28
28
28
28
28
28
30
30
30
30
30
30
30
30
30
30
30
30
30
30
30
30
30
30
30
30
30
30
30
30
30
30
30
30
30
30
30
30
20
20
20
20
20
20
16
16
22
22
22
22
22
22
22
22
17
17
17
30
30
30
30
30
30
30
30
30
30
30
30
30
30
30
30
21
21
21
21
21
21
21
21
21
21
21
21
21
21
26
26
26
26
26
26
26
26
26
26
26
26
25
25
25
25
25
25
25
25
25
25
25
24
24
24
24
24
24
24
24
24
24
24
24
24
24
24
24
24
24
24
24
20
20
20
20
20
20
26
26
26
26
26
26
26
26
26
26
26
26
28
28
28
28
28
28
28
28
28
28
28
28
28
28
24
24
24
24
24
24
24
24
24
24
16
16
27
27
27
27
27
27
27
27
27
27
27
27
27
29
29
29
29
29
29
29
29
29
29
29
29
29
29
29
26
26
26
26
26
26
26
26
26
26
26
26
19
19
19
19
19
25
25
25
25
25
25
25
25
25
25
25
20
20
20
20
20
20
21
21
21
21
21
21
21
29
29
29
29
29
29
29
29
29
29
29
29
29
29
29
19
19
19
19
19
29
29
29
29
29
29
29
29
29
29
29
29
29
29
29
24
24
24
24
24
24
24
24
24
24
29
29
29
29
29
29
29
29
29
29
29
29
29
29
29
18
18
18
18
17
17
17
24
24
24
24
24
24
24
24
24
24
24
24
24
24
24
24
24
24
24
24
22
22
22
22
22
22
22
22
24
24
24
24
24
24
24
24
24
24
26
26
26
26
26
26
26
26
26
26
26
26
27
27
27
27
27
27
27
27
27
27
27
27
27
17
17
17
23
23
23
23
23
23
23
23
23
21
21
21
21
21
21
21
29
29
29
29
29
29
29
29
29
29
29
29
29
29
29
27
27
27
27
27
27
27
27
27
27
27
27
27
26
26
26
26
26
26
26
26
26
26
26
26
19
19
19
19
19
27
27
27
27
27
27
27
27
27
27
27
27
27
30
30
30
30
30
30
30
30
30
30
30
30
30
30
30
30
22
22
22
22
22
22
22
22
17
17
17
22
22
22
22
22
22
22
22
26
26
26
26
26
26
26
26
26
26
26
26
23
23
23
23
23
23
23
23
23
30
30
30
30
30
30
30
30
30
30
30
30
30
30
30
30
17
17
17
25
25
25
25
25
25
25
25
25
25
25
25
25
25
25
25
25
25
25
25
25
25
30
30
30
30
30
30
30
30
30
30
30
30
30
30
30
30
25
25
25
25
25
25
25
25
25
25
25
25
25
25
25
25
25
25
25
25
25
25
16
16
23
23
23
23
23
23
23
23
23
18
18
18
18
16
16
21
21
21
21
21
21
21
25
25
25
25
25
25
25
25
25
25
25
18
18
18
18
26
26
26
26
26
26
26
26
26
26
26
26
23
23
23
23
23
23
23
23
23
24
24
24
24
24
24
24
24
24
24
16
16
28
28
28
28
28
28
28
28
28
28
28
28
28
28
27
27
27
27
27
27
27
27
27
27
27
27
27
22
22
22
22
22
22
22
22
21
21
21
21
21
21
21
16
16
27
27
27
27
27
27
27
27
27
27
27
27
27
17
17
17
25
25
25
25
25
25
25
25
25
25
25
28
28
28
28
28
28
28
28
28
28
28
28
28
28
19
19
19
19
19
27
27
27
27
27
27
27
27
27
27
27
27
27
28
28
28
28
28
28
28
28
28
28
28
28
28
28
28
28
28
28
28
28
28
28
28
28
28
28
28
28
22
22
22
22
22
22
22
22
30
30
30
30
30
30
30
30
30
30
30
30
30
30
30
30
30
30
30
30
30
30
30
30
30
30
30
30
30
30
30
30
28
28
28
28
28
28
28
28
28
28
28
28
28
28
23
23
23
23
23
23
23
23
23
19
19
19
19
19
24
24
24
24
24
24
24
24
24
24
21
21
21
21
21
21
21
27
27
27
27
27
27
27
27
27
27
27
27
27
30
30
30
30
30
30
30
30
30
30
30
30
30
30
30
30
21
21
21
21
21
21
21
29
29
29
29
29
29
29
29
29
29
29
29
29
29
29
27
27
27
27
27
27
27
27
27
27
27
27
27
28
28
28
28
28
28
28
28
28
28
28
28
28
28
27
27
27
27
27
27
27
27
27
27
27
27
27
30
30
30
30
30
30
30
30
30
30
30
30
30
30
30
30
29
29
29
29
29
29
29
29
29
29
29
29
29
29
29
23
23
23
23
23
23
23
23
23
21
21
21
21
21
21
21
24
24
24
24
24
24
24
24
24
24
18
18
18
18
16
16
28
28
28
28
28
28
28
28
28
28
28
28
28
28
20
20
20
20
20
20
18
18
18
18
27
27
27
27
27
27
27
27
27
27
27
27
27
18
18
18
18
23
23
23
23
23
23
23
23
23
20
20
20
20
20
20
29
29
29
29
29
29
29
29
29
29
29
29
29
29
29
24
24
24
24
24
24
24
24
24
24
23
23
23
23
23
23
23
23
23
27
27
27
27
27
27
27
27
27
27
27
27
27
28
28
28
28
28
28
28
28
28
28
28
28
28
28
21
21
21
21
21
21
21
21
21
21
21
21
21
21
17
17
17
21
21
21
21
21
21
21
19
19
19
19
19
17
17
17
25
25
25
25
25
25
25
25
25
25
25
28
28
28
28
28
28
28
28
28
28
28
28
28
28
19
19
19
19
19
27
27
27
27
27
27
27
27
27
27
27
27
27
19
19
19
19
19
23
23
23
23
23
23
23
23
23
16
16
19
19
19
19
19
28
28
28
28
28
28
28
28
28
28
28
28
28
28
25
25
25
25
25
25
25
25
25
25
25
23
23
23
23
23
23
23
23
23
27
27
27
27
27
27
27
27
27
27
27
27
27
29
29
29
29
29
29
29
29
29
29
29
29
29
29
29
27
27
27
27
27
27
27
27
27
27
27
27
27
18
18
18
18
25
25
25
25
25
25
25
25
25
25
25
21
21
21
21
21
21
21
29
29
29
29
29
29
29
29
29
29
29
29
29
29
29
17
17
17
19
19
19
19
19
19
19
19
19
19
27
27
27
27
27
27
27
27
27
27
27
27
27
30
30
30
30
30
30
30
30
30
30
30
30
30
30
30
30
19
19
19
19
19
21
21
21
21
21
21
21
23
23
23
23
23
23
23
23
23
25
25
25
25
25
25
25
25
25
25
25
25
25
25
25
25
25
25
25
25
25
25
25
25
25
25
25
25
25
25
25
25
25
25
25
25
25
25
25
25
25
25
25
25
26
26
26
26
26
26
26
26
26
26
26
26
22
22
22
22
22
22
22
22
27
27
27
27
27
27
27
27
27
27
27
27
27
28
28
28
28
28
28
28
28
28
28
28
28
28
28
20
20
20
20
20
20
23
23
23
23
23
23
23
23
23
28
28
28
28
28
28
28
28
28
28
28
28
28
28
28
28
28
28
28
28
28
28
28
28
28
28
28
28
18
18
18
18
23
23
23
23
23
23
23
23
23
29
29
29
29
29
29
29
29
29
29
29
29
29
29
29
17
17
17
19
19
19
19
19
27
27
27
27
27
27
27
27
27
27
27
27
27
19
19
19
19
19
18
18
18
18
17
17
17
16
16
14
