10000000000000000000000000000000000000000
10000000000000000000000000001
10000001
100001
100001000000000000000000000000000000000000000000
100001000000000000000000000000000000000001
101
101000000000000000
1010000000000000000000000000000000
10100000000001
1010000000000100000000000000000000000000000000
10100000000001001
10100000000001001000000000000000000000000000000
10101
1010100000000000000000000000
10101000000000000000000000000000000
1011
101100000000000000000000000000000
1011000000000000000001
1011000000000000000001000000000000000000000
101100000000000000000100000001
10110000000000000000010000000100000000000
1011000000000000000001000000010001
101100000000000000000100000001000100000000000
10111
101110000000000000
1011101
10111010
10111010000000000000000000000000000000000000
10111011
10111011000000000000000000000000
101110110000000000001
1011101100000000000010000
2
20000000000000000000000000
20000000000000000000000000000000000000000000000
2000000000000001
20000000000000010000000000
2000000000000001000000000000000000000000000000
20000001
21
210000000000000
210000000000000000000000000000000000000000
2100000000000000000000000000000000000000000000000
210000000001
2100000000010000000000000000000000000000
211
211000000000000000000000000000000000000000000000
2110000001
21100000010000000000000000000000000000000
2110000001001
2110000001001000000
211000000100100000000000000
211000000100100000000001
3
30000000000
30000000000000000000000000000000000000000000
30000000000000000000000001
30000000000000000000000001000000000000000000
300000000000000000000001
30000000000000001
30000000000000001000000000000
300000000001
300000000001000000000000000000000
3000000000010000000000001
30000000000100000000001
300000000001000000000010000000000000000000000000
30000000000100000000001000000000000001
3000000000010000000000100000000000001
3000000000010000000000100001
300000000001000000001
300000000001000001
30000000000100000100000000000000000000000
3000000000010000011
4
4000000000000000000000000000000000000
40000000000000000000000000000000000000000000000
4000000000000000000001
40000000000000000000010000000000000000000
400000000000000000000100000000000000001
40000000000000000000010000000001
4000000000000001
400000001
40001
400010000000000000000000000000000000
40001000000000000000000000001
40001000000000000001
4000100001
4000100001000000000
40001000010001
5
5000000000000000000000000000000
50000001
50000001000000000000000000000000000000
50000001000000000000000000000000001
50001
500010000000000000000000000000
500011
5000110000000000000000000000000000000000000
500011000000001
