1: a b c d e f g h i j k l m n o p q r s t
2: b c d e f g h i j k l m n o p q r s t u
3: c d e f g h i j k l m n o p q r s t u v
4: d e f g h i j k l m n o p q r s t u v w
5: e f g h i j k l m n o p q r s t u v w x
6: f g h i j k l m n o p q r s t u v w x y
7: g h i j k l m n o p q r s t u v w x y z
8: a h i j k l m n o p q r s t u v w x y z
9: a b i j k l m n o p q r s t u v w x y z
10: y
11: y z
12: a y z
13: a b y z
14: a b y z
15: a b y z
16: a b y z
17: a b y z
18: a b y z
19: a b y z
20: a b y z
21: a b y z
22: a b y z
23: a b y z
24: a b y z
25: a b y z
26: a b z
27: a b
28: b
29: a b c d e f g h i j k l m n o p q r y z
30: a b c d e f g h i j k l m n o p q r s z
