5 0 1 - can be juggled
0 1 5 - can be juggled
1 5 0 - can be juggled
2 1 - cannot be juggled
1 2 - cannot be juggled
4 4 1 3 - can be juggled
4 1 3 4 - can be juggled
1 3 4 4 - can be juggled
3 4 4 1 - can be juggled
4 2 3 3 - can be juggled
4 4 0 4 - can be juggled
7 1 1 5 3 - cannot be juggled
6 9 8 10 10 - cannot be juggled
6 - can be juggled
2 2 6 8 - cannot be juggled
4 0 - can be juggled
1 0 - cannot be juggled
5 0 - cannot be juggled
4 1 9 3 - cannot be juggled
10 6 - can be juggled
3 2 1 - cannot be juggled
3 1 2 - can be juggled
1 2 3 4 5 6 7 8 9 10 11 12 13 14 15 16 17 18 19 20 21 22 23 24 25 - can be juggled
25 25 25 25 25 25 25 25 25 25 25 25 25 25 25 25 25 25 25 25 25 25 25 25 25 - can be juggled
1 25 25 25 25 25 25 25 25 25 25 25 25 25 25 25 25 25 25 25 25 25 25 25 25 - cannot be juggled
