0000000000
0000000000
0000000000
0000000000
0000000000
0000000000
0000000000
0000000000
0000000000
0000000000
0000000000
0000000000
0000000000
0000000000
0000000000
0000000000
0000000000
0000000000
0000000000
0000000000
0000000000
0000000000
0000000000
0000000000
0000000000
0000000000
0000000000
0000000000
0000000000
0000000000
0000000000
0000000000
0000000000
0000000000
0000000000
0000000000
0000000000
0000000000
0000000000
0000000000
0000000000
0000000000
0000000000
0000000000
0000000000
0000000000
0000000000
0000000000
0000000000
0000000000
0000000000
0000000000
0000000000
0000000000
0000000000
0000000000
0000000000
0000000000
0000000000
0000000000
1000000000
2000000000
2000000001
3000000003
2000000002
2000000001
3000000001
1000000003
2000000002
2000000001
3000000001
1000000001
2000000002
2000000002
1000000001
1000000002
2000000003
2000000002
2000000003
3000000002
3100000002
3100000001
1100000002
2200000002
1200000001
1100000003
3100000002
3210000001
3120000032
2120000032
3210000033
2330210221
3132111323
3113232122
1211212333
1133112323
2121231211
3313322233
1223133212
1322131331
