0000000000
0000000000
0000000000
0000000000
0000000000
0000000000
0000000000
0000000000
0000000000
0000000000
0000000000
0000000000
0000000000
0000000001
0000000003
0000000003
0006000001
0303000006
0402000002
2422000034
6134060063
3322030064
6543060036
5231050052
5351010035
3215060066
4451220643
3532210365
4543565422
5161433453
6344322135
1561321654
1161135432
5622152623
3331536166
5415462136
2232613312
6221124312
2444545423
2462536216
6165263443
2622431145
4531252643
5452251631
1546656245
2152322362
2122323446
6561435333
4443251256
1312322612
1143166132
3542461421
1313424256
3425546622
5135331143
1542224224
2264154135
3313132661
5442431345
6116123121
5622413532
5451466166
2436656454
4313435355
5556153653
6515536331
5141262612
6225426443
2634534631
1613653262
