0000000000
0000000000
0000000000
0000000000
0000000000
0000000000
0000000000
0000000000
0000100000
8000200000
7500804000
6607506206
1607201753
7747607535
1127402616
3833408241
4867256571
6582782277
7847412214
3114547583
5441461126
6658145526
5647626531
4856783635
5772563561
5673587278
8251866158
2877374332
2834674634
4627617231
4728724346
8116531325
7437225875
8441838221
2454778428
7258226281
8141311453
5648757833
8462733424
4517621572
2734863188
3478525758
5286345344
6278777824
3738146875
1238211343
1246858724
3582133115
7872761528
2337715412
2186647885
1147786128
5776338216
5168641246
8557345246
4227654236
7664147612
8225242351
5422382744
8538124367
8565217247
1611553358
6355672734
1353633672
1131764388
2754645844
6461534131
7316442331
1426244284
4251465674
4747882577
1435235112
5745264357
8644647648
3857745646
2352864278
3537363535
6115746884
7258636187
1178883461
