0000000000
0000000000
0000000000
0000000000
0000000000
0000000000
0000000000
0000000000
0000000000
0000000000
0000000000
0000000000
0000000000
0000000000
0000000000
0000000000
0000000000
0000000000
0000000000
0000000000
0000000000
0000000000
0000000000
0000000000
0000000000
0000000000
0000000000
0000000000
0000000000
0000000000
0000000000
0000000000
0000000000
0000000000
0000000000
0000000000
0000000000
0000000000
0000000000
0000000000
0000000000
0000000000
0000000000
0000000000
0000000000
0000000000
0000000000
0000000000
0000000000
0000000000
0000000000
0000000000
0000000000
3000000000
2000000000
1000000000
1000000000
3000000000
2000000000
2000000000
2000000000
2000000000
3000000000
3000000000
2000000000
1000000000
3000000000
2000000000
3000000000
3000000000
1200000000
2100000003
3300000003
3200000003
2100000001
1300000002
1200000011
2200000033
1100000032
2300000023
2300000112
3100000322
2100000113
2300000221
3200000232
3200000313
2100200311
3200202131
3300302222
1303233333
