djaclnielobr
daktvidyler
anthmadersonva
abca
aetea
damomenpicta
hispogt
breaed
a
bplearosthelpr
abracazedabdoinkras
abc
rwzedlln
aaa
qqqqqqqqqqqqqqqqqqqqqqqqqqqqqqqqqqqqqqqqqqqqqqqqqqqqqqqqqqqqqqqqqqqqqqqqqqqqqqqqqqqqqqqqqqqqqqqqqqqq
eeeeeeeeeeeeeeeeeeeeeeeeeeeeeeeeeeeeeeeeeeeeeeeeeeeeeeeeeeeeeeeeeeeeeeeeeeeeeeeeeeeeeeeeeeeeeeeeeeeeqqqqqqqqqqqqqqqqqqqqqqqqqqqqqqqqqqqqqqqqqqqqqqqqqqqqqqqqqqqqqqqqqqqqqqqqqqqqqqqqqqqqqqqqqqqqqqqqqqqqvvvvvvvvvvvvvvvvvvvvvvvvvvvvvvvvvvvvvvvvvvvvvvvvvvvvvvvvvvvvvvvvvvvvvvvvvvvvvvvvvvvvvvvvvvvvvvvvvvvv
eqqqqqqqqqqqqqqqqqqqqqqqqqqqqqqqqqqqqqqqqqqqqqqqqqqqqqqqqqqqqqqqqqqqqqqqqqqqqqqqqqqqqqqqqqqqqqqqqqqqqrererererererererererererererererererererererererererererererererererererererererererererererererervvvvvvvvvvvvvvvvvvvvvvvvvvvvvvvvvvvvvvvvvvvvvvvvvvvvvvvvvvvvvvvvvvvvvvvvvvvvvvvvvvvvvvvvvvvvvvvvvvvv
eeeeeeeeeeeeeeeeeeeeeeeeeeeeeeeeeeeeeeeeeeeeeeeeeeeqqqqqqqqqqqqqqqqqqqqqqqqqqqqqqqqqqqqqqqqqqqqqqqqqqqqqqqqqqqqqqqqqqqqqqqqqqqqqqqqqqqqqqqqqqqqqqqqqqqqrererererererererererererererererererererererererererererererererererererererererererererererererer
qqqqqqqqqqqqqqqqqqqqqqqqqqqqqqqqqqqqqqqqqqqqqqqqqqqqqqqqqqqqqqqqqqqqqqqqqqqqqqqqqqqqqqqqqqqqqqqqqqqacd
qqqqqqqqqqqqqqqqqqqqqqqqqqqqqqqqqqqqqqqqqqqqqqqqqqqqqqqqqqqqqqqqqqqqqqqqqqqqqqqqqqqqqqqqqqqqqqqqqqqqr
beeeeeeeeeeeeeeeeeeeeeeeeeeeeeeeeeeeeeeeeeeeeeeeeeeeeeeeeeeeeeeeeeeeeeeeeeeeeeeeeeeeeeeeeeeeeeeeeeeerotheryyyyy
qqqqqqqqqqqqqqqqqqqqqqqqqqqqqqqqqqqqqqqqqqqqqqqqqqqqqqqqqqqqqqqqqqqqqqqqqqqqqqqqqqqqqqqqqqqqqqqqqwelrbbmqbhcdartzowkkyhiddqscdxrjgmowfrxsjybldbefgsarcbynecdyggxxpklorellnmpapqfwkhopkmc
qhnwnkuytdlcgdewhstaciohozvfrdtqkmgbbuqcljnozjivswcmdksgspqopqtbxixmsvtrrbljoagpuwxkitnsnfwzyqfjmxacbhhkicqcoendtomfazlgdgrwdpbtrwsofsbcglnpuvqhffbsadqxiwpqcacehugu
ulmoxqmbfjxjcvudjrsuyeibyebmtuwsiqyoktygyxymzehvypzriivjegebeoacfhuftskpggkbbwdvmxxrdipzzryxlmndqtizuckwxagmlsieehjudfuykgruowchzdfgiboooxubppliumeqlwphapjnmeyatdqhrmydciajxloghiqfmnxzhlvihwdtqrsxjouvbmsuyopkpyphaseuxnbpspkusgdhiiy
cyzmgqtpdyjgfdbuotbbqcwixhlvrftnxjujjddnntgeiqslvyfdgzrhbaisjepluvwcygafoubutpnimuwewpfjqsjxlvygezbknhkljqdorwxepbpanltcfixvrjwcdtuqzdsneogzouyvbepkxlpgdiurbzvafwcsfmopxeqmprijoqwrghuzifpwlkobmeahkgccvyddnakrrefhhwxsnyvevbucfrtp
twcqtgjlapopktvwmxnupycfgcuqunuvblmoiceitnwjckdmkblefjopgstquuvzhyvhbgsdvivhesnkwujbqxramwxpeitcvhograqinddjeqrvmhlrubbrdsycgpnkatzqfhkleyenwhxtemrpjvobaqwqwxdepyqchrglsuaeiihwmjobmnskskvfgovjneixwdvjjafrqzzxglcxdnznofpuwl
