X....X...X...XX.XXXX.X..X
.XX.XXX...XXX...XXX.X..X.
X...XXXXXXXXX.X..XXX.....
X.X.....XX.X.XX.X..X.X..X
XX...X.XXX..XXXXXX.X.XXX.
X.XXXXXXX..XX..XXXX.X...X
.X..XXX.XX..X...X...X...X
X...X.XXXXX.X..XXXX.....X
X..XX.XXXXXXX.XX..X..X..X
...XX.....XX.X..X.X..X...
XX...XXX..X.XXX.XXXX.XXXX
XXX......XX...XX..X....X.
...XX.XXX...XXXXX...X....
X.XX.X.X..X..X.X.XX...XXX
.XXXX...X.XXXX.X.X...X.XX
X..X.XXXXXX....X......X.X
X.X....XXX.XX.XX.XXX.X...
.XX....X.X.XX..X..XXXXXXX
X..XXX.X.XXXXX.XXXX..XXXX
.X..X..XX.X.X.X..X......X
.XX...X.X.X..XXXX....XX..
