100000000000000000
1001
10010000
1001000000000000000000000000000000000000000
1001000000000001
1001000000000001000000000000000000000000000000
1001000000000001000001
100100000000000100001
10010000000001
100100001
1001000010000000000000000000000000000000000000000
1001000010001
1001000010001000000000000000000000000000
1001000010001000000000000000000000000001
1001000010001000000000000000001
10010000100010000000000000000010000000000000000000
10010000100010000001
100101
10010100000000000000000000000
100101000000000000000000000000
10010100000000000000000000000000000000000
1001010000000000000001
10010100000000000000010
100101000000000000000100000000000000000000
100101000000000000000100000000000000001
1002
1002000
10020000000000000000000000000000000000000000000
1002000001
10020000010000000000000000000000000
10020000011
10020000011000000000000000000000000000000000
1002000001100000000000000001
100200000110000000000000001
100200000110001
100201
10020100000000000
1002010000000000000000000000000000000000000000000
100202
101
101000000000000000000000000000000000000000
10100000000000000000000000000000000001
102
102000000000000000000000000000000000000000000000
1020000000000000000000000000000000001
102000000000000000000000000000000000100000000
102000000000000000000000000000000001
10200000000000000000000000000000001
10201
102010000000
1020100001
1020100001000000000
11
1100000000000000000000000000000000000
110000000000000000000001
11000000000001
1100000000000100000000
11000000000001000000000000000000000000000000000
111
1110
1111
11110000000000000000000000000000000000
1111000000000000000000000000000001
11110000000000001
1111000000000000100000000000000000000000000
2
20000000000000000000000
2000000000001
20000000000010000000000000
200000000000100001
20000000000010001
3
3000000000000000000000000000000000000000000000000
300000000000000000000000000000001
3000000000000000000000000000000010000000
300000001
30000000100000000000000000000
3000000010000000000000000000000000000000000
3000000010000000000000000000000000000000000000
30000000100000000000000001
3000000010000000000000000100000
30000000100000000000000001000000
300000001000000000000001
30000001
30000001000000000000000000000000000000000000
30000001000000000000000000000001
300000010000000000000000001
3000000100000000000000000010000
30000001000000000000000000100000
30000001000000000000000000100000000000000
3000000100000001
30000001001
300000010010000
3000000100100000000000000000000000
30000002
3000000200000000000
3000000200000000000000000000
300000020000000000000000000000
3000000200000000000000001
300000020000000000000001
