347768378
262144 347506234
131072 131072 347375162
65536 65536 65536 347309626
32768 32768 32768 32768 347276858
16384 16384 16384 16384 16384 347260474
8192 8192 8192 8192 8192 8192 347252282
4096 4096 4096 4096 4096 4096 4096 347248186
2048 2048 2048 2048 2048 2048 2048 2048 347246138
1024 1024 1024 1024 1024 1024 1024 1024 1024 347245114
512 512 512 512 512 512 512 512 512 512 347244602
256 256 256 256 256 256 256 256 256 256 256 347244346
128 128 128 128 128 128 128 128 128 128 128 128 347244218
64 64 64 64 64 64 64 64 64 64 64 64 64 347244154
32 32 32 32 32 32 32 32 32 32 32 32 32 32 347244122
16 16 16 16 16 16 16 16 16 16 16 16 16 16 16 347244106
8 8 8 8 8 8 8 8 8 8 8 8 8 8 8 8 347244098
4 4 4 4 4 4 4 4 4 4 4 4 4 4 4 4 4 347244094
2 2 2 2 2 2 2 2 2 2 2 2 2 2 2 2 2 2 347244092
1 1 1 1 1 1 1 1 1 1 1 1 1 1 1 1 1 1 1 347244091
