38.202
37.143
36.311
35.645
35.104
34.659
34.289
33.979
33.715
33.490
33.296
33.128
32.981
32.852
32.738
32.637
32.547
32.467
32.395
32.330
32.271
32.218
32.169
32.125
32.085
32.048
32.013
31.982
31.953
31.926
31.901
31.878
31.857
31.836
31.818
31.800
31.784
31.769
31.754
31.741
31.728
31.716
31.704
31.694
31.684
31.674
31.665
31.656
31.648
31.640
31.633
31.626
31.619
31.613
31.607
31.601
31.595
31.590
31.585
31.580
31.576
31.571
31.567
31.563
31.559
31.555
31.551
31.548
31.545
31.541
31.538
31.535
31.532
31.530
31.527
31.524
31.522
31.519
31.517
31.515
31.513
31.511
31.509
31.507
31.505
31.503
31.501
31.499
31.498
31.496
31.494
31.493
31.491
31.490
31.488
31.487
31.486
31.484
31.483
31.482
31.481
31.480
31.478
31.477
31.476
31.475
31.474
31.473
31.472
31.471
31.470
31.470
31.469
31.468
31.467
31.466
31.465
31.465
31.464
31.463
31.462
31.462
31.461
31.460
31.460
31.459
31.458
31.458
31.457
31.457
31.456
31.455
31.455
31.454
31.454
31.453
31.453
31.452
31.452
31.451
31.451
31.450
31.450
31.449
31.449
31.449
31.448
31.448
31.447
31.447
31.447
31.446
31.446
31.445
31.445
31.445
31.444
31.444
31.444
31.443
31.443
31.443
31.442
31.442
31.442
31.442
31.441
31.441
31.441
31.440
31.440
31.440
31.440
31.439
31.439
31.439
31.439
31.438
31.438
31.438
31.438
31.437
31.437
31.437
31.437
31.437
31.436
31.436
31.436
31.436
76.404
74.286
72.621
71.289
70.208
69.319
68.579
67.957
67.430
66.980
66.592
66.255
65.961
65.703
65.476
65.274
65.095
64.934
64.790
64.660
64.542
64.436
64.339
64.250
64.169
64.095
64.027
63.964
63.906
63.852
63.802
63.756
63.713
63.673
63.636
63.601
63.568
63.537
63.508
63.481
63.456
63.431
63.409
63.387
63.367
63.348
63.330
63.313
63.296
63.281
63.266
63.252
63.239
63.226
63.214
63.202
63.191
63.180
63.170
63.160
63.151
63.142
63.134
63.126
63.118
63.110
63.103
63.096
63.089
63.083
63.077
63.071
63.065
63.059
63.054
63.049
63.044
63.039
63.034
63.030
63.025
63.021
63.017
63.013
63.009
63.006
63.002
62.998
62.995
62.992
62.989
62.986
62.983
62.980
62.977
62.974
62.971
62.969
62.966
62.964
62.961
62.959
62.957
62.955
62.953
62.950
62.948
62.946
62.945
62.943
62.941
62.939
62.937
62.936
62.934
62.932
62.931
62.929
62.928
62.926
62.925
62.923
62.922
62.921
62.919
62.918
62.917
62.915
62.914
62.913
62.912
62.911
62.910
62.909
62.908
62.906
62.905
62.904
62.904
62.903
62.902
62.901
62.900
62.899
62.898
62.897
62.896
62.896
62.895
62.894
62.893
62.892
62.892
62.891
62.890
62.890
62.889
62.888
62.887
62.887
62.886
62.886
62.885
62.884
62.884
62.883
62.883
62.882
62.881
62.881
62.880
62.880
62.879
62.879
62.878
62.878
62.877
62.877
62.876
62.876
62.875
62.875
62.874
62.874
62.874
62.873
62.873
62.872
62.872
62.871
114.606
111.430
108.932
106.934
105.312
103.978
102.868
101.936
101.146
100.470
99.888
99.383
98.942
98.555
98.214
97.912
97.642
97.401
97.185
96.990
96.814
96.654
96.508
96.376
96.254
96.143
96.040
95.946
95.859
95.778
95.704
95.634
95.570
95.509
95.453
95.401
95.352
95.306
95.262
95.222
95.183
95.147
95.113
95.081
95.051
95.022
94.995
94.969
94.944
94.921
94.899
94.878
94.858
94.839
94.820
94.803
94.786
94.770
94.755
94.741
94.727
94.713
94.701
94.688
94.677
94.665
94.654
94.644
94.634
94.624
94.615
94.606
94.597
94.589
94.581
94.573
94.566
94.558
94.551
94.545
94.538
94.532
94.526
94.520
94.514
94.508
94.503
94.498
94.493
94.488
94.483
94.478
94.474
94.469
94.465
94.461
94.457
94.453
94.449
94.446
94.442
94.439
94.435
94.432
94.429
94.426
94.423
94.420
94.417
94.414
94.411
94.409
94.406
94.403
94.401
94.398
94.396
94.394
94.391
94.389
94.387
94.385
94.383
94.381
94.379
94.377
94.375
94.373
94.371
94.370
94.368
94.366
94.365
94.363
94.361
94.360
94.358
94.357
94.355
94.354
94.352
94.351
94.350
94.348
94.347
94.346
94.345
94.343
94.342
94.341
94.340
94.339
94.337
94.336
94.335
94.334
94.333
94.332
94.331
94.330
94.329
94.328
94.327
94.326
94.326
94.325
94.324
94.323
94.322
94.321
94.320
94.320
94.319
94.318
94.317
94.317
94.316
94.315
94.314
94.314
94.313
94.312
94.312
94.311
94.310
94.310
94.309
94.308
94.308
94.307
152.808
148.573
145.242
142.578
140.416
138.637
137.158
135.915
134.861
133.960
133.183
132.510
131.923
131.407
130.952
130.549
130.189
129.868
129.580
129.320
129.085
128.872
128.678
128.501
128.339
128.190
128.054
127.928
127.812
127.704
127.605
127.512
127.426
127.346
127.271
127.201
127.135
127.074
127.016
126.962
126.911
126.863
126.818
126.775
126.734
126.696
126.660
126.625
126.592
126.561
126.532
126.504
126.477
126.452
126.427
126.404
126.382
126.361
126.340
126.321
126.302
126.285
126.268
126.251
126.235
126.220
126.206
126.192
126.178
126.166
126.153
126.141
126.130
126.119
126.108
126.097
126.087
126.078
126.068
126.059
126.051
126.042
126.034
126.026
126.018
126.011
126.004
125.997
125.990
125.984
125.977
125.971
125.965
125.959
125.954
125.948
125.943
125.938
125.933
125.928
125.923
125.918
125.914
125.909
125.905
125.901
125.897
125.893
125.889
125.885
125.882
125.878
125.875
125.871
125.868
125.865
125.861
125.858
125.855
125.852
125.849
125.847
125.844
125.841
125.838
125.836
125.833
125.831
125.829
125.826
125.824
125.822
125.819
125.817
125.815
125.813
125.811
125.809
125.807
125.805
125.803
125.801
125.800
125.798
125.796
125.794
125.793
125.791
125.789
125.788
125.786
125.785
125.783
125.782
125.780
125.779
125.778
125.776
125.775
125.774
125.772
125.771
125.770
125.769
125.767
125.766
125.765
125.764
125.763
125.762
125.761
125.760
125.758
125.757
125.756
125.755
125.754
125.753
125.753
125.752
125.751
125.750
125.749
125.748
125.747
125.746
125.745
125.745
125.744
125.743
191.010
185.716
181.553
178.223
175.520
173.296
171.447
169.894
168.576
167.450
166.479
165.638
164.903
164.259
163.690
163.186
162.737
162.335
161.975
161.650
161.356
161.090
160.847
160.626
160.423
160.238
160.067
159.910
159.765
159.630
159.506
159.390
159.283
159.182
159.089
159.001
158.919
158.843
158.770
158.703
158.639
158.579
158.522
158.468
158.418
158.370
158.324
158.281
158.241
158.202
158.165
158.130
158.096
158.064
158.034
158.005
157.977
157.951
157.925
157.901
157.878
157.856
157.834
157.814
157.794
157.775
157.757
157.740
157.723
157.707
157.691
157.676
157.662
157.648
157.635
157.622
157.609
157.597
157.586
157.574
157.563
157.553
157.543
157.533
157.523
157.514
157.505
157.496
157.488
157.480
157.472
157.464
157.456
157.449
157.442
157.435
157.429
157.422
157.416
157.410
157.404
157.398
157.392
157.387
157.381
157.376
157.371
157.366
157.361
157.357
157.352
157.348
157.343
157.339
157.335
157.331
157.327
157.323
157.319
157.315
157.312
157.308
157.305
157.301
157.298
157.295
157.292
157.289
157.286
157.283
157.280
157.277
157.274
157.271
157.269
157.266
157.264
157.261
157.259
157.256
157.254
157.252
157.249
157.247
157.245
157.243
157.241
157.239
157.237
157.235
157.233
157.231
157.229
157.227
157.226
157.224
157.222
157.220
157.219
157.217
157.215
157.214
157.212
157.211
157.209
157.208
157.206
157.205
157.204
157.202
157.201
157.199
157.198
157.197
157.196
157.194
157.193
157.192
157.191
157.190
157.188
157.187
157.186
157.185
157.184
157.183
157.182
157.181
157.180
157.179
229.212
222.859
217.864
213.868
210.623
207.956
205.737
203.872
202.291
200.939
199.775
198.765
197.884
197.110
196.428
195.823
195.284
194.802
194.370
193.980
193.627
193.307
193.016
192.751
192.508
192.285
192.081
191.892
191.718
191.557
191.407
191.268
191.139
191.019
190.907
190.802
190.703
190.611
190.525
190.443
190.367
190.294
190.226
190.162
190.101
190.044
189.989
189.938
189.889
189.842
189.798
189.756
189.716
189.677
189.641
189.606
189.573
189.541
189.511
189.481
189.454
189.427
189.401
189.377
189.353
189.331
189.309
189.288
189.268
189.248
189.230
189.212
189.194
189.178
189.162
189.146
189.131
189.117
189.103
189.089
189.076
189.063
189.051
189.039
189.028
189.017
189.006
188.995
188.985
188.975
188.966
188.957
188.948
188.939
188.930
188.922
188.914
188.906
188.899
188.892
188.884
188.877
188.871
188.864
188.858
188.851
188.845
188.839
188.834
188.828
188.822
188.817
188.812
188.807
188.802
188.797
188.792
188.787
188.783
188.778
188.774
188.770
188.766
188.762
188.758
188.754
188.750
188.746
188.743
188.739
188.736
188.732
188.729
188.726
188.723
188.719
188.716
188.713
188.711
188.708
188.705
188.702
188.699
188.697
188.694
188.692
188.689
188.687
188.684
188.682
188.680
188.677
188.675
188.673
188.671
188.669
188.666
188.664
188.662
188.660
188.659
188.657
188.655
188.653
188.651
188.649
188.648
188.646
188.644
188.643
188.641
188.639
188.638
188.636
188.635
188.633
188.632
188.630
188.629
188.627
188.626
188.625
188.623
188.622
188.621
188.619
188.618
188.617
188.616
188.614
267.414
260.003
254.174
249.512
245.727
242.615
240.026
237.851
236.006
234.429
233.071
231.893
230.865
229.962
229.166
228.460
227.832
227.269
226.765
226.310
225.898
225.525
225.186
224.876
224.593
224.333
224.094
223.874
223.671
223.483
223.308
223.146
222.996
222.855
222.724
222.602
222.487
222.380
222.279
222.184
222.094
222.010
221.931
221.856
221.785
221.718
221.654
221.594
221.537
221.482
221.431
221.382
221.335
221.290
221.248
221.207
221.168
221.131
221.096
221.062
221.029
220.998
220.968
220.940
220.912
220.886
220.860
220.836
220.812
220.790
220.768
220.747
220.727
220.707
220.689
220.670
220.653
220.636
220.620
220.604
220.589
220.574
220.560
220.546
220.532
220.519
220.507
220.495
220.483
220.471
220.460
220.449
220.439
220.429
220.419
220.409
220.400
220.391
220.382
220.373
220.365
220.357
220.349
220.341
220.334
220.327
220.319
220.313
220.306
220.299
220.293
220.287
220.280
220.274
220.269
220.263
220.257
220.252
220.247
220.241
220.236
220.232
220.227
220.222
220.217
220.213
220.208
220.204
220.200
220.196
220.192
220.188
220.184
220.180
220.176
220.173
220.169
220.166
220.162
220.159
220.156
220.152
220.149
220.146
220.143
220.140
220.137
220.134
220.132
220.129
220.126
220.123
220.121
220.118
220.116
220.113
220.111
220.108
220.106
220.104
220.102
220.099
220.097
220.095
220.093
220.091
220.089
220.087
220.085
220.083
220.081
220.079
220.077
220.076
220.074
220.072
220.070
220.069
220.067
220.065
220.064
220.062
220.061
220.059
220.057
220.056
220.055
220.053
220.052
220.050
305.616
297.146
290.485
285.157
280.831
277.274
274.316
271.830
269.722
267.919
266.367
265.020
263.845
262.814
261.904
261.097
260.379
259.736
259.160
258.640
258.170
257.743
257.355
257.001
256.678
256.381
256.108
255.856
255.624
255.409
255.210
255.024
254.852
254.692
254.542
254.402
254.271
254.148
254.033
253.924
253.822
253.726
253.635
253.550
253.468
253.392
253.319
253.250
253.185
253.123
253.064
253.008
252.954
252.903
252.854
252.808
252.764
252.721
252.681
252.642
252.605
252.569
252.535
252.502
252.471
252.441
252.412
252.384
252.357
252.331
252.306
252.282
252.259
252.237
252.216
252.195
252.175
252.155
252.137
252.119
252.101
252.084
252.068
252.052
252.037
252.022
252.008
251.994
251.980
251.967
251.955
251.942
251.930
251.919
251.907
251.896
251.886
251.875
251.865
251.855
251.846
251.837
251.828
251.819
251.810
251.802
251.794
251.786
251.778
251.771
251.763
251.756
251.749
251.742
251.736
251.729
251.723
251.717
251.710
251.705
251.699
251.693
251.688
251.682
251.677
251.672
251.667
251.662
251.657
251.652
251.648
251.643
251.639
251.634
251.630
251.626
251.622
251.618
251.614
251.610
251.606
251.603
251.599
251.596
251.592
251.589
251.585
251.582
251.579
251.576
251.573
251.570
251.567
251.564
251.561
251.558
251.555
251.553
251.550
251.547
251.545
251.542
251.540
251.537
251.535
251.532
251.530
251.528
251.526
251.523
251.521
251.519
251.517
251.515
251.513
251.511
251.509
251.507
251.505
251.503
251.501
251.500
251.498
251.496
251.494
251.493
251.491
251.489
251.488
251.486
343.818
334.289
326.796
320.801
315.935
311.934
308.605
305.808
303.437
301.409
299.663
298.148
296.826
295.666
294.642
293.735
292.926
292.203
291.554
290.970
290.441
289.961
289.525
289.127
288.762
288.428
288.121
287.838
287.577
287.335
287.111
286.903
286.709
286.528
286.360
286.202
286.055
285.917
285.787
285.665
285.550
285.442
285.340
285.243
285.152
285.066
284.984
284.907
284.833
284.763
284.697
284.634
284.573
284.516
284.461
284.409
284.359
284.311
284.266
284.222
284.180
284.140
284.102
284.065
284.030
283.996
283.963
283.932
283.902
283.873
283.845
283.818
283.792
283.767
283.742
283.719
283.697
283.675
283.654
283.634
283.614
283.595
283.577
283.559
283.542
283.525
283.509
283.493
283.478
283.463
283.449
283.435
283.422
283.408
283.396
283.383
283.371
283.360
283.348
283.337
283.327
283.316
283.306
283.296
283.286
283.277
283.268
283.259
283.250
283.242
283.234
283.226
283.218
283.210
283.202
283.195
283.188
283.181
283.174
283.168
283.161
283.155
283.149
283.143
283.137
283.131
283.125
283.120
283.114
283.109
283.104
283.099
283.094
283.089
283.084
283.079
283.075
283.070
283.066
283.061
283.057
283.053
283.049
283.045
283.041
283.037
283.034
283.030
283.026
283.023
283.019
283.016
283.012
283.009
283.006
283.003
283.000
282.997
282.994
282.991
282.988
282.985
282.982
282.979
282.977
282.974
282.971
282.969
282.966
282.964
282.961
282.959
282.957
282.954
282.952
282.950
282.948
282.945
282.943
282.941
282.939
282.937
282.935
282.933
282.931
282.929
282.927
282.925
282.924
282.922
