No cheaters here!
That's not a word for a(n) fruit!
That's not a word for a(n) fruit!
That's not a word for a(n) animal!
No cheaters here!
No cheaters here!
That's not a word for a(n) animal!
That's not a word for a(n) food!
That's not a word for a(n) food!
That's not a word for a(n) food!
That's not a word for a(n) food!
No cheaters here!
That's not a word for a(n) kpopband!
No cheaters here!
That's not a word for a(n) kpopband!
That's not a word for a(n) kpopband!
That's not a word for a(n) kpopband!
That's not a word for a(n) onlya!
No cheaters here!
That's not a word for a(n) onlya!
That's not a word for a(n) onlya!
No cheaters here!
That's not a word for a(n) onlya!
That's not a word for a(n) onlya!
That's not a word for a(n) onlya!
That's not a word for a(n) onlya!
That's not a word for a(n) onlya!
No cheaters here!
No cheaters here!
That's not a word for a(n) pokemon!
That's not a word for a(n) pokemon!
That's not a word for a(n) randomword!
That's not a word for a(n) randomword!
No cheaters here!
That's not a word for a(n) randomword!
No cheaters here!
That's not a word for a(n) randomword!
No cheaters here!
That's not a word for a(n) randomword!
That's not a word for a(n) randomword!
No cheaters here!
No cheaters here!
That's not a word for a(n) randomword!
No cheaters here!
That's not a word for a(n) randomword!
That's not a word for a(n) randomword!
No cheaters here!
No cheaters here!
No cheaters here!
That's not a word for a(n) randomword!
That's not a word for a(n) randomword!
No cheaters here!
That's not a word for a(n) randomword!
That's not a word for a(n) randomword!
No cheaters here!
No cheaters here!
No cheaters here!
No cheaters here!
No cheaters here!
No cheaters here!
That's not a word for a(n) randomword!
That's not a word for a(n) randomword!
That's not a word for a(n) randomword!
That's not a word for a(n) randomword!
That's not a word for a(n) randomword!
That's not a word for a(n) randomword!
No cheaters here!
That's not a word for a(n) randomword!
No cheaters here!
That's not a word for a(n) randomword!
That's not a word for a(n) randomword!
No cheaters here!
That's not a word for a(n) randomword!
No cheaters here!
That's not a word for a(n) randomword!
No cheaters here!
No cheaters here!
That's not a word for a(n) randomword!
No cheaters here!
No cheaters here!
That's not a word for a(n) randomword!
That's not a word for a(n) randomword!
That's not a word for a(n) randomword!
That's not a word for a(n) randomword!
No cheaters here!
No cheaters here!
No cheaters here!
That's not a word for a(n) randomword!
That's not a word for a(n) randomword!
No cheaters here!
That's not a word for a(n) randomword!
That's not a word for a(n) randomword!
That's not a word for a(n) randomword!
That's not a word for a(n) randomword!
That's not a word for a(n) randomword!
That's not a word for a(n) randomword!
That's not a word for a(n) randomword!
That's not a word for a(n) randomword!
No cheaters here!
That's not a word for a(n) randomword!
That's not a word for a(n) randomword!
No cheaters here!
That's not a word for a(n) randomword!
That's not a word for a(n) randomword!
No cheaters here!
No cheaters here!
That's not a word for a(n) randomword!
No cheaters here!
That's not a word for a(n) randomword!
No cheaters here!
That's not a word for a(n) randomword!
That's not a word for a(n) randomword!
No cheaters here!
No cheaters here!
That's not a word for a(n) randomword!
No cheaters here!
That's not a word for a(n) randomword!
No cheaters here!
That's not a word for a(n) randomword!
That's not a word for a(n) randomword!
That's not a word for a(n) randomword!
No cheaters here!
That's not a word for a(n) randomword!
That's not a word for a(n) randomword!
No cheaters here!
That's not a word for a(n) randomword!
That's not a word for a(n) randomword!
That's not a word for a(n) randomword!
That's not a word for a(n) randomword!
No cheaters here!
That's not a word for a(n) randomword!
That's not a word for a(n) randomword!
That's not a word for a(n) randomword!
No cheaters here!
That's not a word for a(n) randomword!
No cheaters here!
No cheaters here!
No cheaters here!
No cheaters here!
No cheaters here!
That's not a word for a(n) randomword!
That's not a word for a(n) randomword!
That's not a word for a(n) randomword!
That's not a word for a(n) randomword!
That's not a word for a(n) randomword!
That's not a word for a(n) randomword!
That's not a word for a(n) randomword!
That's not a word for a(n) randomword!
That's not a word for a(n) randomword!
That's not a word for a(n) randomword!
No cheaters here!
No cheaters here!
No cheaters here!
No cheaters here!
No cheaters here!
That's not a word for a(n) randomword!
No cheaters here!
No cheaters here!
No cheaters here!
No cheaters here!
That's not a word for a(n) randomword!
That's not a word for a(n) randomword!
No cheaters here!
That's not a word for a(n) randomword!
That's not a word for a(n) randomword!
No cheaters here!
No cheaters here!
That's not a word for a(n) randomword!
No cheaters here!
That's not a word for a(n) randomword!
No cheaters here!
No cheaters here!
That's not a word for a(n) randomword!
No cheaters here!
That's not a word for a(n) randomword!
That's not a word for a(n) randomword!
No cheaters here!
No cheaters here!
That's not a word for a(n) randomword!
No cheaters here!
No cheaters here!
No cheaters here!
That's not a word for a(n) randomword!
No cheaters here!
No cheaters here!
No cheaters here!
No cheaters here!
No cheaters here!
No cheaters here!
No cheaters here!
No cheaters here!
That's not a word for a(n) randomword!
That's not a word for a(n) randomword!
That's not a word for a(n) randomword!
No cheaters here!
That's not a word for a(n) randomword!
No cheaters here!
No cheaters here!
No cheaters here!
No cheaters here!
No cheaters here!
That's not a word for a(n) randomword!
No cheaters here!
That's not a word for a(n) randomword!
That's not a word for a(n) randomword!
That's not a word for a(n) randomword!
That's not a word for a(n) randomword!
That's not a word for a(n) randomword!
No cheaters here!
No cheaters here!
That's not a word for a(n) randomword!
That's not a word for a(n) randomword!
No cheaters here!
No cheaters here!
That's not a word for a(n) randomword!
No cheaters here!
That's not a word for a(n) randomword!
No cheaters here!
No cheaters here!
No cheaters here!
That's not a word for a(n) randomword!
That's not a word for a(n) randomword!
No cheaters here!
No cheaters here!
No cheaters here!
That's not a word for a(n) randomword!
That's not a word for a(n) randomword!
That's not a word for a(n) randomword!
That's not a word for a(n) randomword!
That's not a word for a(n) randomword!
That's not a word for a(n) randomword!
