.X.X.XXXXXX...XXX..XX..X.XX....X.XX..X.....X..X.X..XXX.....X.XXXXX..X...XXX..X..XX.X.XXXX.X..X.
.X..XXXXXXXX.X.XX...XX.XXXX..XXXX......X..XX..XXXX..XX.XXX..X.....XXX.XXXXX....X.X..XX.XXX....X
XXX.X..X.X.X.XX..XXX.......XXXX.XXXX...X.X..X.X....XXXX...X..XX..X.XXX..XXXX...XXX.XX...X...X.X
.X..XXX.XXX...XX.....XX.XXX.X....XX.X.....X.XX...XX.XXXXXX.X.X..XXX...XXXX.XXX.XX..XX.XX...X.X.
XXX....XX..X.XX.X.X....XX...X.XXXX..XX.X..X..XX.X.X.XX...XX.XXXX....X...X.X.X.XXX..X...X....X..
...X.X.XXX..XX.XXXXX..X.X..X.X.X.XXXX..XXX.XX..X..X.XXXXX.X.XXX.XXX.X..X..X.X...X.XXX..XX..X..X
XXX.X.XXX.X..XX.X....XX......X..X.XXXXXXX.....X..XXXXXX.X....XXXXXXXX..XXXX.XXX.X.....X.X.XXXXX
XXXX.....X.XXX..XXX..XX.X..X.XX.X.X.X..X.XX.X.X...X..XX.X.X..X.X...XXXXX.X..XXX...XX.X..X...XX.
........XX.XX.X.X.XX.X.XX..X...XXXXXX..X.XX.....X.....XXX.X.....X..X..XX..X.X.XXXXX..X....XX..X
....XX.XXXX.X.......X.X.XX.....XXX.X.XX...X.X.XX....X....XXX..X....XXX....X....XXX..XXX..XXX.XX
XX..X.X.XX.X.X...XXXX.X.XX.X.XX.XXXX...X.XXX...X..X.XX.XXX..X.XX..X.X...X...XX.X...X.XX...X..XX
X.X..XXXX...X.XX....XX.....XX.XX..XX.X..XXXXXXX...X...XXX..XX...X.X...X..X..X.X..XXXXX.X.X.X.X.
X...XXXXXX....XXXX.XX.....X..XX..XX.XX.X..XXXXXXX.X..XXX.X.XX....XXXXXX..X..XX....XX.XX.X..X...
X..X....X.X.XXX.XX.X...X.XX...XXX.X...X.......X...X.X.....X.XX.X..XX.XXX....X.XXXX.X.X..X.XX...
XX.......XXXX.XX....XXX.X..XXX...XXXX.X..X..X.X.X.....X..XX.X.X.XXXX.X.XXXXX.XXX....X.X..X.XX..
XX.X...XX.XXXXXX...XX...X.XX.XX.X....X.....X.XX..X...X..X.X..X...X.X.X.XX.X...XX.XXXX..XX.XX...
..X.X....X.X.X.......X.X.XX.X.X.X.X.X.X....XXXX.....XX..X.XXXX.X.X....X..X..X.XX.....XXX.XX.XX.
XX...XXX.XXXX..XXX..X..XX.X.XX.XXX.XX.XX.XXXX.XXXXXX..XX.X...X..XX..XX..X..X.X..X...X.....XX..X
XX..X.X.X..XX....XXX..XX....XX.XX..XX.XX....XX.....X..XXX...X..XX..XX...XX.XXX...X.XXXXX.X....X
.X..XXXXXX.X...XX.X..X.X....XX..XX..X..XXXX.....X.XX.XX...XXX..X.X..XX.XX...XX.XX.X..XX.XX.X.XX
X.X..XX...XX.X.XX.XXX.X...X.X...X.X.X.X.XX.XX.X.XX.X..XXXX....X.XXXX.X.XX.X.XXXXX.XXXXX..XXX.XX
.XXXX..X.XXXXXXXX..XX...X...X.......X..X..XX..XXX.XX....XXXX..X...X.XX.X.XX..X..X.X...X.X.X.XXX
....X.XXXXX..XX.XX...XXXX.XX.XX.X.XXXXX..XXXX....XXX.XX......XX..X.XX.....XXX...X...XXX..XXXXXX
.X....XXXXXXXX.XX......XX.......XXX....X.XX.XX.X...XXXX.X.X...X...X.X.....X..X.X.XX...X.XXX...X
.XXXXX...X..X.XXX..XXXX.X..XXXX.X..X.X.X....XX...X..X.X.X...X.XXXX..XXX...XX.X.XXX....XX....X..
..XXX.X.XXXX.X.XX.......XXX...XX..X.X.XX.X.XXXX.XXX..XX.XXX..X.X.X...XXXX.X...X..XXXXX..X.XX.XX
.XXX.XX.X....X.X.X..X.X.X.XX.XXXXXX.X.X.X.X.XXX.X..XX.XX.XXXX.XX.X.X...XX..X..X.X.X.XX..XX.X..X
XX.X.X..X...XX.X.XXXXX.XX..XX.X....X..X.X.XX..XX.XXXXXXX..XXXX...XXX.XX..XXXXX........X..X...X.
XX..X...X..X.X....XXXXX...XXXX.X.X...XX.XXX.X.X.X....XXX..X..X.XX..X.X..X..X....XXX.X...XXX.XXX
X..XX.XX....XXXX..XX..X..X..X..XXX..X...XX..X...X.XX.X.XXX.XXXXX....XXX.X.X...X.XX..XXXX..X.X..
.X.X..XXXXX....X.XX.XX...X.XXXX....XXXXXXX.....X....XXX..XX.XX...X..X.XX...XX...XX.X..XX.X.XXX.
...X.XXXXX.XXX.X.X...X..X.XX...XXX.........X..XX..XX.......XX..X.XXX....X..XX.X.XX..XX...X.X.XX
.XX.XX..XXXXX.....XX.X.X.XX..XXX.XX.X.X..X...XXXXXX.XXX.XX..X.X..XXX.X.XXX.......XX.XXXXX...X.X
X..XX..XX...XX....XX.X...XXX.XX....X.XX..XXXX..XX.X.X.X.X.....XX..XX...X..X..X...X....X.X.X..XX
X.XXX...XX.X......XX...XXX.......X...XXX.XXX...X...X.XX.X.XX.X.XX....X.XX....XXXX.X..XX.XX..X..
XXXX.X.XX..XX.XX..XXXXX.X....XXXX.X....XXXXXXXX..XX..XX.........X..XXXX..X..XXX.XXX..X.XXX...X.
X.XXXXX..XXXXX.....XX.....X...X.XX.XX..X.XX.X.X...X.X.XX...XX..X.X...X.XXX....XXXXXXXXX.....XXX
.X....X.XXX.X..X.XX.X.X.X.XXXXX.X.X.X.XX.X....XX.X....XX.XX.XXXX....X.X....XX.X...X..X.XX..X..X
XX..XX.X.....X.....XXX.XXX...X.......X...XX.XXXX..X..X.XXX.XXX...X...XXX.X..X....XXXX.XX..XXXX.
.XXX..XXX.......X..X....XXXXXXXXXXXX..X.X...XXXX.X.X.X..X.X..X.XX.XXXX.X.XXXXXX.X......XX..X.XX
..X.XX.X..X.X.X......XX.X.XXXXX..X..XXXX.X.......XXXXX.X......XXX.XX.XX.XXXX...X..X...XXX...X.X
X.X.XX..X.XX.....XXX..X.X.X.XX.X.......XX.X.XX..X.XXXX.XXXXXX.X..XXX..X.X....XX..X....X..X....X
X.X.XX.XXX....X.XXX....XX.......XXX.XX.XXXXX.X..X.XX.XX..X.X.XX.XXXXX......X.X...X.XXXX.X.X..XX
XX.X.X.XXX.X..X.XXX.XX..XX....X.X.X.....XXX..XX.X.XX...X....X.XXXX.XXX.XX....X.....X..XXXX.X.X.
