Genome #1: 512 0 0 0 
Genome #2: 4 4 4 6 
Genome #3: 3 3 3 3 
Genome #4: 405840502 928724148 946861617 538964800 
Genome #5: 2 2 1 3 
Genome #6: 701244584 37543005 125381433 24516533 
Genome #7: 432121328 91070261 733937890 200983170 
Genome #8: 22 18 20 16 
Genome #9: 114461216 315116032 0 204840736 
Genome #10: 832708891 931505287 654599488 135077958 
Genome #11: 16 34 1 127 
Genome #12: 174815824 996593406 376456231 929131142 
Genome #13: 13382587 35530790 29037878 7275857 
Genome #14: 347652785 671333250 656921353 560821973 
Genome #15: 105306803 138752784 256197920 56788304 
Genome #16: 352 320 480 512 
Genome #17: 507308 426249 530021 740833 
Genome #18: 6 12 7 11 
Genome #19: 622356671 526159544 281220090 321428930 
Genome #20: 1572299 3223690 4304358 1330414 
Genome #21: 774510246 277503876 356670441 386990876 
Genome #22: 546313181 494008585 965047572 820266785 
Genome #23: 6404 2742 10244 11120 
Genome #24: 234308112 591800701 126217298 722300400 
Genome #25: 894565272 957539004 571451524 163322925 
Genome #26: 543954859 313905944 968813132 305001473 
Genome #27: 0 0 0 1 
Genome #28: 658752036 809859482 434522987 944516772 
Genome #29: 359361455 523887352 360197579 894026196 
Genome #30: 515742886 760425282 59879426 24928697 
Genome #31: 100025919 788957151 179481377 620376523 
Genome #32: 980649795 177607201 936575411 265755969 
Genome #33: 60805117 48211962 49292291 55588870 
Genome #34: 606873177 750203614 518681184 764726173 
Genome #35: 989471965 315602175 494735981 989471964 
Genome #36: 222882 142848 387438 255172 
Genome #37: 996435917 356179066 792447973 706340851 
Genome #38: 495194301 250957466 103189714 520416664 
Genome #39: 402611854 90106580 550048079 840446486 
Genome #40: 156631707 290533640 473062299 290005777 
Genome #41: 371101458 524712187 26961269 819991861 
Genome #42: 231161753 387743303 87252150 687997612 
Genome #43: 63200669 667120255 635008130 397104005 
Genome #44: 817134124 7251273 92084590 534372474 
Genome #45: 16237193 53832440 10039433 584266590 
Genome #46: 139468725 537131327 461021782 690669722 
Genome #47: 115325048 897947526 215342609 442896674 
Genome #48: 447298687 90228545 376641669 413252543 
Genome #49: 669156279 317592675 308601693 604243544 
Genome #50: 378025719 878083386 326337024 696188330 
Genome #51: 973972 247463800 853874992 561502073 
Genome #52: 608263953 176958274 806740459 337388805 
Genome #53: 515098168 699678598 518827667 464587653 
Genome #54: 477204506 331735465 241078123 773550951 
Genome #55: 105344553 588410943 655727020 93467145 
Genome #56: 746378 961262042 997821289 703430827 
Genome #57: 196130120 84384911 124570552 658102124 
Genome #58: 770413547 538516638 523317382 633460867 
Genome #59: 912744908 359027252 796596675 571609412 
Genome #60: 67230898 913850848 136485046 582948425 
Genome #61: 839869943 368768578 296421689 838791386 
Genome #62: 822463220 509953500 819532743 811002152 
Genome #63: 599217982 544291789 974777453 627116195 
Genome #64: 215168457 242602088 41690545 907959032 
Genome #65: 961128507 940454924 45579906 379110024 
Genome #66: 423566167 753035474 601031480 18303590 
Genome #67: 511113584 567666366 411777526 231441937 
Genome #68: 697485937 81909734 968671963 49661776 
Genome #69: 567169354 691156771 959420241 552000099 
Genome #70: 191161280 832625230 144418627 589765873 
Genome #71: 100054837 178987630 3017616 417513982 
Genome #72: 501592177 222580669 234411729 56173045 
Genome #73: 553271136 492745766 952348821 949714796 
