#1: ASSIGNMENT STATEMENT
#2: ASSIGNMENT STATEMENT
#3: DIMENSION STATEMENT
#4: DO STATEMENT
#5: ASSIGNMENT STATEMENT
#6: GOTO STATEMENT
#7: IF STATEMENT
#8: ASSIGNMENT STATEMENT
#9: INVALID STATEMENT
#10: INVALID STATEMENT
#11: DIMENSION STATEMENT
#12: DIMENSION STATEMENT
#13: ASSIGNMENT STATEMENT
#14: ASSIGNMENT STATEMENT
#15: ASSIGNMENT STATEMENT
#16: INVALID STATEMENT
#17: DO STATEMENT
#18: DO STATEMENT
#19: DO STATEMENT
#20: ASSIGNMENT STATEMENT
#21: ASSIGNMENT STATEMENT
#22: INVALID STATEMENT
#23: ASSIGNMENT STATEMENT
#24: ASSIGNMENT STATEMENT
#25: GOTO STATEMENT
#26: ASSIGNMENT STATEMENT
#27: INVALID STATEMENT
#28: ASSIGNMENT STATEMENT
#29: ASSIGNMENT STATEMENT
#30: INVALID STATEMENT
#31: INVALID STATEMENT
#32: ASSIGNMENT STATEMENT
#33: INVALID STATEMENT
#34: INVALID STATEMENT
#35: INVALID STATEMENT
#36: INVALID STATEMENT
#37: INVALID STATEMENT
#38: INVALID STATEMENT
#39: INVALID STATEMENT
#40: INVALID STATEMENT
#41: INVALID STATEMENT
#42: IF STATEMENT
#43: ASSIGNMENT STATEMENT
#44: INVALID STATEMENT
#45: INVALID STATEMENT
#46: ASSIGNMENT STATEMENT
#47: INVALID STATEMENT
#48: DO STATEMENT
#49: INVALID STATEMENT
#50: DO STATEMENT
#51: INVALID STATEMENT
#52: INVALID STATEMENT
#53: INVALID STATEMENT
#54: INVALID STATEMENT
#55: ASSIGNMENT STATEMENT
#56: ASSIGNMENT STATEMENT
#57: ASSIGNMENT STATEMENT
#58: INVALID STATEMENT
#59: ASSIGNMENT STATEMENT
#60: INVALID STATEMENT
#61: INVALID STATEMENT
#62: INVALID STATEMENT
#63: INVALID STATEMENT
#64: IF STATEMENT
#65: INVALID STATEMENT
#66: INVALID STATEMENT
#67: INVALID STATEMENT
#68: INVALID STATEMENT
#69: INVALID STATEMENT
#70: INVALID STATEMENT
#71: INVALID STATEMENT
#72: INVALID STATEMENT
#73: GOTO STATEMENT
#74: ASSIGNMENT STATEMENT
#75: ASSIGNMENT STATEMENT
#76: ASSIGNMENT STATEMENT
#77: ASSIGNMENT STATEMENT
#78: INVALID STATEMENT
#79: INVALID STATEMENT
#80: INVALID STATEMENT
#81: ASSIGNMENT STATEMENT
#82: ASSIGNMENT STATEMENT
#83: ASSIGNMENT STATEMENT
#84: INVALID STATEMENT
#85: INVALID STATEMENT
#86: INVALID STATEMENT
#87: ASSIGNMENT STATEMENT
#88: DO STATEMENT
#89: DO STATEMENT
#90: DO STATEMENT
#91: DO STATEMENT
#92: END STATEMENT
