1
0
0
1
0
0
0
0
1
1
0
0
0
0
0
1
1
0
0
1
0
0
0
0
1
1
0
0
1
0
0
0
0
1
1
1
1
0
0
1
0
0
0
0
1
1
0
0
1
1
0
1
2
0
0
1
0
1
1
0
0
0
0
1
2
1
0
1
1
0
0
0
1
2
1
0
0
1
0
1
2
1
1
2
1
0
0
0
1
2
1
0
1
0
0
0
1
2
1
2
3
0
0
2
0
1
1
0
2
3
0
0
0
0
1
3
3
1
0
2
2
1
0
0
2
2
1
0
1
2
2
0
1
3
1
1
3
1
1
2
1
0
0
1
2
3
2
1
1
3
0
1
3
1
2
3
1
2
2
1
2
0
0
3
3
2
1
1
3
3
1
0
4
4
1
0
1
3
3
3
2
0
1
3
2
3
1
0
4
3
0
0
2
3
3
3
3
2
2
3
2
3
3
3
4
3
0
1
4
3
2
3
2
2
1
2
2
4
4
2
3
6
0
1
6
2
3
4
2
2
3
1
3
5
3
2
4
3
1
0
4
6
3
3
5
1
2
4
3
4
4
3
4
7
3
1
1
2
4
8
7
4
0
3
4
2
3
2
4
8
4
1
4
3
3
4
5
8
5
4
5
1
2
4
6
6
2
0
6
8
4
1
5
7
3
5
5
3
6
7
1
4
7
1
6
10
2
5
10
3
1
5
4
5
7
5
3
6
4
1
5
7
4
7
10
7
5
5
5
6
3
2
7
10
7
4
5
3
3
6
8
11
8
4
6
8
4
4
7
5
4
5
7
9
8
6
6
5
6
8
7
9
6
7
8
6
3
2
7
12
9
7
10
8
6
6
8
7
6
9
8
7
6
2
6
10
6
4
12
14
7
5
9
6
8
8
6
12
11
7
6
6
5
8
13
15
7
7
11
9
8
5
5
15
11
6
7
6
6
12
10
8
10
11
12
12
9
6
13
13
5
1
8
16
13
10
9
5
9
11
12
12
8
12
16
11
9
3
10
18
10
8
13
11
9
11
9
15
14
10
12
15
9
7
10
10
13
12
12
14
7
7
12
15
13
11
14
20
12
9
12
9
12
14
14
14
11
8
13
15
11
12
17
17
14
5
11
22
13
12
16
9
12
17
14
13
13
14
17
22
17
1
8
20
14
17
18
13
13
17
14
13
13
15
19
20
14
10
13
19
18
10
18
28
15
12
15
11
15
20
19
21
17
12
15
17
13
9
23
30
17
13
18
10
14
18
14
26
27
13
15
19
11
15
22
23
22
21
21
16
12
15
20
25
23
8
14
29
21
18
15
16
26
22
22
26
11
18
29
15
15
17
18
28
25
16
20
26
23
18
18
28
21
23
30
19
13
17
22
28
25
16
22
31
27
19
16
23
22
22
29
29
19
20
25
24
21
14
22
35
32
25
22
24
23
23
23
25
28
20
28
31
19
20
33
27
22
22
27
34
32
21
23
36
25
15
24
29
30
34
32
25
27
28
22
33
31
19
32
42
21
15
26
31
28
27
31
36
37
33
20
23
33
29
34
41
27
25
35
33
21
19
34
43
38
35
29
26
28
30
27
38
45
26
31
42
30
22
39
38
26
31
38
34
38
34
27
38
35
24
29
40
36
30
39
47
32
26
37
40
36
38
39
45
45
31
27
39
35
33
43
40
33
38
41
43
38
31
39
46
44
25
33
53
41
37
38
33
42
44
36
44
39
37
47
48
39
30
40
50
44
28
40
55
51
41
39
40
36
45
49
48
49
46
41
43
42
32
47
62
43
35
48
49
44
44
41
58
52
43
40
47
49
43
53
53
45
44
48
57
54
36
48
65
44
33
46
55
54
50
48
51
55
49
42
50
55
53
62
67
47
33
46
63
58
51
51
56
63
54
51
46
41
54
60
65
67
42
52
70
49
40
56
68
67
61
55
56
61
50
53
64
52
52
61
69
60
45
57
74
59
49
51
67
76
65
62
63
61
49
53
69
64
64
80
71
53
55
59
64
63
63
67
79
75
42
48
81
69
60
74
75
77
77
64
56
56
63
71
93
81
39
58
83
64
51
64
85
91
77
64
63
69
73
76
71
67
77
77
82
76
48
72
104
82
71
66
71
80
82
70
73
80
72
70
83
69
56
95
104
84
74
76
79
77
75
72
91
100
71
64
89
75
60
93
100
84
82
85
79
83
76
79
103
99
74
70
94
91
72
85
105
91
88
98
83
84
82
83
100
103
80
79
97
87
76
85
102
100
97
92
99
93
88
96
101
94
79
93
119
94
73
85
106
110
88
82
114
106
96
99
89
97
107
99
108
107
69
97
129
101
90
102
114
115
104
96
106
116
105
83
89
115
102
117
126
86
88
117
119
113
99
107
137
119
98
96
104
120
97
101
130
122
108
108
114
111
99
117
140
120
102
119
133
114
95
103
125
135
123
107
121
126
115
110
135
135
107
117
134
111
110
127
131
132
120
114
125
136
128
123
144
133
112
122
135
133
112
130
155
132
115
116
124
139
123
129
160
144
128
119
127
133
118
142
171
142
125
142
136
128
120
125
168
182
133
115
151
142
121
133
139
152
166
163
134
121
136
137
167
165
101
138
201
159
133
123
141
177
157
146
151
141
161
165
141
145
138
142
183
172
111
150
212
171
134
141
161
167
175
159
152
175
162
138
160
173
133
163
206
172
154
170
169
153
157
161
184
196
166
136
167
181
144
157
185
192
188
186
184
163
149
168
196
177
157
174
197
184
159
157
187
198
175
183
200
189
172
189
196
174
159
173
210
211
175
166
195
214
191
166
196
206
183
205
222
179
166
192
195
200
172
164
224
236
188
175
197
219
202
197
218
204
208
210
193
183
175
204
251
225
173
187
221
226
211
190
219
241
207
187
230
210
183
224
233
206
219
225
216
231
207
194
248
258
185
197
249
225
206
212
228
241
227
214
230
238
229
226
236
241
219
222
262
244
183
217
269
241
236
225
225
252
245
238
254
256
224
229
259
249
203
241
300
259
228
230
226
255
265
225
274
299
231
242
266
217
206
258
297
306
259
224
248
254
247
236
280
310
272
257
275
264
235
250
277
276
259
281
307
266
240
253
269
291
286
240
299
323
253
268
292
269
261
285
299
287
277
287
301
293
253
253
320
328
253
263
329
318
289
268
254
292
302
297
337
318
274
296
316
289
266
273
348
366
300
281
303
295
296
290
307
346
324
307
326
311
267
296
350
333
303
326
358
340
299
294
325
343
311
282
332
370
327
318
345
319
284
320
367
358
333
345
349
339
309
279
347
400
332
325
376
358
345
337
334
336
333
362
385
365
329
328
365
368
311
316
399
414
381
345
346
356
357
350
403
387
328
375
390
357
316
332
405
433
373
340
376
400
380
358
405
400
387
381
368
373
340
373
450
422
352
356
414
425
387
359
410
439
411
363
392
397
368
411
424
416
402
408
424
414
378
394
457
471
383
356
438
439
382
388
414
445
444
423
409
424
409
411
479
456
384
429
473
430
385
373
479
523
446
417
412
425
458
442
447
488
455
437
482
439
351
413
526
502
453
441
455
477
464
427
455
502
480
458
499
485
400
430
521
489
428
458
511
517
482
446
459
501
502
456
499
535
449
459
540
506
450
483
517
507
505
476
511
544
490
452
516
540
485
477
542
548
503
513
512
491
504
517
552
572
503
494
570
546
446
466
564
623
561
488
506
537
514
522
553
538
552
595
576
550
483
472
602
632
520
500
592
607
550
513
552
578
585
564
554
572
565
578
608
578
508
533
618
637
569
541
615
605
558
563
598
612
575
569
621
658
597
556
589
610
562
569
671
663
572
586
636
598
584
561
642
717
626
602
636
611
587
590
633
693
649
603
669
648
566
579
658
688
680
643
636
663
644
610
659
688
611
647
737
677
590
644
715
691
650
609
650
756
706
610
665
717
661
660
708
674
608
709
776
704
654
653
697
767
711
601
720
815
699
645
706
716
685
697
739
713
715
767
757
703
689
663
760
854
711
648
782
761
691
692
708
802
780
742
780
738
701
737
780
792
746
741
801
788
692
682
810
867
765
716
789
806
775
778
771
787
819
760
805
841
693
717
891
862
774
770
810
848
830
773
793
850
853
778
807
868
754
784
907
837
755
822
882
890
853
780
834
898
849
786
825
876
830
827
907
894
781
843
923
898
828
822
915
948
881
805
890
947
839
784
893
955
943
920
879
875
863
857
938
982
859
866
1003
937
840
838
921
1006
955
845
907
996
967
932
913
912
910
951
1006
988
857
904
1062
1008
888
850
936
1056
1024
920
977
1019
963
938
949
992
936
968
1093
1043
941
949
998
1005
956
911
1057
1149
1039
943
1004
1011
953
967
1032
1116
1074
1029
1048
1005
963
946
1065
1147
1035
1031
1116
1072
998
947
1022
1165
1070
1054
1115
1056
1048
1042
1041
1116
1083
1026
1143
1166
1015
1006
1180
1191
1041
1044
1099
1115
1165
1105
1084
1171
1115
1023
1179
1191
990
1087
1260
1205
1144
1081
1075
1186
1164
1064
1133
1241
1196
1120
1191
1178
1071
1123
1231
1219
1161
1172
1233
1253
1136
1048
1151
1293
1259
1156
1210
1232
1146
1169
1257
1219
1162
1237
1298
1281
1204
1141
1237
1332
1199
1127
1282
1340
1236
1155
1262
1333
1243
1220
1275
1287
1279
1274
1284
1300
1257
1221
1329
1377
1199
1157
1363
1421
1305
1234
1292
1368
1323
1284
1284
1317
1378
1339
1300
1355
1237
1251
1476
1452
1267
1270
1424
1431
1344
1290
1337
1450
1448
1307
1317
1400
1290
1316
1487
1466
1314
1351
1489
1448
1380
1297
1383
1529
1508
1371
1363
1436
1368
1327
1473
1540
1372
1424
1545
1484
1416
1369
1452
1554
1498
1386
1480
1551
1434
1365
1450
1525
1521
1500
1508
1556
1452
1463
1621
1557
1388
1430
1573
1592
1506
1408
1499
1642
1581
1428
1495
1649
1564
1512
1636
1610
1500
1584
1600
1497
1491
1496
1657
1791
1572
1396
1584
1714
1603
1515
1579
1712
1707
1610
1603
1607
1520
1554
1688
1678
1599
1655
1727
1720
1599
1502
1642
1831
1730
1565
1713
1778
1616
1601
1675
1645
1675
1730
1726
1749
1700
1609
1762
1866
1625
1568
1830
1862
1715
1651
1718
1823
1779
1688
1704
1754
1779
1737
1827
1903
1737
1662
1808
1856
1714
1683
1881
1957
1819
1747
1750
1779
1862
1781
1816
1955
1840
1784
1917
1893
1705
1715
1930
2025
1841
1800
1906
1908
1890
1793
1792
1974
1987
1859
1945
1991
1796
1806
2002
2017
1844
1839
2016
2015
1926
1856
1878
2041
2026
1806
1941
2134
1953
1904
2005
1994
1960
1997
2031
2027
1931
1943
2088
2122
2011
1871
2028
2167
1976
1899
2083
2204
2126
1990
1970
2078
2043
2015
2158
2131
2026
2092
2147
2095
2013
1904
2171
2384
2125
1971
2115
2212
2128
2068
2087
2187
2235
2150
2151
2177
2056
2041
2295
2330
2127
2069
2248
2336
2229
2074
2101
2319
2305
2161
2286
2286
2050
2159
2325
2290
2278
2198
2263
2393
2244
2104
2263
2441
2324
2177
2310
2375
2224
2248
2349
2355
2309
2318
2377
2451
2337
2140
2376
2553
2346
2276
2358
2395
2323
2223
2409
2555
2417
2370
2384
2419
2432
2333
2449
2587
2432
2383
2503
2483
2300
2238
2509
2699
2524
2380
2433
2537
2530
2389
2442
2609
2571
2538
2616
2506
2293
2386
2608
2721
2557
2398
2628
2738
2565
2418
2455
2669
2768
2531
2586
2709
2498
2490
2665
2626
2489
2615
2788
2782
2663
2472
2568
2848
2788
2479
2638
2842
2656
2627
2759
2692
2580
2688
2759
2774
2728
2629
2776
2952
2783
2578
2763
2892
2695
2591
2833
2937
2811
2784
2759
2794
2773
2688
2806
3016
2904
2756
2943
2994
2698
2572
2838
3028
2965
2878
2886
2933
2887
2775
2807
3008
2955
2873
3070
3097
2845
2770
2986
3038
2892
2823
3030
3186
3050
2900
2904
3016
3045
2945
2952
3152
3069
2955
3222
3187
2773
2847
3190
3201
3121
2956
2997
3284
3237
2967
2942
3193
3173
2975
3193
3334
3064
3139
3315
3056
2990
3066
3197
3447
3328
2980
3199
3430
3135
2959
3148
3410
3408
3284
3241
3247
3177
3164
3319
3347
3221
3222
3454
3466
3210
3068
3268
3565
3416
3159
3351
3523
3365
3290
3317
3374
3477
3379
3367
3482
3343
3256
3555
3643
3320
3215
3495
3688
3511
3277
3397
3610
3580
3445
3439
3548
3466
3400
3572
3704
3512
3439
3621
3681
3537
3375
3533
3797
3661
3464
3664
3664
3532
3517
3559
3765
3718
3566
3720
3775
3553
3504
3709
3905
3735
3536
3762
3834
3648
3525
3714
3935
3836
3686
3733
3841
3792
3688
3761
3948
3805
3679
3954
4013
3641
3528
3882
4056
3974
3721
3758
4082
4031
3792
3785
3883
3947
3971
4017
4075
3766
3736
4133
4138
3848
3729
4017
4291
4152
3825
3827
4129
4242
3985
3921
4091
3943
3961
4275
4256
3932
3994
4254
4163
4061
3921
4049
4510
4390
3876
4068
4355
4027
3940
4223
4350
4257
4301
4285
4169
4170
4091
4186
4510
4435
4111
4377
4545
4130
3970
4252
4502
4407
4273
4390
4499
4372
4247
4284
4377
4466
4351
4465
4670
4364
4159
4466
4591
4384
4245
4457
4771
4594
4383
4502
4537
4506
4467
4528
4680
4512
4341
4662
4842
4512
4283
4537
4871
4694
4417
4561
4820
4807
4700
4618
4601
4621
4538
4724
4987
4663
4483
4921
4956
4600
4462
4664
5012
5057
4733
4608
4872
4941
4624
4759
4954
4711
4899
5157
4950
4734
4652
4904
5210
4969
4641
4916
5254
5007
4721
4860
5066
5027
4913
4943
5148
5080
4907
5090
5229
4952
4854
5228
5303
4969
4920
5160
5342
5268
4867
4906
5370
5326
4972
5106
5377
5258
5156
5266
5258
5066
5068
5341
5496
5304
5147
5363
5466
5304
4975
5163
5656
5609
5288
5316
5466
5259
5176
5435
5543
5319
5406
5658
5603
5405
5108
5293
5828
5759
5281
5479
5746
5463
5367
5517
5680
5579
5550
5681
5727
5581
5381
5568
5902
5738
5335
5674
5994
5693
5450
5639
5853
5799
5725
5694
5802
5818
5748
5777
5937
5802
5522
5929
6214
5727
5499
5925
6150
5930
5704
5792
6069
6057
5877
5834
5988
6051
5906
6004
6201
5888
5675
6223
6435
5931
5748
6136
6383
6192
5894
5861
6265
6508
6082
5911
6229
6127
5937
6339
6435
6060
6128
6455
6445
6205
5941
6103
6616
6598
6120
6256
6605
6283
6002
6264
6515
6517
6493
6485
6453
6324
6268
6483
6682
6417
6216
6589
6896
6536
6129
6422
6844
6659
6390
6557
6773
6702
6532
6584
6707
6729
6566
6661
6883
6594
6328
6802
7169
6786
6397
6701
7017
6869
6682
6689
6952
7118
6856
6790
6950
6645
6534
7001
7293
6997
6702
6957
7264
6948
6559
6835
7271
7311
7152
7079
7052
6935
6827
6975
7346
7089
6908
7423
7574
7139
6760
6990
7422
7411
7078
7136
7518
7494
7021
7065
7379
7127
7201
7532
7540
7393
7208
7425
7677
7445
7016
7289
7796
7670
7206
7426
7780
7502
7319
7372
7581
7641
7503
7601
7816
7627
7484
7807
7806
7393
7262
7739
8135
7928
7447
7535
8058
7886
7442
7526
8018
8067
7879
8030
7902
7571
7598
7904
8125
7947
7596
8036
8427
8038
7552
7620
8305
8393
7889
8010
8318
8007
7918
8148
8123
8027
8022
8262
8497
8188
7775
8064
8593
8481
7976
8033
8542
8418
8113
8361
8487
8182
8216
8522
8593
8368
8119
8336
8731
8718
8233
8275
8874
8629
8067
8481
8854
8569
8548
8705
8604
8556
8454
8494
8926
8876
8348
8739
9191
8658
8277
8700
9126
8910
8647
8778
9027
9041
8658
8556
8991
9102
8892
9107
9143
8642
8619
9087
9444
9071
8601
9082
9576
9147
8739
8874
9214
9524
9143
8876
9328
9371
8984
9225
9467
9050
9003
9600
9767
9245
8895
9323
9683
9587
9090
9000
9693
9849
9225
9327
9750
9425
9344
9614
9733
9603
9408
9695
9926
9527
9289
9591
9925
9804
9307
9518
10219
10059
9571
9624
9961
9763
9594
9896
10144
9982
9827
10030
10051
9712
9417
9786
10500
10424
9789
9955
10372
10083
9760
9788
10279
10405
10115
10429
10463
9892
9766
10131
10430
10436
9994
10321
10912
10539
9889
10024
10661
10684
10249
10340
10651
10420
10411
10653
10549
10296
10258
10567
11018
10822
10116
10510
11312
10926
10222
10433
10940
10812
10612
10722
10927
10930
10862
10778
10820
10818
10512
10946
11568
11141
10450
11012
11556
10893
10343
10770
11388
11452
11242
10941
11103
11317
10955
10914
11393
11349
11085
11642
11814
11052
10670
11182
11716
11462
11022
11317
11900
11745
11229
11084
11445
11797
11503
11455
11884
11627
11297
11879
11988
11182
11129
11792
12201
12115
11471
11357
12151
12238
11484
11524
12120
11981
11647
12047
12238
11773
11723
12000
12169
12064
11623
11921
12667
12526
11799
11947
12481
12267
11774
12054
12588
12410
12249
12390
12442
12119
11953
12243
12816
12771
12145
12337
12893
12588
11960
12279
12927
12736
12388
12704
12871
12615
12523
12433
12801
13008
12477
12825
13390
12748
12178
12768
13289
13050
12493
12743
13346
13264
12728
12607
13107
13321
13083
13151
13332
12904
12770
13381
13681
13237
12692
13110
13902
13557
12689
12922
13713
13828
13462
13149
13356
13460
13286
13546
13916
13484
13273
13873
14020
13481
13002
13436
14317
14197
13415
13428
14056
13950
13362
13576
14195
14067
13882
14099
14122
13812
13486
13877
14469
14383
13750
14003
14622
14194
13504
13861
14664
14578
14084
14237
14724
14449
14018
14067
14319
14627
14358
14469
14962
14460
13852
14422
14960
14608
14274
14589
15232
15036
14423
14282
14822
15071
14617
14740
15199
14784
14379
15054
15394
14794
14562
14958
15403
15411
14627
14581
15669
15606
14755
14968
15360
15125
15002
15365
15627
15305
15083
15537
15829
15461
14781
14982
16136
16243
15153
15185
15870
15644
15269
15369
15670
15778
15835
16118
16206
15592
15200
15565
16287
16338
15464
15873
16874
16136
15219
15583
16061
16327
16179
16037
16483
16450
15913
16019
16435
16144
15937
16497
16986
16485
15772
16321
17064
16566
15731
16197
17096
17102
16480
16223
16744
17119
16722
16366
16844
16775
16338
17060
17579
16629
16296
17146
17334
17030
16512
16519
17543
17962
17025
16553
17415
17448
16681
17050
17659
17077
17189
17920
17693
17181
16820
17081
17890
18024
17090
17271
18307
18001
17063
17193
17823
17700
17584
17950
18331
17956
17353
17766
18207
18040
17534
17777
18658
18533
17485
17583
18581
18362
17710
17948
18496
18345
18224
18339
18541
18569
18046
18292
18939
18510
17780
18365
19360
19001
18085
18194
18937
18918
18415
18389
18984
19153
18889
18998
18974
18653
18390
18938
19723
19207
18326
19081
19996
19356
18384
18538
19647
19980
19306
19095
19364
19481
19205
19187
19653
19578
19100
19800
20363
19462
18702
19317
20356
20318
19363
19389
20295
20145
19467
19454
19960
20250
20009
19970
20436
20166
19541
19900
20573
20247
19717
20437
21139
20356
19589
19974
20733
20818
20219
20175
21016
20995
20216
20259
20806
20879
20421
20761
21370
20766
20087
20763
21512
21153
20434
20684
21553
21431
20640
20575
21399
21807
21085
20897
21576
21163
20616
21488
22047
21458
21108
21417
21989
21952
20857
20797
22102
22509
21601
21489
22078
21621
21268
21848
22132
21739
21777
22321
22816
22381
21196
21417
22594
22788
21803
21796
22961
22905
21917
22054
22505
22019
22230
22821
23021
22870
22346
22398
23189
22987
21667
22262
23675
23463
22366
22544
23397
23185
22578
22711
23309
23312
23120
23085
23533
23619
22992
23096
23703
23298
22390
23189
24435
24042
23029
23404
24248
23684
22959
23118
24044
24629
24253
23738
23859
23833
23186
23687
24678
24214
23481
24537
25282
24245
23285
23528
24597
25213
24382
23790
24891
25040
23979
24248
24733
24254
24307
25088
25517
25038
24161
24420
25527
25419
24274
24270
25613
25807
24741
24742
25333
25117
25057
25346
25573
25391
24823
25386
26322
25857
24866
25160
26273
26064
24907
25083
26241
26340
25711
25717
26154
26011
25450
25734
26525
26478
25729
26309
27009
26161
25344
25726
26815
27004
25981
26080
27264
27079
25961
25904
26871
27215
26645
26810
27237
26817
26400
26770
27376
26922
26279
27034
28184
27705
26353
26472
27763
28112
27155
26685
27688
28100
27245
27494
27852
26999
27173
28059
28364
28069
27146
27410
28758
28621
27083
27183
28969
29007
27572
27610
28311
28310
28447
28377
28318
28377
28046
28324
29426
28992
27515
28571
29879
29053
27949
28130
29299
29694
28811
28474
29218
29356
28737
28649
29615
29629
28962
29562
29930
29243
28477
29170
30496
30114
28883
29301
30378
30207
29392
28903
29921
30698
29952
29850
30700
30120
29107
30042
30794
30230
29744
30386
31180
30932
29719
29529
30913
31433
30384
30106
31386
31186
30266
30729
31264
30881
30439
31038
31779
31350
30428
30844
31893
31983
30698
30404
32071
32293
31033
31063
31945
31811
31533
31899
32043
31614
31214
31814
32739
32667
31373
31536
33020
32585
30998
31514
33312
33146
32193
32210
32506
32626
32425
32021
32747
33365
32609
32998
33784
32723
31463
32379
34184
33755
32377
32909
34192
33946
32848
32372
33083
34177
33808
33323
33965
33889
33029
33510
34450
33656
32750
33987
35471
34551
33240
33553
34539
35080
34019
33322
34647
35149
34107
34204
34966
34565
34135
34705
35570
34963
33690
34430
35970
35824
34635
34540
35411
35603
34562
34512
35772
35910
35295
35507
36257
35829
34547
34862
36394
36443
35602
35946
36653
36256
34918
35003
36387
36777
36140
36262
37199
36802
35632
35708
36831
36980
36264
36860
37774
37041
35933
36207
37210
37409
36212
36421
38276
38261
36741
36489
37602
37665
37087
37400
37944
37659
37347
37795
38310
37835
36600
37234
39313
39148
37021
37141
39039
39243
38063
37388
38368
39129
38379
38422
38769
38027
38241
39359
39566
39071
37767
38068
40134
40417
38317
37968
40328
40404
38496
38743
39689
39200
39646
40074
39600
39807
39543
39155
40548
40805
38707
39650
41807
40600
38950
39532
40940
40991
40199
39881
40818
41197
40300
40033
41041
41509
40472
40774
41840
41361
40040
40567
42161
41797
40493
40924
42221
41978
40972
40802
41947
42592
41650
41334
42356
42495
41242
41810
43043
42152
41248
42176
43299
42933
41643
41586
43133
43652
42364
41786
43123
43728
42528
42602
43760
43043
42272
43635
44378
43172
42233
42640
44306
45104
43245
42453
44407
44828
42991
42718
44306
44910
44264
44518
44793
43580
43304
44216
45002
45166
44002
44297
46327
45782
43281
43268
45261
46148
45173
44817
45726
45786
44940
44672
45438
45372
44913
45975
47011
46010
44738
45329
46756
46611
44890
45042
47314
47719
45819
45376
46808
47117
46248
45993
46730
46964
46530
47017
47938
47123
45699
46650
48323
48015
46288
46346
48370
49041
47202
46496
47906
48173
47371
47408
48277
48413
47926
48349
49098
48301
46992
47574
49342
49618
47820
48059
50138
49557
47818
47657
48686
49488
49405
49242
50158
50001
48410
48663
50106
49969
48606
49377
51321
50785
48823
49105
50573
50440
49627
49441
50824
51671
50400
49841
51007
51181
49908
50226
51788
51381
49555
50830
52503
51535
50551
50410
51665
52678
51198
50348
52199
52919
51873
51619
52177
51933
50831
51818
53400
52580
51341
52347
53883
53254
51369
51048
53425
54502
53053
52308
53363
53788
52655
52400
53569
53441
52645
54235
55235
53726
52444
52842
54644
55640
53319
52498
55576
55885
53387
53376
54524
54514
54577
54923
55148
55116
54523
54432
55649
56088
54237
54347
56977
56359
53969
54706
56574
56330
55228
55146
56257
56748
55932
55484
56464
57133
56131
55981
57384
57183
55353
56118
58337
57417
55544
56531
58171
58069
56533
56021
57834
58851
57711
57055
58015
58362
57142
57217
59034
58593
57053
58331
59805
58816
56998
57162
59276
60559
58867
57710
59430
59955
58570
58349
59414
59388
58941
59957
61254
59936
57946
58754
60579
61208
59687
58938
61159
62062
59712
58944
60632
60809
60374
61072
61946
61052
60060
60768
61834
61844
60125
60290
63078
63361
60380
60309
62548
62756
61580
61159
62407
63066
62095
61768
63036
62958
61772
62602
63777
63160
61678
62256
64424
64519
62346
61914
64363
64880
62663
62128
64275
64936
64032
63915
64266
64311
63641
63783
64914
64814
63702
64826
66964
65855
62858
63004
65976
66851
65097
64231
66068
66987
65170
64695
65555
65539
65489
66547
67552
66954
65135
65373
67536
67517
65078
65234
68361
68742
66501
65838
67293
67800
66905
66864
67681
68191
67559
67475
69088
68756
66320
67035
69512
69259
67333
67260
69666
70050
68325
67981
68799
69339
68892
68495
70009
70791
68729
68922
71052
69906
67561
68964
71543
71180
69736
69639
70940
71589
69930
68719
70600
72503
71099
70422
72263
71541
69524
71020
72479
71360
70440
71348
73764
73694
70792
70168
72340
73791
72343
70965
73011
74382
72423
71806
73230
72632
72101
73779
74786
73625
72342
72897
74862
75409
72763
71975
75151
76225
73232
72443
75085
75603
74421
74593
75063
74593
74427
74899
76023
76378
74533
74913
77170
76657
73725
73857
77208
77960
75645
75350
77236
77142
75984
75367
76628
77995
77149
76861
78214
77809
75679
76314
78568
78540
76386
76889
79862
79633
77125
76545
78437
79529
78855
78073
79208
79787
78134
78324
79927
79481
77610
78679
81412
81320
78401
78122
80858
81372
79669
79312
81025
81595
80435
79743
80617
81196
80192
80691
82868
82389
79367
80041
83226
83150
80800
80448
82754
83928
81994
80660
82396
83142
82459
82561
83348
83356
81965
82344
84746
84720
82024
82503
85392
84978
82361
82404
85073
85784
84186
83222
84499
85520
84270
83594
85407
86348
84554
85127
87100
85524
83482
85029
87134
86959
85223
84706
87680
88685
85278
83932
86504
88436
87245
86621
87974
87927
86364
86786
88101
87395
86494
87756
90196
89673
86639
86190
89134
90626
88146
86572
89710
91372
88705
88464
89768
88822
88789
90070
90626
90369
88847
88684
91794
92659
88985
88369
91939
92605
89794
89521
91899
92276
91356
91738
92024
91550
90684
90429
92959
94400
91707
91300
94170
93959
90580
90377
93840
94854
93098
93214
94450
94039
93074
92177
93437
95127
93941
93915
96562
96069
92455
92886
95935
95787
93878
94461
96855
97495
95364
93655
95445
97007
95584
95016
97386
97601
95734
96579
97770
96775
94991
96205
99491
99411
95839
95621
98940
100270
97801
95527
97852
99977
98579
97731
99140
99055
98068
99347
100810
99648
97273
98326
101526
102011
98980
97996
101376
102822
99583
97572
100571
102120
101201
101558
102119
101259
100471
100810
102093
102662
100532
101271
104918
104421
100296
99811
103446
104503
102520
101827
104104
105083
103403
102489
103571
104490
103310
103436
105668
105859
102888
103087
106121
105829
103180
103666
107193
107392
104791
103981
105830
107729
106258
104378
106790
108202
105616
106062
107821
106625
105691
106793
109280
109301
106053
105522
109086
110277
107675
106521
109024
110385
108032
107468
109272
109329
108497
109312
110846
110526
107994
108106
111998
112509
108898
108724
111983
112926
110044
108541
110933
112572
111678
111167
112124
112258
110734
110927
113809
113783
110761
111460
115115
115348
111368
110258
113866
115326
113353
112579
114146
115488
114368
112839
114327
115308
113787
114589
117292
116317
113349
114193
117072
116689
113717
113919
117741
119053
116162
114186
116468
118746
117117
115654
117669
118546
116896
117546
119447
118152
115831
117520
120377
119816
116889
116411
120140
122683
119191
116483
120163
121835
118782
118434
120890
121094
120506
121290
121436
120511
119270
119229
122399
124563
120929
119674
124271
124383
119923
119564
123081
124056
123130
123149
123870
123786
122539
121940
123530
125356
123060
122770
126916
127392
122793
122112
125995
126058
123693
124446
127213
127365
125945
124500
125268
127471
125767
124900
128429
129330
125310
125801
129523
128618
125650
125803
129362
130549
127962
126194
128498
130506
129423
128047
129134
130256
128187
128646
131749
131336
128356
129352
133085
132310
128290
127906
131880
133949
132066
130095
131710
133735
131912
129917
131868
133543
131926
133472
136460
133811
130073
131718
135055
135681
132911
131423
135771
138485
134194
131427
134318
136296
134959
134880
136939
137167
135242
135495
137471
136753
134411
135117
138969
139868
135968
134991
138713
139783
136969
135287
138473
141263
138451
137337
139880
139725
138604
138671
139967
140670
138351
138656
142395
142177
138795
138868
142374
143698
140145
138313
142153
144553
142013
140920
143041
143394
141206
140921
143632
143979
142071
143439
146021
145400
142163
140869
145037
148287
143887
142014
146695
147581
144767
144029
145031
145489
145611
146463
148483
148236
144720
144245
148578
150296
145954
144746
149523
151180
147372
145879
148117
149113
149134
148777
149834
150525
148617
148535
151402
151792
148273
148384
153378
154263
148581
147784
152666
153420
151153
150247
151787
153963
153116
150969
153005
154506
152003
152452
155679
155599
151579
151849
156463
156410
152501
152674
156484
157555
154970
152516
155518
158860
156720
154492
156502
158365
156228
155465
158235
158160
155041
157690
161445
159092
155943
155614
159168
162629
159629
156065
160237
163089
159186
157459
159945
160890
159761
161255
163087
161822
159275
159688
163049
164089
160393
159312
165106
167024
161957
159785
163172
164856
163262
162665
164553
165868
163909
163621
166052
166108
163111
163310
167610
168742
164617
163148
167937
169675
165743
164132
167282
168866
167276
166731
168569
169948
167995
167421
169924
170475
166922
166275
171579
172919
168618
168334
172341
172335
168748
167462
170628
174107
172745
170936
173051
173640
170629
170426
173392
173891
171642
172523
177427
177206
171304
170003
174439
177104
174609
172761
175938
178731
176171
173607
175294
176217
174939
175977
179526
179131
175493
175785
179508
180159
175788
174367
179872
183124
178697
176351
179805
181242
179612
178552
179828
181335
180326
179698
182692
183000
179108
179951
184452
184503
179107
178968
184592
186397
183269
181095
183886
186365
183544
180958
184222
186711
184966
184631
187224
186844
182956
183483
187375
188150
184914
184903
189981
191064
186206
183279
187209
191088
188931
186579
189619
191212
188318
188177
190330
189996
187949
189297
193277
193795
189556
187599
192236
195266
191056
188266
193107
195593
192250
191342
193739
193712
192357
193651
195781
196172
192924
191952
197071
199054
193708
191888
197285
200011
195736
192837
196690
198655
197012
197534
198455
198254
197160
196841
199801
201871
197330
196156
202659
203938
197689
195876
201249
203191
200560
199844
202296
203449
201949
199689
201164
204862
202838
201784
206027
205513
200300
201333
206352
206485
202583
202249
207968
209465
204457
201844
205049
209249
208187
204793
207170
210459
206852
205624
208870
207971
205338
208252
213223
211990
206840
206108
210883
213852
210281
206123
210668
216831
212546
208625
211660
212010
210584
212761
214704
213893
211715
212135
216527
217193
211678
209999
216212
219988
215263
211589
215632
218756
216199
214958
217422
217500
215539
216384
219999
220642
216706
216343
221022
222380
217536
215043
219770
224024
220358
217664
222524
223560
219392
219135
221911
222974
222322
222013
225017
226680
221378
219388
224535
226645
222629
221909
227393
229519
224547
221799
225593
227742
226260
225210
227935
230083
227234
225962
228949
229067
225394
226407
231731
233280
227589
225622
232285
234613
229455
226794
230570
234498
233124
229824
232107
234015
231728
232355
234576
233915
230887
231480
237462
239444
232464
230450
237640
240224
234731
231145
235629
239815
238810
237146
237154
238010
237583
236087
238620
241507
236659
237299
245350
243772
235973
236050
241609
243651
241552
238881
242100
246477
243657
238968
241225
244921
242174
242282
247645
247411
242025
242865
247218
246694
243221
242580
248224
251683
246917
242959
246862
250933
247641
244779
248959
252140
247980
247379
251722
251537
248064
248634
252721
253196
249839
248267
252912
257007
252613
248334
253289
257134
252422
250322
254935
256748
254081
254961
257706
256210
253142
253158
257833
260749
256561
253519
259213
263243
257029
252884
258637
261992
258886
259123
261949
261582
259680
259098
261085
263265
260362
258783
265693
268373
260138
257527
264712
267608
263031
261219
265427
268274
266217
263707
264824
267308
266169
265167
269062
270424
265241
264742
270629
271828
265929
264750
272379
275043
269096
266303
270232
273662
272674
269432
271238
274719
272338
270763
274359
274827
270683
272025
278623
278684
271390
270388
277542
280876
276461
272087
276287
281887
278064
273832
277483
279441
278081
279040
281256
281490
277386
276498
282683
285497
279070
277241
284697
287584
281379
277625
282140
285477
284732
282949
284749
287550
284346
281759
286240
288479
283804
284825
290800
291406
285426
283283
288414
291210
288011
285414
290982
294636
290398
287184
290153
292975
290181
289340
294448
296553
290992
290206
295331
295913
291023
289821
296414
299953
295507
291335
296105
300840
296637
293197
297222
300137
297167
297332
300697
300482
296658
297098
302418
303828
298165
294708
302733
308514
302673
297886
302387
306752
303255
300089
303177
305198
304224
306575
308594
306395
302164
301584
308512
312678
306082
302019
310863
316269
307898
302728
307967
311451
310265
310271
311538
312740
311755
309880
312146
314152
309494
309097
318494
320884
311721
309033
316564
319244
314328
311654
315427
320606
319259
314611
317188
320841
317225
316090
320773
321755
317753
317376
323405
325003
318821
317653
324121
326054
320768
317758
323099
329224
326125
321097
324619
328396
324136
322237
327333
328579
325091
326690
331906
331165
325034
323306
328984
334276
329892
325016
332112
337989
331349
326497
330954
333692
331630
332632
336895
336712
332184
331549
335951
338188
333442
330510
338260
344899
337692
330813
336951
341571
338270
337099
340556
341289
339544
340110
342284
342919
338986
337408
344987
349925
341389
336932
345247
349026
343859
341111
345622
349250
347219
343618
346009
349330
346899
346462
350767
351845
345529
344985
352919
355514
348307
345845
353957
357740
352042
347008
351895
357810
355223
351369
354132
357586
355032
353050
356576
358978
353912
354444
362702
362412
354524
353546
361205
365232
360394
354806
359807
366980
363331
357401
360546
364935
362515
362450
366837
367034
362105
362129
367894
369282
363272
361703
370670
374940
367069
361546
367343
372243
370151
367391
370326
375102
371596
368213
373245
375296
369812
369624
376957
379125
372262
369699
376890
379791
374680
371535
376365
382071
378988
373889
377963
383389
379330
376797
382162
383564
377549
377088
384612
386461
380816
379392
384996
388364
383664
377929
383406
391979
388063
383536
388195
389570
385207
384859
389068
390493
386876
387797
395419
396330
387670
383598
391375
399014
393524
387587
394391
400740
395794
390841
392996
395174
394453
395545
400830
401107
395125
394688
401088
403427
396818
391994
401724
411211
402247
395186
402015
405174
402344
401210
402899
405406
405671
404064
406519
409727
404666
401881
410340
414168
404235
401694
412198
416001
409065
406064
411145
414560
411819
407479
410800
417189
415644
412708
416033
418488
412354
409521
417935
422023
414022
413393
423355
424108
416381
412543
417481
424414
423234
417909
421556
428011
423402
418438
422736
425478
420980
422490
430940
431280
423164
420967
427913
432168
427540
421081
428257
437619
432420
426623
429840
431952
429690
429983
434790
437028
430912
430447
438487
439752
432112
428403
436830
445098
438854
430864
437304
443415
439792
437194
440018
442724
439650
438669
444139
445899
439571
439360
447955
451126
442566
436225
445160
453061
448152
442986
447910
452678
449484
444561
447742
453029
449192
448941
455902
456168
449113
448284
454477
457551
453014
449261
457622
464490
456320
448785
456356
463394
458100
454529
459496
463641
461073
459200
461191
462299
459335
459109
467465
470607
461435
457679
467761
472739
464486
458554
466139
475717
470813
463245
467506
471770
469473
469810
472768
473035
470469
469453
476268
480088
470779
466724
477723
484121
475173
468446
476063
483388
479717
476106
478474
481000
480455
477938
481945
486640
480214
477841
487978
490603
479728
476881
485990
491800
487336
482934
487350
492495
489123
483149
487601
495137
491526
487320
495057
497723
487977
487115
495583
497791
492505
490966
497920
503455
497823
489753
494793
503271
500550
494788
501272
507107
500182
497305
503138
503398
498491
500425
507968
511672
504633
499082
507066
513400
506262
500164
507845
516977
512858
504877
508870
513719
509518
509931
515729
515602
510227
510904
518462
522185
514276
508375
518542
527215
517868
509027
517558
526090
522754
518243
520905
523428
521309
520396
523561
527836
524022
521786
531475
534323
521936
517493
528906
535269
529431
523953
531108
538066
533170
526331
527993
534701
534731
532439
537603
541968
534175
530654
539790
541225
531647
531665
543969
548656
541705
534865
539293
547192
543506
536650
541415
551607
547643
541819
548278
549776
541961
543100
551374
553276
547712
543949
553272
560030
551622
544361
551502
560201
555529
549046
554135
560561
557034
555227
559674
560779
555151
552303
561654
568367
560214
555600
565979
571072
562245
555333
560798
569935
568675
564601
569137
571855
566058
563585
569260
573653
568324
565829
577180
582528
570595
564127
573599
580991
575529
569680
576091
584111
580729
574081
576787
581748
578793
576887
584563
587888
579486
578323
587511
590260
582341
577048
586658
596802
588408
579199
587798
596134
591768
585915
589209
595128
593349
590384
594172
596347
591803
592681
601402
603645
592392
587759
600554
609492
600241
591407
600222
610830
605347
596134
600263
605628
604530
605893
609610
609690
604973
602547
609112
616250
607091
600515
615609
624551
611194
602581
611603
618657
616756
613324
616160
620621
618757
614319
616835
623281
618528
614551
625836
632291
619507
613274
624853
630565
624154
620485
627441
633242
630225
624086
626327
633174
630130
625585
633446
641452
631381
626127
637433
639898
630690
630292
639295
644598
640380
631998
637447
647816
642165
633389
640521
650007
644086
640434
647233
648345
641532
642386
651988
654716
646663
640881
650643
660835
653750
642872
650153
662337
656948
647740
652362
659722
656621
656359
663262
662047
654083
655307
664105
667188
660916
655220
665745
678264
667196
652107
661172
673881
669267
665135
670766
673865
670705
669697
672453
672908
668496
668806
680047
687003
675777
665746
677198
687051
676801
669275
679615
689605
685482
678602
681835
687836
683934
679949
685655
691062
687070
684059
692026
696554
686048
680792
693309
701079
691964
684679
694286
704512
699034
690708
694966
702776
699044
693896
699781
704962
700665
699187
706863
709713
699655
694943
706994
716040
707691
700256
710719
719834
711088
702259
706934
714298
714966
712277
716511
722080
714072
708245
719700
725430
713658
711307
725197
733176
724142
712971
718659
729281
727023
720025
724208
731929
729976
725134
730603
735283
725363
723378
737335
743660
731625
725113
736528
744557
737753
729800
734877
744195
743673
734535
737880
748419
744026
739266
747686
750508
739127
739229
752040
756008
746669
741898
752425
760397
752357
741315
748339
762163
760255
750626
756131
764790
757289
752106
759154
763588
757534
758478
769700
771422
760426
754776
764637
774992
769237
757600
767889
783737
774632
761522
767906
775466
772440
773745
778584
778861
774912
773525
779372
785048
776753
767973
784217
798391
784011
772304
783336
791286
786107
782687
786314
793147
792748
786886
789990
795890
789288
785725
798450
805876
793677
785497
799066
808320
797598
790395
800048
809781
805481
797139
800192
809120
806989
801728
807733
814954
807380
800571
813033
820451
808179
803815
817317
824076
815878
807426
813008
824718
822339
813422
818452
828124
822691
816174
823640
828379
821728
820798
832968
837537
825460
818593
830153
840656
832310
822626
832013
846258
840748
828556
831386
839016
837685
837304
845664
848257
838269
835018
847155
853323
841754
833879
847507
862502
852742
838641
846607
858187
853991
846822
852000
859651
857871
854143
859178
862828
855086
852645
864162
871368
859682
851237
865714
877925
866963
856190
865034
875813
872917
863785
868520
878834
875143
870280
876617
880695
872758
869094
878994
886916
878128
873156
886854
894035
881853
870856
881449
896314
891636
880482
888460
900164
892587
884592
888563
893615
891020
892422
902535
907172
896319
887710
898824
910294
900701
888619
903929
919241
909636
899226
902559
907972
907517
905447
910380
918659
912630
906973
918073
923939
911233
904467
919383
931881
921857
908895
919035
931387
926201
918383
921232
928616
927105
924003
930768
937547
928378
923363
937106
945796
931052
919502
936197
949546
940205
931532
938080
946837
945888
936142
936950
949811
947261
941417
952924
959750
945536
939659
953072
958064
948586
945404
958740
968697
960574
946914
951681
967450
964343
952092
960556
975322
968935
960877
966923
968849
961043
963073
976885
980340
970231
964526
974927
986154
976869
961810
973353
995158
986478
970448
979374
989387
983432
981513
986770
987559
985842
985590
992437
999194
989187
979975
996501
1011687
995484
980183
994532
1010423
1004037
994969
998688
1005932
1005771
999610
1004020
1011505
1005303
1002149
1015129
1022128
1008828
999120
1012428
1027152
1016888
1005016
1017217
1029146
1022070
1013043
1018131
1026765
1024674
1019921
1026689
1035596
1027753
1018685
1029998
1041313
1028298
1020402
1037622
1048267
1036742
1026201
1033749
1045650
1043402
1033993
1039330
1051497
1047495
1039004
1045051
1052680
1043814
1039334
1055961
1064988
1050210
1041534
1054436
1065068
1057574
1045782
1054859
1071480
1067249
1054010
1057591
1068043
1065831
1061076
1068409
1074895
1065219
1062147
1076972
1083292
1068703
1060690
1076886
1091334
1079914
1063470
1073533
1090971
1088606
1077933
1080001
1088990
1086837
1080880
1087493
1096880
1088016
1083929
1100209
1105517
1087502
1080165
1096366
1108676
1102758
1090470
1098344
1115357
1109356
1091946
1096770
1112457
1109881
1104925
1113697
1119430
1108730
1105000
1115529
1119772
1110798
1105572
1122383
1136804
1125224
1108744
1117129
1133138
1127962
1114767
1123544
1140527
1133653
1125485
1132518
1135337
1127348
1127003
1139172
1147030
1139232
1128961
1141118
1156054
1143720
1127648
1141463
1160387
1151013
1138302
1146214
1156301
1152888
1150783
1155204
1158242
1153483
1147456
1159544
1173774
1161760
1148114
1164790
1180151
1166066
1150612
1160779
1176694
1173594
1167264
1173678
1179249
1174677
1169085
1173484
1182573
1178407
1171182
1187115
1201599
1182948
1167220
1183408
1197330
1186187
1177943
1190430
1203827
1199824
1188502
1188802
1198295
1198568
1190783
1199739
1214789
1203352
1193074
1209968
1215586
1197638
1193475
1210130
1224540
1217243
1201620
1209865
1226361
1221003
1206756
1211280
1228471
1227756
1215925
1223241
1231036
1220523
1220304
1234204
1237412
1224552
1218422
1235214
1250459
1238412
1221388
1232756
1254707
1249057
1228316
1233634
1250186
1247789
1244762
1251841
1251511
1244500
1243644
1253254
1264136
1251834
1240418
1262519
1278953
1260742
1243691
1254823
1273146
1271389
1257527
1262483
1276544
1273012
1264829
1270363
1277744
1269883
1266727
1282380
1292899
1278575
1266418
1280506
1294808
1285869
1271074
1282693
1301621
1295142
1280822
1287975
1299167
1293555
1288562
1297233
1308712
1300599
1290773
1302356
1312728
1302161
1293010
1307646
1321882
1310951
1296361
1308996
1324720
1316922
1305453
1313564
1329012
1323004
1311804
1319732
1330664
1322656
1318553
1332432
1338514
1326770
1316413
1330608
1349013
1338339
1320520
1334661
1354287
1345511
1329251
1334003
1350358
1348424
1343203
1350716
1354373
1346841
1343110
1353781
1364298
1353401
1340416
1361702
1382786
1363970
1342252
1355170
1374421
1371411
1362585
1365113
1375781
1377263
1369089
1369947
1378010
1371540
1366195
1387816
1400762
1377861
1365425
1386650
1398372
1386179
1374208
1382707
1405870
1406046
1385764
1387647
1402385
1397026
1389633
1401951
1412728
1402581
1396677
1410295
1417091
1403097
1394177
1411488
1428723
1418370
1401621
1411568
1431985
1426485
1408049
1415245
1434115
1429106
1417313
1427116
1436716
1427640
1425339
1438400
1443507
1432913
1424125
1435573
1454997
1446552
1427760
1442148
1463669
1450305
1431367
1443150
1458213
1454204
1450713
1458634
1464115
1457887
1450294
1458296
1472053
1461674
1449789
1469607
1490705
1473779
1452196
1465600
1482917
1476616
1466145
1474899
1488272
1486781
1478585
1481680
1489848
1482001
1473964
1490225
1509443
1493957
1476762
1495576
1512759
1497262
1481659
1494476
1511474
1512055
1500613
1501263
1514682
1512945
1501934
1509907
1523156
1511542
1503548
1522482
1534675
1516536
1505956
1525989
1540576
1528119
1510776
1520995
1543365
1543272
1527650
1529795
1546020
1541832
1528267
1536355
1549708
1539566
1537463
1558404
1564133
1544022
1532596
1549871
1567512
1560258
1542197
1553923
1581850
1574103
1547716
1551911
1571172
1569006
1564062
1573820
1580723
1572239
1568234
1580031
1586811
1574089
1562778
1583305
1606822
1592814
1570199
1581835
1603046
1596407
1580125
1586313
1604547
1602968
1594697
1602003
1609859
1599839
1593406
1610074
1622448
1609228
1596229
1612312
1631069
1619144
1600463
1613886
1635276
1626809
1611010
1619082
1636306
1631840
1622484
1632303
1643978
1634290
1622825
1635865
1650839
1640085
1627941
1646230
1663552
1649528
1630826
1641088
1663691
1659928
1643102
1653411
1672707
1663529
1652021
1659259
1666489
1663005
1659591
1673181
1686536
1671483
1654562
1672609
1694009
1680007
1660781
1677492
1703039
1694288
1674784
1678988
1692923
1693522
1688938
1694975
1703352
1696209
1688415
1703632
1716128
1698410
1684252
1707621
1734816
1717622
1689767
1705623
1729276
1721845
1710175
1713333
1724477
1731893
1722804
1722526
1735449
1725834
1715546
1737686
1756062
1734388
1717716
1741132
1759381
1743265
1728323
1739518
1759286
1761043
1741149
1741308
1763214
1762197
1748497
1758478
1772351
1759149
1751613
1769460
1781072
1765374
1756190
1776063
1792004
1778559
1759353
1770574
1793871
1791181
1771845
1779502
1803876
1797231
1777520
1785717
1800922
1791758
1789530
1808151
1816138
1800818
1789930
1804129
1820220
1811065
1791263
1806784
1838857
1830618
1801670
1809807
1830380
1822380
1815681
1827028
1836718
1832394
1827010
1835916
1846050
1831731
1817064
1838257
1864147
1852184
1826021
1839671
1867029
1857485
1838676
1846956
1861564
1859967
1855864
1862337
1872627
1864050
1854005
1870189
1886147
1868812
1850007
1871996
1898832
1886279
1864023
1876187
1897609
1892288
1874632
1878055
1898489
1898515
1889721
1902136
1911011
1894302
1884922
1900876
1916963
1907808
1891135
1911776
1938316
1920945
1894579
1906414
1930437
1926606
1912599
1920806
1940007
1937541
1923754
1925261
1936501
1930643
1922711
1945074
1962199
1942235
1927220
1948188
1965958
1950380
1930936
1944549
1975310
1971623
1946598
1950645
1972073
1968988
1956638
1965352
1977152
1970674
1965022
1980988
1992318
1976535
1961664
1983081
2009246
1989628
1963920
1982841
2009443
2003380
1986365
1988991
2007437
2010064
1993271
1997558
2016751
2009388
1999619
2020979
2034872
2012425
1996749
2016792
2036922
2025954
2010083
2023662
2048065
2043821
2018875
2021184
2045630
2044258
2030351
2044695
2062337
2047644
2035344
2050879
2062641
2047821
2037871
2058729
2080992
2071226
2047104
2054044
2081517
2078204
2054008
2066622
2093014
2082985
2070245
2081823
2089330
2078932
2074766
2090462
2106945
2095425
2076107
2092856
2119696
2106353
2078656
2095586
2127296
2120032
2097675
2104123
2120434
2117839
2112119
2118865
2130020
2122547
2113032
2130110
2148544
2129965
2110350
2134186
2164657
2148672
2117731
2133617
2161605
2155609
2140459
2144429
2159026
2162321
2151371
2152731
2169613
2161827
2151577
2174443
2193147
2169427
2147698
2173307
2198863
2183073
2161424
2178691
2203887
2200069
2177213
2175130
2199438
2203694
2190065
2198509
2217683
2205721
2191344
2207924
2222325
2205155
2193743
2222205
2242501
2224074
2201997
2213983
2239898
2238210
2214100
2218458
2253476
2252167
2227987
2235090
2250173
2238915
2234707
2255494
2265130
2250742
2240803
2258876
2277897
2263860
2237299
2252950
2292873
2284959
2253658
2263671
2289533
2282723
2271353
2280784
2290434
2285142
2278227
2293333
2309307
2294537
2275948
2296976
2325698
2310220
2279716
2293582
2329297
2324128
2301992
2311104
2328191
2323156
2313515
2320453
2332178
2327297
2318052
2338784
2361996
2339447
2312193
2332066
2362182
2351740
2330110
2344481
2373430
2368314
2345036
2346971
2364983
2364367
2353847
2368340
2388141
2374888
2360126
2377190
2391686
2373992
2358468
2382286
2414443
2402628
2371323
2383795
2415111
2405339
2381046
2391728
2415923
2417100
2404725
2407248
2421035
2414967
2403617
2420722
2438598
2421083
2405489
2431935
2458799
2438266
2410054
2428073
2462027
2455920
2425002
2429835
2459957
2462800
2450014
2454760
2463475
2457083
2450852
2464346
2482541
2467750
2449683
2479332
2509282
2481972
2449180
2469048
2499970
2497467
2478445
2482701
2507434
2510499
2490570
2490724
2510090
2502771
2490885
2516270
2540941
2516069
2493658
2518329
2537868
2522592
2503623
2518490
2550180
2552405
2524868
2523797
2550152
2548082
2528584
2541446
2570059
2554715
2536404
2561250
2575974
2554103
2543751
2562250
2582805
2581717
2556328
2562281
2596764
2592499
2563291
2573837
2605885
2595888
2574718
2590331
2608912
2594152
2589555
2609099
2618887
2607528
2588495
2604738
2638089
2628150
2596719
2614104
2650406
2640702
2609285
2615671
2645534
2641259
2629866
2643466
2654084
2643797
2636624
2650570
2667243
2654929
2632544
2658330
2697195
2678960
2639382
2653555
2692050
2685360
2660766
2670881
2692841
2692546
2685603
2685470
2693043
2692658
2682377
2701470
2730288
2707416
2677149
2706467
2738397
2716356
2688948
2708507
2742726
2739696
2715207
2714912
2736561
2739729
2726681
2735130
2756560
2748946
2730595
2748522
2771891
2749662
2727688
2758914
2788461
2768222
2743093
2758674
2789395
2786235
2760137
2763521
2794547
2798278
2773591
2779356
2805550
2795692
2780841
2803009
2818353
2799374
2784778
2805040
2834371
2821253
2792455
2811778
2847310
2836551
2806412
2811622
2840714
2846701
2829977
2837008
2856752
2845111
2828817
2846688
2867598
2851265
2834137
2863317
2896443
2873899
2841245
2855127
2885813
2886908
2862676
2869031
2902778
2900820
2877392
2884964
2900339
2888364
2879325
2904660
2933329
2912566
2885176
2907834
2936792
2921286
2892531
2907380
2945815
2948836
2919321
2920163
2946868
2944052
2925414
2937072
2960603
2948459
2936305
2960591
2977937
2957243
2938751
2959270
2989786
2981904
2945616
2958228
3003511
2998610
2965587
2974993
3003723
2997233
2980955
2989599
3006228
3000608
2997587
3017545
3031404
3011689
2985982
3008750
3047675
3033312
2995895
3019002
3067206
3055306
3016034
3019932
3047339
3047954
3041510
3051665
3066503
3063013
3051863
3060245
3076650
3062144
3036823
3069871
3117477
3094099
3050653
3072319
3107840
3096517
3073749
3077895
3106334
3118199
3102927
3101795
3118778
3110202
3093622
3114722
3143408
3125785
3097931
3128688
3162361
3137314
3109584
3128952
3159737
3158508
3133214
3135077
3170108
3171502
3146641
3155415
3181414
3169963
3148289
3170363
3196882
3177731
3160524
3188533
3212740
3196911
3167623
3176852
3218355
3219899
3186349
3196465
3235641
3226580
3198537
3208393
3229414
3222245
3212733
3235795
3257178
3239430
3216694
3235518
3265697
3254122
3223220
3239989
3287931
3283438
3242648
3246132
3278582
3277666
3260253
3273853
3293070
3282101
3274235
3296357
3309511
3287989
3268758
3293434
3339338
3327422
3277365
3290999
3341105
3332167
3299908
3311797
3335508
3339420
3330093
3330760
3346597
3340572
3326067
3351098
3380659
3354260
3324188
3353308
3394129
3376048
3338800
3356576
3396610
3396872
3364399
3363232
3397110
3403378
3382638
3392738
3414888
3401026
3386733
3405374
3430274
3414371
3390194
3419117
3454190
3432166
3398830
3417188
3454835
3454983
3423776
3429540
3469558
3466692
3435903
3443618
3471216
3462819
3450822
3471337
3492756
3476894
3454818
3476198
3505750
3490292
3459517
3483818
3532460
3521664
3477589
3486340
3522010
3519010
3503595
3509808
3533113
3535578
3515305
3526817
3554310
3532048
3504765
3542392
3581984
3562375
3528045
3542109
3577667
3576100
3546317
3547242
3585298
3591915
3566285
3573645
3599898
3585181
3569087
3598608
3623607
3599349
3571319
3598779
3639843
3627851
3590796
3603217
3643952
3642298
3610393
3609561
3644571
3651236
3633133
3645294
3669487
3648535
3626476
3655522
3683473
3663782
3640439
3670735
3708669
3692843
3651473
3656985
3701705
3707975
3674871
3681648
3726194
3721404
3690786
3700562
3718928
3707359
3701716
3729127
3750948
3736600
3710764
3728867
3764898
3747895
3704990
3727520
3791144
3785799
3738615
3745555
3777950
3771546
3760271
3769097
3783422
3789413
3778895
3788691
3814761
3795400
3761653
3794032
3843020
3818981
3776120
3803741
3851734
3837536
3804424
3812355
3841496
3850764
3831844
3827131
3854965
3858169
3836595
3857880
3888417
3861003
3829492
3859235
3904686
3886545
3848702
3876364
3917159
3905680
3874484
3873291
3903709
3918181
3896927
3903628
3938872
3927974
3897064
3914785
3948109
3927486
3902012
3939055
3978209
3957581
3924456
3936814
3970841
3972325
3939365
3943367
3991656
3996817
3963056
3970016
3996227
3980183
3966212
3994882
4024285
4004296
3976812
4004663
4043012
4025733
3984518
3998299
4051301
4055812
4012558
4014404
4053843
4054886
4032652
4043740
4068114
4054154
4041082
4067336
4090716
4071105
4046485
4073339
4120196
4103476
4047949
4063913
4123174
4123336
4084991
4091791
4124588
4126369
4109279
4109239
4131355
4126930
4113441
4144551
4174267
4144916
4112396
4138144
4180148
4168269
4125508
4146720
4203302
4200360
4154830
4154099
4194071
4196062
4174558
4189067
4219108
4208370
4189848
4205663
4225452
4211186
4188840
4217756
4263763
4248142
4199610
4219339
4271774
4261385
4219354
4230976
4281781
4283936
4252896
4256060
4277298
4271598
4262020
4281187
4306690
4297037
4267924
4291463
4333350
4312572
4267750
4294047
4356118
4343517
4297561
4308630
4346255
4345522
4327422
4328764
4352230
4359911
4339944
4354169
4387956
4364873
4330325
4370405
4419399
4393183
4347987
4365465
4416789
4417152
4381755
4382803
4419403
4426814
4401023
4405820
4435160
4427693
4407181
4437508
4475619
4448909
4405707
4434442
4484327
4467359
4431592
4450156
4493250
4497173
4461934
4453957
4490381
4499292
4473355
4488570
4530626
4515170
4481377
4509483
4539536
4510064
4487016
4521685
4564225
4556374
4516544
4519919
4567467
4570164
4524790
4531737
4586918
4590281
4557460
4567782
4597331
4579637
4558400
4588835
4616225
4596662
4578695
4603355
4641404
4630019
4580194
4594604
4661363
4658490
4601203
4610415
4665571
4667161
4640245
4647843
4664474
4658399
4652502
4666716
4691457
4681122
4651862
4685391
4740289
4708207
4647149
4674563
4734764
4733582
4697640
4701541
4740727
4750401
4720511
4713448
4743308
4741630
4725435
4757137
4795794
4767014
4728805
4758329
4800882
4781681
4739281
4765437
4824880
4825942
4778539
4776338
4817512
4818895
4792872
4802827
4840276
4837946
4813679
4831613
4869051
4843892
4802139
4838613
4889014
4875774
4837808
4852131
4895891
4896557
4857426
4858515
4906330
4909962
4877040
4887795
4927673
4915962
4890854
4917136
4949399
4929815
4896096
4922763
4969852
4959070
4917044
4935402
4992173
4986157
4934316
4936506
4985039
4991338
4971813
4984365
5011906
5000818
4975255
4994710
5029365
5013278
4976565
5014280
5077329
5051827
4992635
5009799
5063543
5064201
5029088
5031724
5078055
5091441
5061341
5056608
5083841
5081397
5059366
5091191
5132755
5101591
5064047
5103922
5148972
5123697
5079344
5095445
5159913
5172702
5120617
5111523
5161189
5168296
5138311
5150046
5181696
5173634
5155008
5180175
5207974
5180922
5151902
5187282
5239977
5224732
5170858
5187811
5253247
5247491
5196385
5204444
5259191
5267449
5229483
5230999
5264121
5259115
5243534
5269572
5296374
5278717
5250184
5272884
5325247
5311899
5253303
5280007
5355723
5342741
5286322
5294352
5337067
5342775
5322942
5330850
5358105
5359657
5338374
5344937
5382657
5372967
5332688
5368982
5433465
5404665
5347391
5372141
5425820
5420019
5381858
5391530
5436372
5446655
5419133
5415429
5444429
5442102
5418193
5443997
5498731
5476143
5420709
5457277
5515422
5484871
5439651
5465349
5515640
5527600
5489978
5480000
5524264
5533848
5498363
5504776
5554567
5547074
5512226
5543941
5585415
5551148
5516940
5553971
5597731
5588204
5544525
5553999
5616638
5626251
5569641
5568151
5628379
5634746
5596301
5600173
5640268
5632581
5615175
5650041
5672666
5639354
5615020
5647336
5694202
5688447
5632419
5649931
5732142
5729056
5655595
5653624
5717685
5724528
5695883
5711499
5740657
5729552
5719271
5733405
5748369
5739068
5709987
5746335
5820551
5797283
5719370
5742751
5814517
5806434
5757116
5763416
5818246
5833738
5805247
5800874
5826555
5821332
5801133
5827400
5870885
5855595
5813936
5844131
5900257
5880355
5824473
5842537
5909990
5911250
5861576
5870996
5922286
5918899
5889961
5899983
5934940
5933903
5902458
5918461
5968508
5956764
5912929
5945545
5999094
5976639
5926050
5945670
6008302
6007853
5961810
5973431
6029186
6029931
5987523
5987694
6028569
6030962
6004706
6034627
6080945
6058634
6014020
6036833
6088168
6073130
6025841
6052837
6128353
6126653
6065496
6061336
6110273
6120876
6091382
6098587
6140766
6145525
6119324
6137724
6169687
6138539
6100250
6144588
6217709
6196420
6131479
6152308
6218021
6216168
6166864
6161892
6213186
6241323
6211530
6206595
6242791
6234720
6203820
6239205
6288295
6250639
6207971
6256219
6315577
6291399
6238703
6252739
6316487
6334660
6277270
6262749
6327064
6345162
6302263
6314058
6357899
6340960
6313301
6341785
6380653
6356568
6323551
6363366
6419923
6404115
6346993
6355021
6421256
6433628
6377930
6379782
6450111
6456084
6405043
6411340
6457015
6442994
6420624
6456660
6490819
6473669
6447265
6464858
6509482
6505533
6445735
6467187
6557860
6550549
6475625
6487493
6550571
6546529
6514781
6527434
6563581
6566214
6547961
6557595
6590985
6582563
6538725
6569658
6644534
6626132
6553144
6579306
6654799
6645163
6592038
6599797
6653125
6666476
6640158
6636125
6670853
6673178
6644803
6667460
6719979
6701608
6643604
6679032
6753955
6729225
6666316
6696383
6759162
6759826
6717725
6706634
6757548
6780983
6749044
6751372
6797793
6786434
6747427
6778873
6828856
6803709
6758272
6801832
6870022
6849160
6781782
6795656
6864600
6874269
6828953
6829351
6892377
6903954
6857401
6851824
6891199
6892858
6869264
6902036
6953864
6926898
6874669
6915010
6971522
6944175
6891353
6916448
7003530
7017216
6945474
6928499
6991028
7004879
6966622
6974407
7017944
7019899
6999433
7023039
7054154
7026137
6984115
7025101
7100710
7082243
7013741
7036317
7117758
7113823
7049315
7049026
7107168
7130606
7096222
7091281
7137468
7138452
7104483
7135537
7180789
7149331
7108422
7144357
7210247
7198030
7136845
7157142
7233762
7232087
7166441
7164816
7228372
7247927
7207939
7217900
7275357
7263765
7221463
7242331
7282314
7267308
7237464
7270421
7338771
7328182
7259970
7271524
7339124
7337640
7279102
7293717
7376356
7386755
7333482
7336039
7371165
7359465
7342372
7368160
7415451
7412498
7366991
7388614
7457268
7434571
7358007
7387785
7478491
7482555
7419774
7423270
7483230
7487599
7452160
7455563
7491230
7498492
7477760
7494791
7546061
7526201
7468832
7509913
7590691
7567655
7485326
7508537
7602072
7606070
7547744
7548635
7595991
7614587
7589828
7573705
7613041
7626102
7594451
7627758
7690212
7648427
7584592
7634432
7705020
7682833
7624531
7646286
7726260
7742605
7677659
7656498
7718377
7740799
7700024
7707875
7768797
7761335
7722643
7752928
7790828
7760869
7721998
7766003
7837578
7826880
7761370
7775033
7849339
7851525
7784603
7782532
7871012
7892113
7831335
7831611
7887500
7876949
7845694
7880290
7917778
7904240
7875204
7900615
7954565
7945041
7881744
7898325
7995024
7996355
7907509
7915098
8006344
8004568
7957706
7973871
8008286
8012437
7996416
8003280
8042780
8041922
7993563
8026508
8108169
8083917
8002614
8026307
8119545
8118303
8052504
8062888
8127532
8137705
8102946
8097573
8135693
8146514
8115078
8142573
8206749
8180721
8112899
8147140
8230196
8214314
8145109
8167322
8252470
8262503
8202126
8189665
8243472
8263422
8230044
8240747
8298142
8291944
8246504
8272545
8324787
8296721
8245678
8288471
8376717
8369313
8292481
8299972
8376863
8382236
8322548
8327758
8399751
8421190
8378839
8372191
8416228
8413775
8374211
8405176
8471794
8448517
8397308
8442452
8509148
8480904
8414396
8437524
8528688
8543629
8465096
8453309
8534788
8559771
8507924
8504539
8554966
8556592
8529314
8553811
8601060
8579697
8536627
8582393
8660468
8630630
8545995
8572168
8665997
8675760
8607835
8601804
8675996
8705537
8653355
8635615
8688213
8694465
8666374
8704073
8763369
8731442
8676774
8715690
8781348
8758018
8691444
8721795
8816004
8833590
8760267
8740150
8811063
8830272
8776665
8785008
8858398
8857905
8816880
8845080
8893090
8858902
8808129
8850772
8924192
8924509
8863973
8869007
8952572
8966969
8881494
8876699
8974305
8983847
8930238
8948902
8999577
8986413
8958694
8982165
9023230
9016876
8970350
8993324
9078600
9077871
8990969
9011429
9115574
9107846
9027325
9032605
9108201
9124864
9095182
9100674
9138062
9137984
9103426
9118364
9173550
9166347
9110471
9154960
9255044
9231201
9127680
9144650
9248994
9249474
9185639
9196131
9263907
9286799
9252199
9231110
9264225
9281908
9249802
9274800
9354009
9334263
9255990
9304203
9393462
9352698
9273792
9307099
9403973
9421700
9357846
9338012
9400480
9431820
9386865
9374159
9437317
9453600
9408299
9436104
9496371
9462024
9406802
9460484
9540570
9513673
9441204
9465985
9557542
9566786
9495109
9484996
9570282
9602547
9537794
9523182
9591311
9600485
9560539
9598413
9651499
9618767
9574548
9611534
9678580
9666650
9597110
9620796
9734068
9740082
9638046
9630193
9719210
9742039
9694988
9699273
9757516
9765581
9726718
9742029
9790374
9771088
9725164
9768081
9859739
9846274
9758190
9772645
9868429
9875188
9798065
9799219
9887346
9916177
9864694
9860249
9908928
9900725
9866997
9902981
9971711
9955774
9891862
9920856
10008677
9992969
9908377
9930200
10030219
10052601
9979521
9968091
10044238
10057222
10003887
10017237
10084673
10080447
10039620
10063168
10124813
10105252
10045665
10080860
10169743
10171219
10086071
10093020
10196735
10208442
10122740
10130094
10217415
10229497
10181452
10175720
10229166
10239955
10207735
10230379
10289165
10271495
10213524
10251803
10337292
10323933
10237544
10265976
10381314
10384285
10287943
10278675
10368788
10394368
10350124
10349214
10401526
10411844
10384266
10395692
10440399
10427785
10372138
10424070
10535372
10507082
10395585
10425859
10535459
10531251
10454893
10452781
10538112
10585258
10541439
10510489
10558706
10572143
10525651
10559037
10642649
10619209
10549675
10600072
10682303
10648767
10570003
10591486
10691279
10721895
10651344
10629330
10715648
10742503
10677234
10676860
10752604
10757242
10702710
10735302
10807998
10781029
10723372
10767500
10838779
10826923
10761824
10765500
10863929
10894519
10812031
10806857
10910679
10916615
10836719
10847047
10920487
10921556
10885376
10921498
10979606
10962403
10903804
10919260
11002923
11009111
10928099
10951721
11077463
11080477
10980570
10970642
11055615
11077704
11024354
11035354
11102745
11111461
11077437
11093511
11136661
11118599
11059898
11100702
11220714
11214774
11107282
11123731
11238086
11239862
11150355
11145479
11231400
11272003
11234430
11225363
11267622
11272971
11239884
11261559
11335480
11317977
11239120
11293038
11409499
11373132
11273695
11303542
11407899
11430023
11348317
11322358
11411224
11457979
11407103
11398297
11463528
11467715
11416598
11439474
11513616
11490573
11426961
11488948
11587654
11558643
11466720
11476963
11574590
11604828
11525533
11517560
11627654
11660536
11584066
11561955
11631501
11641272
11599089
11638026
11710380
11689343
11636337
11668309
11736838
11724252
11640036
11667774
11799288
11814035
11712589
11705602
11799357
11818099
11756050
11750770
11829342
11851007
11810675
11826499
11882403
11862120
11798334
11844213
11949627
11936283
11840565
11865242
11977070
11986495
11895435
11882094
11985135
12024316
11963015
11955618
12020210
12020201
11980252
12010985
12081696
12070990
11995983
12031103
12140940
12126107
12024332
12048049
12164070
12188181
12106571
12081175
12168618
12203340
12147407
12150321
12223609
12221631
12174725
12204737
12270505
12249327
12183074
12231265
12340062
12333416
12230720
12231942
12350535
12376887
12284724
12278834
12387579
12410743
12346919
12340962
12396413
12404379
12371716
12405719
12475899
12462209
12393234
12426380
12523885
12510220
12408323
12432131
12579869
12596682
12479937
12468228
12570077
12594042
12542583
12538776
12590838
12623276
12600911
12606219
12660742
12649036
12573135
12616489
12749334
12725451
12605427
12646892
12776323
12766292
12679130
12672747
12752567
12811645
12766477
12730880
12802507
12834331
12772745
12796276
12884625
12850858
12775819
12833136
12936693
12911801
12826614
12852556
12964201
12981789
12885751
12866536
12966679
13015417
12953512
12944543
13034789
13044415
12967051
12986161
13069465
13048867
12992133
13046958
13147080
13134578
13044575
13048028
13142380
13171434
13090106
13082521
13211824
13251350
13152186
13139834
13222897
13215134
13167509
13210176
13286068
13280519
13229233
13253543
13334123
13323229
13225678
13244382
13385343
13421351
13312096
13291693
13406875
13427462
13348886
13353785
13426009
13433767
13407497
13439758
13500365
13478783
13410854
13448582
13558992
13561059
13444350
13449937
13604002
13631710
13511428
13502951
13607564
13632238
13585824
13576699
13627470
13649354
13621953
13649649
13730381
13706267
13611583
13652396
13773800
13767274
13657297
13681763
13823892
13845617
13739567
13710995
13799192
13841451
13797038
13795597
13881494
13893528
13834986
13853269
13919766
13900997
13829436
13878150
14003993
14003487
13892602
13907986
14027176
14029689
13931313
13929876
14052026
14099332
14029216
14006967
14085764
14097895
14038990
14060454
14136745
14142063
14081821
14115364
14218230
14198889
14089357
14123593
14261619
14269636
14163812
14157476
14278624
14313306
14242448
14222459
14291277
14332434
14282673
14280159
14367095
14364223
14283237
14345172
14461048
14419044
14317136
14347136
14470059
14494677
14403548
14382782
14497867
14550003
14470039
14440087
14517903
14543318
14489571
14530506
14628766
14594478
14509027
14557079
14663595
14649520
14549288
14565848
14708798
14749282
14648512
14610264
14698608
14749111
14684983
14681760
14784011
14792085
14720184
14760420
14842717
14802248
14729976
14781012
14900691
14913224
14809310
14795768
14921769
14960181
14853702
14834007
14959261
15007321
14926158
14923597
15003767
14993364
14950015
14993912
15066420
15056191
14990980
15018275
15135570
15133477
15011603
15025061
15182516
15213662
15085898
15070380
15197246
15228536
15158324
15160722
15223571
15243109
15221035
15221816
15285225
