100000000000000000000000000000000000000000000000
10000000000000000000000000000000000000000000001
1000000000000000000000000000000000000000000001
100000000000000000000000000000000000000000001
10000000000000000000000000000000000000000001
1000000000000000000000000000000000000000001
1000000000000000000000000000000000000000002
1000000000000000000000000000000000000000003
1000000000000000000000000000000000000000004
1000000000000000000000000000000000000000005
1000000000000000000000000000000000000000006
1000000000000000000000000000000000000000007
1000000000000000000000000000000000000000008
100000000000000000000000000000000000000001
100000000000000000000000000000000000000002
100000000000000000000000000000000000000003
10000000000000000000000000000000000000001
1000000000000000000000000000000000000001
10000000000000000000000000000000000000010
100000000000000000000000000000000000001
100000000000000000000000000000000000002
100000000000000000000000000000000000003
100000000000000000000000000000000000004
100000000000000000000000000000000000005
100000000000000000000000000000000000006
100000000000000000000000000000000000007
100000000000000000000000000000000000008
100000000000000000000000000000000000009
100000000000000000000000000000000000010
100000000000000000000000000000000000011
100000000000000000000000000000000000012
100000000000000000000000000000000000013
100000000000000000000000000000000000014
100000000000000000000000000000000000015
10000000000000000000000000000000000002
10000000000000000000000000000000000003
10000000000000000000000000000000000004
10000000000000000000000000000000000005
10000000000000000000000000000000000006
10000000000000000000000000000000000007
10000000000000000000000000000000000008
10000000000000000000000000000000000009
10000000000000000000000000000000000010
10000000000000000000000000000000000011
10000000000000000000000000000000000012
1000000000000000000000000000000000002
1000000000000000000000000000000000003
1000000000000000000000000000000000004
1000000000000000000000000000000000005
100000000000000000000000000000000001
10000000000000000000000000000000001
1000000000000000000000000000000001
100000000000000000000000000000001
10000000000000000000000000000001
1000000000000000000000000000001
100000000000000000000000000001
10000000000000000000000000001
1000000000000000000000000001
100000000000000000000000001
10000000000000000000000001
1000000000000000000000001
100000000000000000000001
10000000000000000000001
1000000000000000000001
100000000000000000001
10000000000000000001
1000000000000000001
100000000000000001
10000000000000001
1000000000000001
100000000000001
10000000000001
1000000000001
1000000000002
1000000000003
1000000000004
10000000001
100000001
10000000100
1000000011
100000002
1000000020
100000002000
100000002001
10000000201
100000003
1000000030
1000001
100001
10000100
100002
101
10100
1011
1011000
10111
102
11
2
3
