3
5
-1
2
10
8
13
11
31
32
37
45
65
361
415
1567
522
-1
1153
745
938
17511
-1
22280
892
-1
1105
-1
-1
1016
300
1057
-1
-1
1515
-1
39245
313
-1
1060
785
-1
905
894
-1
-1
588
38327
39003
-1
373
-1
30807
1010
-1
983
-1
1188
-1
35909
-1
-1
258
-1
-1
803
722
513
-1
918
-1
831
939
728
-1
603
-1
-1
-1
487
-1
-1
-1
-1
-1
-1
-1
312
464
616
1086
772
1213
967
1232
1061
1548
-1
32087
-1
-1
1060
-1
-1
-1
-1
-1
577
-1
-1
-1
1196
-1
-1
188
-1
37068
-1
1504
-1
-1
-1
-1
-1
-1
-1
-1
36457
-1
209
831
1153
28359
1154
309
786
-1
-1
-1
37357
-1
16654
461
-1
10603
-1
1379
9726
-1
997
417
1253
1169
763
-1
-1
-1
1001
-1
-1
-1
641
1007
-1
-1
-1
267
-1
502
1035
-1
1337
1090
1049
-1
1256
818
-1
-1
35783
-1
-1
-1
-1
1155
935
-1
1097
311
-1
1257
835
935
909
983
1023
41510
-1
-1
-1
-1
28864
351
-1
1246
808
693
1466
977
1143
1065
881
576
1138
833
740
-1
848
1046
651
1805
1339
753
4389
782
697
-1
-1
27197
-1
543
194
-1
893
-1
10734
-1
-1
-1
522
910
1067
-1
-1
1061
368
588
1053
-1
878
1658
-1
1931
-1
1088
565
1105
847
1388
-1
849
-1
-1
704
222
773
1052
-1
-1
503
-1
1597
-1
-1
-1
30634
503
-1
488
449
1086
-1
-1
1242
647
600
-1
-1
-1
-1
-1
-1
-1
488
760
1073
-1
-1
34665
-1
-1
655
1088
1047
3010
22102
1715
-1
1053
871
6798
1065
262
1097
24256
-1
1096
688
610
758
-1
622
-1
34031
942
-1
1180
323
27136
-1
1043
-1
-1
-1
888
1389
548
-1
108
929
-1
-1
1051
742
-1
-1
-1
-1
-1
1300
1347
34747
-1
642
936
-1
668
1019
1352
665
291
-1
658
988
-1
-1
1216
754
-1
1028
1071
1105
1253
1855
788
-1
1131
-1
1268
1352
629
23791
-1
-1
443
-1
1315
-1
-1
-1
391
607
1730
543
322
931
967
-1
1236
190
461
404
690
-1
-1
-1
35983
-1
16382
-1
598
783
438
1328
564
-1
1071
-1
-1
496
-1
14256
654
952
-1
550
1221
19500
-1
-1
554
1233
671
289
-1
879
-1
32294
708
-1
-1
-1
4906
-1
-1
-1
1365
-1
1000
1331
-1
-1
398
-1
1256
39717
-1
1120
-1
-1
76
790
23206
-1
-1
1219
687
38548
968
-1
320
799
20344
-1
918
667
819
-1
1737
1692
-1
1029
-1
765
-1
1237
24027
204
-1
-1
1092
34442
-1
709
-1
-1
1081
848
1167
1009
-1
-1
16542
-1
-1
747
-1
535
-1
-1
948
25892
589
1456
1413
-1
-1
1231
-1
-1
329
1013
557
649
1750
23458
-1
31959
1118
1232
939
661
-1
1332
-1
947
34192
17783
42585
-1
-1
-1
-1
-1
-1
1305
407
1108
28053
282
23662
260
209
1049
932
266
12701
12895
-1
492
-1
-1
750
700
-1
-1
1019
-1
-1
-1
1054
-1
-1
658
678
312
347
-1
47
-1
389
544
-1
-1
937
1450
778
-1
-1
591
12724
-1
1291
17688
-1
936
1210
-1
-1
1073
466
869
1058
1241
1194
-1
530
-1
-1
-1
-1
846
26876
1197
-1
-1
223
-1
-1
-1
732
1400
1145
1082
-1
-1
967
-1
662
-1
-1
787
-1
1378
-1
-1
950
-1
-1
913
641
664
-1
871
-1
838
-1
-1
-1
-1
-1
659
-1
-1
32852
-1
-1
188
998
-1
-1
714
1000
984
448
1523
925
1163
-1
-1
9550
35714
969
-1
1226
-1
695
10893
1042
599
998
907
190
11743
481
-1
-1
1641
-1
1035
26562
1004
-1
14856
407
-1
1695
-1
806
-1
990
-1
-1
1072
970
43425
-1
-1
1004
-1
1323
-1
-1
-1
438
1235
341
1687
1374
-1
-1
-1
1059
1070
920
1508
-1
16838
919
-1
594
1025
712
1524
1062
-1
441
-1
-1
-1
948
881
27593
-1
-1
640
-1
-1
271
5309
437
1156
1039
924
-1
-1
659
-1
-1
629
8104
-1
611
1215
-1
330
470
-1
228
-1
1305
-1
-1
790
1003
31528
1848
-1
-1
-1
-1
-1
-1
-1
206
711
957
-1
-1
-1
686
980
-1
-1
36923
1133
1221
-1
-1
1437
1066
331
16295
-1
-1
42828
741
607
-1
1557
926
43944
-1
1065
22896
185
1633
992
-1
885
1188
-1
-1
1499
404
-1
1023
-1
931
-1
-1
-1
1026
1038
-1
1400
548
-1
-1
1094
931
-1
-1
924
-1
1557
1236
-1
1309
-1
566
1458
-1
-1
1510
-1
1163
-1
-1
66
-1
-1
-1
432
-1
1251
1143
-1
-1
1243
-1
1087
29520
-1
1162
911
846
-1
1036
1067
861
229
314
1078
-1
-1
1073
527
681
514
20363
-1
-1
639
-1
447
-1
425
-1
538
-1
821
1355
791
-1
777
35164
-1
596
-1
-1
1024
474
-1
865
547
723
17458
316
381
-1
1141
1008
-1
-1
-1
20417
-1
1196
-1
791
1358
17543
1044
-1
-1
-1
-1
1432
-1
-1
1155
1004
-1
30398
564
1471
230
-1
-1
-1
910
215
835
24857
-1
-1
-1
116
34257
-1
1069
1334
718
1376
1067
-1
-1
-1
-1
-1
-1
6446
1374
15397
1535
943
-1
-1
402
-1
933
208
-1
-1
-1
983
27258
1387
-1
256
-1
376
1261
-1
-1
841
286
905
1295
734
1728
36789
-1
956
38494
879
-1
-1
660
-1
674
1162
-1
13472
