.XX....XXX.XXX.X..XXXX...XX
XXX..XXX..XX.X..XXX......XX
..X.XX.....X.XX.XXX..XXX...
....X.X..X.XXXXX.XXXXX.X..X
....XXX.X..XXX..X..X..X.XXX
XXXX...X.X.XXXXX.X.XX..XXXX
.XXXXXXXX.XXXX.XXXX..XX.X.X
X.XX.......X.XXXXX.XX...X.X
.X..X.X.X.X.X.XX.XX.XXXX.X.
XX.XX.X....X.XXX.XX..XXXXXX
X.XXX..X.XXX..XXXXXX.XX..X.
.X.X..X...X.XXX.....X.XX.X.
XX...XX...XXX.XXXXX...X....
XX..X.X..XXX..X.XX.XX.X....
X.X...XX.XX.....XXXXXX.XX.X
.XXXX.X.X..X..XXX..XX.XXXX.
XXX..X..XX..X..XXXXX.X..XX.
XX....XXXX....XX.....X....X
X.....X.X..X...XXXX..XXX.XX
......XXXXX.X.X.XXXXX...X.X
.XX..XX....XX.X.XXX.XX..XXX
X..XX.X..X.XX..X..XX.XXX.X.
X.XX.....X.X.X..XX.X.XXX..X
.X.XXXXX...XX..X..XX.X..X.X
XX.X...X..X.XXXXX.X.X.....X
X.XX.X.XXX.X..XX.XXX.XXXX..
.XXX.XX..X..X..X.X....X.XX.
XX..X.XXXXXX.X...XX..XX..X.
.X.X...X..X..X..XXX....XX..
.X.X...XX...XX.XXX..X.X.X.X
...X.....X...XXXX..X..XX..X
XX.X....X.X.XXX..X...X...X.
XX.XX.X.X.X....X...X..XXXX.
XXX.XXXXX.X...XXX.....X.X..
XXXXXXX.XXXXX..X.XX....XXXX
XX..X..X..X..X.X.X......XXX
X.XX.XXXX.X....X.X....XX...
XX.XXXX..X.XXXX.....X.X.XX.
X.....X....XX..X.XX..XX.X..
X....XXX..XX....XX.XX...X..
..X...X.X..XX.X.XXX.X.XX...
XXX..X.X.X.XXXXXX.X..XXXX..
.XXXXX..X.XXXX..X..XXXX....
..XXXX..X.X....X...X......X
XX.XXXXX...X..X.X.XXXXX...X
.XX.XXXXXX...XX....XXX.X..X
XX.X..XXX.XX...XX..X.X..XXX
.....X...XXXX.X.X.X.XXXX.X.
X...XXX..XX.X..X.XXXXX..X..
XXX.X.....XX.X.XXX.X...X...
..XX.XXXX..XX.X.XXXX.X...XX
...XXXX..X.X.....X.XX.XXXX.
XX.X..XX.XXXX.XXX...XXX.X..
.XXXXXXX..X.X.X......XXXXXX
....X..X..XXX.XXX.X.X.X.XXX
XXXXX.....XXX.XX.X..XX...X.
XX.XX..X.XXXX.XX..XX.X.XX.X
.XXX......XXX.X.....X..XXX.
XX.XX..XXXXX..X....XXXX....
......XX...XX.XXX.XXXX..XX.
X.X.X.X.X..X.....X...X..X.X
.XXXX.X.X...XX.X.XXX.X.X...
XX.....X..XX.X.XX..X..X.X..
XXXX.X.XXX.X.XX..XXXX...X..
X.X.X..XXX.XX..XXXX......X.
X.XX..XX......X.......XXX..
XXX.....XX.XX...X.XXX..X.XX
.X..X...XXX.X..X.X.XXXXX.X.
....XXX.X.XXXXX.X.XXXXX..X.
....XXX..X.X.......XX..X..X
XX.XXX...X.X.XX...XXXX.XXX.
XX..X.XX.XXX.XXX.XXX......X
......XX..XX..X.XX.X..X.X.X
.X.XXX..XX.X.X...X..X.X.XX.
XX.XX.XX.X.XX...XXXX.X.XX..
......XX..X..XX....XX.XXXX.
.XXXXX...X..XX...XX...X....
....X..X...X.X.XXXX..X.X..X
XX..X.X...XX.X..........X.X
