10000000000000000000000000000000000000000000000000000
1000000000000000000001
10000000001
100000000010000000000000000000000000000
10000000001000000000000000000000000000000000
100000000010000000000000001
1001
1001000000000000000000000000
1001001
1001001000000000000000000000000000000000000000000
1001001000000000000000000000000000001
1001001001
101
101000000000000000000
1010000001
11
11000000000000000000000000000000000
1100000000000000000000000000000001
11000000000000000000000000000000010000000
110000000001
110000000001000000000000
1100000000010000000000000000000000000000
110000000001000000001
110000000001000000002
11000000000100000000200000000000000000
110000000001000000002000000000000000000000000000
11000000000101
1100000000010100000000000000000
110000000001010000000000000000000000000
11000000000101000001
11000000000101001
1100000000010100100000000000000000
1100000000010100100000000000000000000000000
11000000000101001000001
11000000000101001000001000000
1100000000010100101
1100000000010101
1100000000010101000000000000000000000000
11000000000101010000000001
11000000000101010000000001000000000000000
1100001
1100001000000000000000000000000000000000000000000000
1100001000000000000000001
1100001000001
110000100000100000000000000000000000000000
11000010000010000000000001
1100001001
110000100100000000000000000000000000000000000000
11000010010000000000000000000000000000000000001
1100001001000000000000000000000000000000001
1100001001000000001
110000100100000000100000000000000000000000000000000
110000101
110001
1101
1101000000000000000000000000000000000
110100000000000000000000000000001
1101001
11011
11011000
1101100000000000000000
1101100000000000000001
1101100000000000000001000000000000000
11011000000000000000010000000000000000000000
110110000000000000000100000001
1101100000000000000001000001
11011000000000000000010000010000
110110000000000000000100000100000000
2
2000000000000000000000000000000000000000000000
2000001
20000010000000000000000000000000000000000000000000
20000010000000000000000000000000000000001
200000100000000000000000000000000000000010000
200000100000000001
2000001000000000010000000000000000000000000000000
200000100001
2000001000010000000
2000001000010000001
20000010000100001
20000010000100001000000000000000000000000000000
3
300000
3000000000000000000000000000000000
4
400000000000000000000000000
40000000000000000000000000000
40000000000000000000000000000000000
4000000000000000000000000000001
400000000000001
40000000000001
400000000000010000000000
400000000000010000000000000000000
400000000001
4001
40010000000
400100000000000000000000000000000000000000
400100000000000000000001
40010000000000000000000100000000000000000000
4001000000000001
