1
2
3
4
5
6
7
8
9
10
11
12
13
14
15
16
17
18
19
20
21
22
23
24
25
26
27
28
7983
6119
5594
9002
9763
4513
1082
8462
7889
3111
1760
8475
7770
2217
5760
9547
2534
2292
8471
4626
1765
5293
2748
7362
1769
6986
9334
1174
8991
576
2116
6409
5747
6439
6493
4785
4143
5784
4047
6012
2648
1453
8207
9003
646
5264
2133
4697
6399
3811
3250
1037
721
6506
6053
73
4061
8923
3169
4192
9244
1477
5621
4576
5127
2663
9860
2806
250
1272
9161
9741
7984
992
74
1075
1365
4685
8844
4280
1818
6858
2764
8412
8836
2951
4975
7036
7007
6924
8791
1631
2652
5972
575
1329
4786
325
4451
5705
1811
4898
2355
548
7012
5997
5519
8676
7769
3843
4597
4550
5348
7876
7108
5672
6998
1665
5869
1701
588
2333
177
5460
207
2552
3699
3177
2644
8152
1552
5767
4948
3882
9007
5053
8023
2703
7698
8518
7662
1677
897
1773
8129
1120
9116
7829
2257
9880
1994
3001
872
3104
2338
8720
9749
9017
4614
2873
1303
5950
9268
7262
2826
636
6374
9601
9380
6388
8365
8536
649
2937
1127
7978
6057
1779
4884
453
2260
3086
4520
6543
8938
7688
5504
5610
1497
863
8436
9371
1703
9693
998
350
99
70
5149
1433
6795
1798
4782
5426
3984
4593
2914
8251
5587
6644
757
76
137
9057
4164
4011
1236
391
9710
9737
3202
4044
9352
6431
4060
8406
4797
6613
122
1684
4105
8508
7349
6136
4097
9339
9868
1001
8015
5807
1987
2044
4518
5306
4249
8338
4507
4460
9735
1836
4322
252
4187
6927
521
8450
6400
8615
828
7035
7172
7607
2405
494
1006
2174
3114
1764
2467
6932
6903
3519
5413
1029
1424
7925
9771
8608
151
3875
4788
8488
9389
3230
948
5361
3415
3486
9141
7079
7052
9576
1692
8175
4481
9546
4293
4251
3264
1569
4746
7866
4150
8674
6914
2684
5373
7454
1656
6784
4153
3417
6612
5402
7839
2186
9415
1679
859
4555
3972
1564
794
3681
4517
9367
364
4938
2027
4573
7764
9038
798
1653
7201
6988
8549
505
7202
89
9776
2747
5666
9770
4865
8415
3866
8767
7647
9431
8824
8724
4663
2394
8596
7143
1025
9766
8162
1463
8150
7853
4613
7671
834
6197
1676
2096
4793
8556
9323
3334
5137
7089
3862
9585
4131
9424
8227
5279
8143
4509
4181
4102
5535
9416
6482
4630
365
1144
9324
2032
1295
2995
2968
2003
9357
32
4658
857
4903
79
7808
8387
8142
6737
7566
8209
7085
6729
8432
2410
8692
147
5755
8574
4012
1782
5520
2315
7494
1336
3798
8135
6438
6066
291
2283
4027
2120
5212
7093
9208
1796
5370
7413
5472
3646
5799
7754
2944
7425
8669
9420
6541
3568
9847
8413
7555
323
9654
6619
7635
8401
7182
8794
5033
8577
9219
5544
4289
3711
2811
2017
5526
5556
791
5640
5294
8181
6552
4839
4924
4721
4441
7068
4643
3237
2268
3504
6530
5038
9090
4805
6684
3260
3156
4024
1646
4252
9564
8111
762
819
2876
8765
4612
7242
8445
9066
7861
539
538
537
536
535
534
533
532
531
530
8285
3432
7834
3490
9477
2122
7255
5696
3752
1095
862
9245
420
4430
1673
4188
2086
6071
3456
4127
1234
4990
4733
67
6420
261
4616
8095
7681
6402
645
5133
728
7456
3723
158
188
3389
8165
3520
1473
170
5052
1431
8042
970
335
899
3054
7366
8593
92
6474
887
6782
5605
656
4755
1757
5738
3142
7112
3552
5909
6508
5726
7993
7072
779
5484
6426
5619
3157
222
4307
4919
5229
6879
6191
9503
4413
3007
1484
9495
5719
144
9882
6656
2107
5032
5958
7264
9086
1817
3030
8053
9010
3754
9053
2782
7139
8340
4811
4604
3026
5851
7532
9688
6086
6945
3864
6166
8734
4945
78
7497
8139
5785
5148
373
4506
7734
5100
5099
5098
5097
5096
5095
5094
5093
5092
5091
5090
5089
5088
5087
5086
5085
5084
5083
5082
5081
5080
5079
5078
5077
5076
5075
5074
5073
5072
5071
5070
5069
4886
6923
9728
409
4949
811
925
831
4830
6781
1122
9382
571
4855
7784
2141
9330
5191
190
504
9164
2393
1106
8241
9314
2444
4538
3730
1543
1762
2567
1730
9733
63
8417
8800
4891
5172
2084
8860
9480
1568
8753
1961
5124
5183
2606
5758
2154
6000
1470
8311
5256
8173
4790
8088
5913
7375
4625
4391
3077
242
2274
7420
4273
6455
1320
5976
5918
1709
2117
4688
4971
1248
3876
7432
699
5832
2763
8489
1335
2815
6478
5356
460
3316
3219
1756
6384
5850
8555
1311
3983
389
9217
3057
3502
64
2787
2469
7511
386
3971
8785
9114
9604
1224
5786
3308
6993
1544
4983
4704
6899
8280
8103
4296
1427
7707
4996
4892
936
1361
7915
3221
3361
2420
8318
889
6627
9240
1274
4808
7157
4290
9641
3551
3093
5600
4248
6395
6534
2123
8235
619
401
1028
5970
1751
5381
5922
9721
2157
2269
1581
5483
3880
8552
1589
3434
4134
2780
1808
1439
7772
3089
524
8704
8928
729
8790
851
2334
841
2493
5620
7568
6137
8194
2330
8795
1628
8313
2343
8328
4544
8125
9742
361
4965
3092
5668
5736
8870
8002
6159
7521
3257
9281
6783
9011
8613
1150
2627
9863
5031
5287
1980
311
3052
3691
1669
8511
9697
3617
583
9470
4963
7994
6118
6747
5310
2872
1151
5987
3025
7257
2462
9796
408
5959
9388
3151
9344
3856
4009
8899
5617
2396
8703
1789
337
4584
7465
3393
3124
1724
4275
6458
4025
1481
8915
2575
2069
9119
462
8590
6098
7954
3611
3245
4750
2202
6050
3509
3998
8291
585
5066
4172
6123
360
7062
4423
3165
3208
6614
5657
2996
5966
2836
5214
2678
113
5384
8101
7974
4687
977
1173
3029
1459
4813
4429
3666
3350
2527
8019
1044
2261
1444
5907
7910
5944
59
4647
1205
8530
4985
1986
4046
2438
4099
1290
5853
1566
8916
4634
1828
1871
7371
9443
3194
2212
2880
5682
4325
1155
8007
1105
5222
8061
1021
8522
9315
3688
6063
4628
6089
9676
2486
2008
2705
411
8392
1179
2749
2190
4916
1559
2468
8236
9377
2708
2709
2710
2711
2712
2713
2714
2715
2716
2717
2718
2719
2720
2721
2722
2723
2724
2725
2726
2727
2728
2729
2730
2731
2732
2733
2734
4365
9725
567
9566
150
7892
8833
2578
4939
4179
8322
9285
549
725
47
5300
5427
7626
184
7809
7756
9020
4240
3438
5347
5808
789
4485
3513
9023
7258
7937
8317
4098
5701
3687
8941
499
4250
7961
5288
4599
1651
4449
1043
7758
4104
3795
8918
4677
5452
6393
3200
2095
6643
2934
5213
6401
2835
195
1700
4474
4503
2280
7655
7794
9584
4606
90
4683
2020
2448
1725
4299
9212
967
7015
4479
4450
2126
3149
7872
888
2374
7081
7787
1464
7864
8059
8568
8321
8465
1036
5232
3837
5110
7491
5521
8160
1115
4909
4825
951
463
8399
5273
4271
5596
8806
6852
823
3878
1402
5512
1738
6844
4623
2605
775
4590
4459
4649
6789
6464
8331
7106
6199
9365
4654
8802
6445
3747
7958
4749
9406
4395
1664
3398
88
3103
220
5046
8625
2040
7678
6693
8384
2657
5456
416
4118
3196
5599
3481
454
9266
8193
983
5885
5646
5540
345
8995
5819
8378
795
3443
593
7684
332
5702
2477
9213
4933
6019
6730
2281
5225
9705
4380
1706
503
9125
5126
7188
5403
9489
4383
9717
379
6139
4869
209
7963
8195
9221
4454
5001
2637
9153
2232
6073
1018
4887
1584
8996
515
1747
8731
3187
1010
9253
5048
1970
4648
75
8171
3418
5531
5926
8587
607
7640
8064
3558
2249
2939
2831
130
3252
4032
2756
4702
5571
7076
2199
5699
2043
1003
3582
5332
1966
5390
5854
4036
956
7247
4042
5326
448
165
3656
290
9433
8914
2945
9831
6419
1868
6092
9839
8809
1471
3182
5445
3569
9794
1203
2932
9778
8212
6597
6624
4385
6007
9745
9898
3042
1456
5138
1526
3213
8612
3414
7878
7034
9718
8451
5430
8005
697
5813
9686
5132
1494
4344
9436
6641
8099
2913
3599
5573
5749
8635
8529
6528
4239
3112
6961
2047
4602
4447
5532
7986
6498
920
3695
7855
1634
6120
3528
213
2904
6733
199
1647
8155
1955
3016
4769
387
7919
7055
4160
6585
5290
5925
2029
5582
7791
3838
8902
4605
9050
2279
3702
769
7980
5607
8030
161
6102
8986
1078
875
9590
4170
7347
297
4952
5694
3315
1137
8237
7530
2564
1386
8485
1416
5920
4582
8097
4850
4021
2472
8697
2362
9097
4993
6991
7038
7386
1984
5334
8544
4722
2458
4542
5942
5546
8018
8730
6892
4319
5434
2238
4569
4747
1129
4055
5219
568
2463
2434
324
7841
5174
3575
1017
634
8025
8394
5166
7126
5881
7236
5136
9442
914
6593
357
418
1343
9144
8922
1118
9664
7017
8646
5769
4122
5102
8245
4254
9795
5135
6502
2305
7792
4384
1785
7353
5995
320
7129
82
8105
4801
4743
370
2614
5021
1797
1689
1351
2056
9008
7066
1842
4806
810
5438
3336
3813
3474
5776
4719
119
4961
1175
3740
9661
3871
5257
9466
2804
5150
49
7254
5539
5210
3580
5125
6601
8126
2579
7969
5703
7499
6979
478
2970
3404
3716
427
354
4498
1403
3748
2954
106
1999
5503
4565
2902
3700
711
5471
1217
5635
1237
298
4403
6606
569
5534
9606
9607
9608
9609
9610
9611
9612
9613
9614
9615
9616
9617
9618
9619
9620
9621
9622
9623
9624
9625
9626
9627
9628
9629
9630
9631
9632
9633
9634
9635
9636
9637
2768
6947
4367
9685
4934
759
1720
5140
294
5276
6389
7365
2517
6469
6646
2178
4868
7766
7045
5459
3503
2639
999
3038
7475
4167
845
7762
8024
3071
1953
4761
9569
72
3225
8900
1449
8744
6839
5762
7785
6854
6831
6364
613
3786
5567
8367
1371
8257
8644
251
8509
1269
2398
4536
5267
4695
2018
8701
9571
4120
785
1408
3119
4387
7804
9098
9484
7370
7899
4596
6565
464
1228
8672
6753
558
9595
133
8074
4227
2899
8696
7356
8894
1104
4560
4735
8584
4335
7851
6743
8891
7368
9881
4882
197
7614
3768
9684
2828
7044
5629
8493
1571
847
4837
4759
179
9541
5240
7261
8098
1498
1212
3636
3721
6480
781
9872
8516
4930
5252
2783
6138
7871
1293
1330
3736
9779
3184
5207
6902
5343
3801
968
4633
7991
4149
7394
7761
8276
9752
2735
7098
8872
1624
4567
8841
7819
792
6471
1022
5675
5050
5509
7430
1490
3331
4468
5429
1869
4815
6878
2650
7846
5757
3027
5698
269
9251
6087
6472
878
394
5014
8213
9646
1114
3627
7422
8999
83
7940
7886
1492
2819
1824
7488
6942
352
4686
367
6837
8706
6074
6651
5528
1161
7988
5750
3979
1667
3726
5608
9039
8698
2198
6842
6090
5690
8912
9336
3731
8547
3422
1741
2651
5176
3382
3497
9037
6667
7469
6184
7070
4716
3055
3446
2536
3790
1098
235
3413
744
8853
374
574
8094
3762
8591
6792
4653
1420
2792
7850
2586
994
5872
7269
7270
7271
7272
7273
7274
7275
7276
7277
7278
7279
7280
7281
7282
7283
7284
7285
7286
7287
7288
7289
7290
7291
7292
7293
7294
7295
7296
7297
7298
7299
7300
7301
7302
7303
7304
7305
7306
7307
7308
7309
7310
7311
7312
7313
7314
7315
7316
7317
7318
7319
7320
7321
7322
7323
7324
7325
7326
7327
7328
7329
7330
7331
7332
7333
7334
7335
7336
7337
7338
7339
7340
7341
7342
7343
7344
7345
6394
9396
2550
3437
1283
3579
6510
5360
5801
1688
3710
483
9876
8611
5049
6595
8561
3507
5322
529
6562
2943
808
1334
8439
8807
68
9308
346
6626
3080
8376
5196
6586
5845
7190
3146
9258
2874
4820
3309
2177
7935
9310
1793
7185
4435
3865
2132
3793
6094
1407
8864
4836
7927
3304
9471
838
6692
2473
8826
1996
7135
1845
3676
2788
6790
5901
7265
4879
6798
3143
3351
4742
3820
7669
9264
7883
6980
969
4180
7539
223
3222
1089
5884
8347
2332
5713
8486
2673
3069
946
916
3063
2206
6151
9291
5372
233
3784
4407
3631
2311
8049
2565
8380
9736
217
2370
2978
586
3521
7718
3554
1776
8535
884
4397
4029
519
2699
5437
2903
6542
7457
5450
3022
1350
1486
5010
6962
6519
5446
2236
7452
8717
7248
3867
7448
4545
3429
2607
7703
6916
7594
6146
1499
6116
6062
5934
9034
1462
1639
1231
7148
140
3207
4396
6846
8746
7577
6022
6156
5254
6681
2744
6771
6049
1190
2108
1625
9859
6600
8985
3339
116
911
582
65
7163
4126
9478
6425
776
3256
4007
1777
7906
2109
2706
228
6034
2063
286
7399
4417
7738
5387
2055
9333
5744
4595
4566
4483
5308
652
7152
1271
6917
264
5933
4976
457
1541
7406
5821
7115
2514
4571
1246
4871
5651
5879
1758
3064
3365
9659
9282
5871
7589
5939
9572
7990
4233
6990
4144
8823
6686
7854
996
6976
422
6952
997
5643
3584
7778
8170
2005
9450
9426
5335
767
2310
1753
4757
3079
5834
7748
1085
9319
2071
8201
5720
9675
5790
5418
8884
6589
4712
9014
3193
3166
3375
6556
7860
6040
6540
7660
8470
8232
5775
5201
8943
6463
3964
244
8951
7847
1324
2851
4284
7573
1428
4442
8773
194
2597
7194
2013
8680
5194
4860
2580
124
9383
4427
5451
5684
236
5063
8759
542
8743
6024
7803
5676
5034
9242
8113
185
6550
393
2988
7877
9222
4549
9033
2042
9648
2938
7902
4535
2388
4511
7901
933
8421
3014
3244
7790
984
1008
8675
8131
6501
7464
5962
9094
1412
4768
2696
3664
4106
5967
4586
473
4411
6488
440
4051
1519
6434
5523
3966
4701
4043
7468
8414
6774
1213
156
594
5324
6085
2101
1695
7773
9668
9602
7659
1381
5861
1452
4345
4921
7483
7656
1542
5494
3756
327
9032
3147
8875
8521
1507
8453
1553
8643
6736
4508
1314
7485
3322
5400
7946
4522
635
540
7945
4987
1415
7390
4116
1815
751
964
4323
8755
5479
5648
1016
5175
8558
7360
1035
9048
5158
3015
8055
8186
4272
7623
4390
3419
3101
8885
9289
9316
7788
3452
2067
2204
8041
5816
2114
2984
4287
1746
9597
3663
3205
4644
9605
5407
7060
5667
7676
1491
5549
1674
7435
4872
6496
3735
257
5241
1739
6117
1177
4942
9112
1659
7590
8798
4652
3303
7421
8640
3816
4829
8483
1447
4774
9340
3804
5644
1014
9793
8405
4113
5388
3674
4974
5117
9715
3594
5376
3508
5305
4261
5552
3314
4896
295
1111
9473
7802
4878
4908
8107
930
8716
3233
9782
5880
5795
5998
447
4627
2219
6668
9127
8341
7690
4256
7869
5914
9650
6691
6587
1662
637
8925
5027
1715
8136
8079
9408
5740
2250
1081
5420
7845
2931
2505
2504
2503
2502
2501
2500
2499
2498
2497
2496
3129
8269
2958
8327
9229
7588
5171
1550
5195
2515
8815
733
8839
3641
3324
4347
9326
3145
6560
6755
1561
5982
8750
4705
9452
7427
451
9395
6178
8434
2066
737
9459
4737
5260
7685
2832
1790
4445
2889
6377
3597
31
1546
2825
7717
3817
138
8149
7997
6886
7903
202
7632
8847
5700
8156
2785
7412
1455
749
901
606
995
1391
6189
5163
8725
3319
9123
1805
5791
1534
5611
4600
9439
5855
6366
7263
5285
9224
2272
8012
4928
5712
8636
7041
2845
4864
191
1954
8075
9482
1687
886
277
8737
5374
2429
7947
5894
5810
2666
3254
4873
3738
4184
1995
8778
2745
5440
4353
5543
5269
2928
129
3005
4640
7096
8010
2920
6580
7584
456
485
4574
7931
3307
305
7492
7022
7805
2179
2125
2256
5047
2998
3574
9115
509
480
7517
6370
9449
6154
8797
9350
9691
8588
6631
6162
4804
2185
9864
5238
1582
3034
2738
455
632
605
8722
1754
8927
2465
9841
1135
1545
1588
4357
2855
5168
4376
8350
491
8109
1438
8663
8275
8937
4379
3036
2983
6359
3603
4779
8710
2082
6767
6943
3380
4352
8998
5780
2566
2052
2900
7673
5029
6925
3991
371
7234
7233
7232
7231
7230
7229
7228
7227
7226
7225
7224
7223
7222
7221
7220
7219
7218
7217
7216
7215
7214
7213
7212
7211
7210
7209
7208
3472
3178
7002
724
5803
2282
7249
2602
4282
1279
7205
7793
6984
5139
8505
2234
1180
1134
3410
5497
2760
5271
8788
2676
1800
2626
331
972
9404
1355
6625
991
3858
7346
7389
2228
9866
717
1393
8880
1587
7032
1640
7771
5340
5505
6429
2215
9369
3391
8887
4050
6195
7500
8174
8917
7932
9295
829
1528
2522
1512
8946
6144
7924
5916
2399
8315
7551
2556
1387
2035
945
2994
8333
2573
6186
7586
8325
6999
4876
553
8326
6862
1704
2975
9043
6913
525
8114
5282
5639
2603
1276
8244
6672
2342
8712
6485
1978
4932
8513
622
2147
4133
2551
5589
2894
7042
4917
5489
9446
5423
9658
2382
6517
6441
4328
7383
6554
4466
8949
4394
5514
2820
2241
2395
9738
9695
3986
7951
3383
7091
986
5303
3512
7562
5601
7512
7450
1211
2871
6449
7823
2169
2319
2401
2625
3227
4514
7405
7237
2796
7674
6491
9402
7113
8589
2827
4496
9304
7885
8994
8278
1040
2523
2221
6987
1041
4320
9355
990
3787
9349
1201
5825
6622
7995
5538
8694
8127
5924
6446
9293
6957
5768
3842
3623
2295
3176
2437
4973
786
4940
8779
1389
3819
9905
4425
3180
9692
1862
8210
5686
1536
4128
2244
1306
9652
2201
4151
1128
8606
3449
8037
6421
9329
5003
8166
4680
1168
8446
9843
6861
108
7938
6572
1116
7800
2952
7716
5812
9729
923
3870
3461
1482
7691
6881
7631
7721
2390
3607
7411
4668
9447
8017
780
3471
4253
8058
6127
9760
9170
1406
8849
6497
5007
4734
2635
3857
6025
3011
3088
4556
5105
5270
3330
9599
9419
1363
2083
6361
5485
8774
3651
7752
2407
8342
3805
8242
9427
3696
9594
2312
1024
8190
9757
8337
192
4014
2033
304
7874
3974
5352
8240
8580
2271
3046
848
1694
3436
8695
4958
4034
5056
6177
2135
5936
9472
698
9058
2220
4266
7862
8858
2175
1307
2368
8163
9021
2411
4257
5275
8089
3006
6630
8203
9302
1657
403
8014
5510
7441
8391
4738
8358
6906
9306
7100
6392
4002
4294
2553
2016
6500
8468
413
5227
6408
8638
3386
8567
2298
9078
7982
7952
9084
7173
5461
1533
6479
4327
1362
2692
6653
6398
3690
8997
7929
4539
2909
3359
3560
5263
5977
8188
7680
6027
4852
6620
6982
7560
9267
5932
6430
1839
6894
2128
3728
2161
955
7619
1523
399
4632
1843
2074
7259
3965
9414
9454
3232
4135
9025
8595
1206
9790
8374
1820
9775
9798
4877
6584
917
5118
1121
8517
7833
6786
7078
1160
2777
625
8362
8224
3150
788
3565
3849
3780
5952
9787
3665
813
7058
3050
783
1344
9056
5724
2173
9403
2010
3734
1318
9246
1529
5849
6869
5101
7636
9080
2584
913
8108
5470
9047
5278
3209
9374
495
4720
752
9656
9837
4756
8566
8033
8429
6495
950
6104
7110
1327
5344
1509
3997
4748
3535
9842
2594
5954
5142
6872
5349
348
8157
993
9474
892
4842
3679
4968
8016
6551
1284
7783
4269
2170
3096
8292
8396
375
7608
5487
2304
8359
4832
6654
493
6689
5912
3048
6953
8657
6623
7909
6010
3612
6537
1465
2816
8299
2489
2640
1708
6773
7016
7643
4096
4095
4094
4093
4092
4091
4090
4089
4088
4087
4086
4085
4084
4083
4082
4081
4080
4079
4078
4077
4076
4075
4074
4073
4072
4071
4070
4069
4068
4067
4066
4065
7092
4551
4141
8602
7543
5198
7191
8469
2156
6746
5432
5946
6994
5895
2078
7156
6182
9312
4408
6065
5346
826
1264
6960
6174
7689
9445
8222
4998
2537
8437
5455
9163
6928
8191
8494
7168
4828
6096
6390
8305
7670
9360
8818
1458
9562
3834
4400
8294
5592
4311
2160
8515
8627
9148
2843
9225
8332
343
1663
6655
7745
6056
4237
2655
2774
6603
8762
338
4622
5947
2610
8685
5903
7637
5575
6405
2766
4232
3247
5715
8988
6930
7882
3368
830
7760
6079
1258
8648
1185
2068
6362
6696
1660
5518
8742
9858
4366
1722
7407
7911
2286
5261
5419
4639
5978
8435
446
6008
2146
3116
7747
1768
1837
159
5983
3427
9292
7165
4028
9430
7567
426
1577
3039
6454
7528
6679
8652
8261
8550
3105
3128
871
7153
3113
6518
53
9886
8913
3345
8151
7922
6635
3874
8855
9723
2397
9006
8748
6379
8690
1467
1716
1500
4592
9727
6039
5435
7775
115
522
8225
8525
7133
7486
959
5829
7429
3978
172
6122
8281
8780
2884
8287
4977
7240
552
247
4510
7241
6567
4726
8909
7376
490
271
8393
3479
9096
2542
127
4730
9160
3197
508
5030
5576
975
2353
5415
7639
3396
7830
1305
4111
6570
928
7668
7504
7013
330
1308
2061
1005
9155
6797
6754
7146
1579
4564
4121
3766
1549
4446
4419
7049
1077
7828
6791
5327
9252
9118
2328
3624
3969
4915
8856
8282
8708
5545
7913
7628
1110
7024
6995
6936
5637
9368
2195
7936
563
6874
216
3713
4463
4696
3583
5878
6173
2528
2658
9726
4703
9455
6761
114
1475
7267
398
8936
7401
3487
6001
4845
8404
9133
1794
3785
7484
7161
2897
9321
2800
9031
3013
3378
3831
6004
1215
6760
6880
8892
9475
7744
9022
2196
6645
2065
6769
2387
8442
9835
368
8456
5753
1390
3310
3135
8373
5226
2571
8776
6357
2252
412
9372
4537
654
707
816
210
7426
3650
9128
7843
377
2674
1525
1170
827
5547
5731
5116
1083
5026
6440
6111
5550
6834
9247
4000
4717
3238
7559
1780
4469
8583
8364
3343
3323
8546
1726
9647
7392
3789
9398
3628
3484
6152
839
9085
5782
2002
2389
5961
5598
9093
8265
91
6891
6920
2455
5677
9494
8375
8121
482
8045
7124
1503
7047
6750
2009
168
2188
6944
6915
8096
1398
7957
226
3770
7858
3212
60
8214
218
8477
7118
4259
7434
9838
1973
9391
6890
4035
7040
8078
937
5044
4493
4236
7542
8726
9832
3480
961
1959
4154
7177
6926
1259
4911
4992
9343
5054
4157
1971
9030
1409
6183
8452
8799
8863
1558
2259
7979
4833
6780
2014
1364
2373
3585
5359
5329
8845
7515
2130
8062
5448
2680
8491
1721
9260
4843
1457
5733
4739
5529
9363
9899
852
8831
1641
9719
1690
467
5642
8766
2862
1338
7433
7807
1997
9046
6569
1668
1074
2205
9001
6833
6919
3073
9311
1710
8500
7743
7933
8933
5858
5242
2138
3246
2440
5938
3881
2317
443
3540
9338
104
7821
735
8040
8183
5478
8499
1813
8886
8641
6632
4185
7167
5439
5250
4731
7592
9432
9378
2136
1567
3836
5184
507
3261
1210
2813
9209
971
5465
5146
5839
6461
7436
97
7364
6876
2685
8000
2974
963
6521
9214
5481
7918
4136
8268
2690
4874
3155
3753
3539
2053
3195
4340
2976
5130
5203
3602
2233
1240
7849
3131
4523
8777
7183
6145
3164
9586
2072
8906
4477
7519
8805
4918
5005
2301
7650
407
9342
2562
2888
219
1872
1873
1874
1875
1876
1877
1878
1879
1880
1881
1882
1883
1884
1885
1886
1887
1888
1889
1890
1891
1892
1893
1894
1895
1896
1897
1898
1899
1900
1901
1902
1903
1904
1905
1906
1907
1908
1909
1910
1911
1912
1913
1914
1915
1916
1917
1918
1919
1920
1921
1922
1923
1924
1925
1926
1927
1928
1929
1930
1931
1932
1933
1934
1935
1936
1937
1938
1939
1940
1941
1942
1943
1944
1945
1946
1947
1948
4847
9440
2598
9071
9130
5826
7094
700
2092
7467
804
4568
4368
5157
1539
9318
1358
3724
7439
2548
9351
5405
7696
2400
6371
1748
3236
4140
7193
9287
7250
1130
8137
9327
6131
7498
2948
1322
8715
6465
650
4664
5312
3024
8633
7503
4019
9713
4969
432
5974
6093
1342
5366
3420
5875
3530
8592
7443
1670
189
661
638
2000
4957
653
5266
5797
1310
8189
5134
6765
7741
3879
2062
874
1977
256
9901
1742
5422
9435
1142
7187
8484
2425
1981
5516
4684
3215
2628
2513
1852
214
8066
4288
9677
8116
1524
283
6649
8307
2519
1013
6697
6698
6699
6700
6701
6702
6703
6704
6705
6706
6707
6708
6709
6710
6711
6712
6713
6714
6715
6716
6717
6718
6719
6720
6721
6722
6723
6724
6725
6726
6727
6728
8559
4563
3175
2794
4292
6006
8660
6026
8496
1572
7529
7890
7006
8528
3833
1487
7838
7481
9259
6477
1113
8498
2618
1378
9373
1440
7868
3749
4931
720
1822
9129
9362
5393
3526
1468
6456
8408
4615
949
6853
7195
9434
6859
6376
885
5948
943
8616
4744
7884
6756
6035
1340
1450
822
5953
6863
5114
3684
7917
8277
9476
285
5711
5401
450
5805
4690
1410
6590
9660
3629
240
9052
9851
3229
4751
3982
1540
3759
6989
4728
1300
9284
921
5943
660
3682
6779
4054
2512
1223
2679
276
4470
3062
9535
9534
9533
9532
9531
9530
9529
9528
9527
9526
9525
9524
9523
9522
9521
9520
9519
9518
9517
9516
9515
9514
9513
9512
9511
9510
9509
9508
9507
9506
9505
9504
237
500
9307
1678
7145
6533
344
2336
2634
8934
7122
2192
4492
1191
8028
309
5416
766
8911
3677
1697
2632
7570
5499
9102
5561
2059
8133
5020
2823
5579
8034
9091
7648
1117
883
4912
3845
8825
6959
8793
5045
3501
6948
6901
6599
3996
8352
1341
5107
565
4515
3613
225
5395
1220
2435
2672
6164
439
4488
9428
6524
8300
7971
501
560
589
7171
8438
9405
5822
973
6563
2075
1442
7354
5436
6072
2895
8184
5658
5006
9320
7204
2254
2391
2418
6758
8801
3338
6922
6788
8381
5043
9169
9467
7726
9087
9884
5336
578
1097
8398
1763
4030
708
9887
9322
3181
8427
9060
4676
2869
8032
270
6996
9706
9462
1254
7548
6958
2917
4358
287
8038
7014
1979
4139
1250
4033
2701
2482
6133
4499
2702
1504
6558
1034
8691
6564
5513
3578
7363
5243
176
2853
5186
5286
7104
428
2087
2643
9409
6568
3325
5783
748
9074
7054
152
1214
6358
4010
61
5441
6140
2961
9239
9674
2381
7367
6749
9865
2860
3390
8069
755
6950
8867
9836
8560
2868
2329
7071
4359
3678
2960
8813
395
7797
7824
3829
2927
8848
7099
268
5551
5141
9029
3550
756
3306
2144
3372
2385
3298
3595
444
5318
1446
4964
6158
9746
7989
8545
5902
1723
2231
7431
763
1196
6489
4285
2191
9761
85
3769
2377
9498
8003
5015
1804
8497
7583
4920
1969
7848
1792
5341
2864
3110
7661
8935
3576
2155
4317
6680
3188
6192
3564
2682
5216
9570
2106
9487
8569
8385
7518
9149
8048
8551
8581
1257
8665
8084
3344
3121
5462
5572
7701
6882
2402
7084
8177
1683
7186
3099
9575
3075
5453
3253
9165
8258
9758
4040
5042
6770
787
1521
1229
7916
5245
7053
2742
3608
3051
9082
4533
4532
4531
4530
4529
4528
4527
4526
4525
4524
3448
9337
9055
7200
2807
87
2755
8721
7477
3727
273
4123
4414
6871
4013
5106
51
6484
9361
9861
6009
339
7713
5129
245
1332
7057
803
142
227
1638
9670
1555
1761
7506
1435
1405
9294
3328
7170
5773
1423
9589
5815
856
5680
4329
5609
5406
1851
2090
1501
2633
5597
710
8630
1627
7735
7964
8763
8272
2358
7677
4810
2303
8751
905
5251
9600
1357
8709
8476
6868
2901
1469
2592
5508
3751
5330
8052
2694
1184
1399
5237
6883
5818
2137
8390
7941
2243
9068
4226
1349
9698
2622
4234
3758
4944
3395
3633
163
3109
6515
9081
3125
9280
8248
8221
4163
7692
3158
1294
8443
4929
6659
8745
3364
36
2965
7246
1963
4885
2054
7737
7960
5897
1516
4980
2858
2834
3827
3333
1993
7645
8668
9437
2524
4416
2494
9438
9075
3255
5187
9878
2480
5061
908
6762
4780
2121
4848
4173
9756
2981
5741
8811
5873
6751
8410
5189
1448
9167
7682
3698
3644
2801
8930
3381
5386
2898
6889
7774
9261
2833
5467
5339
6149
8335
8866
5548
7149
5990
2936
7028
1454
8348
5283
4505
6841
4276
7141
9204
4673
7447
3198
4158
796
6938
1685
6671
1093
3591
647
4161
3186
8301
241
8542
5862
5645
9263
6849
597
6796
4168
6375
9559
9254
254
1992
1949
7759
2885
3975
6413
2751
2866
5337
6088
3812
3514
8699
5714
876
8932
4005
4888
4330
5663
6975
4038
2535
5662
3588
9479
8128
4370
2521
9210
5012
8718
7613
8764
6450
405
3430
9879
8353
1744
6103
8729
1426
8130
8594
3492
4925
5506
4854
1429
3301
3235
3844
807
5128
2629
5235
7029
5809
4689
1565
7652
8145
6557
2642
6634
6132
6043
8752
6549
6875
5910
9140
6908
2443
7732
8942
2145
3084
470
3185
7615
3618
5603
4100
5554
3217
6665
4967
3493
7944
8204
1249
9100
6187
2085
319
8400
6442
2036
9592
8044
2545
5182
2427
604
6141
5622
5900
8655
2176
3061
9786
1199
2662
5866
9109
9207
5852
9773
9223
7352
1991
1964
9018
5689
449
8888
8260
818
5442
5200
2076
3826
1826
378
2424
7757
4675
2183
5732
5628
5378
5578
5814
2612
5103
2739
8610
3313
8878
3962
8383
4295
5291
9486
7544
9305
4682
2588
4859
7581
4889
5447
2447
1247
8523
6579
4500
8786
4770
2051
4336
513
466
4001
7381
328
6427
8990
4486
2487
5425
6155
5590
8070
4594
3518
3622
7065
2460
2775
7536
6545
7453
7003
4491
4462
8356
3047
2752
169
2867
4037
5583
7672
1957
5931
5463
1045
6661
7950
8649
8252
8323
2803
4638
4611
5039
7525
3239
487
5009
299
8926
6695
714
5973
2926
9027
5649
4473
7184
8637
3775
627
9550
9024
8254
9722
3058
2953
2278
1019
2264
8039
561
1860
7379
4177
117
8713
7451
8733
6509
5371
3531
4360
486
211
3371
1162
3152
3095
7633
4559
9644
2226
3515
9730
3168
591
2520
7189
9582
5217
2531
5185
7384
5560
5593
3705
175
3076
864
8604
8158
9557
765
8840
8586
3087
8524
2140
1149
8093
7552
1321
1517
8441
4303
870
6052
6933
4670
2348
4243
1147
5923
4338
3102
2645
8031
2977
4494
1356
6830
6829
6828
6827
6826
6825
6824
6823
6822
6821
6820
6819
6818
6817
6816
6815
6814
6813
6812
6811
6810
6809
6808
6807
6806
6805
6804
6803
6802
6801
6800
6799
5398
6911
4270
1102
6020
546
9788
713
7547
1623
4776
8083
1033
1855
7976
2484
2950
6069
4186
4570
81
234
4972
1195
2318
5433
9877
4935
9781
4707
1133
5793
3370
4174
1637
3821
98
7138
224
7418
8164
9397
1562
8656
926
2403
7595
4662
2558
705
308
7086
3847
7591
931
8043
2285
7604
2743
2526
3140
9909
5391
1198
5625
148
9122
2669
7021
9035
4762
5870
3167
7147
2589
260
4821
2112
9136
1772
5886
9554
7799
229
7097
8422
8651
8681
29
3714
7580
5272
4800
7180
5466
7496
3355
5876
136
1513
5980
4881
3458
4165
8046
2050
642
3985
2275
2433
932
5333
9422
255
3796
2985
7782
7825
9765
615
2707
2297
4398
9501
4478
9088
3406
7507
5475
4763
2859
9849
1388
8768
7572
6677
7030
2351
1951
6494
2409
8377
3433
2139
2971
6757
2025
3231
4823
5474
7404
9896
5616
9702
8992
3523
4791
8760
5988
3637
1002
3473
7574
716
5604
3763
7087
7253
8879
4432
6610
3642
4714
7603
9853
8008
7887
4286
4190
4947
8370
2324
8124
8172
3973
1802
362
4609
3216
9682
9407
6407
1755
1419
8659
5992
7657
4953
7510
1759
5652
2769
8054
8771
3394
9274
9317
1655
4436
3483
6041
1286
3300
2450
2925
3171
1100
5893
2369
1009
9237
6380
8679
1165
5120
595
4678
5160
1182
4620
303
3144
3658
6778
1270
9358
7806
939
479
3506
5612
5218
6865
5013
4375
3160
3988
9073
9331
9117
2762
9131
2026
6931
7357
3850
9000
2152
5688
3778
5708
6046
8639
8368
366
2452
6386
8208
2619
6583
6526
3596
3532
1840
1227
726
5036
7561
2153
8851
8882
4112
2004
4350
806
1372
8631
4404
3806
8782
5188
8366
3482
8253
415
2982
3366
3199
7786
809
8065
5037
445
4156
3326
5955
383
6523
5152
9083
5028
4642
3043
1585
2812
4783
100
6378
9593
9768
307
5315
2547
8687
7641
2805
770
8304
2509
9496
9549
5292
6170
5246
2609
4399
9335
8903
3516
8140
6452
5281
5820
768
2089
7198
274
8531
5502
5817
9206
8179
7385
1241
9665
1152
3792
2441
4910
316
3234
8197
8579
9834
8628
7611
6172
8229
4464
2049
110
4235
2770
477
584
2255
4809
617
3118
5258
6512
6423
3203
1139
3126
753
171
9463
7130
7197
954
3367
5994
3085
6368
50
4313
3563
1192
8817
6742
854
2557
3739
461
4598
6414
8647
4819
5355
6522
5399
6548
6044
1119
4853
3094
9499
4867
6561
9483
1865
3841
3868
4159
8714
4443
1298
3423
1230
8467
3757
41
7403
4006
4372
458
1972
7116
4679
8757
8653
8403
8603
4905
1169
9640
1042
2073
9218
1288
9696
3546
8379
8081
6848
2166
2979
7123
2600
5507
2129
5537
8472
481
5996
6107
3148
6941
5224
7750
8832
1554
5220
262
5921
1207
527
8645
2142
6418
3357
5917
5215
4058
3476
5930
3491
6985
773
6592
4355
314
2041
8693
8761
1280
896
6396
1696
9162
3003
709
4166
2070
3672
1154
8919
9568
8077
3852
4305
5408
7538
4017
6095
6637
7612
4577
2814
312
904
6437
745
8789
7920
3671
4732
7767
1960
496
6538
4402
4760
2896
8263
2940
7373
9743
1309
8642
430
5307
7996
4331
7025
1752
9298
8290
8120
5019
2617
9759
5765
1325
2587
34
2276
4456
2093
6457
944
7618
8169
7730
4660
6505
7181
9732
3454
4579
9603
9906
6432
4354
2408
6864
8249
8206
3183
8682
7796
4753
7956
3771
1103
1480
8409
797
924
7649
3767
8564
2754
8865
9687
9142
2818
3814
7358
6673
7489
6068
310
1474
7699
4943
9379
7416
9241
8463
1238
5454
3990
2404
4169
8837
2216
8804
8004
9558
1167
4364
7723
5449
793
1511
2341
4314
4724
1864
7992
9015
2007
5892
2309
9672
6539
5040
3408
9639
9856
4950
5364
2453
6670
3704
4255
2251
2224
4412
4351
3162
5624
2842
9673
2736
4838
2344
7260
3557
873
1649
9417
7654
7252
9062
4318
468
497
4562
3776
9789
3693
7727
7010
4624
8459
8355
600
5280
880
8571
4777
6983
492
7702
6128
4979
3848
1831
2432
2479
342
3082
5949
5313
506
9755
5498
801
7023
4799
5830
3648
5860
2576
2180
3400
3685
9220
8719
301
4291
1870
9904
6744
5585
7239
4191
6453
1432
868
8632
918
1514
7527
2187
3035
7046
1312
7391
2006
8607
8810
4794
8080
3154
9894
2415
979
4381
7749
7776
3877
3318
4039
1394
3302
7888
1380
7162
6435
4052
9076
7534
5630
2313
912
8557
6888
7043
8828
2533
2021
5055
3097
6113
5375
4970
8598
7630
7879
799
3210
2848
8330
5752
9669
6648
4906
1586
893
8455
3614
6616
2436
9099
7565
9840
4752
7027
4467
2802
2323
4434
9785
5727
1200
8548
9700
7142
9777
1749
3577
718
6030
1437
4588
8775
6470
66
8091
1988
6666
6732
164
5865
4858
5794
8329
5569
1734
167
5704
8519
7473
4321
4145
8267
1285
6105
5739
3616
5693
5367
3305
6949
376
1732
9227
8425
952
6963
1648
4534
953
336
5831
1827
9850
8022
1532
5674
8351
5255
8504
8673
9418
7251
6142
1857
9399
3033
7268
7777
843
3349
5022
6180
9009
9538
6895
9485
3358
935
1384
5517
6416
4373
6617
9016
6845
8428
2688
9663
2270
4497
8102
9019
6629
3782
2189
3299
4700
282
9493
511
8727
4326
139
4587
9348
1253
3541
4900
4182
4339
8565
8671
4834
9451
3356
3018
4448
9386
8624
8218
9852
4410
8481
1124
3547
3262
145
8821
5385
9583
1373
2030
1505
9303
4022
9004
2878
7729
940
7482
1189
5208
7095
2919
6356
2364
3494
2623
703
7090
6900
7031
1273
1176
7064
648
8134
8537
5844
7351
1225
640
5204
8621
5023
8063
3562
4457
5661
5476
5557
3707
9265
69
4229
8407
6387
208
9297
587
5180
5763
9596
9423
6912
7019
7048
8482
4020
3459
7414
2207
1345
3374
7546
3451
5716
5824
9159
5927
1084
8689
3012
7705
8829
1400
9649
3524
157
6504
3750
9216
1328
2581
1727
6896
2431
1354
5008
8507
349
2197
3587
8297
2300
7526
8526
8820
657
8540
8284
641
9701
1829
1856
8889
8086
608
4386
2956
4706
7599
1745
5153
8021
6594
3465
6893
7369
5941
2350
3810
5002
7663
45
8578
7576
3263
2892
8854
3715
8303
3049
1682
2131
7998
5863
6011
4110
4057
2492
7880
2797
7051
1411
3791
2595
7446
7154
3442
9491
4863
315
7610
8312
4230
7624
4415
1560
8846
8200
7107
9889
1023
9147
388
1671
1551
4691
7695
1819
6200
6201
6202
6203
6204
6205
6206
6207
6208
6209
6210
6211
6212
6213
6214
6215
6216
6217
6218
6219
6220
6221
6222
6223
6224
6225
6226
6227
6228
6229
6230
6231
6232
6233
6234
6235
6236
6237
6238
6239
6240
6241
6242
6243
6244
6245
6246
6247
6248
6249
6250
6251
6252
6253
6254
6255
6256
6257
6258
6259
6260
6261
6262
6263
6264
6265
6266
6267
6268
6269
6270
6271
6272
6273
6274
6275
6276
6277
6278
6279
6280
6281
6282
6283
6284
6285
6286
6287
6288
6289
6290
6291
6292
6293
6294
6295
6296
6297
6298
6299
6300
6301
6302
6303
6304
6305
6306
6307
6308
6309
6310
6311
6312
6313
6314
6315
6316
6317
6318
6319
6320
6321
6322
6323
6324
6325
6326
6327
6328
6329
6330
6331
6332
6333
6334
6335
6336
6337
6338
6339
6340
6341
6342
6343
6344
6345
6346
6347
6348
6349
6350
6351
6352
6353
6354
6355
8026
6535
7132
5695
4015
4382
2248
9411
8893
2363
3363
5164
9458
6856
6181
5064
3475
6167
4309
5511
6843
9347
2654
1771
1186
7438
5835
2419
9135
9101
526
9791
9844
4708
4856
900
96
8035
5411
3466
7514
5156
7900
9168
2134
2105
8861
160
9539
7419
5937
4778
1848
599
9370
3163
877
9690
8141
2111
7686
7836
9013
1675
812
1299
3976
4003
6633
1642
3447
6124
1626
5190
6110
1691
2208
3460
7642
4665
4343
6091
9545
2213
465
596
8123
2593
2239
9490
7479
2307
1436
7166
6685
5846
5181
8993
7780
5321
7245
4792
359
4895
8741
9356
2164
9279
2222
4655
1803
9364
9754
3645
2422
2451
580
2861
6738
4956
3737
4581
2987
1385
212
3570
5065
5131
3019
7522
8582
8501
8686
6898
7667
835
9560
5389
3761
1643
6018
1866
4875
6121
764
1635
2406
6067
417
2439
592
2380
1580
1158
7196
5951
181
7873
2375
3765
6054
1735
5650
2773
7914
3002
6675
9270
5396
7965
4840
750
6076
333
231
7192
9681
6157
1132
7709
2863
545
9375
8196
8397
8747
1266
3226
3549
1216
5867
9714
4541
3669
3362
2345
6125
7378
4453
7582
1094
7549
7943
3610
760
1291
2230
7374
8609
5167
1867
1020
1556
6663
9257
4374
5570
842
4056
4300
7397
4041
4064
5842
9750
7981
56
2660
5492
2959
9548
4637
2621
7725
6867
4312
3190
6581
8110
8402
1983
5223
2365
4053
1157
8085
4617
9065
8115
249
7835
1522
7537
1031
7795
1088
8908
3341
754
1397
4428
4193
3593
7859
2572
7985
1712
4831
7826
8732
6640
3469
2461
5999
8146
5119
4103
5963
5541
1680
5404
6060
7948
8520
4669
266
8666
84
1835
5971
8372
4108
2582
2367
80
4431
8661
4999
2824
7905
9232
8006
5877
1143
5751
1809
9783
8874
3009
275
7540
6527
3122
4278
1315
3621
4814
6507
4315
5887
9680
2459
9645
2325
9063
4512
5632
9711
2883
1233
8449
9797
128
9468
3115
6981
7140
7509
9561
4575
3586
1590
1591
1592
1593
1594
1595
1596
1597
1598
1599
1600
1601
1602
1603
1604
1605
1606
1607
1608
1609
1610
1611
1612
1613
1614
1615
1616
1617
1618
1619
1620
1621
4651
557
9036
5577
3686
8812
3499
5444
7554
9588
4784
2359
4553
2308
8605
3534
7625
8754
4363
123
1243
7556
1488
6447
8827
62
7256
5728
715
9226
44
8599
8838
5828
1693
5392
2098
3999
7487
2555
7455
740
1092
544
7026
3409
3173
2675
7077
3259
2470
6365
8819
3425
7569
3008
5864
6921
3477
2659
9553
5889
8067
7973
8087
5770
1281
3994
4482
5833
4225
4224
4223
4222
4221
4220
4219
4218
4217
4216
4215
4214
4213
4212
4211
4210
4209
4208
4207
4206
4205
4204
4203
4202
4201
4200
4199
4198
4197
4196
4195
4194
4754
512
1317
8862
1461
1743
3732
2113
5774
5709
7609
1968
4504
8502
5151
3697
1395
9041
2258
5908
4334
4698
7720
7832
5197
4389
2012
9045
7400
7865
5162
2371
4262
8576
9678
4148
7679
1527
9211
109
9277
419
9203
7634
4438
8781
5800
313
6397
6588
909
6129
4817
8119
4631
1786
1520
6047
2322
8389
4671
6573
1508
7460
5964
6836
895
9552
8011
6081
2127
5568
3863
9069
7999
4986
7928
2023
162
4242
7653
120
8357
3249
8226
6363
7665
1099
3773
6764
71
6847
6153
3548
1699
2246
850
6135
2102
5986
5345
814
9249
8293
8487
8597
8989
610
436
2386
3340
8036
2686
2034
6759
2058
8478
8161
353
3421
6576
9774
9579
722
1261
5725
6014
982
3802
2417
1039
7621
5409
3067
6974
6973
6972
6971
6970
6969
6968
6967
6966
6965
9353
2947
3040
2700
9145
1506
1026
5289
1740
7502
4267
9857
6855
621
9747
9643
5113
2327
2923
8921
4710
4333
2789
9666
1348
2235
2413
1245
1451
1366
4048
6664
5691
7968
1711
5811
5841
2990
9233
2670
4946
5823
6745
4904
267
8705
8345
8634
8431
3981
55
5745
1148
8622
1573
5380
4059
2767
934
5247
3435
5945
146
5458
5890
5259
5615
3808
6734
2210
5301
3639
624
7891
5777
2604
8533
7478
8769
846
1087
6059
5847
3794
609
4901
102
3553
957
4619
3053
5068
2218
6636
1159
5060
7471
293
9300
7596
1430
2024
2296
3066
8289
3004
3411
3384
9897
6532
8256
396
3606
278
3228
5265
9269
8852
7827
2746
3869
5533
8835
2765
938
4822
5730
329
7934
8147
7402
9238
3839
178
5342
2847
2506
6857
528
2846
3060
8159
3744
8904
514
9598
5618
730
5428
86
5496
9907
6578
7811
4978
5199
4846
741
3573
3746
5798
351
141
7531
7585
9139
4247
9286
8411
7894
2475
2446
3712
6185
985
8570
5302
3445
5154
5563
9703
7605
5915
2277
4130
8772
701
9049
7238
2421
6860
6887
5697
7463
9855
7005
4107
2646
738
695
363
9429
8842
382
4324
2457
1713
155
5638
3139
9845
385
9051
9301
6196
8440
5940
5685
8601
9567
4502
8217
358
7710
1466
2554
3081
9384
3556
4265
4484
1841
1319
1073
1072
1071
1070
1069
1068
1067
1066
1065
1064
1063
1062
1061
1060
1059
1058
1057
1056
1055
1054
1053
1052
1051
1050
1049
1048
1047
8309
6609
4561
6768
1443
9113
5177
2590
288
8869
3485
2999
4543
77
5480
1333
2601
2647
8247
4849
7742
4142
2449
1112
2273
1445
8650
6045
8416
8873
8274
2538
1038
6161
3884
3885
3886
3887
3888
3889
3890
3891
3892
3893
3894
3895
3896
3897
3898
3899
3900
3901
3902
3903
3904
3905
3906
3907
3908
3909
3910
3911
3912
3913
3914
3915
3916
3917
3918
3919
3920
3921
3922
3923
3924
3925
3926
3927
3928
3929
3930
3931
3932
3933
3934
3935
3936
3937
3938
3939
3940
3941
3942
3943
3944
3945
3946
3947
3948
3949
3950
3951
3952
3953
3954
3955
3956
3957
3958
3959
3960
1374
7904
2574
2942
4401
173
2209
9542
5566
5205
1698
6918
1316
37
6748
8250
6410
2683
5233
6964
8283
9070
6003
4629
7627
3760
9667
7816
8334
8219
8834
7151
7476
8259
5522
1091
3431
9870
980
8506
9492
2290
5673
7818
898
1096
616
1853
1496
1781
2620
4880
9683
8490
5681
9497
9151
6033
9166
4501
3741
7393
9465
101
2906
2852
2118
7711
3807
8464
2667
5109
3201
5369
1296
8020
6083
8503
3346
858
1548
9042
1489
2946
7150
4437
5904
7348
4781
474
8168
103
3799
4861
4244
965
2759
6084
8106
2973
2060
573
659
4176
4657
7235
4018
3138
3031
3835
9028
1784
2229
7930
5244
8667
4461
8803
6615
4045
5179
263
8883
2921
8554
7719
8758
5789
5491
4138
8117
6075
1101
8473
836
95
1702
5165
8770
5004
7644
5960
5882
8051
712
5468
919
4603
9456
5147
5211
3615
6372
5837
4147
3861
9891
9591
2941
341
5559
5984
566
2677
9888
3873
5671
9385
8950
5284
2168
5058
6934
9581
5647
820
2430
9769
602
2893
3859
8944
1783
5035
2352
3640
1375
3377
5122
8202
9079
7459
1367
941
5848
802
577
2516
4674
1425
3823
742
2423
5743
2346
853
4476
777
3538
6840
8702
489
572
601
1502
3428
3078
8623
4758
423
3830
4937
3070
1209
6403
7206
7601
2886
7440
1825
6687
8122
6130
9228
9248
3527
2100
6910
7987
2151
8176
7697
9734
4125
658
8575
6444
1194
9563
7244
9653
8756
8572
1221
3652
5721
1107
4371
9064
2267
7579
1791
1383
1232
1576
1629
6978
2912
4406
4610
182
5234
2583
3783
3536
8279
9215
5856
4966
3619
4362
8947
3605
421
723
30
3214
4666
4155
2758
2809
1302
612
732
6028
4715
7398
9283
7779
4146
9138
2963
7895
2661
1733
7444
8001
2262
3567
5493
4718
7203
1816
4241
4392
1950
5771
1479
731
2829
7144
6608
1123
2540
6382
4841
7646
7137
6904
7516
1377
618
4557
962
4667
2916
8662
556
603
1989
3023
8148
8492
4984
6406
3498
5144
8573
2649
4729
7856
2442
5792
3511
8073
6946
651
5018
2641
9502
7114
1770
8216
9892
1252
554
8808
3240
3729
7638
1636
9895
8228
3464
1352
6126
4857
8670
3021
643
4591
696
9902
200
6775
4132
1339
3840
3883
1974
7907
9709
238
1030
7926
4982
6467
7417
7176
5311
8739
5586
4245
9739
5536
8344
8688
2495
9772
9341
8090
259
5414
1686
2103
3403
4997
9708
9095
4298
8814
9748
1401
3500
6577
3353
9410
5899
6740
7533
2857
3405
7424
3505
441
1967
7578
5236
8510
186
48
5883
2865
6735
9235
8060
9642
6997
2045
7781
4694
7372
1146
7714
9544
2314
5161
5840
9536
6574
6428
840
5041
9376
1268
881
2837
7109
1806
7622
424
2781
6188
611
6531
5764
9366
7359
5633
6605
4907
2786
7840
2015
3706
3141
960
1485
631
8939
3609
3654
7121
3329
9540
2955
246
861
9354
2077
3694
9885
4661
6682
384
4618
9862
5710
8711
3373
3970
6642
8234
6866
8877
7410
5857
5231
289
1262
322
471
8238
2203
7606
7387
4951
2529
2991
1188
4795
771
5316
8563
903
3191
4894
6042
2935
7442
9444
2929
8354
9393
2483
4641
2507
9394
3441
4183
9106
2980
6937
8154
2094
2357
2882
2320
149
9134
2737
1812
6955
8187
1156
435
5906
134
9044
2608
7921
6032
1767
1705
8626
2148
7178
8796
9448
2379
9288
947
9720
6639
6596
429
4621
9158
8539
9005
4228
6907
3123
1834
8346
1193
2294
5969
6676
8448
2838
8514
5565
2428
7898
8614
2563
9867
112
1661
6097
281
7493
6555
8230
3764
590
4988
7428
5678
7074
907
9883
1823
1976
3439
6582
1046
2372
1282
4062
7008
5169
9040
1256
2630
9412
8700
9587
8534
1787
5756
9236
6909
8454
3963
5486
614
1131
9067
4962
7765
8723
4263
4129
6468
2631
5588
4388
9551
3376
6688
3708
7602
1795
4178
1510
958
9107
5754
9157
4008
1729
550
4346
7127
4361
655
5304
6481
3220
8553
3661
910
6977
8057
7136
8047
5309
6763
9854
5679
2490
9104
3020
154
7409
7722
9256
8271
694
5527
1952
4818
702
9126
7553
3987
2335
8629
7466
2383
2753
1289
6873
3179
7587
7694
6160
8929
890
9108
8388
5104
296
3533
5911
774
3335
9707
8009
4356
7050
8198
6652
2877
232
7962
5827
5351
4727
166
302
1707
3134
4458
6015
5338
739
4552
6739
1460
824
5067
7893
5314
1861
1304
3718
7001
7715
2099
8339
9072
3312
1301
1849
8901
5530
1396
6171
7461
6650
8153
2426
8654
6077
9469
258
5464
7739
1414
6793
3797
1956
800
5748
6031
7593
7508
2331
1267
8910
6100
279
3809
9121
6417
9092
397
2237
3854
2326
5298
5929
3241
3407
414
1178
8664
8072
784
4519
7617
4709
989
3192
5353
2525
5412
4807
3258
4487
3223
5469
3522
5891
8512
6165
4369
3559
3455
2037
135
5025
1998
406
3120
882
317
7550
5490
5602
2810
9441
3320
4342
4994
620
9679
4765
1187
8940
7155
7728
9731
5737
4989
2240
2360
6451
5660
2316
3592
865
6150
7736
8945
6678
1531
7700
4489
2910
8205
8068
3032
8495
790
5623
2596
3065
6193
9638
623
4870
5717
4124
372
7495
3822
2881
6525
8749
3041
2223
1265
5410
2412
1235
7564
6547
4767
7449
7380
7664
1260
8264
3387
3525
1658
1004
3662
2392
706
9054
6101
3701
9655
5627
3153
5525
6536
6559
8027
3537
6544
6037
2088
4152
9869
8182
2830
2870
9699
1958
39
3989
7073
4393
5723
6176
5665
126
7501
93
598
3993
1204
4787
3017
2150
2488
3189
5500
4692
3743
7939
1417
3800
1854
7651
8538
3133
5319
9400
3127
5742
1079
6940
6422
516
1080
9767
5993
9873
3853
2456
860
4281
8316
7875
2530
2162
5989
2822
6628
2474
4264
866
7923
7117
3045
3590
8233
2962
8895
1575
9764
7970
3561
3725
4572
4981
8898
3072
2776
2817
9537
9580
3544
704
570
9243
5209
734
452
425
4608
2704
2964
9543
8683
3347
7897
6483
8461
1863
5804
40
3132
5683
4897
2879
3601
2671
4583
4554
4495
927
3463
2287
2856
6929
4433
6391
1109
469
6023
8420
1368
7616
6956
7158
3992
6016
1557
9573
2149
118
5159
1292
9846
3828
8324
1242
5874
5379
2795
7423
5228
3745
3529
9387
3416
4409
7810
9271
8215
2001
1239
833
9574
4439
9890
9231
4764
4377
2288
9689
3068
9565
7083
5417
4101
9150
5431
1493
203
6741
6566
4301
8784
2559
5323
6198
9143
1278
3467
543
6838
6785
8082
6385
3803
1172
2790
2949
1313
7174
758
2611
8071
4899
1515
54
2698
4268
6115
8527
4902
9500
3342
1832
6002
6669
3670
7437
475
5558
4310
8180
3360
2104
8948
5382
6168
6383
3392
6905
8830
1483
5059
1011
4471
4578
4607
5457
1666
8296
3815
2299
248
8211
3683
8288
1530
1422
2821
2340
2697
5664
9272
4725
2048
193
5112
8361
7666
6051
5193
3311
265
2569
7490
4455
7039
239
5363
5482
5000
2289
8424
3117
6511
3703
5501
2039
6835
5515
3130
6851
3967
7388
7361
9893
5296
6884
392
9328
6013
3630
7472
8857
1814
9740
8302
4452
3860
2354
7120
5253
5357
3566
2080
5553
3653
6694
9392
38
9488
402
6638
7683
3542
817
644
131
7813
2347
1181
8532
94
8562
3635
4475
4723
6448
8266
551
3781
1965
5178
5692
3777
1331
4798
6036
4521
5365
107
243
9262
4802
3772
9792
9381
4789
7199
2485
1275
3161
8319
4308
8822
5317
5249
410
5606
221
8092
356
7789
1574
9900
35
7557
3668
4258
6766
821
7377
8369
8433
2172
9751
6460
3206
6169
7018
9152
4306
5614
1197
1538
5221
978
7558
7712
1982
3872
4490
3107
2793
7740
7896
3426
7852
1844
6591
381
5368
4424
8792
902
8343
2445
7959
2986
3453
778
9556
1164
6575
4954
2242
2599
8850
2184
6897
58
2616
5654
6175
3332
2772
7101
2306
2681
6602
9359
7020
6731
8876
1202
8320
442
628
3412
3369
8231
5328
2011
7733
942
7458
3719
5766
3572
1251
5634
174
7462
6148
1027
5145
6647
2253
9156
7415
1859
3242
1728
6487
4304
5772
8987
292
2905
1801
4119
3626
6005
8479
9724
438
9903
5173
4646
5206
894
6776
3655
8310
2779
8474
1255
5735
5928
8360
7704
3968
906
4162
3825
4827
5896
6662
3108
9577
9313
7571
8270
4297
7061
6061
7266
7119
4589
9657
3657
5331
205
4115
9425
5956
4826
3722
8243
7867
484
9205
404
6514
7207
6877
4031
2967
3010
9299
5239
844
1012
8677
7966
7037
9120
1847
6850
3083
2019
9012
8295
5838
1263
8868
2171
1370
8192
3733
4835
3510
5919
8738
3649
1108
2064
5656
5626
5397
4656
6404
2993
5017
1360
7445
2798
7598
5898
849
2577
3543
6598
1376
5957
7814
4580
7169
2784
7675
915
6436
8619
4175
6571
6954
7243
3625
9110
2022
7967
3638
1985
4645
4959
6787
2546
2200
3634
7067
7972
5631
3000
390
7708
2481
7470
5706
6618
2771
3348
4246
7755
2214
2110
3243
8255
4883
2339
5562
6885
3589
5274
8395
9146
9345
9453
2165
6683
1654
7746
6017
4923
4635
2291
1547
3090
2778
8419
8678
7751
8620
1392
1650
7942
1086
1644
8684
2414
7658
1166
4941
2664
3581
7870
1681
869
9461
4274
1737
3074
4913
7881
4851
3659
6473
7520
1145
9871
8132
3044
4960
1821
6443
498
2284
4681
9848
6475
7134
4995
7693
3545
2263
3402
2466
6412
9202
9201
9200
9199
9198
9197
9196
9195
9194
9193
9192
9191
9190
9189
9188
9187
9186
9185
9184
9183
9182
9181
9180
9179
9178
9177
9176
9175
9174
9173
9172
9171
9077
476
4927
7179
825
2518
1632
9555
1140
6832
2356
7977
3379
8890
5991
4548
5202
743
1850
5968
6660
4117
7831
6415
8466
5123
9744
183
6029
1441
2416
3059
1535
4936
9230
3137
2875
1138
52
4422
2366
8076
143
253
1208
9578
2908
5975
5591
7955
2361
8013
6179
4418
1000
6367
1672
3100
4955
2918
1858
8658
3174
5555
9124
9061
8050
7523
8273
5670
5761
1652
4238
7620
7575
2349
9234
6794
7837
1347
272
2930
42
7535
8897
7102
3251
4378
7059
8920
8735
5299
9278
9704
3211
3397
626
1287
1807
4862
3788
4283
5981
4316
4465
3401
4659
6163
1830
300
2541
7801
6055
5443
1277
8783
6147
5613
8223
5542
6513
7857
1775
2840
7863
3517
2891
517
7082
541
2890
9346
5111
3091
7812
555
3317
2915
9296
1297
9784
6360
1717
3337
4260
966
2989
1219
5718
2508
5734
4231
6411
974
4803
433
3478
2159
2568
5859
8816
5655
7798
3496
2585
6369
2124
3488
2471
5524
4547
3489
630
8100
7817
3028
579
3106
5781
9154
3462
523
1141
8104
719
2454
180
9830
9829
9828
9827
9826
9825
9824
9823
9822
9821
9820
9819
9818
9817
9816
9815
9814
9813
9812
9811
9810
9809
9808
9807
9806
9805
9804
9803
9802
9801
9800
9799
2378
6992
9875
2081
2167
3755
2691
3632
121
746
8457
4773
2476
4824
43
2656
6373
2972
2799
6490
4991
1222
5979
2532
6381
6529
2839
3385
347
2549
3600
8480
355
564
3354
6078
2668
5473
6459
215
3468
153
2924
5192
5788
6772
7395
2791
3457
8617
8363
125
6099
5383
2247
7949
9481
3495
4337
4023
3224
2757
6499
5057
1126
1007
3172
5248
4332
7063
4772
1171
5325
4816
6194
8600
230
1015
5062
8167
8740
4189
562
9103
9273
1218
1975
6476
5985
5362
6058
33
187
3265
4026
8543
5268
8924
8308
8118
1810
987
2194
3818
8444
7080
4741
3598
4440
4711
111
8298
1962
7975
3995
1434
4736
9332
2992
2665
9762
2854
2143
4420
4109
5421
2613
2182
3248
5358
3424
6134
2028
8286
5581
2653
9026
2293
5115
8896
1323
9250
747
976
3204
7355
5155
6611
431
4171
5262
204
5320
5779
8112
5746
7033
6607
6516
8460
1990
1478
4516
3388
6109
2337
1731
5669
4890
1788
9712
1421
6433
3444
5230
7908
3450
326
2740
4546
1346
6951
2741
3136
7706
2907
3399
502
9457
5564
4672
1032
6064
3555
4405
1076
3824
520
6658
6466
7069
6492
7541
2969
6106
9413
837
3779
3717
891
3667
8349
8707
7912
4650
8220
2841
1846
3961
4004
7075
1326
9464
4866
400
9833
472
9780
3846
334
6114
6038
7088
5121
4775
988
4812
5802
4601
9390
879
2539
9255
7563
6870
5488
5787
7763
6070
5687
7128
9662
3170
772
2591
929
8728
1718
2491
4472
7822
9309
7513
4421
4348
6939
5843
4558
4349
3643
7629
2561
4341
9290
7953
3098
206
2544
4740
6021
340
2321
9137
7820
198
1125
8859
5477
510
7753
3620
1537
1472
7597
1090
7474
132
46
8907
2478
5965
8983
8982
8981
8980
8979
8978
8977
8976
8975
8974
8973
8972
8971
8970
8969
8968
8967
8966
8965
8964
8963
8962
8961
8960
8959
8958
8957
8956
8955
8954
8953
8952
1413
488
1838
8871
1476
5297
1766
5277
2302
5016
7159
8314
4480
1382
9276
3660
8262
2038
6190
7000
6690
4636
7175
6604
8246
4585
2510
2689
6752
3774
2543
3742
1833
8585
8618
7524
1418
2057
5574
2079
3321
6777
1518
5170
2097
2046
6108
105
3673
805
2158
369
5729
3604
8371
5580
6503
559
7111
5935
5051
3675
4796
8336
2031
1136
867
7815
6935
2211
662
663
664
665
666
667
668
669
670
671
672
673
674
675
676
677
678
679
680
681
682
683
684
685
686
687
688
689
690
691
692
693
8423
581
5024
3720
4699
4540
6546
1570
2163
4063
5424
815
9401
3977
922
518
7842
6486
5108
7011
5143
1359
321
6048
5905
8458
8905
284
6553
7687
3689
4926
9275
9908
4049
7408
1495
2638
1369
1799
3327
2887
9460
5354
5636
437
2115
7103
2570
1578
4302
2384
7382
2119
5641
855
2193
5495
2844
1183
3056
2265
4893
2376
1583
57
1750
1244
7009
8306
9694
5707
2966
5888
7505
1778
2560
2933
8430
8984
434
196
8144
8178
9874
2693
2997
2750
3692
761
2957
6424
1719
7844
2245
5295
2624
1633
7105
8787
7768
5377
1714
9753
6621
318
4426
4745
6462
2225
5011
9325
4844
7160
2091
1774
4016
1404
1622
1645
3832
306
1630
8056
4922
380
3352
9671
727
2761
7350
8843
5584
3855
1337
8881
8138
8447
2849
3680
2687
3647
459
3851
8541
7125
8199
1153
547
3980
1379
832
8386
6657
782
5722
4277
3218
3470
2511
9421
3266
3267
3268
3269
3270
3271
3272
3273
3274
3275
3276
3277
3278
3279
3280
3281
3282
3283
3284
3285
3286
3287
3288
3289
3290
3291
3292
3293
3294
3295
3296
3297
6143
7004
8239
9132
8382
4713
5350
4693
6080
4114
2181
9111
2464
6112
7396
5759
9059
1736
4137
2636
3709
6082
1163
5868
2911
5806
9089
7480
280
1563
8029
2266
2922
8418
7164
5778
2615
3571
7056
5659
639
2695
2850
633
201
5595
4771
5653
5394
7724
9105
736
6520
2227
5796
1226
4766
629
9651
7545
981
3440
2808
4279
8736
8426
4444
4914
7131
5836
3159
6674
7600
1353
3037
8931
8185
7731
9716
9910
9911
9912
9913
9914
9915
9916
9917
9918
9919
9920
9921
9922
9923
9924
9925
9926
9927
9928
9929
9930
9931
9932
9933
9934
9935
9936
9937
9938
9939
9940
9941
9942
9943
9944
9945
9946
9947
9948
9949
9950
9951
9952
9953
9954
9955
9956
9957
9958
9959
9960
9961
9962
9963
9964
9965
9966
9967
9968
9969
9970
9971
9972
9973
9974
9975
9976
9977
9978
9979
9980
9981
9982
9983
9984
9985
9986
9987
9988
9989
9990
9991
9992
9993
9994
9995
9996
9997
9998
9999
10000
