1
2
3
4
5
6
7
8
9
10
11
12
13
14
15
16
17
18
19
20
21
22
23
24
25
26
27
28
29
30
31
32
33
34
35
36
37
38
39
40
41
42
43
44
45
46
47
48
49
1085
3874
3738
2563
1438
2701
5288
1429
6001
7947
1434
4284
4398
6289
8314
5650
1486
9639
7908
7721
4565
1381
4991
6523
7414
4010
9090
7011
4823
8685
8538
1786
1831
7165
4356
9331
6134
1818
7582
8025
3178
7636
2017
5213
3932
8754
5917
2270
4095
8418
7390
5850
5205
6853
9071
1936
3735
6801
6832
4733
8833
5434
8863
3852
5839
5330
7254
5781
7497
8197
1619
9649
2824
9021
3119
1276
3567
1446
1321
7015
8798
2015
4257
63
7481
7480
7479
7478
7477
7476
7475
7474
7473
7472
7471
7470
7469
7468
7467
1329
6124
1931
7281
8083
5823
1498
354
4195
3008
872
8427
5005
3281
9224
3120
5275
8626
5359
2274
4383
1904
1052
8687
8420
3140
2008
7812
4302
8002
7768
6459
1309
7933
6620
9752
2022
4672
6531
2592
1159
8370
5020
3668
8335
4793
7006
767
774
2055
1739
9408
8859
1833
3509
299
2304
3839
3025
7537
7974
3745
3690
9642
7542
6811
1362
2258
1864
1824
5927
5184
2745
811
8680
3418
65
5209
2346
5589
2289
3266
3681
7699
8623
4700
9154
1403
4546
5521
9683
5187
7680
2897
6951
6126
3371
3756
710
4249
6558
694
3744
2616
5675
1126
1231
8951
568
2674
1716
127
1880
3811
4573
287
1611
8574
6212
5961
2948
6866
5469
3407
4039
8165
6208
4549
425
2731
3872
3787
7985
5991
8130
2279
2059
3991
3167
6803
990
195
642
1728
6209
3540
6579
727
6123
1207
1169
948
5324
4101
1915
6580
1714
5629
787
1854
5118
5152
1581
5417
1371
5302
5412
8276
7573
8564
7108
5733
6278
8768
2101
8430
8805
976
6084
8607
4264
8263
8060
7124
2488
9787
2629
8611
4890
6439
3613
4428
8208
7495
8760
9628
7671
3048
1083
682
5252
5847
5869
8783
8382
7152
5952
7698
3621
2341
6908
9325
9314
2567
4897
5914
9755
5511
570
9688
3459
986
9235
3464
7155
6202
6695
1987
3965
8575
6824
549
2594
4826
2995
156
8650
1430
7168
6437
1757
5109
2758
8681
8654
1875
2120
485
7248
6335
2152
6484
4370
2981
9246
8062
835
5851
2524
192
8753
1847
5494
4400
6828
3873
8566
1517
2479
152
6709
1285
7556
2129
1081
9115
1602
7131
3091
91
5798
2781
6273
9121
1552
3268
4774
6229
8562
8173
8634
4085
8947
4125
5363
8134
3252
9063
7540
8244
2330
8923
3149
7960
4764
7756
8277
7451
8368
9077
2339
1937
2574
6965
6909
6359
7311
2924
424
5197
2326
97
6183
7957
4801
9305
9652
3669
9584
8980
8998
182
4478
9114
5084
818
3392
3898
7664
1699
1093
3664
9850
6339
898
3445
2890
1307
6651
2031
1291
2912
4503
9829
9666
5586
9218
6014
6615
2310
6959
688
3220
7345
7403
7040
8448
4986
6357
7236
6199
4378
8549
3324
5849
8829
4008
8933
4015
1626
4132
9429
4999
8559
5725
8526
838
5188
2816
6844
5193
9129
7954
6936
9161
1719
743
1323
2296
5640
1544
2151
6166
2307
2773
4281
8302
2450
749
4346
696
707
8716
7300
9000
4382
5488
1449
6625
6836
9263
5123
3747
1496
8321
4275
284
8169
7122
3493
9604
1534
4425
7483
278
69
3631
7189
2997
1445
9663
8865
3552
9426
5241
119
9702
3265
9542
1480
7629
1836
2514
1103
6121
4993
4544
4418
5919
6145
8481
2386
5757
8916
7134
2187
468
7799
7731
575
7045
5817
9610
1241
6118
449
2658
817
2805
9740
9475
9457
6982
954
285
7932
9422
1061
4028
5681
8266
4287
2800
4439
488
197
1008
3739
671
6283
4780
655
7781
929
2306
5772
1124
8048
7538
1632
9197
5132
8284
1909
3019
2654
8910
3512
9225
3299
9411
6911
465
9799
5218
5794
8336
8227
8344
8069
8039
9450
3042
6053
2147
5765
5061
943
665
1443
3222
9680
2536
4190
5938
5886
9055
2543
8835
3340
6201
4858
7319
1274
100
858
7043
2954
2229
608
9730
5381
6028
1758
77
9098
7585
8511
307
7411
7986
4143
1576
4942
2770
8727
6272
1805
7785
8978
4784
5541
6495
5090
8152
5034
4996
8840
7822
3496
4727
8642
4720
8691
6995
5809
3719
6061
9453
3444
3004
7408
3952
1945
9812
8497
360
442
8329
574
5470
5415
1366
8213
6939
7526
9446
9616
3964
5518
7813
3737
7355
8952
7239
2966
7752
383
2625
1016
3072
4025
4977
9580
9625
865
6125
1519
6418
1685
5774
7988
5948
7384
2014
2255
2610
1319
1059
4666
9366
932
925
3454
3134
200
7593
2570
3594
9028
7270
6822
4177
9211
2814
691
7780
5096
4293
8220
5959
2490
2916
6388
2035
8771
4869
7871
1771
3823
5017
9327
5865
9611
3230
2947
7505
1436
6277
7759
3115
6154
2158
1109
6205
124
5713
1843
7353
8539
1072
2157
6037
5476
5525
8726
8162
1691
5466
9241
8793
393
3800
8425
4529
2095
1811
2411
9713
9209
6030
3679
233
9792
3105
6507
1418
2525
1410
3770
6621
3531
4109
6248
2921
664
1287
1797
6327
2874
2261
9831
9100
2222
2273
8640
804
4023
5455
1981
1988
6884
8852
2115
5916
8259
2487
4474
9717
7223
2327
7946
8421
8733
6116
5792
1921
5113
4765
1522
6737
4130
2072
8274
6591
5811
458
2783
7686
9746
5820
2331
1899
5566
5122
238
9222
9433
1181
5963
1398
1343
3001
1065
6214
6568
364
8112
4543
7071
9693
420
5465
273
8581
7751
7981
9377
583
4901
7192
4894
3581
2833
7574
9582
3785
2409
9643
5507
7097
4786
7559
6013
9404
7052
5517
1793
2171
5332
4817
8372
523
57
8195
2590
7170
1360
3945
4885
3875
3208
1577
1618
3530
8156
6782
8560
1301
4489
2793
4021
2750
4596
4348
469
6707
8211
8034
2303
7991
4827
3185
3236
2809
9138
9561
386
5966
1313
3219
540
5900
3523
2489
4461
3953
1673
6878
7557
7317
9370
9412
9170
9575
1069
3202
1568
9416
4350
4732
2143
2179
9346
1005
9375
8364
2601
8909
7452
4476
8883
582
8957
8160
388
4755
4434
1747
4750
4725
8345
8454
9244
965
7684
3010
9710
5544
2988
5551
9661
2927
201
6962
7466
8836
3644
2447
4864
7998
4983
8138
4175
8189
2052
809
9349
4743
4251
3591
5754
1224
9509
7106
2673
7420
1382
6088
7436
2661
474
1853
8778
8086
493
6571
8799
1162
7697
3752
7899
9705
4516
7140
4906
6180
5396
4368
4837
8402
1560
6892
483
6776
5046
4870
3197
5279
3566
2053
9189
5651
4068
9041
9059
9778
9485
1848
2451
6574
464
8985
6226
6352
3113
1695
7360
3671
4260
8658
7760
3827
338
5142
3264
5035
2656
8809
5360
9158
3449
8609
6391
3887
5893
8082
1334
4278
1784
1484
2796
9466
9823
6798
6820
6008
9039
934
5100
8545
9587
257
1970
6985
8704
3342
3917
1868
2026
5255
7615
3642
7284
8934
1879
1192
4855
8958
5101
8369
9798
5240
5519
4638
4676
7435
1078
8249
3650
2193
6993
1656
6106
2772
6442
6730
9035
6315
5350
3614
9532
7979
4791
3840
4322
6433
1973
2100
692
2998
3867
2515
4258
7716
2241
2932
4290
9533
9722
8940
8561
3786
4587
8435
1814
3333
3766
3035
1038
8662
9056
3199
2242
1507
7640
3195
2278
237
1895
3213
6616
7862
8629
288
695
1983
4966
9389
1580
268
988
4555
7885
6340
4176
6610
6742
4347
4165
6614
6405
2968
5172
5408
2683
7233
2887
5652
246
4208
2048
8403
3215
6328
7385
3527
6718
1717
9603
2880
9301
2580
2219
3499
9434
807
265
6362
1269
4148
2806
2114
1660
2106
8087
9029
6976
6885
8887
179
1943
1006
6791
9094
5610
3309
1947
8971
9754
6751
9113
5853
3060
5595
8907
6930
773
2110
1206
9306
5378
329
5624
6587
3133
4078
4604
8806
8116
6860
6761
7373
5196
7161
177
7865
4169
4582
3350
8756
9318
6293
2708
401
6923
479
905
6797
5722
4009
3052
4107
8261
8434
7389
4228
2127
5478
7938
9207
187
2194
5124
4162
1955
8338
6749
5437
3182
5114
8222
6324
5597
5603
5312
5030
9552
9006
8663
3731
1639
8457
5550
355
6537
8412
5852
2397
2090
9092
2637
8176
3602
1518
9456
3922
9072
7745
3397
4590
5404
5557
5371
2739
2221
6563
6784
7561
2272
8027
8731
4401
7739
9723
8007
5718
7764
7735
1643
4446
5637
9665
5401
7198
1176
4180
7543
1781
5063
164
2714
2944
6807
5644
8746
7080
7405
3944
4338
7450
9497
1916
4834
2119
6143
148
147
146
145
144
143
142
141
140
139
138
137
136
135
134
8292
9332
7769
7093
8807
2356
3546
3806
2057
117
3698
3903
8600
274
3585
7081
9068
7802
8571
8931
7461
5130
5508
6952
7600
3899
724
9803
6254
9822
1312
3085
7438
8181
4748
2868
1391
8641
4164
1674
4698
8993
3865
750
9626
9350
7562
1425
5690
3114
3050
7999
6494
3368
4599
2891
2512
8555
9701
4745
8546
7046
5069
8551
1090
7217
6645
2136
7633
7546
3844
5108
2934
7777
5399
4762
3703
2044
8997
6177
6907
1533
4505
7100
9017
7205
8462
5287
3989
7895
8966
2510
4007
2584
6104
2474
4003
6482
7172
2094
4167
712
6972
2551
4695
8773
732
4340
7674
5016
325
8298
492
2473
636
8330
5673
6794
426
1286
3409
4515
3784
7484
6821
4668
2819
324
2202
1463
3501
6503
3902
3793
1755
5773
2740
9379
3276
2166
1145
2134
9313
8862
8824
1900
3076
8126
1025
3842
7692
8056
1635
7911
7668
9817
2174
8618
9527
3483
7846
5512
6981
368
9387
4518
8986
4772
526
3843
1990
6499
8528
2263
8207
9351
260
1779
6081
3665
8310
5931
5578
2676
5542
8706
3563
5460
6380
1453
5747
7445
8133
7121
83
9067
6834
5819
7176
8328
1738
9741
8411
4089
8667
4782
9143
9175
5245
4414
7826
241
2375
6479
6497
3976
8900
6349
3456
3103
9551
4005
8041
8144
8185
9194
9480
6157
992
8074
7530
1417
407
8005
3320
3742
5033
9621
698
617
1665
5737
5242
9204
5574
5716
3043
8631
6453
9486
2516
4844
8158
5693
3929
3783
4139
6854
7086
8363
9118
4905
6890
8401
5692
6249
5764
2135
3968
3046
8236
3684
6505
7407
4564
4571
8794
5537
9051
3869
6830
1386
2499
1114
3495
8688
7363
7795
3259
6422
8520
7188
2075
1918
4084
6325
5298
9182
6536
8868
356
9368
2559
4463
9678
3777
1406
2013
5227
6456
7094
6140
281
8456
7000
1122
3776
7459
4640
8315
3187
6539
7637
2820
637
9419
2972
1393
4968
5097
8791
9356
4948
3435
6477
6057
1452
9549
9438
4242
4958
358
5076
385
5581
3098
8750
4073
6806
3730
4269
3331
674
4843
5859
7320
5057
1506
3969
2132
6486
8376
9540
6682
121
398
2212
6005
6496
3055
5768
9132
8747
1357
9231
3163
9650
904
7113
2173
4558
717
5143
5843
5787
175
4050
4270
9531
1556
389
9286
7454
1235
9659
7001
4328
8478
9005
3206
1352
8976
5486
8423
1164
1962
822
1138
4783
460
397
331
3212
790
4632
3039
352
4110
1670
8194
2606
4389
5668
2093
4491
3494
4102
6441
4579
5602
5278
6211
2863
5092
6297
5731
6601
746
4685
3729
3414
2548
4374
5025
6329
8550
1746
8962
2389
4097
5178
6015
5663
6007
716
5292
3616
3935
125
503
2911
5884
3678
3513
1857
2493
9343
6438
3305
2505
7194
895
6739
1358
4507
4500
9488
7586
3394
2653
1135
4450
8748
5021
2767
7293
9668
4681
4818
5783
7964
4567
112
4856
6119
3895
8508
3437
1120
5262
7983
6198
1766
606
4992
5844
7297
7891
4610
103
8967
6316
225
1646
5414
5995
5940
423
2121
4794
5239
6572
1282
3715
6552
5045
6236
1348
9002
4320
5810
2821
6895
2992
8010
9592
8017
3088
1816
8659
4767
731
4372
5095
1888
3229
981
3545
8533
196
6533
1898
3674
3338
1481
4642
1022
4265
4959
1199
8239
2439
5957
7064
8026
5554
3994
6174
7710
3615
1238
8191
4341
5898
3769
1776
6741
7351
8782
7510
9180
3925
1183
5626
7269
2324
8084
4074
3158
1792
6400
4746
6594
5411
5910
3983
4248
2669
3608
4452
8761
7072
8433
9494
3547
9784
6888
204
6368
4760
2125
4000
6165
208
7512
4889
3366
3262
6864
2061
6893
1030
8250
7643
9296
3782
7617
2993
7691
1234
6596
4866
7246
3628
4871
4896
1049
4714
6294
2021
604
4192
5028
4588
436
4595
5077
497
805
9410
9282
7570
2172
4410
8047
2317
9569
1256
2872
1205
3457
890
6867
4878
8337
2225
878
1603
301
3238
7428
9328
5979
7551
9312
7440
9185
7831
8671
6112
3596
7079
3688
5475
4384
4237
4822
3334
7315
5000
2989
3089
508
8938
5394
2485
8201
5158
2533
856
7783
7776
5044
4967
3632
1669
8482
4606
7013
9658
6685
7675
2049
244
2309
8381
4240
8290
5777
7679
8821
6383
6805
1525
5138
209
5443
6891
7605
3147
6928
5805
2769
7823
4467
8622
4106
320
4229
1230
3318
2579
2116
2083
2869
7742
5724
4776
9640
2226
2394
8172
6812
8880
7232
6881
6458
4792
1555
5570
5320
9725
2168
239
3490
2602
7065
4282
4170
753
6622
6451
2040
7022
7069
3954
8442
2156
422
2919
1190
5273
2237
5558
6519
6346
709
3507
6650
8254
4814
9627
1613
5592
1310
9402
1075
5837
1179
5559
8076
3940
8811
5264
1220
5237
6138
1048
8959
4887
8569
4324
6833
1339
6148
9498
853
1503
9414
7545
8115
3064
5473
254
3963
7177
4329
8016
2523
8051
3391
3798
253
173
5695
3824
7631
7565
2736
5887
62
541
3468
9516
7049
1243
9460
224
2509
7566
1239
2378
638
6727
8815
8267
2192
9689
3651
9034
7431
8751
8670
2812
8111
2468
9833
666
8960
3677
7280
1253
1821
4704
6369
7410
2679
3503
7324
7325
7326
7327
7328
7329
7330
7331
7332
7333
7334
7335
7336
7337
7338
7339
7340
2460
763
8145
3310
2321
2517
4194
6871
2191
2961
5899
9513
2787
2689
1743
4408
5585
5141
8180
6712
4186
8379
5929
8763
4813
8192
2404
2260
4789
4055
9401
7316
64
1420
1812
106
1514
9040
9140
2054
6583
1390
3385
8762
3243
6135
569
8843
2854
163
3446
1953
9846
9435
640
9697
5301
2347
6611
1204
5874
3364
5840
6595
6577
3226
3896
7709
3741
7179
1590
4740
5189
5877
8049
5863
2150
7304
2622
9233
7381
3480
5052
848
971
5098
2458
4357
1222
8221
7614
2776
9491
3809
4667
6152
4614
1493
5013
3341
8968
3575
8251
6546
8306
2867
946
5293
3802
3469
9093
6550
7073
4702
3353
6234
1292
1637
9545
2469
4602
5190
3532
7114
3592
5321
1140
4645
5111
9157
8088
5907
194
2131
7740
1648
4603
5584
7059
5749
9536
1607
3073
4227
2104
7693
8024
4332
7486
2250
5936
4217
290
4572
6100
9380
8847
1570
7935
2646
6430
1041
75
5944
4675
1595
6598
211
452
5990
1531
3846
5729
6874
1551
5474
3828
8577
6049
4734
230
8346
1541
6566
8174
6593
4625
4104
4835
3971
8215
5827
8319
6970
2901
8068
1214
7905
6194
2605
161
6658
9844
1715
3430
8744
2915
4017
8981
2427
1004
1215
122
5579
1316
7398
3635
7196
5274
9062
4548
8841
8543
2807
1657
8262
7548
475
2994
9470
615
8702
8676
4168
9369
2357
9538
9520
4057
4577
2946
8397
4393
400
8030
9566
7409
3216
634
6998
8127
1123
4470
5018
1384
1244
8455
6032
916
2705
5510
1982
234
2583
5569
8496
644
8740
5548
4173
625
3717
9424
3985
3795
1194
3447
3713
5303
2603
279
188
5180
4617
5506
7357
7034
3670
357
6155
7157
9134
1948
8955
2232
6941
1165
911
7841
90
4045
5515
2204
5022
3599
6775
2047
5448
1014
9153
7635
7848
1760
9330
6002
4963
6200
384
9557
340
9239
5539
9553
1856
3611
5131
9571
8149
5549
1682
3375
776
7596
5762
7890
4126
1268
2081
6819
612
5604
2719
9633
588
8107
3257
7216
319
5426
2857
1893
9391
6576
6905
3740
9142
967
4262
6818
4498
5170
543
2495
1187
6869
8989
3660
7544
1732
1084
2638
4622
7425
4586
370
3106
6306
9183
5800
7288
6847
2302
3692
9439
2813
8001
5043
7827
4902
1508
2621
4758
2413
8199
9033
2694
1924
852
4608
3892
322
6763
3831
5427
2267
8280
6309
6373
2738
2759
2176
9116
4118
8646
1019
862
3118
9213
6627
471
7055
4682
8489
7004
1822
718
7956
4481
5407
957
6556
9082
8105
1543
9489
7868
3361
8272
4482
4297
4819
4273
4049
7058
8903
7980
7717
6953
603
5420
5177
9641
4605
7016
68
2074
9061
1460
5361
5277
6934
546
58
8491
9662
8721
8079
3571
4472
3184
3855
4528
519
7129
7770
8758
4934
2354
9681
5307
4075
1076
9052
4212
5268
129
6244
6189
3604
1408
9042
5219
8830
8996
6432
5456
7517
3231
7928
795
708
3643
1930
3771
9595
5821
6120
6298
3161
518
5259
1271
8725
7462
2647
8159
7937
3362
8573
4160
276
5621
5591
1050
1167
1058
7966
3054
8125
9176
9461
203
6938
6313
3597
7644
7447
4183
7881
1110
93
6341
2716
9210
5612
1703
7944
7272
1985
663
2920
975
160
2904
685
2064
801
9199
7251
1783
8301
1128
8930
6734
2117
214
9654
9014
2010
9390
269
251
4998
1788
7930
7443
6207
5785
1586
5128
7989
6526
3000
651
2345
9179
3270
3326
7650
881
7805
348
4220
2650
2628
3714
9579
5788
1724
5674
7814
2595
6077
334
7120
5036
6692
3077
218
3117
7599
5075
6042
427
9589
2185
4947
9007
9265
7237
6131
5134
3578
3254
1225
9013
8313
1073
6093
693
102
6275
2247
5296
6046
1325
8601
9128
9801
380
7112
7101
7508
4976
4522
8639
2001
5750
2779
4496
6175
215
8110
7654
2056
9022
9459
4815
7067
9521
5972
6333
3583
6770
6048
3773
5503
2500
7060
511
4550
8709
8439
9802
3876
1562
9171
3451
9443
8834
7207
3630
5891
5902
7836
7860
3413
9783
165
921
1897
8578
9064
6978
118
1032
9734
6917
2391
8991
1991
1980
5680
7267
6360
2922
1115
1345
4718
8136
4289
5164
4730
2827
4753
9295
9837
547
2522
4397
1984
5590
6901
8905
9707
4882
7804
7948
1572
6338
610
1730
5806
7224
4563
7342
3882
8517
5953
6045
1308
9605
6253
8728
7238
4133
2243
2390
6282
6954
6683
5513
5115
7931
4705
9601
597
2699
6420
1031
9355
3082
8499
729
7048
8942
1236
8067
5672
240
3804
7203
4159
840
4618
6334
3078
861
2749
2958
7103
5117
8131
8838
185
3620
7628
71
5509
1029
1995
968
5540
6488
2344
4066
4065
4064
4063
4062
4061
4060
4059
9791
66
8770
3485
3765
3424
7900
1554
8245
3279
5297
8661
1564
6703
3159
1021
6945
7185
3544
8507
5659
3603
2743
3204
1935
8918
7877
2227
8288
8987
7589
4128
1903
4429
6896
7245
5912
2161
1794
4430
5641
3242
2905
8257
9117
5136
4144
7800
9050
3889
4773
939
8365
3400
5154
8894
3535
9393
4652
5607
2379
2698
3921
7876
5195
9181
4424
457
2415
6029
7136
4924
7118
5796
1575
1304
1297
4280
7672
1419
4448
1193
67
5655
4575
661
668
8142
1532
2184
8437
349
8792
9359
5080
5356
595
3460
8973
7275
1013
8348
1104
7949
599
5759
8698
8214
6122
87
813
1370
9481
8628
4036
9444
7977
1752
2834
8755
7212
3938
9049
8359
1597
6957
8228
3393
3426
1852
3018
5107
2051
9645
5331
5703
864
919
3727
5011
2377
7912
4721
9347
7533
1861
1693
7135
2808
4193
2668
2675
1086
2983
8536
9841
2718
1550
7638
5649
4113
435
9586
9786
6973
4637
8351
8603
1338
7782
6560
2220
5779
7163
2842
6353
9308
777
3553
5398
761
9320
512
9030
9167
1934
3308
1057
8033
9505
1946
5452
1622
1855
1571
4754
7283
5613
2620
3255
3534
6256
202
894
4291
8175
8781
6220
8774
2395
2889
2971
3488
171
4907
2105
8015
8040
2188
2790
8045
5267
1593
611
431
2607
728
793
2581
1144
2086
9479
3448
9508
7123
7005
8022
9236
812
4200
6762
3384
4861
8683
808
9484
2381
3122
286
4693
6553
4846
2530
2208
7432
8340
6779
2659
1402
5265
4875
8715
3673
4047
3970
5576
7290
9832
3201
1644
7044
6358
9238
5720
9750
3891
3657
715
2671
7503
1203
1589
2201
630
413
6768
4598
5634
6545
3574
4402
1155
1628
1540
8323
2078
8828
6078
6977
1741
7892
5204
800
538
3124
2037
3165
7902
3848
7534
4848
4854
7175
2553
4114
2298
2648
4982
1838
1342
3151
5094
9664
9709
3505
829
7191
4600
4530
3030
8367
8334
8911
8554
5066
1539
5256
3573
8877
3768
2862
5946
3724
2206
3659
4031
6999
2043
6955
7878
5183
5087
1615
4824
5696
1513
5928
8523
6158
5870
7677
7879
8445
816
9623
3916
128
3315
9256
9793
6840
3069
4426
6413
9285
7883
2903
1448
1356
4121
6750
2376
1925
5947
7747
3663
7690
9200
1255
5776
2385
4739
7394
5656
9383
8070
928
2434
2290
8524
7264
7453
9568
7816
5939
4040
3849
5074
5029
3590
7918
9591
8786
3728
4172
1027
1060
7645
7142
8164
6136
9528
3096
7611
714
1845
7225
7746
3289
1726
8871
9373
3466
9417
9600
4974
3856
9155
4635
8945
6110
2641
548
4207
8006
9482
993
8941
126
7936
3374
5562
4156
1158
1751
5176
9694
3694
3687
5732
4581
6487
6792
2253
5983
5689
1713
3580
586
9738
2349
7126
8737
551
2421
3434
4570
3960
3511
1515
6356
5207
7602
9085
6886
2284
8759
5060
723
6003
4475
3063
3807
8097
4225
9010
4716
9372
1705
722
9289
8826
1079
4076
5210
2587
1803
2938
7884
5934
3901
5836
1318
2527
9212
4361
3600
3322
2189
616
2336
7066
1530
536
7646
544
8757
4749
3283
6535
5357
8303
5897
7416
3626
2218
2846
8766
9511
735
9428
8932
5144
4537
5536
3572
697
704
9009
7187
6514
9300
8414
9839
8078
4365
657
8113
8168
7601
8827
9677
756
7779
5370
5605
7958
4578
3012
1341
1289
326
1806
4649
2169
455
4763
2353
8120
5125
5734
3924
621
3587
7688
7371
5996
1431
2775
5148
7027
8851
4127
9515
2690
5814
3059
1251
74
7226
6412
9266
2822
3685
249
6224
3888
9043
9648
5054
9704
9742
4654
1844
6310
8467
7591
8460
6376
3356
7750
4539
1464
6919
2065
4741
467
7791
2630
3441
7866
9700
2925
9045
7854
7009
351
440
72
5594
162
2725
1767
6925
963
8888
4098
1711
9751
9838
9397
7085
8410
2126
4094
3112
8630
8294
573
7788
6795
394
3815
4072
3919
481
4495
9217
4440
6984
8003
3993
9636
5975
5246
7424
831
5385
7364
9385
9304
3653
8979
1768
5129
3014
9590
8712
3152
7234
4914
2271
7765
3868
4995
6935
2582
4191
6748
8606
8948
5477
7250
7301
5323
814
6056
9618
5372
8183
2320
6723
6210
5039
4639
5487
291
553
421
7924
3036
2979
399
4853
3894
7026
3569
9230
941
8357
2288
7183
8884
3977
8237
3577
4153
6532
8072
7449
5686
7068
8864
5027
647
4161
4119
3818
6454
3044
2038
645
7522
8043
120
752
8347
8915
3570
3754
8820
255
2585
2392
5631
7306
5068
4196
3609
459
4032
2818
7786
7775
3024
4591
4234
2762
4336
2664
92
6681
6600
1765
566
3188
1439
4204
2436
6113
9454
1678
4214
5116
1328
7116
1389
832
1549
7807
8494
89
6421
1137
1306
516
8890
7242
3675
3348
2657
2789
9476
7241
7887
8510
8644
9141
1106
2459
8447
7652
4553
3998
7358
2213
8908
564
3125
2424
9427
2077
2475
7809
159
9418
5354
1894
110
9653
4916
5137
2978
7402
8735
2087
6873
4120
572
5699
6529
7676
1591
5593
8921
8969
6857
8443
8479
7861
8804
3520
4124
1917
7352
466
3235
108
1263
7572
6626
2196
2596
4945
1890
2085
4493
2024
4584
5159
7310
3170
3171
3172
3173
3174
3175
3176
3177
2388
4950
5708
5424
711
5485
9622
6151
1149
6918
1516
7173
6161
5374
4048
8505
2782
392
130
5133
5905
8565
7218
554
5547
9759
3695
2768
7978
3143
2965
3524
6169
9670
2340
8029
5031
7639
9471
4634
4504
8616
5666
4241
9337
6243
4868
1810
4891
61
8299
1258
4903
5942
1712
502
8675
9834
8929
4508
4497
9137
7810
9455
5004
2088
6693
9394
6474
4323
7893
1977
6646
2380
5496
8464
2847
2667
2678
2186
2751
7568
235
5458
6367
6159
5553
8122
4699
373
3708
4277
6541
5688
1884
719
8568
3862
2233
3519
5405
313
6548
4644
267
9106
3453
4355
7099
819
412
3762
1762
874
4487
7195
3736
1523
9240
3233
3244
6588
8123
6410
4300
5922
7249
3537
1161
3877
8927
620
5121
3859
4744
4899
4701
6427
3162
699
5797
261
6618
6407
5444
677
8052
6011
2908
9201
6826
2266
3111
8240
7012
1497
7793
3363
3321
1227
5198
4263
8035
8135
3317
8925
7852
8307
1756
7273
4199
3358
6141
8889
2528
5920
956
3154
6377
9436
9676
6409
4984
2239
1799
4979
7859
545
849
4342
9585
221
8506
2710
6747
7667
6754
5767
7728
6963
7137
8597
4809
2780
8672
9572
4708
6521
9698
9756
3982
8398
9413
7276
5286
8534
6320
4630
5072
9345
3755
1299
5888
3478
5322
5904
1311
9354
1494
2329
7178
6238
1036
8317
5596
6443
1423
318
1465
1466
1467
1468
1469
1470
1471
1472
1473
1474
1475
1476
1477
1478
1479
1028
6510
4627
4710
9110
908
6290
5215
8140
3068
5580
2597
1649
6347
5024
1495
1594
3144
9292
7838
7366
85
8529
1223
2604
2802
6450
1862
5006
7872
876
4155
3699
3832
584
3013
3420
3920
2883
1015
2640
5701
4646
1202
4367
2492
4670
3181
193
9785
4952
6017
2549
6705
6111
6498
6398
3455
5254
5987
7024
4847
517
4230
3006
7577
1837
6648
5463
4535
2799
227
2935
5041
1512
7313
5282
1623
2695
7003
7737
5266
5248
3168
5533
629
687
2430
6187
4881
4980
2692
5611
7714
3359
9797
8271
6305
9720
5429
8150
7869
2027
3845
4421
7519
1605
1173
8619
1759
283
6852
8853
4213
8800
6090
2410
6980
7702
3094
1143
5217
1088
1850
2002
1520
748
5440
6445
5221
6554
4919
6992
5149
5889
2721
337
4432
8788
4981
3617
3246
2826
9690
9036
560
8648
6440
4939
3639
4449
4785
7847
4777
2305
432
9477
1804
7982
7482
9126
5945
5151
8143
5223
7755
5879
5243
3075
4665
3388
6233
7231
5382
1399
2730
8954
3502
7701
6708
8796
9613
9804
7733
9578
2969
3647
4810
2823
9534
1707
5472
563
5534
5786
8055
6699
3691
9333
7955
4641
8867
5070
9811
7787
2402
4833
7262
1692
7448
7033
8647
280
3758
3751
5955
3893
1951
9594
5683
6944
3789
6861
4456
7835
3598
1745
2685
1300
4285
6686
7054
2200
9564
4465
8527
8912
8535
4969
3947
7808
7696
3627
7138
3515
2398
7536
2295
5495
5828
6731
1337
1906
390
1232
8415
1347
5150
8353
9108
5923
5763
1257
4661
5520
9815
1616
6038
105
4325
1941
6087
8124
2794
5933
602
7457
5545
1871
1163
5391
522
2644
6702
1020
4688
9001
7952
2609
1010
8556
3967
9124
7018
8248
796
4233
1839
7375
1629
2414
5997
7975
3292
7801
4391
9510
1385
1813
1377
944
6974
482
3491
4296
2764
7511
1011
4261
7626
7084
7386
8598
7715
8992
803
5687
7763
8128
6849
3427
907
505
2328
5606
8154
7612
7514
8119
8429
3516
6835
6966
6164
8567
3017
2974
6559
4706
9164
9247
2030
3484
6831
9760
7704
1820
8273
309
8678
8710
2033
2442
7074
2039
9583
4024
2122
4396
7732
2481
3822
5858
7132
1566
786
1927
8570
579
5950
863
1407
365
8409
1413
9046
1119
8219
5308
2540
336
4479
7506
9381
7020
8332
9576
1815
8466
1455
8842
4044
9382
1017
7076
2325
5328
7141
172
6350
6280
9483
1217
3656
3293
6894
1553
3508
4664
5313
6564
4893
495
2577
4747
4631
2556
6735
9220
5480
9386
6218
359
86
3497
2154
6845
2098
9854
555
3813
8469
4499
4562
4042
6882
5529
7070
7609
6586
6434
5014
7921
3402
8108
6222
6096
1416
6968
3933
3912
2810
3645
6661
8732
4216
3249
2025
974
7501
1606
8446
7078
601
558
6047
1567
3327
3826
6330
1677
9805
4352
8878
5056
8054
7987
1710
792
2082
3812
9796
3707
2501
199
263
5862
4379
2715
8095
8892
527
8383
4349
7220
1185
6787
7372
5964
3726
3522
8625
8653
9830
2028
1841
2036
9840
3260
7713
737
2423
4187
5173
8146
2546
4268
3282
5166
3853
1242
8132
5257
8624
6551
1910
9490
8882
3696
3759
4729
6848
5799
2791
3411
2238
3355
3582
6725
6567
4790
6904
1333
6318
3897
2287
8817
4874
8226
9206
8018
5235
1500
8850
3593
6150
9478
6932
2160
1610
243
157
8665
6639
3319
1485
7291
6557
2073
6900
3192
7576
6052
4726
2552
4761
1062
9091
6899
9242
3779
9065
5648
1505
1175
1708
6492
6010
985
6573
6004
1919
7221
2996
4331
4561
913
6163
3328
7719
6839
4444
652
2444
2568
3667
533
7149
4636
9361
6448
6752
9687
5194
9577
5978
3693
641
9630
5099
6083
8899
1080
166
8617
8304
6031
9669
3927
6026
9560
7400
6035
2280
684
5555
2141
9044
4912
5214
3555
720
5388
6099
9824
7904
9339
6767
264
3347
2986
4146
9599
9227
8296
6465
8352
4435
4122
9076
834
933
870
1720
7008
6732
4093
4035
8714
9024
7377
5702
1051
1538
7111
4460
2124
5423
375
998
8988
311
5299
5119
2829
5393
5161
2350
6971
3166
6219
6823
5019
6783
6195
4459
1332
4209
3016
99
5082
9597
4509
6876
8870
5717
6179
8046
3915
6927
1828
8028
5657
6635
3820
8032
9535
8837
4232
6528
1996
3258
7820
1156
3886
9103
1444
721
2722
6590
2926
7723
3819
4936
8541
2560
3997
8697
4512
8350
782
9023
6059
9635
439
7748
6589
6343
132
7525
9514
8426
7025
5943
5304
8223
2155
2737
5992
5707
2677
6575
1378
7914
3209
4908
3345
2477
7531
1993
2943
6713
3183
6464
8730
3866
2766
8701
2645
7603
7354
5825
5091
4677
3475
4647
9548
3829
3860
4523
880
342
3808
6534
4925
2711
1688
3107
2573
1320
4468
4112
6542
961
8902
4058
4886
8848
2835
1537
7417
7653
8669
2848
2803
6018
6370
8738
3372
7019
3121
2687
7042
9747
5432
1923
5856
1882
7917
5327
2538
4274
9249
2435
504
5379
5775
1404
5384
6617
5868
5375
1826
4520
6758
8309
315
4709
6543
7549
3774
5989
1502
7277
1886
9835
3995
9462
2162
589
3056
7199
7521
4292
9073
4236
2472
3080
347
1375
9205
3498
3992
1451
4485
3406
2268
3941
3237
1938
6394
1667
7299
6756
1265
1599
2058
6929
4648
8627
1749
1294
1305
1858
839
2096
7318
6288
778
5516
6058
335
3339
6241
8362
7367
3278
9794
262
935
924
2508
2301
7446
4174
7898
419
8148
1363
3467
180
1368
4417
4653
1447
3757
4609
7488
2491
8349
1151
5575
6227
5326
2425
8547
4404
734
2178
6827
2348
2456
2429
8471
7028
6342
2792
3606
6996
70
9216
6213
169
8094
8468
646
8913
5290
8073
2836
3138
4366
2080
8438
1153
3038
7592
5422
4171
9563
5083
2663
6851
2899
7279
9284
7298
3778
6733
8866
3313
3401
9608
4299
5682
6051
2752
339
3962
3500
9452
4381
6729
4560
6240
1001
6455
7558
7736
4621
8104
3701
7963
2643
6257
6258
6259
6260
6261
6262
6263
6264
6265
6266
6267
6268
6269
6270
6271
1546
1063
8749
860
6875
2651
8563
4100
2696
3961
6431
2544
3854
631
1630
6287
9675
2798
6080
3022
8218
8636
5976
7943
8023
2483
1184
5842
3706
8780
4904
7378
5838
2438
6416
4884
2571
6098
3978
7082
3595
1655
6700
3973
5973
5546
2112
3725
343
6710
6916
5295
3517
5078
5932
7021
1034
5026
4927
1694
7056
8488
3879
7867
1188
4527
6348
277
5280
9708
6641
8057
8063
9214
6813
9624
4054
3472
4013
4250
899
3040
9614
3622
9395
7541
5766
3431
1071
6137
2712
1672
2612
3095
5216
3193
8784
3864
794
2945
3284
6186
1624
9245
7430
4466
2159
5538
3033
844
6300
8673
6525
2728
4001
9342
9808
4620
5560
3189
1740
379
8036
9537
5999
7442
8188
1054
9316
3291
5658
8065
5224
4928
9015
4011
7347
242
891
7151
8050
7023
3870
8388
887
6302
5638
9367
3337
300
5461
247
3423
1683
8230
906
5698
8256
6225
2964
6190
9539
5615
9299
5588
5203
8485
3092
1157
6785
7618
2426
2520
1037
1997
6308
3100
9097
5535
8058
6607
445
4166
9646
6235
4235
9020
1326
8825
8137
4798
3909
7286
1211
1441
5120
8576
885
1490
9800
9851
1336
7682
4295
3884
2888
8231
5986
3248
5925
109
8374
8428
272
5780
4399
8384
6036
4077
9004
3379
2599
411
6132
2856
2726
1198
5009
1400
5803
2209
2753
2428
6862
5428
2830
5436
755
3335
2942
2018
8605
1867
4964
1579
8891
1074
9451
4957
8217
6182
1565
321
2754
3058
9602
9011
2608
670
7110
8019
2467
2811
3655
1315
4433
9378
2466
5522
3074
8855
258
2639
3589
1913
5669
879
5623
1659
3518
2529
4131
7560
8649
3306
8373
8977
232
6988
6378
7706
5325
2440
6815
6128
5387
6204
815
5269
6192
8861
7227
4941
2097
8745
7455
9657
6167
7581
6898
7563
3686
9019
8371
2633
2482
9262
7494
5636
613
3405
8361
4129
9163
328
873
6540
4628
8789
2732
3020
3378
798
2662
5572
6381
114
8831
1687
1492
2224
8495
6173
5867
1753
391
149
2542
659
9150
979
4585
4752
850
2788
6472
9721
7421
4940
7889
7098
628
4343
5377
9261
3711
3554
1557
3658
8285
451
6247
8775
2860
2748
6019
8322
1101
1440
3433
3904
6411
5064
1136
3443
7507
4607
8729
6449
1681
1959
1039
2828
5012
7388
7539
1433
1798
9441
7309
3564
9031
5395
2293
5403
4488
190
6345
3093
9290
654
6301
3442
1067
8247
6452
5023
7465
2940
6402
1952
7670
2894
6680
6870
2660
8521
779
1614
8038
7829
5389
9593
341
4692
5848
6403
8205
2005
113
9504
3127
8542
7673
3956
8486
7282
60
9365
5723
1092
4413
950
4385
6419
3241
3234
4105
2534
7749
4935
7146
8949
2020
9032
828
2566
6940
3273
5053
7429
8632
1226
1281
2918
7527
5582
9335
4674
789
5835
5834
5833
5832
5831
5830
5829
910
8860
754
4626
9221
1293
5878
1601
7202
9319
4569
2765
428
7493
3697
1969
4202
6967
639
2244
7256
2923
4407
2275
1734
4255
3311
8822
6879
3799
3880
5051
4985
9607
3526
2873
5281
3890
7509
8473
5285
8720
456
53
1405
7418
2777
1870
8901
8975
8380
3461
991
3987
3514
9716
3612
3914
3156
5135
1863
788
8229
3302
3584
226
892
8994
8677
1558
8490
1789
3395
2744
3403
5573
6509
9396
9487
7621
6632
4545
2062
8200
6444
3217
6948
4541
7705
3029
3881
6425
7724
4142
8091
7641
9442
926
3399
1621
783
1435
9058
3203
5258
4022
3966
8790
5744
1278
9512
3871
9728
4987
2448
6634
8459
2866
2532
6989
4841
771
170
7393
6609
9449
9190
1961
8206
846
6753
4150
3937
1133
4694
9712
8360
3382
1335
9660
6331
6624
3277
101
8476
4533
1056
3883
1376
4071
111
1172
3510
8093
3224
1501
2393
4737
9122
7171
5826
2723
4717
4594
9084
5208
982
7725
4360
3419
6446
8286
1218
2214
6115
270
7041
6466
5804
7036
8776
1409
4601
1442
7362
3304
5234
8193
3543
2504
5633
4816
2611
3021
5015
2308
842
680
2355
2727
7258
8886
5073
1412
9598
1651
2877
4294
3662
8161
6647
7387
480
8216
8893
4831
6561
9696
7063
7500
9298
289
7874
8077
3390
4222
6663
6664
6665
6666
6667
6668
6669
6670
6671
6672
6673
6674
6675
6676
6677
1102
757
675
8098
5745
7322
3123
6855
3452
6694
7772
5526
4301
9003
2231
6562
6470
2342
4330
7665
9287
95
1889
9420
8633
5530
5694
8121
131
9352
5909
4117
9310
1213
4873
1851
5988
7193
8474
8432
4923
9135
6796
949
5112
6868
3542
6022
8939
4088
4152
2316
5165
7007
8785
1874
5676
7143
5037
4876
525
6527
8167
7139
2146
2761
5316
3373
2591
3558
6817
3835
490
667
1414
4859
7767
3465
9131
410
9465
6130
3753
3232
9111
8441
4722
9559
6773
9617
7700
5678
6755
8233
7567
4437
6759
3833
2437
3415
2864
4469
9400
2292
4926
5711
4849
7502
594
2407
9054
1096
9203
4436
2939
1064
9463
9407
2269
4551
7305
6461
1026
9297
1117
5815
4857
9682
4038
7657
7296
1150
9208
6475
7133
1260
1450
8513
7681
3959
7200
1221
4339
4779
969
7117
6149
6417
150
1764
7970
6720
4111
3329
9168
6423
2137
3380
3548
5882
3923
6659
4442
6114
4335
6788
1208
7927
7984
292
3550
8118
8613
5367
5492
3376
4612
959
531
5162
4319
4318
4317
4316
4315
4314
4313
4312
4311
4310
4309
4308
4307
4306
4305
5484
1527
875
2315
4828
3734
5315
8487
6170
567
5748
1679
9733
2198
7524
3549
6604
7607
6688
2569
2420
5523
8342
6372
1686
1733
952
1834
8599
4909
3702
9079
2902
2486
6223
1869
5921
5191
2855
5471
1722
9644
7942
7392
6319
5705
8643
5556
1958
9753
4221
4254
5662
6034
9672
4960
6585
5956
4037
4490
7851
1349
4534
3610
1778
3142
3360
987
3316
1912
6512
9651
1212
8739
726
5300
6408
6390
4852
3137
8184
915
8844
5059
6612
3918
9810
9574
5147
4288
2387
7160
7656
1191
4778
2686
1881
689
5700
6274
2494
7588
3683
6485
6924
8580
2230
51
1908
960
2180
9667
6880
3239
521
2111
4137
2688
994
1698
4351
989
6364
2970
6239
768
3190
1458
5106
4116
8896
6426
8694
9259
8849
5994
6351
9027
7230
7907
8620
9172
8845
683
79
5007
1196
8061
2545
6024
6160
8926
1354
6800
4069
1645
5446
1956
9202
8874
8846
6744
314
7926
9684
7397
7359
4805
2861
9228
7857
8857
7864
9162
2153
3720
1949
5349
3280
1009
9556
2957
2763
4420
2068
845
7401
650
316
1876
3370
8484
2984
5153
8066
6285
1641
2784
3286
736
5639
3104
1116
7350
7263
6975
8096
1696
1070
3108
3557
3477
867
4931
5501
830
6656
4576
514
7499
7174
1709
5998
6108
5409
5993
409
4943
6704
2843
1968
4004
4279
9523
8449
7062
6086
4484
1392
5311
2311
5505
7266
3207
6910
3654
7669
5220
8635
4359
496
344
552
2240
6856
8480
5438
494
6312
3210
5362
2003
2103
2575
4103
7105
882
9144
1160
2333
4006
8129
1228
1002
3290
4811
7606
3682
2917
2906
2875
5715
1040
2352
9250
9311
3913
1461
9543
2170
415
4226
2734
2195
7307
9464
764
775
2276
8014
2655
3028
1892
3005
5050
5450
2042
6303
5445
2454
4806
5366
4501
5565
4326
2259
4239
8243
8085
429
6655
7184
6027
2441
3788
3638
3834
7796
7153
7180
7853
3389
9196
9853
3521
3357
5155
7532
443
6292
5598
7856
7726
5664
6619
4838
7825
1735
2403
1024
1668
8241
5202
8858
3487
3031
5291
9655
5906
3810
676
2313
7464
2332
4480
4029
4680
7147
2108
7886
8602
2506
1454
7208
9547
4082
6314
6920
2418
4687
1928
416
8393
9083
6095
5841
5577
9820
4557
5791
5926
9281
9280
9279
9278
9277
9276
9275
9274
9273
9272
9271
9270
9269
9268
9267
4953
8331
4473
5736
9357
5918
6043
3102
5873
4083
9107
1807
5089
7711
1197
9251
7953
9847
1483
7738
6809
7597
1379
5771
4888
2251
8210
5822
4552
6467
3083
3041
7727
9711
4678
3949
2502
2652
4839
7051
3049
3492
2588
4067
5635
8651
2555
4231
758
7518
8615
3387
6738
4768
6188
596
5200
823
3003
8518
9499
3422
4820
9699
446
88
7995
5085
6701
7896
1459
210
6652
2335
4438
3432
219
4387
4014
3011
7642
3296
9743
6764
3705
2572
4707
4422
1721
6397
7190
561
9609
2785
250
1772
7444
6987
1742
2786
7624
4272
5903
1690
8736
6722
361
2337
6146
7915
9437
9581
6793
679
2503
7997
2778
4041
376
4775
4188
96
3649
9149
2163
785
6903
9737
1428
7916
9324
9518
5402
5102
6769
2312
9388
7252
6321
3763
9192
7038
3972
6846
6602
8204
656
3002
1100
7204
4090
3950
3383
984
9087
189
9336
3032
506
3946
7622
2019
9447
3648
7376
6649
8090
4944
6216
9080
9363
8470
6493
499
5038
8458
5468
8279
653
9178
4880
8281
8708
5735
3568
158
9338
2576
6778
4973
4477
8707
6101
2977
1780
5855
6969
1702
6774
7095
5616
8391
1827
9706
5419
7754
9102
4002
7035
217
7766
7148
4970
1082
1986
4494
8532
3958
4510
1974
2443
2281
2619
5065
9430
4135
1298
8283
9288
3410
9078
5730
6877
8178
1457
2980
5449
7707
9826
2069
1046
1723
9671
2976
883
576
1180
5789
6724
886
5967
245
7206
8876
236
2817
3633
1817
4840
2756
7057
6489
1035
9173
9415
1166
7032
5483
7830
4184
3836
3458
5093
1482
827
1920
1975
7743
2412
7343
9634
4900
6865
9215
7839
8413
3325
1791
8395
7433
7426
2142
441
535
2804
7383
6147
2586
8898
3931
6221
4771
2383
9399
8823
1043
4298
5935
662
5231
3303
7951
2446
1825
8668
781
922
3116
1415
938
769
4276
6508
6371
4554
6947
2113
5627
297
4542
1361
2706
7833
6168
4867
9818
3214
8269
7130
3619
133
806
1950
8297
1219
5719
4788
5712
4358
1872
453
5421
6640
8004
3404
2300
5620
3271
1773
8935
6549
7598
2396
2928
8477
8519
6843
3805
4158
3471
2930
9226
5617
6691
947
1047
7649
3099
700
5758
8984
8234
7811
3196
9795
8166
8392
2207
6197
8872
1801
658
669
4178
8777
8354
7792
7498
7437
6719
5352
5271
3646
3009
6139
1650
6613
4203
4691
9848
8099
8100
8101
8102
8103
4441
1675
6743
9588
760
4223
2109
6483
5645
7569
6979
4807
8053
9782
5871
6711
1914
6524
470
2461
2967
5008
1432
8548
4697
3267
6129
1252
2907
2914
2539
8904
4949
1634
7260
6016
592
8308
5894
5901
6172
7968
3250
1134
2878
4371
9827
8461
1878
9780
9727
4531
780
5740
8765
6660
7923
995
9631
9686
2029
2720
7515
4412
2338
1094
4938
4862
1280
6518
9555
1237
8655
4517
1617
6736
5601
369
387
5824
2145
1277
8190
403
7797
6630
7404
7720
6937
7255
897
2063
6286
7843
4657
8502
7285
2990
5314
5980
5392
7259
1859
9184
5670
5885
54
2626
9525
5977
1130
4140
5971
8801
9232
472
556
2322
3814
8013
4566
6933
7973
4910
9695
1849
4719
5305
4411
9573
5010
6790
304
5875
868
5728
5564
6740
9530
3999
6480
3482
6816
2631
9229
9165
1654
7215
3640
9012
3084
7587
8375
5738
7553
4373
9392
622
4108
1684
3053
2144
7828
4486
6117
951
1373
3796
3057
5225
7992
206
3559
1279
4138
1340
8983
5567
2432
7491
2299
5665
5609
7030
744
8982
6638
8944
6837
2593
3539
7365
2682
4954
4247
5441
308
6530
1584
266
8953
5679
3538
1588
7344
2937
3905
5753
1127
3275
5049
2165
6504
9317
4836
7164
1795
1283
4431
9341
2909
7694
1744
9821
1574
2558
4917
8684
9691
7422
3588
9777
9776
9775
9774
9773
9772
9771
9770
9769
9768
9767
9766
9765
9764
9763
9762
9761
4423
936
1249
6949
7287
5671
8394
9501
3274
463
4096
6578
8772
9323
8808
8287
2140
3141
3560
1727
9139
9503
1640
4458
4245
55
3760
2265
8326
2023
6396
686
9467
5247
183
7897
1840
1387
9048
2760
7128
7096
2987
5105
7382
3223
2963
2264
3428
1559
8512
9612
7934
8637
923
7014
8424
4593
1245
4756
94
2205
7834
4738
4583
6299
9069
4742
6592
4808
1536
3928
759
3641
2859
2589
6385
2070
1365
3462
3857
2217
2401
3287
1896
3191
6721
2852
1967
1662
9431
2464
7689
4540
6404
2452
4210
6565
1737
6515
9744
1887
8803
4971
6623
9008
8252
1510
7757
5462
1633
741
6777
216
7753
6872
6091
7295
2431
115
2092
1077
8092
3794
6020
9047
6062
6063
6064
6065
6066
6067
6068
6069
6070
6071
6072
6073
6074
6075
6076
2084
5181
8813
4911
6428
1964
167
3051
1254
4134
4624
8246
2733
3533
2399
6092
6191
4033
6246
2849
9735
6726
542
1604
8253
1785
3801
7840
2417
8452
1932
8483
7771
6829
2991
4189
5489
7039
1866
2071
8289
825
8832
1625
7529
4455
8856
4070
797
2382
1547
8537
2294
5376
5778
5169
8713
5454
1725
942
2900
7087
869
9779
4012
3081
5457
5365
672
1907
7463
9125
2463
5233
3821
7308
7492
7145
6251
6716
7901
212
7201
1911
8943
1273
1561
4115
1331
4525
8305
9807
3981
1587
7213
6304
5872
4932
2215
2480
198
8387
7496
2882
6206
3066
7996
8689
168
5430
1388
2484
4179
2951
2286
1706
6500
2453
6582
5433
2615
5226
5439
5571
4354
623
4123
4918
9075
4723
866
2211
557
8451
3034
6361
6387
7695
6902
581
2949
6085
2613
1170
7967
6023
4655
1940
333
6603
8638
1754
2703
5497
8081
6245
8179
8390
7182
252
3128
660
6429
2079
1112
7257
153
6284
7619
462
1885
2089
562
8690
6481
4559
3047
5752
851
9732
2879
9088
1957
9309
8802
578
5368
7941
4679
7552
6946
6570
6242
7399
2182
5270
5333
8895
2853
2282
8291
1524
9745
1944
2455
1322
1548
4157
9789
8819
5667
3251
3629
2956
2755
5846
8699
3926
7758
7888
8153
1521
2975
5911
213
7965
7361
6897
6915
3343
745
9493
5760
6950
8333
3139
2507
2617
501
9845
2476
2936
9405
8386
4519
7773
9255
6228
7789
3689
770
8444
9169
2691
5890
6317
8812
945
7594
1966
5185
2422
9119
7109
7102
3097
4580
3721
81
7666
220
964
303
5704
1829
3301
2190
9685
2672
1091
1456
5206
6922
4872
4842
4244
2578
4252
6127
6547
7302
2959
3272
6961
2216
7523
6326
5661
5915
7741
5528
2635
9606
486
1195
4376
4863
8270
6105
8009
2838
8141
2314
1796
231
7778
7268
2236
9813
7972
6355
4471
2670
305
1770
7412
3624
2618
4629
84
7718
9781
8155
6103
5561
3377
5157
1018
332
5353
6690
6606
3295
8525
5167
4147
7940
6406
4832
5954
6307
4052
5088
1960
3245
3256
3700
4464
82
7734
7959
6636
3186
8318
323
6153
6597
6252
9294
1592
5079
9371
7490
477
9243
6033
154
5818
4087
4211
3351
1718
4803
6687
837
7821
9748
532
2128
3352
8557
953
5272
855
174
3851
1846
4797
9550
3225
2535
3792
3942
3579
3767
3416
8917
8608
8255
1200
8436
3934
9081
4163
8818
909
3990
9060
6605
6196
978
1689
7925
4526
1663
4683
1327
9152
5949
3996
9123
345
3164
5127
7712
762
2406
6838
3652
8453
8042
5709
3474
8703
1295
4453
5418
1174
8295
3847
178
5467
2123
1147
3803
2400
9283
484
8717
4536
590
1877
5351
9502
7441
550
920
9156
5622
2840
1424
5145
9070
4929
7729
8718
1189
4483
6698
296
4016
529
593
7075
353
9819
4956
6883
847
2148
2623
2006
8604
8734
515
3160
3939
5654
5808
5860
3314
7683
3489
6506
7919
2277
9432
6912
8151
3930
5244
2041
8530
5163
1290
1652
6102
8897
6473
725
6296
9473
6447
2118
4860
2291
4895
8572
8657
4081
9472
3436
5228
9809
6082
6958
5310
7169
6654
8972
9160
3349
9440
248
4215
2223
7584
6097
3071
2297
6332
1168
8037
5755
2519
5532
3504
5930
9468
4669
5238
3907
2234
6994
2470
5498
1774
7971
2235
4892
705
7774
7616
282
7880
5222
7210
9529
1262
1585
6808
59
6921
8320
5642
1248
52
2884
4386
962
633
7125
9334
3473
7819
3481
9344
7181
7209
3607
7744
5413
9729
8196
1642
7845
1535
6176
7625
2130
275
1542
1177
405
6162
8431
7253
7092
7091
7090
7089
7088
2478
1152
4019
5002
9329
6142
1053
5969
6501
607
9133
406
3037
7662
4020
402
3026
9198
1905
1933
8406
9458
1247
6983
50
927
3749
9496
7604
841
408
5614
5514
9445
2565
5632
8906
5306
6841
5628
327
7571
8356
5199
4492
7127
2831
1671
5543
6435
6041
5691
7379
5261
498
643
6842
5861
530
2283
6765
577
3746
1044
917
9105
8579
5103
6217
5807
5260
3529
6679
9223
306
4686
9096
7228
1509
1171
3354
3623
1769
2600
8316
2666
8416
4821
3910
6569
7303
4219
9637
229
4766
8202
2896
5685
2318
1761
8881
6584
970
2885
6715
2167
6389
3346
914
9469
5001
6025
9638
765
310
1411
3841
3863
7278
6906
9849
5329
2801
510
5479
4829
1296
6745
9147
4390
2060
1612
6689
4623
5913
9703
2181
9596
9546
6476
3710
7575
528
1790
2741
1132
3556
9186
430
256
2960
366
7158
2865
6887
7323
330
312
3179
2537
478
997
8612
6608
5630
4751
9692
3986
2941
9374
1267
1704
8752
2405
5981
1583
4715
8552
1972
7396
1891
4506
8963
8232
4613
363
2931
4825
4592
2870
2950
5908
2665
1491
5431
2681
5896
701
6863
8170
8816
3506
537
9558
9825
205
996
6780
3027
5040
5192
4913
4757
7162
1763
4650
4304
3323
9409
648
7939
3878
587
3885
7391
565
8950
4770
7504
7870
4243
8465
9565
3680
2471
9570
8724
5062
228
8692
4043
2012
2649
5660
7623
4224
6997
8389
9828
3637
1087
8472
7659
6956
1259
5625
8325
4989
1600
6960
7002
2351
6094
9360
1154
4091
2498
2257
6337
1303
8531
5608
2898
1369
8722
5289
8990
7969
7104
4051
8742
4920
8012
4877
6802
104
2955
7661
5552
1666
3132
9852
1999
2910
6040
3980
5058
6344
1209
1250
5619
6757
4736
4099
5453
8664
7634
6786
5168
3830
7341
8970
2837
2624
9517
6363
6395
977
7167
3955
983
4997
3135
1066
2433
5845
2249
6471
4933
3253
1261
9303
871
6050
8695
1353
5739
5406
8498
1697
5400
317
8275
6810
6637
4574
9544
2009
4344
6991
3381
4256
4990
2832
7858
5358
4656
3155
6990
8377
3957
7990
6657
8553
6295
9188
9258
6889
8177
2465
6799
4333
4462
7906
8937
5212
8311
7762
6581
4922
1272
4597
4206
8682
1355
8964
3536
7803
3269
7423
7434
1830
4724
1317
7346
5317
4511
9615
7485
3825
186
5364
3421
2419
271
2334
6401
3761
3750
7663
9340
7159
4286
507
7229
8008
1569
1095
4955
8020
2547
5490
3797
1108
1609
3297
5782
8999
6522
3817
7976
6517
5714
6006
8787
6039
9739
6943
3070
1201
3126
5684
3194
4643
8260
4181
2408
7274
7863
2895
7321
7374
9843
7620
8171
6009
5140
2735
1860
7456
1729
1233
5318
9714
9191
1178
7627
8080
5232
5042
6544
9248
791
9018
8450
5583
7029
8366
5334
5335
5336
5337
5338
5339
5340
5341
5342
5343
5344
5345
5346
5347
5348
9526
5390
9095
8064
4271
8358
418
8656
7815
5319
1350
3723
1782
8956
489
8139
6109
9788
9554
2707
7406
4711
5801
3294
1922
4898
6463
7993
8515
2952
7516
4615
1374
3062
8264
1380
5253
4416
5171
1288
2518
473
2876
4447
5985
1383
6643
585
2319
4136
4802
1865
9252
1007
802
4443
3298
5857
2697
181
2757
6184
6781
8117
1089
3733
8723
8705
8059
4026
1210
1971
7578
8157
5283
7037
8114
4759
78
8300
7806
2449
4353
1636
973
7415
7909
8399
824
151
4457
8645
1750
5156
9448
4321
2462
4965
7882
2016
3263
5071
9492
513
4267
3398
8501
7413
2050
8408
7513
2045
8679
454
116
931
4079
6055
3837
8522
7630
8741
580
6279
7583
5383
8666
9101
2774
9629
7214
6366
7579
2892
4937
2416
1631
5599
5643
8544
4205
7660
5951
8209
3975
2729
1367
4532
6336
7608
7580
7271
972
2858
980
7261
2177
5864
3791
7186
3015
6502
5048
1809
520
2199
9567
5726
7244
9066
7380
2680
76
1901
8109
7708
8558
6706
7487
4547
7550
1270
1777
2636
2973
9291
4589
7849
1664
1422
4266
8293
5373
2076
6728
9127
9674
8258
2066
4345
5563
6414
9089
1146
903
8355
7817
9726
2713
4377
5380
2815
6931
2343
8610
302
5982
2550
5974
2000
9398
9193
3576
7458
7790
9237
2067
8327
2598
9086
9715
4303
635
9136
896
8936
681
1266
3087
5482
1963
4283
7294
3221
1240
8621
9234
1275
4689
3601
2248
9406
4201
4334
4185
450
5230
4915
6374
6291
3479
5425
2252
3023
624
2557
1121
9038
7156
374
3476
4405
6555
3470
8089
7655
7703
3079
4703
346
8463
5742
3605
8514
7873
9749
9177
9151
8961
9384
8693
626
1488
4403
8224
5795
1426
4804
884
9541
395
7595
2771
5866
3412
4830
9293
5081
4198
8652
9474
3541
7784
9109
1023
8282
4445
6276
9254
8885
2962
5504
1033
8509
6375
9057
1929
5211
8814
5727
7369
4182
7017
901
7439
4616
8696
6697
5769
8419
6089
3307
362
414
2702
3634
6599
6662
5646
7842
2561
2642
4975
7356
888
7154
5491
4951
3045
7312
4633
2521
7119
1748
619
7211
4921
6384
6000
3712
1902
5055
4978
600
1314
9421
5793
7010
702
7115
8339
5229
1284
690
8265
8924
1701
1596
7685
3007
7427
3157
6684
7910
6850
2541
9016
9159
4327
4796
5416
476
9506
1344
5502
8879
1229
4800
3709
6231
7370
6789
733
2825
5386
1264
2511
3450
6771
4056
8212
2046
799
2933
3145
4799
3129
5250
5697
5790
1620
1658
2004
1489
3943
7875
5251
509
3198
912
7832
107
73
6178
1396
5968
1511
1401
1118
8660
4337
3240
857
155
5706
3408
4690
5743
2032
7547
3561
8324
1131
5600
3336
4451
2384
8278
3565
8021
3790
2203
7240
1186
9253
4845
5110
591
4154
2139
2893
9524
7730
2700
5721
1012
2457
7219
618
5284
8385
2197
6678
893
4538
1097
1608
843
4671
836
7520
7850
6203
2742
2704
7962
821
9522
4018
4660
4034
491
900
3463
1182
3180
3861
5459
5677
1563
1427
1808
4850
8198
9731
5146
7761
4659
1598
7613
1883
5941
298
9187
1397
4663
7489
6379
9112
5647
3086
9632
5355
4046
9321
417
605
9174
8405
7658
1129
8400
5881
3065
1055
3247
7107
9362
7945
3636
739
5527
5174
3586
6060
3285
9053
1802
8854
2262
9264
730
3743
5500
5883
6230
8203
8922
8674
9790
500
6232
4988
7292
6714
404
9679
4658
784
5086
1736
4769
9148
9130
6629
3780
6424
8182
7929
7031
5531
7144
8407
2149
1731
2795
3525
1954
5464
1873
1998
3148
1359
377
56
7950
1437
2526
534
6144
7348
902
3974
7590
8767
9219
2709
5770
7922
1105
3438
7844
6520
1324
2886
433
2254
673
350
4556
4712
4380
2851
747
3666
1141
9166
4246
3906
5003
1832
123
8873
396
7555
4362
3618
7368
1148
8810
8504
1573
4151
6644
4524
8743
8000
5751
4972
3425
8596
8595
8594
8593
8592
8591
8590
8589
8588
8587
8586
8585
8584
8583
8582
6491
8540
740
5568
2133
3417
6696
4394
9806
7554
9500
5812
820
8186
958
2717
1351
5816
6107
1142
9120
5294
1528
5741
7903
4994
5186
3136
5236
8378
4415
8719
3718
609
4427
223
2746
4521
1835
3911
4080
7894
6926
4364
3300
6804
5447
5962
3439
8700
4259
2982
8493
4141
7289
889
4092
2693
571
2632
6393
8797
8614
6281
9836
7648
3984
5182
2011
6392
1504
598
2797
4930
3330
1125
3988
8106
8044
4197
2844
7395
5958
3716
9026
3200
3396
9425
3704
8686
5179
8312
930
1994
6012
4086
1978
918
7166
2562
4409
9673
6942
3067
2913
2634
7460
2099
5761
191
7349
966
4787
7050
7632
8235
4218
9718
1787
4253
6215
3367
9322
9315
999
3672
6964
4673
2850
6323
9507
8011
5104
9758
4375
5802
4513
4568
7920
6079
3850
5451
6825
2881
2841
1330
6513
1661
207
6365
2091
5160
6538
7798
8071
2554
2183
1800
8965
7610
8440
8974
5410
1942
3908
7961
1647
2999
1939
448
5067
3150
2102
3440
9348
627
1364
444
6054
1216
9495
854
6460
5499
6250
1111
5895
8503
222
8163
8268
2513
4406
4514
3748
7077
539
3764
4502
2138
1529
3312
678
8946
6516
6760
6436
5813
1394
5032
2564
1003
3211
3227
3858
8404
9403
7722
3661
447
7564
371
3781
1526
8187
8225
751
6653
3101
859
372
1113
8031
9302
2871
9620
6237
1246
5960
5442
6631
5965
2627
8839
6044
703
8795
9260
4454
1045
1676
4619
4781
1487
4388
524
2614
4851
3261
2256
7314
4419
4392
4731
9099
3528
1775
2210
9376
4946
6322
4795
6642
7083
4728
2929
7647
9562
5587
1819
4027
7528
3429
6986
438
8492
5139
6311
1098
3816
1042
7247
8516
6462
7855
1989
1926
3153
9364
3900
3951
8875
378
9104
9724
826
2107
9816
434
1499
5397
1421
9842
7837
6354
8919
2684
4962
7824
4662
4735
3169
5653
738
7061
3090
713
5493
7651
3562
1139
1627
4696
7053
6457
8475
5756
1965
6772
6478
5276
4812
2034
8417
9647
3732
2747
8869
5924
6386
7222
6766
6415
9074
4053
98
632
937
4369
2245
2164
4713
5618
833
5435
367
5892
8769
1395
1653
1099
6814
6633
1346
3386
1680
6858
4363
6255
9195
381
3722
2985
7913
1462
294
9307
4238
1976
6382
3205
1823
6021
80
6468
5854
649
382
1638
3775
5369
9025
6746
8238
1842
2175
940
7047
6133
4651
5263
4879
6469
176
2531
4883
2845
3288
6717
4865
1582
8779
4684
9358
1979
7197
9656
5126
559
6156
5481
2496
461
3979
9719
3838
437
3228
3332
7794
6490
5984
7818
9619
6628
9519
259
8396
8711
3486
1068
2497
706
4961
8343
8764
2724
295
6399
3146
3109
4030
3369
1107
5746
766
5710
5249
3948
6193
6913
293
1000
8920
9814
9423
1578
1992
7235
2358
2359
2360
2361
2362
2363
2364
2365
2366
2367
2368
2369
2370
2371
2372
2373
2374
2228
9326
5047
7150
7994
2285
6171
9353
3625
614
1302
6859
7243
5880
3676
2445
8075
772
5175
3344
8147
6914
1700
877
5524
487
9757
6185
3131
8928
5201
6181
8995
7687
9037
1372
8341
1545
7419
9736
3130
8242
2246
7678
5309
9146
955
6511
3218
8914
7265
9257
4395
4611
9145
5937
8500
5876
3110
810
2323
3061
4145
742
5970
2007
5784
3772
2839
3365
4149
8422
3936
2953
184
7535
3551
9855
9856
9857
9858
9859
9860
9861
9862
9863
9864
9865
9866
9867
9868
9869
9870
9871
9872
9873
9874
9875
9876
9877
9878
9879
9880
9881
9882
9883
9884
9885
9886
9887
9888
9889
9890
9891
9892
9893
9894
9895
9896
9897
9898
9899
9900
9901
9902
9903
9904
9905
9906
9907
9908
9909
9910
9911
9912
9913
9914
9915
9916
9917
9918
9919
9920
9921
9922
9923
9924
9925
9926
9927
9928
9929
9930
9931
9932
9933
9934
9935
9936
9937
9938
9939
9940
9941
9942
9943
9944
9945
9946
9947
9948
9949
9950
9951
9952
9953
9954
9955
9956
9957
9958
9959
9960
9961
9962
9963
9964
9965
9966
9967
9968
9969
9970
9971
9972
9973
9974
9975
9976
9977
9978
9979
9980
9981
9982
9983
9984
9985
9986
9987
9988
9989
9990
9991
9992
9993
9994
9995
9996
9997
9998
9999
10000
