1000
101
2
2000000000
20000001
201
201000000
201001
2010010
21
21000000
210001
21001
2101
2101000
3
4
40
400000000
4000000000000
400000000000000000000000000000000
400000000000000000001
400000000001
400000000001000000000000000
4000000000010000000000000000000000
40000000000100000001
400000000001001
4000000000010010000000
40000000000100100001
40000000000100100001000000000
4000000000010010000100000001
400000000001001001
4000000000010010010000
4000000000010011
40000000000100110000000000000
400000000002
400000000002000
40000000000201
400000000002010000000000000000000
40000000001
400000000010000000000
400000000010000000000000000
400000000010000000000000000000000
40000000001000001
400000000011
4000000000110000000
40000000001100001
40000000001100001000000000
4000000000110000101
4000000000110000101000000
40000000001100001010000000000000
40000000001100001010000000000000000
40000000001100001010001
4000000000110000101000100000000000
40000000001100002
400000000011000020000000000
40000000001100002000001
400000000011000020000010000000000
400000000011000020000010000000001
400000000011000021
40000000001100003
4000000000110000300000000000000
400000000011000030000000000001
4000000000110000300000000000010
400000000011000030000001
400000000011000031
40000000001100003100000000000000
4000000000110001
400000000011000100000000000000000
40000000002
40000000002000000
4000000001
4000000001000
40000000010000000000000
4000000001000000000000000000000
40000000010000000000000000001
4000000001000000000001
40000000010000000000010000000000000
40000000010000000000010000000000001
40000000010000000000010000000000002
40000000010000000000010000000000003
40000000010000000000010000000000004
40000000010000000000010000000000005
40000000010000000000010000000000006
40000000010000000000010000000000007
40000000010000000000010000000000008
40000000010000000000010000000000009
40000000010000000000010000000000010
4000000001000000000001000000000001000
400000000100000000000100000000000101
40000000010000000000010000000000011
4000000001000000000001000000000001100
4000000001000000000001000000000001101
4000000001000000000001000000000001102
4000000001000000000001000000000001103
4000000001000000000001000000000001104
4000000001000000000001000000000001105
4000000001000000000001000000000001106
4000000001000000000001000000000001107
4000000001000000000001000000000001108
