60
4
17
85
9
18
19
36
500100000
295298853
253715908
110781465
160861208
199162115
107629098
98198027
216203857
18483348
53566523
279040980
228582819
49105427
206054248
178606463
234074566
41092987
270058333
144333407
16956360
136969656
230996247
168918198
238532457
216630148
204490083
216652821
8967873
178646998
111967796
78853586
186664529
83876411
179736848
202620298
27229063
129938341
220037649
278112875
47465971
155768166
283123728
160782213
225616079
54087504
171663412
214288901
142600934
47391102
66765548
193880229
129125967
95164175
58938574
103609652
290571610
254497711
70924968
204477253
174742968
235780243
174613990
258677842
216159191
254541743
19320114
48269641
156689052
243615827
242595727
165912258
234939685
87575884
52766400
270297089
117240595
190007232
129378246
192611131
46565072
131631141
46401652
265840319
73370465
280722332
90275947
163521248
238892366
276499234
225818035
201698875
77136658
