10000000000000000000000000
100000000000000000000000000000000000
100000000000000000000000000000000001
10000000000000001
10000000000000001000000000000000000000
1000000000000000100000001
100000000000000010000001
10000000000000001000001
1000000000000000100001
1000000000000000100001000000000000000000000000000
100000000000000010000100001
1000000000000000100001000010000000
1000000000000000100001000010000001
1000000000000000100001000010000002
1000000000000000100001000010000003
1000000000000000100001000010000004
1000000000000000100001000010000005
1000000000000000100001000010000006
1000000000000000100001000010000007
1000000000000000100001000010000008
1000000000000000100001000010000009
1000000000000000100001000010000010
1000000000000000100001000010000011
10000001
1000001
100001
10001
1001
10010000000000000000000000000
10010000001
1001000001
100100001
10010001
10010001000
100100010000000000000000000000000
100100010000000000000000000000001
100100010000000000000000000000001000000000000000
1001000100000000000000000000000010000000000001
1001000100000000000000000000000010000000000002
100100010000000000000000000000001000000000001
10010001000000000000000000000000100000000000100
1001000100000000000000000000000010000000000011
100100010000000000000000000000001000000000001100
1001000100000001
1001000100000002
1001000100000003
1001000100000003000000000000000000000000000000000
10010001000000030000000000000000001
10010001000000030000000000000000002
1001000100000003000000000000000000200
1001000100000003000000000000000000201
1001000100000003000000000000000000202
1001000100000003000000000000000000203
1001000100000003000000000000000000204
1001000100000003000000000000000000205
1001000100000003000000000000000001
1001000100000003000000000000000002
1001000100000003000000000000000003
100100010000000300000000000000000300
1001000100000003000000001
1001000100000003000000002
1001000100000003000000003
1001000100000003000000004
10010001000001
100100010000010
10010001000002
101
1010000000000
101000000001
10100000001
10100000001000000000000000000
1010000000100000000000000000000
101000000010000000000000000001
10100000001000000000000000001
101000000010000000000000000010000000
1010000000101
101000000010100000000
10100000001010000001
1010000000101000001
101000000010100001
10100000001010001
1010000000101000100000000000
1010000000101000100000000000000
11
12
2
2000000000000
2000000000001
20000000000010000000000000
200000000000100000000000000
20000000000010000000000000000000000000000000
2000000000001000000000000000000000000000001
200000000000100000000000000000000000000001
20000000000010000000000000000000000000001
2000000000001000000000000000000000000001
20000000000010000000000000000001
2000000000001000000000000000001
200000000000100000000000000000100000000
20000000000010000000000000000010000001
200000000000100000000000000000100000010
