ABCADBACDABCADBACDAB
ABCABCABCABCABCABCAB
CRASH
CRASH
CRASH
ABCDCABADCDBABCDCABA
ABCDBACBDABCDBACBDAB
ABCCABBCAABCCABBCAAB
ABCDDCBAABCDDCBAABCD
CRASH
CRASH
ABCDEEDABCCBEDAADCBE
ABCCAABCCAABCCAABCCA
ABBCCABBCCABBCCABBCC
ABCDEFFABCDEEFABCDDE
AABCDEFFABCDEEFABCDD
ABBCDEFAABCDEFFABCDE
ABBCCDDEDDCCBBABBCCD
CRASH
CRASH
ABCDEFGBADCFEBGDAFCB
ABCDEBADCBEDABCDEBAD
ABCDBADCABCDBADCABCD
ABCDEFGHIABCDEFGHIAB
ABCDEFGHIJABCDEFGHIJ
ABCDEFGHIJKABCDEFGHI
ABCDEFGHIJKLMNOPQRSA
CRASH
AABBCCDCCBBAAEAABBCC
AABBCCDCCBBAAEAABBCC
