100000000000000000
1000000001
1000000001000000000000000000000000000
10001
100010000000000000000000000000000000000000
100011
10001100000000
10001100000000000000000000000
10001100000000000000000000000000000
10001100000000001
100011000000000010000000000000000000
1000110000000000100000000000000000000000
1000110000000001
100011000000000100000
10001100000000010000000000000
1000110000000001000000000001
100011000000000100000000000100000000000000
100011000000000100000001
100011000000000100000001000000000000000000000000
100011000000000100000001000001
10001100000000010000000100000100000000000000000
10001100000001
100011000000010000000000000000000000000000000000000
10001100000001000000000000000000000001
1000110000000100000000000000001
1000110000000100001
100011001
100011001000000000
10001100100000000000000000000000000
100011001000001
10001100100000100000000000000000000000000
10001100100000100001
10002
10002000
100020000000000000000000
1000200001
1000201
11
11000000000000000000000000000000000000000000000
110000000000000000000000000000000000000000000000
1100000000000000000000000000000000000000000000000
110000000000000000000000000000000000001
11000000000000000000000000001
2
2000000000000
2000000000000000000000000000000000000000000000
200000000000000000000000000000000000000000000000000
2000000000000000000000001
200000001
2000001
200000100000000000000000000
3
3000000000000000000000000000000000
30000000000001
300001
30000100000000000000000000000000000000000
300001000000000000000000000000000000000000000
30000100000000000000000000000000000000001
30000101
301
3010
3010000000000000000000000000000000000
301000000000000000000000000000000000000000
31
31000000000000000000000000000000000000000000
310000000000000000000000000000000000000000000000000
311
3110000000000000000000000000000000000000
31100000000000000000001
311000000000000000000010000000000000000000000000000
3110000000000000000000100000000000000000001
312
312000000000000000000000000000000
312000000000000000000000000000000000000
31200000000000000000000001
31200000000000000000000001000000000000000000000000
312000000000000000000000010001
312000000000000000000000010001000000000000000000
31200000000000000000000002
3120000000000000000001
3120000000000000001
312000000000000000100000
31200000000000000010000000000000
312000000000000000101
312000000000000000101000000000000000000000000000000
312000000001
3120000000010000000000000000000
3121
3121000000000000000000000000000000000000000000
3121000000000000000001
3121000000000000000001000000000000000000000000000
312100000000000000000100000000000000000001
3121000000000000000001001
31210000000000000000010010000000000000
4
40000000000000000000000000000000000000
40000000001
4000000000100000000000
4000000001
4000000001000000000000000000000000000
