846
846
846
799
799
795
815
815
815
815
815
798
707
707
742
705
674
702
702
661
661
661
610
610
610
610
610
577
577
577
577
477
477
477
493
493
437
404
404
404
404
438
393
414
414
363
363
443
443
463
463
363
363
416
416
416
416
416
416
416
416
416
364
348
326
326
326
326
326
326
293
293
313
313
313
313
318
318
276
276
276
276
335
335
335
356
356
356
356
356
356
356
356
209
209
209
209
209
251
251
271
271
216
216
216
216
164
164
164
164
164
239
239
239
239
272
272
272
272
272
272
235
235
235
235
235
235
235
235
235
203
203
203
203
203
203
203
203
203
195
195
195
195
195
195
224
224
224
224
224
224
236
236
236
236
236
236
236
236
236
186
186
186
186
186
186
186
186
186
186
186
186
186
186
186
186
113
113
113
113
113
113
113
113
142
162
161
161
161
161
161
161
161
161
161
161
161
161
161
161
147
147
147
174
174
174
174
174
151
151
151
151
151
151
151
151
151
151
151
151
151
151
151
151
151
151
151
151
151
114
114
114
114
126
126
126
126
126
126
126
126
126
126
126
126
136
136
136
136
136
136
136
136
136
136
136
136
136
113
113
113
113
113
113
113
113
113
113
142
142
142
142
142
139
139
139
139
139
139
139
139
139
139
139
139
139
139
139
139
77
77
77
77
77
77
77
89
89
89
89
89
89
89
89
89
104
104
104
104
104
104
104
104
104
104
104
104
104
104
104
104
104
104
104
104
104
104
104
104
104
104
104
92
92
92
92
92
92
92
113
113
113
113
113
113
113
113
113
113
113
113
113
76
76
76
76
76
76
76
76
76
76
76
76
76
76
111
103
103
103
103
103
103
103
103
103
103
103
103
103
103
103
103
103
103
103
103
76
76
76
76
76
76
76
76
76
73
73
73
73
73
102
102
102
102
102
102
102
102
102
102
102
102
102
102
102
102
102
102
102
102
102
102
102
102
110
110
110
110
110
110
110
110
110
110
110
110
110
110
110
110
110
110
110
110
110
110
110
110
110
77
77
77
77
77
77
82
82
82
82
82
82
70
70
70
70
70
70
70
70
70
70
70
70
70
70
70
70
70
70
70
70
70
70
70
70
70
70
70
70
70
70
70
70
70
70
70
70
65
65
65
65
65
65
65
65
65
65
65
65
65
65
65
65
65
65
65
65
65
65
65
65
65
65
65
65
65
65
65
75
75
75
75
75
75
75
75
75
75
75
75
75
75
75
75
75
75
75
75
75
75
75
75
75
75
75
75
75
75
75
75
75
75
75
75
75
75
75
75
75
77
77
77
77
77
77
77
77
77
77
77
77
77
77
77
77
77
77
77
77
77
77
77
77
77
77
77
77
77
77
77
77
77
77
77
77
77
77
77
77
77
77
77
54
54
54
54
54
54
54
54
54
54
54
54
54
54
54
54
54
54
54
54
53
53
53
53
53
53
53
53
53
53
53
53
53
53
53
53
53
53
53
68
68
68
68
68
68
68
68
68
68
68
68
68
68
68
68
68
68
68
68
68
68
68
68
68
68
68
68
68
68
68
68
68
68
39
39
39
39
39
85
85
85
85
85
85
85
85
85
85
85
85
85
85
85
85
85
85
85
85
85
85
85
85
85
85
85
85
85
85
85
85
85
85
85
85
85
85
85
85
85
85
85
85
85
85
85
85
85
85
85
48
48
48
48
48
48
48
48
48
48
48
48
48
48
83
83
83
83
83
83
83
83
83
83
83
83
83
83
83
83
83
83
83
83
83
83
83
83
83
83
83
83
83
83
83
83
83
83
83
83
83
83
83
83
83
83
83
83
83
83
83
83
83
67
67
67
67
67
67
67
67
67
67
67
67
67
67
67
67
67
67
67
67
67
67
67
67
67
67
67
67
67
67
67
67
67
44
44
44
44
44
44
44
44
44
44
73
73
73
73
73
73
73
73
73
73
73
73
73
73
73
73
73
73
73
73
73
73
73
73
73
73
73
73
73
73
73
73
73
73
73
73
73
73
73
73
73
73
73
73
73
73
73
73
73
73
73
73
73
73
73
73
73
73
73
73
73
73
73
73
73
73
73
73
73
73
73
73
73
73
73
73
73
73
40
40
40
40
40
40
45
45
45
45
45
45
45
45
45
45
45
41
41
41
41
41
41
41
34
