.X...XX..XX..X...XXXXXXXX.X...XXX.
X.XXX..XXXX...XX.XXXXX.X..X..X....
X.X.XX.XXXXXX.XX.XX..XX....X.X....
X.X.XX.XXX.XX.X.X..XXX...X.X..X.XX
XXXXXXXXXX.X..XX.X.XXX..XXXXX.XX.X
XXXXXX...XX....X..XX.X....X..XXXXX
XX...XX...XX..X.X...XXX.X..X..XX..
.X...XX...X.XXXX.XX..X.XXX..XXXXXX
..XXX...XX.XX..XXX....XXXX..X..X..
X...X..XX...X....XX....XXX..XXXXX.
.X..X.X.XX...XXX...X..XXXX.XX.XX..
.XX..XXX..X...XXX..XX...X.XX...X..
X..X.X.XX..X..X.XXX..XX.XXX.XXXX..
XXXXXX.XXX.X..XXX.X.X...X...XXXXXX
X.X...XX..XX.X.X.X.X..XXXXX.XX...X
XX.X.XX.X..X..XX..X..X...X.......X
XXXX......X...X...XXX.X.X.X..X..XX
.X.X.X....X.X.XXXXXX.XXXX.X.XX..XX
..X.X.X.XXXX.XX..X..X.XX.XXX...XX.
....X.XXX..XXXX..X..XX..XXX.XX.X.X
....X.X.XX.XXX.....XX.XX.X.XXXXXX.
.X.X..XX.XXX..XX.XX....X.XX.XXX.X.
..XX.XX.XXXXX..XXX.XXXXX.X.X.....X
.XX.XX.X.XXXXXXXXXXXXXX.XX...X.XX.
.XX..........X.XX.X..X.X.XX.XXX..X
XX...X.X.XXXX.XXX.X..X......XXX.X.
X.X.X.XXXX.X....XX...XXXX..XX..X..
X..X..X...XX..XXX.....XX.XXXX.XXX.
X.X.X.X...X.XXX...X.X..X.X..X.X.XX
X..XXXXX.XX..X....X....X....X.XXX.
.XX.X....X.X.X...XXXX.X..XX...XX.X
.XXX..XX..XXXXXXXXXX....XXXXXX..X.
..X...X..X..XX.XXX.....XX.X.XXX..X
XX.X.XX....X..X...XX.XX..X..XX.XXX
.XX...XX.X...X...XX.X.....XXXX..X.
X....X..XX...X.......XX.XX...X.X.X
..XXXXX...X...XXX.X.XX.XX.X....XX.
XXXXX..XXX..XXXX...X....XXX.X.XX.X
X.XX.XX....X.X.XXX.X..X.X.X..X.X..
X.XXX......X..X...XX....XX..X..XX.
.XXX.X.XX...X.XX...X..XX...X...X..
.X.XXX.X....XX..XX.XXX.XX.....XX.X
.XXXX.X.XX.....X.XX.XXX...XXXXX.XX
.X.....X...X.XXX.XX.XX.XX.XXXXX.X.
..XX...XX..X.X..X.....XX.XX...XXX.
.XXXXX...XXXXX...X..XX..XXXX.X.XXX
X.XXX.XX.XXXX...X...X.XXX.......XX
...X..XX.X.X.XX..XX..XXXX....X.X..
XXX.X..XX.XXX.XX........XX.XXX..X.
X.X..XX.XXX...XX.X.X..XX.XXX.X...X
.XX...XXX..X.XXXX..X.....XX.X...X.
X.XX.X...X..XX.XXX..XXXX.X.X..X..X
XX...XX..X.XX.....X....XXXXX..X...
....X....XXX....XX........X.X...XX
XX.X..XX.....X.X.X...XX..X.XX..XXX
X..X..X.X....XXX..X...XXXX..X.....
.XX..XXX.....X..XX.XX.X.XX...XX.XX
XXX.XXX..XXX.XXXXX.XX.X..X....X..X
XXX..X..XX.....X..XXX.X.X..XXX..X.
XX...X...XXX.XX.XXXXXX.....XXX.XX.
