44291
34090
37116
32704
32704
32704
32704
32704
32835
46234
32735
38215
32704
40900
32704
32704
32704
46214
38199
32704
33625
35328
32704
40878
33623
32733
32733
33620
33007
32704
37083
33267
33266
37081
40858
38179
36127
32704
35313
38172
34068
37072
32732
44201
32704
44199
33262
32704
38163
33003
32704
32704
42417
32704
32704
34059
32828
32704
32704
38143
32704
33000
32731
32704
42393
46088
38130
33601
32997
32704
39375
46068
44127
40781
39366
46063
32824
42359
34043
42355
33249
33594
39351
32704
42338
32704
32704
32704
37005
32704
32704
32704
44075
46004
33241
32820
39324
45998
32704
32704
32704
35251
36051
32704
38072
32819
32727
32704
32704
38066
35245
32704
33579
38064
32704
34573
32704
32704
32704
45964
32817
32817
36035
32983
34568
33233
32704
45946
32704
32704
32726
32816
32704
33231
45931
38039
33230
32704
45924
32980
38031
32704
32704
32704
36949
32704
39263
32704
32814
34552
32704
38022
38021
32978
32704
43968
40653
32704
32704
33564
36939
43960
39248
32977
35211
32704
38010
34545
33560
32704
32704
32704
35207
45862
39233
34540
32704
32704
42187
33555
32704
32810
32704
32704
33551
32704
33986
33551
43906
32704
32704
32704
42155
32704
32704
32704
32704
36898
33548
34524
45805
35184
32704
42148
36896
34523
33546
32704
34521
37962
32704
32704
32704
43871
32704
32806
33975
32704
34513
32704
45764
32704
32964
43846
35953
42111
32704
33969
35165
32704
33968
32704
35163
33536
32704
45744
32704
33965
32704
36858
32704
39145
42083
34499
32704
32704
32704
45714
35152
32704
34494
35929
35929
45703
32704
32720
32801
32704
32704
37904
32957
33196
33525
43782
35922
36839
32704
32801
32719
32704
45673
39107
32955
42035
32704
40481
33192
32954
43749
43748
39093
32704
32704
43738
40464
34474
40463
45633
32704
33515
33939
35121
35121
35894
32704
33512
32797
36804
43715
32704
32704
41992
32704
34464
40439
32704
34463
32704
34461
32704
43690
40426
32717
32704
37837
41956
32704
32945
32793
40402
32704
32704
33176
33919
34446
35090
36767
40393
35860
39023
41930
32942
33174
32704
32942
34442
32704
32704
33914
35082
32704
33172
32704
32704
40371
32716
41907
33491
40369
32716
35843
33489
40361
37790
32704
32938
32704
37786
35069
40352
32704
32704
36736
37783
32704
32704
37783
35066
34425
45472
34424
35829
34422
34422
35826
36726
33897
32715
32704
40321
32704
37760
32933
45438
32933
34413
32704
40311
37754
33889
36707
32704
32704
45415
32931
32785
32704
34406
43522
32704
41817
43516
40288
32714
33883
33469
32784
32704
32713
34398
38919
40274
34397
32704
45372
35030
32713
35029
32926
40265
32704
33875
35026
38907
40260
32782
32925
33150
32713
32704
33462
35021
32924
32782
40250
32704
40246
32704
32713
32704
32713
43456
32704
41758
33867
35768
38882
32780
33456
38881
33865
38878
35764
32704
32704
45308
35007
32921
32712
35761
33143
32704
32704
37681
32704
35004
32704
33142
34374
43423
38864
33452
32704
37673
33449
41720
32704
32778
32704
40199
32704
32704
32712
32704
32777
40191
34991
41704
43391
34363
32704
41698
45253
32704
32776
32711
33134
45239
38829
32914
34979
34353
32704
33131
33437
32704
32912
34973
33839
33130
34348
45207
32704
32704
43326
33432
34964
33127
38793
32704
32704
36588
45174
32710
41630
34337
38785
33829
32704
32704
32772
32704
40110
32704
43293
33826
40108
32704
35693
32704
40095
32905
38758
32704
32704
33421
36563
32704
41587
37579
34940
32704
36559
40083
36558
32770
35680
32704
32704
32704
33116
33116
32704
38740
32704
45094
41567
41565
32769
33812
32704
32704
32709
34313
32768
33414
37558
43229
33810
37556
32704
32709
32900
32704
32704
37551
41545
32704
32704
45060
34920
34920
32898
34305
34304
33109
32767
32897
32704
41526
34915
41524
37536
34914
32704
32704
40021
33404
32704
34296
32704
34295
37525
33403
32765
33796
35642
32708
32765
32704
36508
35638
32704
33792
38675
32704
43155
36501
39997
38674
32704
34898
37510
32704
38666
32704
32708
39977
32704
38655
32704
32704
32763
34886
32704
32704
32704
32704
33096
33781
32762
37486
32707
32704
34879
43093
32704
37472
35604
39946
35604
38626
43084
32704
39941
32704
44916
41417
33770
32704
33770
32704
43069
33769
37458
32704
43064
35590
32883
32759
32704
32704
34252
32704
34854
35580
32704
33375
35577
34249
32704
36430
44850
43019
36429
34847
33082
38575
33082
33371
33081
32704
37420
32879
37418
37417
43001
44829
34239
32704
32704
36417
39872
32704
32706
32704
44810
33078
33365
41333
32704
32704
41329
33746
34232
32876
32876
32704
33076
38543
37396
36401
38541
34228
33361
32704
41313
36396
38535
38533
37389
33740
32706
37380
32704
33072
33357
32704
42937
44757
32753
32704
32704
32704
32704
32872
32704
32705
32704
33734
38512
33354
32704
41280
33733
32752
32704
34211
32704
34210
33067
36366
34802
32869
33349
42895
41255
41251
32869
36359
32704
37346
34204
37345
32704
32704
41241
39776
35507
32704
33063
38475
36351
32704
32867
32704
34791
32704
33720
32704
44681
32704
37332
33342
35500
32704
34785
32704
37323
34192
32704
36336
37319
33058
32704
34189
38451
42836
32704
32704
34777
42832
42828
32704
34774
32704
33056
32704
32862
33055
32704
33333
33054
36317
42808
37298
32705
33053
39719
32705
32747
33702
41170
42793
44595
32705
32859
32704
39699
32704
32704
38408
32704
44579
44578
32704
32746
32704
32704
38398
32745
37268
34748
32704
44556
39674
32704
37261
32704
41121
32704
33045
32744
32744
32704
35443
34156
32704
34155
44526
32704
32853
32743
38365
32704
35435
32704
39643
37239
38359
32852
32704
35430
35429
42701
32704
33039
38354
36260
33312
34723
36254
32704
33309
34142
41066
35421
38342
34720
32704
32850
32704
32704
32704
32741
32849
33305
33034
42663
37208
33304
37207
36238
44449
41042
42655
32704
34709
44444
32848
44438
33032
32704
33665
44432
32704
33663
37195
32704
34704
37193
32704
34702
37191
33661
32704
32704
32704
32739
42612
32704
39558
32704
33026
39558
33294
44383
38278
34686
32704
37162
32704
32704
32704
32841
38265
32841
42572
33288
34107
32737
32704
32704
33644
40954
32704
32704
44332
33284
38246
38245
32704
32704
34099
32704
33640
32704
34098
36175
32704
32704
36172
38237
32704
32837
44307
33280
32704
34659
32704
