52078
44721
44738
44721
52075
44738
44721
44721
44738
44721
45333
44721
44721
44721
44721
44802
61233
44721
45331
45330
44920
52053
59373
48271
59371
52052
48271
50946
44737
44721
49945
44721
45995
49051
47566
46960
63169
44721
46958
56043
57627
50923
44721
52025
54576
45622
44721
44721
44721
47554
45619
44799
56017
59310
48245
44914
54557
44721
44721
44721
49915
49028
47547
44913
57584
44735
44912
44721
49021
44721
44797
44721
44721
53203
46417
44721
63080
55982
48229
44721
53196
44721
53195
61102
63071
49894
44796
48223
45081
46413
47532
44721
45607
44734
55960
50871
44721
45079
44721
44908
57530
45078
45967
44907
46404
44721
48991
44721
45306
44734
59208
51944
46915
57498
44721
57497
47511
55921
54471
57493
44721
59191
44721
48196
48195
48194
44721
44721
47505
51925
45300
45300
59172
49846
60998
48186
44721
44791
44721
46900
44721
47495
59153
44721
54435
51906
45295
59141
44721
53104
54422
44732
51895
45945
48947
44721
60956
44721
44721
48168
44721
45066
44721
44899
49819
44721
44721
45291
45065
44721
51882
59108
57410
45940
48160
49811
44732
51877
53078
44898
47476
44721
46371
59095
45937
47474
50782
45288
44721
44721
44721
54384
46367
44721
44721
44896
46366
44721
55822
60907
44731
47466
44721
54369
44721
62839
49788
44721
49787
44731
51845
45928
60874
44721
50759
44721
44786
47456
55790
44721
59038
45568
54344
46353
44721
45279
44721
44721
45055
44721
49767
44721
49767
44721
57328
44721
44730
45564
44891
44721
44721
45275
44721
53006
44730
46851
48887
57310
45560
44721
54312
44721
48883
44730
48879
52991
55732
44721
50712
44721
48873
44721
44721
60781
45908
44729
45269
48870
44721
44721
44729
44729
44721
44721
44721
60767
46835
49729
46833
44729
46329
52963
44729
45903
44721
46832
62699
58939
55699
44721
44721
52960
44729
62694
54265
44721
50689
45045
52951
44721
60736
47412
45263
60727
48081
44721
51748
44721
62656
45894
62653
44721
57212
52928
47401
45541
48071
52926
52923
58884
45258
50659
45539
44721
46310
44721
44880
50649
57178
44721
44777
45533
44878
60648
45252
47382
47381
45251
44721
45880
51704
44721
48810
51703
49668
44721
48047
44721
44721
44721
48804
48801
48799
44721
44721
44721
44721
45246
52861
45524
45245
57120
44721
54155
46289
44721
52852
44721
58782
52848
60579
57103
45028
46779
44721
44721
44721
44721
46279
44773
44721
52822
52817
44726
52815
46768
48763
44721
44721
44721
45236
60527
48760
48004
55515
47340
44721
54099
62446
54096
44721
44869
45234
58711
44721
58706
48747
44868
44721
44721
55487
62410
62406
47325
44721
45018
44721
49585
45227
55468
58667
44721
45227
48730
44721
62374
58656
50526
48725
46252
44721
44721
47313
44769
54039
45224
46249
44721
47967
54027
44721
47964
44768
46245
44725
44721
45492
44862
50504
55423
54014
44861
44721
44721
44721
54010
46240
44721
44725
44721
47296
58597
49546
52718
44721
44721
44721
56934
58590
58590
52712
49540
44721
50483
44766
44721
46719
53981
46231
44721
44721
48685
44721
56908
49526
45819
44721
44721
48681
45818
44721
47928
44721
58535
45003
45003
46221
49511
47924
50454
58527
44721
48666
44721
44721
44721
60299
44721
44721
44855
56857
44721
60288
44763
44854
49495
52648
44999
44721
55317
47908
45202
44724
44721
53913
44721
44721
44852
56829
45201
45201
47252
49482
44721
60246
62156
47899
49478
44851
45465
49476
44721
56814
44723
47247
58461
44721
62147
44721
62146
44721
44995
47243
44721
47241
62129
60218
51447
45793
45460
45195
50399
47884
50392
44723
44721
44721
46671
44721
44760
60185
50385
44721
44847
45453
58393
48603
44721
46182
44721
44723
52557
60140
44723
44721
50360
53819
51398
45776
44723
44721
44844
44721
46652
44721
44721
44721
44723
48584
44721
44721
44721
44757
44721
44721
45182
44722
44757
44721
58329
47201
44982
44842
60090
44721
44757
44721
60085
44721
45439
45766
58313
44721
50326
44721
53776
55160
60067
50322
45437
44722
44721
52502
47828
61953
61951
46159
44721
45761
44721
61943
44722
55140
49383
44721
47824
44721
44755
44721
55134
44721
44721
44838
52483
46625
44976
44755
44722
44975
53735
47174
44721
58249
45170
44721
53728
44721
48537
56610
44754
44721
61890
44721
44973
44721
50285
45168
44721
52455
44721
58226
52453
61876
45747
44721
45746
58215
44721
44721
45422
44721
56582
44721
52441
51299
51298
47156
46135
58193
44721
47787
44721
44968
47150
52424
44721
45417
49331
48509
46599
46130
44721
47779
44722
49320
56536
44721
52407
44721
44721
44965
61793
45732
48496
51261
61785
44964
45730
44721
45409
55019
49307
44721
46120
45155
45407
44721
44721
49299
44721
44721
47127
52377
46580
52375
44721
44721
44722
44722
44721
45404
44721
52368
48473
44828
61728
44721
56476
53612
46574
47118
48468
54978
44721
51224
49284
44721
44827
44721
44721
56467
61715
44721
49278
44721
44721
44721
44721
56454
51212
50189
44721
44721
44721
52337
44748
59807
45713
45713
49267
44721
53580
50180
51200
44825
44721
44721
44721
46097
58044
44721
54936
44721
44824
44721
48445
45393
44721
54930
45142
45141
44721
46553
49251
44721
45141
51181
44721
61636
44721
44721
54912
44721
44721
56398
59755
47090
54910
44721
46087
46087
52296
44721
54901
57999
47710
59740
47709
53533
44721
59729
51154
46539
51152
44820
44721
61584
44721
51146
44721
54873
53512
44721
44947
54866
44721
49216
44721
44745
44721
61566
59694
44721
44721
59687
61554
50118
59684
44721
44745
44721
44721
44721
44744
53484
54838
44721
44721
57923
44721
47058
44721
61523
53475
44721
49194
44816
44744
44721
44721
45126
44721
44721
45681
52228
44721
44721
44721
44815
44721
54809
56287
44743
44721
48375
51092
44721
48371
44721
56273
47662
51086
44721
51081
44721
45363
44938
46504
44721
44813
57843
44721
44721
56239
44721
44721
44721
51058
44721
45357
44935
44721
44721
61396
59537
44721
47634
47018
44721
51040
44721
44721
47016
47015
51035
46485
47629
44721
44721
52145
51029
53370
44740
46031
46481
44721
46479
50020
47620
44740
44808
59493
44721
44721
44721
44721
46027
45346
54693
47001
44928
44807
50007
44928
45649
50004
46998
46995
53332
44721
44721
44806
59450
49099
61299
44721
49990
56129
48300
46014
45641
44721
45640
44721
57700
44721
46011
44738
45638
45099
