41799
48879
39516
39516
39518
47483
53900
45106
55871
52076
39516
39516
40370
47479
50396
45099
53887
39516
42453
46218
39516
45096
41226
52055
39516
39826
39516
39560
39516
39825
39516
46205
46204
39824
39560
53851
39560
40361
52025
39823
55809
39559
45072
47439
39516
48822
39559
41774
40742
50338
40357
39516
52004
39516
39820
51994
47419
39657
46171
41766
39516
39819
39516
47417
39819
41204
42422
39516
39516
55757
39516
41202
53791
39656
43180
39516
46160
40351
43179
39516
40732
39516
39516
39816
39816
40729
55728
41195
39516
39557
47387
50285
39516
39654
43166
39516
47381
46138
39516
51942
41748
45021
39516
39516
40041
39516
39516
41187
39556
47368
39516
39516
41185
39516
40039
50252
39516
46117
43150
39516
47357
39516
40337
39516
39516
40715
43144
39516
40712
39516
42379
39554
46093
39649
39517
39516
40707
39553
39553
39516
48689
51854
39516
39804
44969
40703
39516
39516
55596
39516
39516
39516
39552
39516
39516
42356
39552
39516
42352
46047
42350
44942
39516
39516
53599
39798
53594
48636
40690
43955
39516
53589
39516
47266
47265
48630
40314
39516
40019
47262
50134
43088
39516
39516
39516
39516
53573
53572
39641
55514
39516
39516
53563
39516
39516
43081
39516
48607
43078
40014
41682
39516
47234
39516
40013
39516
39516
40305
39516
39516
39516
51736
39516
55473
41677
39516
39516
39516
47220
53522
44893
39516
39516
43917
45987
39516
40009
39516
39516
39516
39516
39516
39516
41667
39516
44880
39516
47199
53491
39516
39635
39516
55402
39516
48535
44860
39546
39516
39516
45948
43886
44855
39633
40290
40000
39516
39516
44853
39516
39516
39633
39516
39516
43878
39782
51643
45933
51639
40286
43022
39516
40285
45930
39631
39545
47139
39516
39516
49976
51612
45913
53394
39516
53392
43857
48478
43007
39516
43853
39516
39516
39991
39516
41629
41629
39516
42262
41627
51590
39516
51584
39516
39988
39543
53359
42994
43840
48452
39516
53351
39516
41619
47096
49929
44794
39543
45878
39516
39516
41079
40632
55257
40269
39983
40630
45867
39516
39516
44782
47077
39982
47074
39516
45859
39770
39542
48415
42237
39516
39516
40263
39516
41067
40623
51514
53287
39541
44764
39767
51501
51500
39977
39516
43798
39622
39516
48384
39516
39540
39516
39516
41059
39516
39516
40616
47036
42949
53252
44746
39764
47031
49850
51473
45820
39516
42214
39516
40252
39516
48355
42938
48354
39516
39620
39516
39620
44725
39761
51442
47002
43767
41575
55113
44714
45785
39758
39516
39516
39516
41567
51412
44705
46965
39615
39516
55059
39516
55058
42904
39516
49758
45752
39537
39516
40589
39516
43730
42173
41551
39516
45746
46945
40233
39614
40233
51358
43724
43724
46939
51352
39516
49737
51350
51349
45736
39516
53107
45735
39516
39613
39516
51341
51340
39536
39750
39516
39612
39516
39516
39516
53085
39516
39516
54989
51324
39516
39516
39516
51317
39516
39516
39535
46903
39516
39535
44643
39516
43697
54963
40222
43695
40222
42864
54952
45698
39516
54947
51287
40569
39516
39609
51285
53038
39535
39534
49670
39516
45686
39516
41517
39608
46872
39516
39516
41515
39516
42129
39534
48184
39940
40211
49634
42121
52986
39516
42120
39516
40209
39516
39516
39533
49623
42116
39516
39738
39533
42115
40554
52968
43650
39516
39516
39516
44580
39532
40549
40549
49599
39516
43640
51195
43638
40975
40974
42811
39516
40971
39532
39516
42095
40198
39516
39516
39516
43623
39929
41480
51157
41479
39516
39516
46786
40194
40537
39531
39516
39516
39600
41475
42794
43611
54772
39516
48089
39531
44534
48080
52862
42076
39516
42785
51121
41468
51120
48075
39516
42783
44528
39922
39516
39922
46756
39530
39516
42774
39516
45567
52833
43586
45565
40183
44510
39516
41455
54703
39516
39516
40181
42764
40180
52808
39516
39516
40518
39516
39596
40518
40179
49474
48026
40517
42051
44494
44493
39914
51049
54662
39516
54659
39529
45530
42043
44483
54652
42042
39516
39516
45527
39528
42740
43550
39516
39516
39516
54625
42034
42736
41432
54619
39516
39908
46678
39516
39908
39528
39516
39516
44459
42026
42727
39516
39592
39528
39516
47961
49398
39516
39527
40498
39516
44445
42716
39516
42715
49387
46646
39902
44434
39516
45469
39589
49370
52673
40907
52672
39711
41406
39588
39588
46622
49353
41404
43499
41403
44415
49346
39516
40485
39587
41994
40152
39587
45442
41397
39516
39894
49327
47893
39516
40892
41986
40148
47887
40148
39525
39516
39516
54468
52599
39585
40476
39516
46579
52590
39705
45418
39516
45415
39585
39516
39516
40473
39516
39704
49284
42661
42661
39887
41969
39516
45399
49272
50840
39516
39516
39516
54408
40875
39516
47834
47833
41370
41370
54399
39883
42648
39516
39516
50821
47827
52529
39516
44350
41955
49246
46532
39516
39516
39516
39516
44344
39516
47812
49234
40866
41948
39516
39698
40864
39516
43430
40456
52499
40456
39516
52497
39516
49219
44330
39516
39516
40454
49211
39516
39523
46505
39516
39516
39516
39516
54334
39579
39876
39516
54324
40450
39523
39516
40124
49196
39694
39516
39516
44312
39523
45335
43406
39516
39516
44310
49184
40122
40851
54298
44306
39693
39516
39516
50737
47756
52435
52433
39871
49168
39516
43394
39516
46465
40440
39869
39516
54268
49153
39868
39516
39690
39690
54258
40840
49146
42592
39516
49132
52388
40433
39516
42582
39516
40430
40430
39516
52363
47695
41315
52357
40105
45269
39516
39521
40824
46407
39516
40103
39516
39683
39516
41305
40101
42559
46390
40100
41301
49066
54151
49064
42552
40098
39516
44225
46377
43330
40812
39516
50597
39516
39516
41869
39516
43325
50585
43321
45225
39516
50576
52264
54099
46353
52257
39516
39516
40406
42531
39569
41857
39516
41281
41281
52239
45203
41852
45202
41278
45201
39516
41849
39568
39516
48995
41848
39568
43296
39516
44184
40399
50530
39516
41844
52211
39516
54042
45184
52205
42511
41840
44174
39516
44171
39516
52192
39516
39516
48961
39841
54015
39566
39671
39516
39516
39516
39519
41828
46289
39516
39839
44152
42491
46281
40777
39516
39565
43261
43261
48929
40073
40073
41250
39519
40383
44140
39516
44139
39516
47526
40772
39519
45137
39516
50449
44134
39516
46260
39667
44128
39833
39516
53937
39666
40068
39666
42468
39516
39665
53918
40066
44116
52092
46239
48883
40373
47491
