44140
35162
35021
44139
35929
35021
44136
49520
36359
35021
42661
35588
35926
36356
35021
35058
42652
35021
41337
35922
35921
35021
35021
35021
37521
41333
36880
35021
42635
47512
35582
35331
37516
38272
42632
35021
40164
35580
35021
44081
42620
35021
35021
35021
35021
45703
45701
45699
35328
35021
47485
35021
38260
35021
41307
44071
45691
39137
40149
35327
45687
35911
35021
35021
35021
35021
41293
35021
42595
47457
35021
42591
35573
36333
35021
35021
36332
35021
36858
37492
35021
41280
47438
38240
41277
44033
35021
36327
35902
49376
35021
35321
35151
49367
35320
41264
36324
35021
35021
35021
47406
47404
45624
39099
35021
41255
42552
37476
35021
35021
35318
39093
35021
40097
38218
39089
35148
37469
41231
35021
35051
35021
35886
35146
35021
43955
35021
36824
42505
39065
35021
35021
35021
47331
35021
35021
35021
43943
35021
35553
43940
35021
35021
35021
45545
35021
38187
39051
35021
35021
35021
36295
35876
35021
35021
35021
41185
42471
35306
35049
41181
45519
41179
36290
35021
36806
35021
35021
42458
35141
35870
35021
39030
45495
35543
35021
41159
35021
41157
36798
35866
35048
35021
40016
35021
35021
47236
35021
35021
35021
40003
49154
35021
35047
35021
39000
35021
43836
45432
35135
36267
36779
35021
35021
42395
35021
35021
35135
35021
35021
35046
35531
35021
35021
36772
49096
41102
37388
35021
35292
41092
38117
35021
35021
35525
41082
35021
35132
35021
38107
37375
39947
47124
35021
38104
37373
47120
47119
35044
47117
36248
35130
35287
35021
35130
49025
35021
37365
35836
43755
35021
37363
35021
43749
35021
45334
35021
35021
35128
35832
48993
35021
45320
35127
35021
35127
36236
35042
35127
42300
35126
35021
48968
35021
35126
37345
38919
38069
35510
35021
35021
35824
38914
35021
35125
37340
35021
35279
47031
38911
35822
43694
35021
37336
36225
35819
35506
35021
38901
35021
35021
35123
36219
48907
37327
35504
36217
46988
35274
35122
35021
45235
39862
35021
35040
35021
42233
35810
35121
35021
36710
36709
35021
36210
35021
35021
35021
35021
45212
35021
35497
43632
38027
36206
35021
36204
35021
35021
43621
35021
48837
35021
48834
35803
35021
42201
35802
40942
35021
35021
40936
46907
35021
35021
39819
35021
45162
38007
37290
39812
35021
46885
36686
35037
35021
38839
35021
43577
35793
46876
35021
39802
35021
35115
37280
35021
37279
35021
35021
35114
35789
39793
46856
35021
35261
35021
35114
38822
35788
35021
37273
35787
35021
35021
35021
36180
35021
35021
35112
35111
35021
39768
35477
40868
35021
46805
35021
40862
43512
35110
35110
35021
35021
37960
37252
35035
36656
35021
35035
35109
36165
35774
36165
38785
35471
35021
46768
35021
35108
39739
35021
35021
35021
36648
45035
38776
37241
37239
35250
35021
45026
35021
35021
48628
35021
35021
48625
35021
35021
35107
43456
35106
35021
40812
35021
35247
42048
38755
40797
35461
43430
35021
35104
48578
35104
44976
38742
35243
40785
35103
37915
39692
38738
35021
43409
35021
35021
46666
44947
43397
35021
35021
36136
35021
35032
37901
35021
35032
35021
46639
35021
40757
35021
48511
35021
40749
35021
37192
40745
37191
35021
38705
35742
40738
46609
37187
38702
38702
36603
35021
37882
35446
39645
35021
43343
35021
35234
35021
35021
35031
35098
35098
43336
43335
35021
35021
36594
44866
44864
36592
35021
35021
35021
35021
35021
37861
36587
35440
37166
40697
37858
35021
35021
35021
44834
35229
35021
38666
35021
43292
35021
38665
35021
36104
46519
35435
35228
35030
35725
36576
37842
39594
35021
35722
35029
37838
35432
35021
35021
40664
36568
36566
38639
36564
35717
35021
35021
40649
35029
35021
36091
35021
38632
41864
48322
36089
46459
35021
44760
44759
35021
36087
38625
37131
36557
35021
35426
37816
35021
35090
35021
35021
48295
39553
35021
35021
35021
35424
35028
40623
35423
35021
35028
35021
35021
35021
38607
35021
48264
44717
46403
35021
48254
46397
35021
46394
41814
36540
37793
35418
36539
35021
37792
35417
35700
35021
35021
37787
48226
39518
35698
39517
35415
35021
43158
35414
37780
48209
35021
46349
36063
35212
38576
35021
35021
41776
36061
40564
35021
35021
37090
35210
40555
37087
37763
36055
35021
48161
35021
35407
35021
35021
35021
36514
46300
38552
35021
35684
35405
35207
35026
35082
43099
41742
38549
35206
35021
35021
35206
35021
35021
35021
35021
35021
44604
35681
35403
37071
36507
38539
43080
35021
48110
35021
35021
37739
35021
35081
40513
35025
37738
35400
35021
35399
35021
35021
35021
35021
35080
35025
35025
36493
35021
39436
35671
35021
41690
36033
36033
35200
46222
43041
35200
37050
35021
36489
35669
35021
35668
36031
35021
43025
40475
35021
43022
35021
41672
35021
44522
39416
35021
41665
35664
35021
35021
46176
39407
40458
36022
35021
48004
35021
37031
46164
39400
37031
41644
35021
35021
35194
37695
44489
35021
35194
36470
40443
35024
36469
35021
41633
35021
40439
35021
35021
35021
36466
35075
44472
47965
35655
35383
35654
35021
42965
35021
41621
44462
35653
35021
44462
44457
46120
35191
38461
35190
36007
40414
35021
35021
36455
37672
35024
35021
44433
35021
46085
35021
35187
35072
35021
36447
35021
35021
41575
35021
35021
35186
44405
41573
35021
35021
35185
35021
35021
42902
35021
35021
35023
35021
40374
35070
35371
40368
38421
35370
35021
37642
35023
35183
35021
36433
36980
35021
36431
38413
37636
36430
35021
35021
39313
35021
35632
44354
35021
35021
38408
44350
38406
35366
35021
36424
47806
35021
41517
35021
35180
45985
42847
35021
35023
41511
36964
35021
39293
37619
35067
35021
37618
35178
35974
35178
35021
35177
35623
42824
35021
44306
35360
41492
41489
35021
45941
35021
35021
35066
35358
35967
35358
35175
37603
37602
45926
35021
35021
35356
38364
35021
47719
42786
36400
35022
36941
41458
37590
40283
39252
40282
44255
38356
35021
38355
35957
35022
36935
35021
35610
42766
44242
39243
35021
35171
35021
35170
36930
35022
35063
44229
35062
35951
47665
35021
35950
38339
42745
35021
40256
37571
35605
35604
35021
35021
35021
44199
35021
35602
35021
45833
35021
35601
47623
37558
47622
35021
36375
35021
35021
35165
39201
35021
44170
36371
38310
35021
35021
35021
41380
42693
35340
35021
36902
35021
35021
35021
39186
47573
40203
35021
38297
47568
35021
