55891
41986
46976
40917
57857
40917
40917
40917
41022
42918
40917
41363
40917
50800
55861
44217
40917
57828
42404
50787
40941
41158
49373
40917
40917
41975
41019
49367
40917
40917
52317
55826
42397
41157
46940
55820
45913
55818
40917
49358
52306
46935
40917
40917
41627
40917
40917
41969
40917
40917
50752
52294
41154
43497
40917
45899
44190
55789
44988
41353
45893
41622
41017
42893
40917
50733
40917
42891
41352
42385
45888
41016
40917
41151
44976
40917
44177
57724
57709
40917
50707
40917
41615
40917
41014
53908
40938
53907
48025
57688
41346
41148
41952
40917
40917
41950
52218
45856
40917
41344
40917
40917
44943
45846
41145
45845
42866
41943
41011
40917
43453
40917
49250
41142
40917
47976
46839
40917
40917
50628
41009
40917
45818
40917
57590
41140
41598
40917
40917
42348
52142
44912
49217
40917
57568
40917
47954
41332
40917
41007
45804
52129
47950
41007
53788
57548
55590
41926
42838
40917
49195
41136
45790
45788
47929
40917
45786
49181
55563
42830
40917
40917
40917
49176
50559
53742
53741
53739
41584
44093
42328
40917
43409
42822
40917
41915
45764
49152
43404
40917
40917
40917
50531
40917
40917
44864
55508
49139
47883
45751
41908
42812
45748
40917
40917
55491
41906
45742
44851
40917
41317
50502
43387
52015
40917
44844
45733
40917
57408
41315
45732
53664
40917
41314
41899
40932
50482
46724
42795
44053
40917
40917
41896
40917
40917
41123
40917
44826
45712
51974
40917
53626
41892
44044
40917
50452
41121
40917
40997
42786
40917
43365
40997
41562
42784
51957
40917
40917
50437
40917
40996
41119
45694
57324
40917
42290
40917
53581
50419
41303
41303
41117
41882
51924
40917
40917
51917
49032
42770
41879
43345
40917
40930
42281
41300
49025
44014
51902
44013
50393
49016
42277
41550
40917
41550
55322
40917
40917
40917
51882
41113
41548
41548
40917
40917
46644
41869
40917
48992
53510
50360
42752
40991
51860
46636
41867
50354
47746
46634
40917
50351
47744
43322
57207
42265
40990
40917
50344
41110
50344
40917
48974
53486
43984
51837
40917
47729
41860
47727
40928
44748
42740
40917
53463
40917
40917
41288
50318
51818
43975
40917
42736
50311
47712
53449
44738
41855
40917
46601
47708
46599
40917
43303
41854
41105
44733
42250
43300
41852
53434
40917
55211
42249
41531
46588
40917
40917
47692
40917
40917
40927
42724
42724
40986
40927
41103
42243
40917
51768
40927
51766
40917
42240
53394
40917
43283
44707
40917
46560
42236
47663
40917
40917
51737
50242
45567
42231
42229
51720
45560
44690
50219
42701
48862
44685
40917
43263
55103
50210
48855
50206
57005
40917
45544
45542
41828
40917
41270
40917
55077
47614
40917
40917
40917
41511
40917
40917
42215
40917
40917
40917
40917
53292
43906
40917
43248
41822
42211
40979
40917
55039
40917
40917
40917
41091
45513
40924
50155
41090
40917
40917
53253
40917
48796
40917
41089
47572
44640
43885
40917
48784
40917
50131
40917
47564
48781
41500
41260
40917
40917
43878
45491
40917
40917
41086
40917
45484
40917
40917
42191
44618
41803
40917
40917
47537
43864
41085
51574
40917
42655
40917
41492
46440
41800
40917
48739
46436
56836
50082
40917
40917
51557
43206
50077
53169
44604
43854
40917
51550
43204
40917
40917
44601
40917
41488
40917
40923
53155
54911
41795
40917
40917
45453
40917
46421
42177
40917
40917
47500
50050
42639
43192
56785
47494
40917
40917
40917
40917
48697
53120
41787
45434
40917
40922
41481
40922
40917
43829
53105
40917
41784
54853
40917
40917
41077
40917
40917
40917
53098
56743
40922
41782
40917
40917
47469
50012
51484
46384
40970
41781
40917
40922
47458
41241
40921
41241
43168
44553
40917
44549
51445
46359
46358
40917
56681
41772
48635
44543
40917
46350
43156
47425
40917
40921
43154
44536
43795
41466
41070
41070
40917
44531
44530
40921
40917
56633
41069
51398
49934
49930
56620
56613
40917
54726
40920
41759
54719
40917
40917
52974
42591
40917
41458
41229
40917
40917
41458
48578
40917
41755
51361
40917
40917
40965
51355
43765
56570
40917
40917
47369
46296
42126
40917
41453
40917
44494
40917
56551
48553
40917
40917
56544
40917
40917
43116
41746
42119
42118
41223
49862
56519
45320
40917
40917
42116
41061
43743
56504
51300
47331
41445
51297
52888
41445
41220
46258
47324
40917
40961
42110
40917
48509
52871
40961
48507
41059
44462
44461
41217
48502
48500
43728
47309
42556
40917
40919
41058
51265
45291
54573
41057
43089
41214
48484
43088
54567
41213
41435
43713
47285
40917
40917
54547
42544
41055
45271
40917
52813
40917
40917
40917
40958
52808
42541
41210
43077
42540
43704
52801
41054
44429
40917
49760
43699
56380
40917
40917
42085
52776
42532
40917
45249
41718
43692
42530
41051
45247
41717
44415
40957
41716
40917
40917
40917
40917
43686
41205
41715
40917
40917
40918
40917
49726
41713
40917
40956
41049
52732
48402
40917
42518
40917
52728
56309
43672
40917
47219
40917
40955
49703
40917
41707
40917
43046
43046
44392
40917
43669
47209
56288
40918
40917
40918
40917
40917
40917
41046
40917
40917
43661
40917
40918
51115
43658
54406
40918
43656
48368
40917
56255
40917
46135
56252
54391
47182
44369
41195
56238
40917
40917
42056
56229
42056
52656
45185
47170
40917
44358
42494
42053
40917
40917
48335
52641
40917
52639
43018
40917
41406
41041
40917
43016
54342
46105
51057
40918
40917
41689
40917
41689
40917
40918
40917
41688
40917
44345
41189
40951
40917
41686
41402
46092
40917
43624
49607
40917
40917
47136
41401
45157
43004
41401
45153
42040
40917
40917
43001
46080
41681
49590
46077
41185
42997
41185
46073
40917
42036
40917
41678
47115
52557
40917
41183
40917
40917
48270
41035
41035
47099
40917
40917
40917
42029
40917
49553
40917
48256
45120
40917
40917
40917
40917
48246
52522
41033
40917
41667
41177
41177
40917
41665
40917
40917
54196
40917
40917
41384
40917
42015
45096
49506
40917
40917
40917
48212
44279
54174
40917
42962
46010
52468
40917
45085
45084
40917
42957
40917
49484
40917
41028
41378
40917
48184
40917
43557
42948
44260
42432
41170
42002
41169
40917
42431
43554
47018
41650
47016
44255
55951
41026
42428
41026
42426
55940
47007
42939
40917
41372
40944
45969
40917
47000
55928
40917
55925
40917
43539
40917
41644
45961
41643
54080
48143
43534
45041
43534
46985
48136
41367
45035
