35078
35078
36428
44216
35078
35993
37603
37602
36425
35078
38361
35992
38359
35078
35651
44200
41422
35078
35078
35990
40253
38351
49565
49564
39234
35115
35078
38348
38348
37589
45802
35984
35078
35078
47584
35644
38339
42701
41392
49531
35078
35114
35216
44156
36939
35078
49515
36407
39209
39208
35078
35388
38326
39205
35078
35974
35214
35078
35078
39199
35078
35637
42669
35078
35078
41364
35078
35078
36399
44121
41359
35078
38314
35112
39188
47513
37558
36922
35112
39187
38308
35967
40196
39184
38307
35078
44102
35966
42643
47495
35078
36916
35111
35210
39175
35078
35078
38292
39167
35078
36384
35078
35078
36383
35208
35078
35078
41312
45673
35078
49396
35078
37534
40161
35078
35623
42600
35078
35078
38278
35078
36899
35078
35952
45650
37525
35206
35109
40142
36892
35078
35618
35078
40140
35078
35078
39131
35945
36887
36886
35945
42566
35078
35078
35614
35078
45610
35078
35108
41264
39119
47370
35107
36358
39113
36356
39108
42536
47353
35201
39106
35608
49282
35200
35933
49274
36867
35931
35078
45550
35078
42507
35078
41221
35928
38221
38221
35078
35105
38220
35360
35924
35078
49223
35078
38214
35078
35078
40063
35078
45511
49199
35357
36847
35357
35195
35104
42464
43897
35916
36330
43895
47251
35078
35078
40045
35078
43888
35078
49165
42451
35078
41168
41168
37455
40037
37454
38188
37454
47226
42442
35192
36322
36321
47213
35191
35078
35078
36829
39034
45450
35078
47204
35078
35586
35078
45444
37441
36315
35078
35904
35102
35078
40011
35078
39023
35078
36821
40009
35078
41134
35078
35078
39018
35078
43831
35581
35078
38161
39015
43827
38160
37430
35078
35078
35579
35345
35078
35078
37425
39006
35344
39005
41113
35078
35078
35078
39987
35100
36809
38150
35078
36808
35576
39983
35100
47134
36300
45383
35892
36299
38143
35078
49038
41096
37413
35078
35078
36800
38985
43778
35078
35184
35078
35078
35078
35885
36794
39957
35078
48998
42337
41071
35098
35881
38120
42327
35078
47068
35566
36284
35335
35078
42321
35078
35078
36782
35078
38112
35181
35078
35078
39932
35078
43720
35332
38101
35078
35560
35078
35078
35078
35558
35078
39910
47010
35078
35557
47008
36766
42276
47000
35078
35078
45255
35096
37367
35078
48891
35078
45250
36262
46981
37363
46978
35078
36758
35078
36261
43668
35078
35078
37359
37358
45232
35325
35078
37357
35550
35858
46957
35324
35078
48854
39877
35078
35856
36749
43643
35078
42233
35322
45201
35078
35078
39862
35173
40967
37342
35078
35094
38055
35172
38891
43620
35094
48807
42209
37337
35078
43613
35848
45177
35078
35171
36735
42201
35846
36240
35093
35317
35078
45160
37328
35078
35170
42188
35170
46877
35078
36236
35078
35078
45142
35078
37322
35078
43579
35536
35078
35078
35092
35078
35078
35078
35312
38846
38016
40904
40902
46820
35831
38840
35078
46814
37302
46811
42134
36218
37298
40887
36218
35078
45076
42125
35826
39785
35078
42123
37999
35078
40878
46786
35078
35306
45063
35824
36699
35078
35078
45056
35078
35078
36211
35078
46762
39768
35078
40860
35163
38811
42098
42096
35078
35818
46745
43480
48621
37273
48608
35301
36683
35078
39744
43458
35078
35078
36196
35299
35160
39735
36194
37960
35089
35159
40817
35298
38777
40814
35089
35078
46685
35089
35806
35078
35078
38774
39723
35078
35805
35089
35078
39718
35078
35078
35158
38767
35802
35802
48536
42029
35078
36661
36182
35088
43399
39702
43398
39700
35293
35088
35078
35088
35155
35078
35078
36654
35078
46628
35078
46616
36173
36172
35078
46599
48466
36645
35087
35078
35288
41975
37221
48452
35087
35078
35078
46578
35152
36163
36163
40737
35078
37906
35152
38714
36634
35078
35285
35151
46559
36632
36158
35078
36631
35491
35078
44849
35078
38704
35778
36152
44833
35078
46520
43296
36622
35078
35078
35078
35280
36146
40693
35078
35078
35148
43272
39613
37871
35078
35078
35078
39607
36609
35481
35078
35078
36607
35078
36606
35479
35078
35078
35078
43238
39589
35078
41870
48291
37168
35759
35078
35145
36130
35758
35084
35273
36594
35757
48273
35078
38645
35078
41848
48263
35143
35271
38640
35078
40634
35143
35754
35078
35078
35753
35078
35078
35471
36122
46399
37834
40626
35078
41830
37152
35142
48225
38624
37825
40612
46374
35078
35078
41817
35078
35466
35078
46364
35078
35266
36113
35464
35743
46346
35140
40591
43150
46338
44660
35078
40587
40581
36565
35078
35078
35078
35139
48157
35078
35078
36562
37125
35078
36562
38589
39509
38588
37121
38587
35078
35138
40562
35137
43112
35137
48132
35078
35078
41755
35078
37115
43103
35078
35078
35454
36092
39489
43092
35078
44596
37779
35078
35136
36546
48090
41731
35078
35725
35135
35078
38559
35256
35078
43068
35723
46236
37766
38553
35254
35081
48060
35447
36535
35134
35078
37756
35078
44544
35717
35078
35078
43037
35133
35252
43034
35444
44532
35078
41687
48021
36527
39446
48018
35443
36525
35078
35081
35078
43024
44523
35078
43023
36071
35078
35132
46174
36070
35711
35078
35078
47995
35440
35078
38520
35078
35439
39428
37071
35131
35078
35078
35078
35707
36513
35078
35078
36510
35078
36508
39410
35078
35078
35078
36056
39405
35244
42960
35078
35078
44447
37051
36052
38487
40433
36051
39391
35128
35078
41611
35078
47905
35078
35078
41609
35078
35695
35078
44426
36047
35078
35127
37700
36046
38476
46073
38476
35078
35427
35240
39377
35078
35078
35426
35078
44411
35078
35078
39368
35078
41583
35079
35688
36484
35423
38457
35078
39357
35078
47842
35078
35078
35124
46021
35078
36033
35078
36032
36475
35078
36032
35235
35079
35079
35078
35078
36474
35124
35078
44357
41548
35418
35078
37015
35078
35078
35078
35078
35078
39333
36027
35078
35078
37662
35078
37661
35078
37007
45975
36465
45972
35078
37656
44327
37004
35231
45963
35078
35078
35230
42828
35078
35411
38413
35121
36455
36016
35410
35078
35078
39302
35078
40328
35079
38407
39298
38405
35078
39298
35667
37638
47725
37637
35120
41490
37636
37633
39288
35406
35078
35078
36445
36982
35078
35078
35078
37627
39282
39281
35404
35078
35078
35078
45888
35119
42781
35078
35078
42780
39274
41464
35078
35078
47675
36973
35078
35078
35078
35078
36435
35998
40285
35078
35078
35078
36432
45859
35222
40280
45855
35117
35078
