10000000000000000000000000000000000000000000000000000000000
10000000000000000000000000000000000000000000000000000000001
10000000000000000000000000000000000000000000000000000000002
10000000000000000000000000000000000000000000000000000000003
10000000000000000000000000000000000000000000000000000000004
10000000000000000000000000000000000000000000000000000000005
10000000000000000000000000000000000000000000000000000000006
10000000000000000000000000000000000000000000000000000000007
10000000000000000000000000000000000000000000000000000000008
10000000000000000000000000000000000000000000000000000000009
1000000000000000000000000000000000000000000000000000000001
1000000000000000000000000000000000000000000000000000000002
1000000000000000000000000000000000000000000000000000000003
100000000000000000000000000000000000000000000000000000001
10000000000000000000000000000000000000000000000000000001
1000000000000000000000000000000000000000000000000000001
100000000000000000000000000000000000000000000000000001
10000000000000000000000000000000000000000000000000001
1000000000000000000000000000000000000000000000000001
100000000000000000000000000000000000000000000000001
10000000000000000000000000000000000000000000000001
1000000000000000000000000000000000000000000000001
100000000000000000000000000000000000000000000001
10000000000000000000000000000000000000000000001
1000000000000000000000000000000000000000000001
100000000000000000000000000000000000000000001
10000000000000000000000000000000000000000001
1000000000000000000000000000000000000000001
100000000000000000000000000000000000000001
10000000000000000000000000000000000000001
1000000000000000000000000000000000000001
100000000000000000000000000000000000001
10000000000000000000000000000000000001
1000000000000000000000000000000000001
100000000000000000000000000000000001
10000000000000000000000000000000001
1000000000000000000000000000000001
100000000000000000000000000000001
10000000000000000000000000000001
1000000000000000000000000000001
100000000000000000000000000001
10000000000000000000000000001
1000000000000000000000000001
100000000000000000000000001
10000000000000000000000001
1000000000000000000000001
100000000000000000000001
10000000000000000000001
1000000000000000000001
100000000000000000001
10000000000000000001
1000000000000000001
100000000000000001
10000000000000001
1000000000000001
10000000000001
100000000001
100000000002
100000000002000
1000000000020000
1000000000021
10000000001
10000000001000
100000000010000
100000000011
10001
1000100000
10001001
1000101
101
1010
101000
101000000
101000001
10100001
10101
102
1020000000
11
12
13
14
15
16
17
18
19
20
21
22
23
24
25
26
27
28
29
30
31
32
