..XXX.XXXX.X.X.XX.XXXXX...X.XX.X..X.X....X.X.X..X.XX.XXX.XXXX.X.
XXXX....X....XX.XXX..XXXXXX..XX....XX..XX....X..X.....X..XXX...X
XXXX.X...X.XXXX...XXXX...X.X.XX.XX.XXX...XX.XXX.......XX..XX.X..
.X.....X...X.X.X...XX...X...XXX.XXX....XX.X..X.X.XX...X...X...X.
.X.XXXXX..XX..XXX...X...X.X.XXX.....XX....XX.XX...XXX..X.X..X...
.XX.XXX..X.X...XXXXX.XXXX.XX..XX.X.XX..XX.X.XX..XX..XXXX.XXX.XXX
..X..X...XX.X.XX.X..X....XXXXX..X....XXXXXXX.XX.XXXX.XX.XX.XXXXX
X.....XX.XX.X.X..X.XX..X...X..X.XX.......XX..XXXXXX..X...X.X..X.
....XXX.XXX.X..X.X.XX....X..X.X.X.XXXX.XXXXX...X.XX..XX.XXXX.XXX
XXXX.XX.XXX.X.........XX.XX.XX.X..XX......X.X..X.X.X..X...X...XX
XXXX.X...XXX..XX....X.X.XXXX.XX....X...X.XXX.X...XX..XXXX.X..XXX
.X.X.X.XX.XXX...........X.XX.XX.X...XX.XXXXX....XXX.X.XXXXX...X.
XX.XXX.XX.XX.X..X..XX..XX...XXX.X..XXX.XX.X...XXX.XX..X..XX.XXXX
XXXXX.XX...XXXX....XXX..X..XX.XX.XXXXXX..X.XXX...XX.X..X.XX..X..
......X......X.XX.X.X....XXXX...XXXXXX..XX..XXXX.X.....X..X..X..
X..XXXXXX..X...X.X.X.XXXX.X...X.XXXXXXX..X.X.XX....XXX.X...XX..X
...X...X.XX..XXXX.XX..XXX.XXXX.X.XX......XXXXXXX..X.XX...X.XXXX.
XXXX.X.XX..X...XX...X.X.....X.XX..XX....XX...XXXX..XX...X.XXX..X
X.X...X.....X..XXXX...X.X.X.X..XX......XXX.X.XX.XXX.X..XX..XXXXX
X.X.X..X...X...XXX.X.XX..X..X.XXXX.X..XXX.X........X.....XXX.XX.
XX...X....XX.X.X.X.XXX...X.XXXX.X.X..XX..X.XX....XX.X....XXXXX.X
......X.X..XXXXXXX...XX..X..XXXX......X.X...X..X.X...XXXX......X
.X.X.....XX.X...X.X..X...XXXX....X.XXXX.XXXXX.XXXX...X.XX..X.X.X
XX.XX...........XX..XX...X.XX....X.X...XXXX.X..XXX.XXX....X.X.X.
.X.X.XX..X..XX.XXXXXXX......X.X..X.XXXX.X.XX..X....X.X.XXX.XX.X.
..XX.X.X.XXX....XX..XX.X.X....X.XX.XXXX.XX.X.X..XXX.X....XX...XX
..XX.X.XX.XX...X.X...X....XXXXXX.XXXX.X.XX.X.XXXX.XX...XX......X
X.XXX....X......X...XXX...XXX.XXX..XXX...XXX.X.....X....X..XXX.X
.XX.XXX.X..X...XXXX...X.XXXXX.X...X..X...X.X..........X..XX..XXX
.XXX..XX....XXXX...X..XXXXX.XXXX.XXX.XXXX..X.XX....X......XX.XXX
XXX...X.X..X.X...X.XXX...X..X...XXX..XX.X....XX..X..X.XX.X...XX.
X.X..X..XX....XX.X.X..XX.....XXX...X.XX....XX.XX..XXXXXX.X.XX.X.
XX.XX...XX..X...X.X..X.XXXXX...X..X.X...XXXXX..XX...XX.XX..XXXX.
.X.X.X..X..XX..XXX.X.X...X.XX..X.XX.X.X.XX.X.XX...XX...X..X.XX.X
X...X.XX..XXXXX..X.X.X.X...X..XXX...X..XXXXXXX.XXXX....X..XXXXXX
...XX.X..X.......X.X.X.X....X.X.....X.X.XX...XXXX..XXXX........X
XX..XXXXX...X..X.XX.X.XXX...XX....X..X..XXXX..XXX..XXXXX.XXXX...
X.X...X..X..XX.X..X....X..X.....X..X...XX..X..XXXX...X.XXXX...XX
X.X...X.X...X..X.X........XXXXX.XXX.XXXXX.XXX...XXX..XXX.X.XX..X
X..XX.XXXXXXX.XXXX..X.XX..X.X.XXX.XX..X...X.XX.XXXX..X.X..X.XXXX
.X.X..X.XXX.XX.XX..X.XXX.XX.XXXXX.XXXX..X.XX...X.XXX.X.X..X..X..
.X..XXX.XX..XX.....XXXX..XXXXXX.X..XX..XX..X...XXXXX...X.X.XX..X
XXXXXXXX.XXX......XXX..X.XX.....XXXXXXX.XX...X.XX..XXXXXXX..X.XX
.XX..XX.X...XX.X.XX.X..X....XX..X.X..X...XX.XX..XXX..X.X..X...X.
.X.XXXX.XX.XXX..X.X...XXXX.....X.X..X..X.XXXX...X.XXXXX.XXXX..X.
..X.X..X..XXX...X..XX..X.XX...X.XXX.XX.....XXX.XXXXX.XX.X.X.XXXX
X..X.XXX..X.X..X.XX.XXXX.X..XXXX...XX.X.X..XXXXXXX.X..XX.XX.XX..
.X.....XXXX.X....X.X.X.XX..X.X.X.XXX..XX....XXX.XXX.X..XXXX.X...
..XXXXX...........X.X..X...XXX..X.XXXXX.X...XX.X.......XXXX.XXXX
.X......XXXXX.X..XXX..X...X...XX..XXX..X.XX...XX.XXX...XXX.....X
X..XXXX.X.XXXXX.X...XX.XX...XXX.X..X.XXX.XX..XX......X.X.X.X....
XX.XX.X.XXX.XXXX....X....X.XXX.X..X.XX.XX...XX...XX.....XX.X..XX
X..X.X.XXX.XXX.XXX.X.X...X.X.XX...XXX.XX..XX..XX..X.X.X..X..X.X.
XX.X.XX..X..X...X.XXX....XX...XX..X...X...X.X..XX..XXX...XXX.XXX
