0.0
519.0
1751.376406315906
1429.6548779543102
1187.0325085182712
1368.4082222310178
1971.1941513762672
1306.7050941976463
989.6087442028456
1353.2599686799908
1669.0266560005348
671.9196184296816
849.3945790844805
617.6350054846308
682.7276177217383
547.9215272281242
1224.6273817871977
1451.734721338872
329.7787136854045
1636.5306195492462
1073.371199892
1440.5767198649073
1744.8953366834533
1751.1501312070839
1254.3210521755502
1101.7536029149696
2236.2981393296745
875.376083948918
449.8855409990412
1299.4331802665572
2494.799291828826
1266.5285673949818
1876.0543380078057
1002.9052679923369
1883.3016408204235
1048.9257590190814
750.1330907304099
1277.610511086058
1160.1603826990163
1436.9207081293105
936.9248712025037
1849.5658573913886
722.0006925204435
889.0272421129489
935.9184678518695
721.6716704984337
1086.8341185606873
1918.1820625875498
230.58620947489467
462.5462139073241
1721.4833459951426
863.4124159403779
1727.896339092612
1961.2265677224377
654.9909474814104
452.1531882819006
1985.4590784135494
1435.8839577952033
2368.6572048563207
618.909524890351
1293.465678377621
1799.6691683136848
1895.986425725745
1577.7563966483824
258.0763191829101
1498.9799147222082
1485.1303230746848
1185.199196340002
845.9054438323093
2163.8361670062454
47.12748667179272
2639.00030360434
1323.7286711944103
842.6846026453304
891.6106432598525
1876.2745719335926
602.4367186684424
2223.329129745614
783.0415059241751
545.800557351504
1196.6900340352452
173.21951391226105
437.4574264999967
1532.0284692201344
1993.8199666842288
1742.858533897351
387.2002066115151
1494.8078201754329
839.8401574348713
980.590646418244
1381.7831813579285
2504.8870322158746
1069.2227561819022
901.319716532264
1162.0847025358453
1311.2004267115744
1204.8374717179543
495.4069034642129
1525.1870238284694
1487.7174222260244
2208.6020025700473
567.5762852327983
3.23606797749979
0.0
