1000000000
405303261 594696739
223637456 181665805 413030934
150457104 73180352 108485453 304545481
108348970 42108134 31072218 77413235 227132246
78697466 29651504 12456630 18615588 58797647 168334599
56568700 22128766 7522738 4933892 13681696 45115951 123218648
39999052 16569648 5559118 1963620 2970272 10711424 34404527 88814121
27748798 12250254 4319394 1239724 723896 2246376 8465048 25939479 62874642
18865438 8883360 3366894 952500 287224 436672 1809704 6655344 19284135 43590507
12582560 6282878 2600482 766412 186088 101136 335536 1474168 5181176 14102959 29487548
8275264 4307296 1975582 624900 141512 44576 56560 278976 1195192 3985984 10116975 19370573
5430568 2844696 1462600 512982 111918 29594 14982 41578 237398 957794 3028190 7088785 12281788
3627904 1802664 1042032 420568 92414 19504 10090 4892 36686 200712 757082 2271108 4817677 7464111
2526680 1101224 701440 340592 79976 12438 7066 3024 1868 34818 165894 591188 1679920 3137757 4326354
1858824 667856 433368 268072 72520 7456 4982 2084 940 928 33890 132004 459184 1220736 1917021 2409333
1424764 434060 233796 199572 68500 4020 3436 1546 538 402 526 33364 98640 360544 860192 1056829 1352504
1091624 333140 100920 132876 66696 1804 2216 1220 326 212 190 336 33028 65612 294932 565260 491569 860935
792578 299046 34094 66826 66050 646 1158 1058 162 164 48 142 194 32834 32778 262154 303106 188463 672472
526337 266241 32805 1289 65537 513 133 1025 33 129 35 13 129 65 32769 9 262145 40961 147502 524970
