Bob Allen = Whisper Lemon Drop
LeBron James = Wild Sugar Cakes
Andy Digh = Lily Marshmallow
B C = Whisper Doodles
C D = Candy Marshmallow
D E = Clumsy Bubbles
E F = Eggy Happy Feet
R G = Loco Baby
H I = Blueberry Fluffy Tail
J K = Daffodil Carrot Cake
L M = Wild Cotton Tail
N O = Nibbles Sprinkles
P Q = Pop Candy Pop
R S = Loco Sunshine
Tu Tu = Trixy Sugar Drop
Viola Wayfield = Daisy Sparkle Pop
Zebra Disney = Lucky Marshmallow
Disney Zebra = Clumsy Kid
Sugar Kiss = Smartie Carrot Cake
Carrot Stick = Candy Sunshine
