0
0
98
391
0
35
119
0
0
119
0
474
33
6
0
0
3
0
0
0
6
54
371
999
13
371
54
9
73
39
0
0
0
999
474
0
6
372
33
52
0
0
0
29
0
60
44
12
0
30
389
345
473
0
178
158
0
3
0
23
1
49
127
60
0
130
0
545
3
56
371
473
372
81
0
389
0
28
0
541
999
0
0
150
17
50
55
0
111
0
350
0
42
0
474
54
0
33
0
0
0
0
4
0
1
0
3
150
537
364
42
29
0
0
389
30
0
0
0
177
0
99
67
20
60
0
39
111
60
54
11
39
0
0
4
0
774
773
1
348
0
31
391
371
0
66
8
1
0
0
0
0
724
62
35
999
0
14
0
0
26
22
21
0
23
21
0
119
774
5
0
1
389
23
0
388
9
0
22
0
0
0
35
0
23
0
20
44
0
371
1
178
31
4
2
474
62
111
127
0
139
0
0
39
7
389
940
4
388
0
6
0
0
0
22
0
0
0
371
0
0
0
10
119
150
0
0
338
0
0
18
73
99
0
345
0
162
130
66
81
0
0
371
149
348
371
473
0
0
0
0
0
14
0
473
4
774
22
80
371
28
0
2
58
150
0
81
0
0
119
350
0
0
12
391
0
0
39
0
5
0
724
371
4
0
0
22
940
37
0
44
0
0
474
0
1
391
49
73
0
0
0
371
4
37
28
156
0
158
0
371
388
0
156
345
0
5
474
119
0
127
177
127
371
0
0
0
0
0
388
23
0
0
0
0
0
544
0
541
999
4
4
537
0
127
1
31
0
31
81
0
0
0
0
104
23
35
0
541
999
66
474
158
13
389
0
774
0
3
0
1
0
0
537
1
724
0
348
0
0
0
371
388
388
0
21
21
6
0
28
537
0
345
177
159
6
31
0
159
104
2
0
338
0
2
0
52
10
10
774
537
940
22
17
995
541
66
778
0
44
6
7
161
0
0
0
0
995
0
474
21
0
0
6
177
0
1
103
0
35
0
389
127
474
999
999
541
52
15
541
8
31
3
999
0
177
92
371
350
3
774
54
178
345
0
345
0
0
0
6
0
8
995
388
62
350
35
0
11
5
0
0
544
345
388
391
0
23
0
0
0
371
6
0
104
345
537
0
389
0
995
150
139
0
10
774
22
537
7
388
0
60
52
17
350
0
16
371
0
8
371
345
0
10
0
338
119
0
162
60
541
0
0
0
0
17
999
0
0
130
0
66
371
73
81
132
0
119
0
9
0
73
5
5
0
3
372
10
778
389
0
16
149
29
119
0
28
119
541
1
0
54
0
103
0
62
348
0
372
0
81
0
34
0
3
0
156
0
35
0
0
130
999
774
0
0
51
60
388
0
473
150
1
0
372
0
774
15
372
0
44
0
0
4
0
0
391
98
541
29
9
371
350
0
1
0
22
35
338
541
541
158
364
0
371
150
26
2
67
0
371
1
0
22
92
0
345
999
16
0
72
0
22
372
0
774
541
0
0
391
45
40
0
62
58
348
372
22
473
778
2
52
473
19
42
0
6
0
0
127
0
23
13
0
6
372
13
27
0
474
0
773
0
21
388
73
0
0
73
474
67
0
348
103
127
338
372
51
0
3
0
21
778
0
5
52
0
0
33
0
0
541
111
3
999
1
35
80
0
54
37
474
0
0
371
22
130
0
371
0
52
1
0
92
20
371
30
106
111
0
35
0
4
67
0
6
0
7
111
337
0
0
0
345
80
6
38
0
80
0
0
0
371
111
0
103
0
73
0
28
29
156
0
0
3
389
98
0
0
119
545
18
5
17
0
7
6
0
0
0
372
50
371
29
474
0
372
0
372
12
119
36
54
2
541
33
371
473
5
0
35
51
150
92
0
0
371
0
0
537
0
0
35
7
13
999
389
139
0
60
80
28
0
337
0
103
10
132
0
18
60
5
1
0
33
0
7
0
177
0
52
0
365
158
96
0
9
30
0
67
0
389
6
17
0
0
0
0
15
81
81
1
54
0
338
0
0
371
35
345
18
104
17
37
541
541
12
345
104
0
6
23
391
0
6
104
5
22
999
35
345
22
54
44
0
537
0
14
350
3
338
20
111
474
1
371
0
73
372
7
0
17
389
0
0
778
50
0
389
4
337
21
73
9
474
60
8
2
388
52
5
1
345
37
159
35
371
0
57
0
0
17
0
81
389
35
0
54
0
5
10
20
20
14
537
774
99
0
48
98
0
0
0
81
19
0
178
49
537
0
388
66
130
50
149
178
0
389
0
389
