0
769
2717
2869
802
87
448
2870
109
2863
0
172
449
240
96
16
3964
0
0
0
2869
0
209
0
0
488
314
156
21
2870
1797
0
290
577
0
0
154
782
125
3965
92
2642
0
2717
2870
229
2865
125
0
422
229
2866
2906
415
425
250
126
0
2710
0
0
487
0
330
0
572
0
492
0
23
4648
2863
0
65
0
57
3971
0
322
0
0
1800
988
3965
43
587
317
0
0
0
217
786
2709
183
0
329
0
0
49
0
0
0
0
79
341
3961
0
0
2638
0
1796
4999
0
0
2866
3967
0
329
2715
322
3967
419
237
120
79
0
459
0
1798
2861
2709
60
0
190
0
3969
4999
389
0
463
0
153
2861
2907
0
2902
415
2871
0
508
443
0
2902
0
448
989
555
0
0
3963
187
492
577
0
0
1796
2911
0
2710
421
0
0
2709
22
0
0
244
771
0
0
486
2717
0
0
503
0
0
2874
0
0
3964
4650
2706
0
315
0
205
2907
0
2716
0
3966
0
2861
2126
2711
2874
0
0
0
496
0
0
3965
959
126
66
0
0
333
0
85
0
0
2711
127
0
0
26
103
21
0
0
783
0
0
0
2902
444
3963
1797
185
0
148
0
0
0
0
169
259
4999
0
0
4650
0
424
172
498
78
0
40
2861
205
2718
58
58
2867
0
2902
2714
2639
0
471
40
481
3969
0
589
0
0
4999
2642
12
0
2642
2711
1797
2872
0
774
0
0
988
2870
3969
442
184
0
2898
0
2710
4999
2907
2864
247
2863
328
2902
140
4647
168
313
2866
0
0
150
38
988
4543
0
2714
2864
0
3963
0
0
60
4545
2716
0
989
3968
0
501
781
0
0
135
0
98
564
2863
0
1797
800
451
2909
128
475
0
0
0
777
0
0
324
2902
2639
3969
556
491
0
0
0
0
2710
185
0
0
0
330
103
2860
2869
3971
0
0
0
0
2865
2863
2900
0
3961
0
0
0
2716
2913
490
0
0
0
322
2861
255
451
0
4999
4543
159
987
3914
142
480
14
2713
2717
0
100
415
0
139
0
3965
4651
988
0
0
0
297
2639
2908
588
0
786
3964
193
125
24
2864
0
181
0
785
326
0
4650
0
448
0
392
2912
20
802
0
953
3968
484
0
0
0
454
577
801
174
0
0
0
297
772
5
108
0
0
195
802
59
0
4653
2906
3964
0
0
38
0
178
0
0
4653
0
71
2873
0
2906
0
2906
31
10
0
342
2874
570
196
2901
4653
2909
445
0
2863
163
2874
165
0
0
2898
0
133
803
172
0
19
2861
0
55
0
0
0
0
987
0
481
0
2906
2908
779
0
467
3977
108
12
255
2640
4642
354
466
0
3965
4653
13
46
2859
2866
4643
424
0
60
0
15
0
0
313
781
2909
102
778
0
0
0
0
439
0
0
1798
2864
0
0
0
564
0
387
29
111
242
0
572
2127
2913
424
480
2871
157
2874
961
147
451
0
4999
0
2922
0
0
3968
0
0
958
2903
0
373
85
0
959
111
128
0
2714
778
0
0
0
2864
0
0
53
91
2863
0
0
0
2863
13
0
0
0
2899
0
217
314
0
558
0
4999
374
0
2863
2900
497
4651
412
0
0
785
59
321
0
786
0
2709
0
2907
4643
207
0
0
0
0
0
290
0
61
0
0
67
0
0
0
3964
390
0
106
0
0
0
3963
0
1796
3964
781
2712
2642
2714
173
172
987
27
2907
30
2714
2714
390
131
588
2711
0
0
0
986
986
217
163
0
0
472
20
0
237
100
27
0
2639
0
332
0
0
0
773
0
2869
55
0
444
342
988
185
2709
50
2127
102
781
44
46
58
4653
60
3961
188
99
52
6
30
0
575
2714
158
97
2639
0
397
479
0
476
133
23
570
0
0
2714
0
2869
2899
318
2716
0
0
2863
4650
2866
2922
2870
0
40
34
0
570
0
774
0
89
3914
0
2869
148
956
2861
8
573
769
553
135
503
0
240
415
78
102
2126
3977
152
0
296
0
0
227
2714
0
0
0
0
241
0
0
0
1796
0
0
0
0
2901
4643
4645
503
0
0
239
0
0
292
2909
161
0
2127
4647
0
327
0
330
191
144
162
199
800
3969
96
0
2909
0
0
0
28
2870
0
0
3968
19
100
127
0
493
215
959
954
0
465
1797
110
0
2870
99
0
0
2907
959
1798
17
3965
3969
14
80
33
2902
2911
4651
2923
159
491
1798
0
487
0
114
196
988
448
211
108
80
0
0
455
161
102
4543
2127
0
2642
15
0
160
471
143
0
0
784
0
0
229
0
2126
0
0
446
0
19
0
226
0
156
2900
2862
3961
2862
0
0
0
342
492
1796
4642
0
588
96
4650
0
987
0
118
84
0
1800
0
320
4644
2923
290
296
2861
1797
954
0
318
0
34
253
0
15
152
0
29
4999
2866
0
75
3969
2902
803
104
47
188
2909
2717
154
26
25
0
0
117
573
0
0
448
444
2863
7
3969
242
450
0
0
281
454
0
0
120
788
138
0
0
0
3963
0
2874
959
394
189
330
3976
2128
312
19
0
2865
2861
98
479
398
0
2923
988
414
27
120
2869
0
785
6
341
3969
0
3977
70
557
117
0
2870
108
145
62
2900
496
800
3969
2899
769
0
414
0
2899
0
2864
0
0
104
0
61
0
0
27
0
3969
2714
0
195
509
0
0
477
354
0
423
0
3965
140
65
63
177
2867
0
2864
0
0
4543
2898
186
0
0
0
498
2870
110
125
0
2866
113
0
768
2874
0
151
0
2874
342
0
2862
0
0
0
73
2126
0
140
123
0
23
0
0
424
0
4648
0
0
3965
0
0
488
0
0
2714
314
0
2907
2709
192
0
953
243
989
183
152
415
133
487
111
0
2124
0
800
0
0
3914
2898
986
0
495
2907
1798
2863
0
1797
28
574
0
242
4648
573
2907
0
398
2912
229
2900
4999
0
2870
954
0
2872
0
56
2638
120
0
165
487
0
0
2869
194
98
2127
0
33
314
414
0
420
419
45
111
2861
0
782
488
316
0
0
88
2907
251
3968
2902
0
2899
0
4650
3965
76
800
155
321
0
0
90
957
0
582
185
0
321
2864
28
2906
0
1797
0
560
4
0
986
37
250
0
0
74
0
2861
54
18
127
0
778
70
2863
0
577
2714
36
36
987
2716
136
337
471
375
590
0
39
0
487
0
0
956
107
0
4646
0
4644
0
2900
0
989
124
151
465
4543
0
0
0
0
0
239
258
985
2642
0
0
39
3966
498
321
128
2864
41
253
87
2640
0
954
0
0
0
115
986
0
801
490
0
351
989
0
0
240
2127
0
2
104
0
500
2868
192
146
112
801
2901
4642
151
1800
0
2714
315
225
0
2870
2712
464
0
2127
3964
0
0
774
3964
97
0
422
22
0
987
2906
422
3914
801
52
555
315
0
185
2907
113
424
291
0
472
119
2874
2902
4645
145
33
30
2873
3970
2867
0
55
140
1797
572
100
104
3963
156
775
7
778
0
324
146
4648
2902
3963
3971
2709
0
183
779
2922
483
1799
0
2717
2127
392
2863
0
575
0
41
0
115
0
199
199
0
2710
0
247
181
0
2922
0
0
0
424
487
0
0
570
2717
22
214
0
1798
0
2922
118
2710
0
2923
179
4650
3961
0
176
0
0
2923
0
1797
234
88
3965
312
159
2710
803
184
412
355
0
3969
0
103
0
4651
2867
2898
0
0
439
2907
0
83
4999
1796
988
183
422
327
8
0
2865
0
0
957
58
496
959
0
0
2709
420
2863
4642
2861
3965
0
112
2873
2902
4650
248
97
0
0
0
0
0
0
189
0
0
0
2860
101
412
0
45
805
3976
953
0
0
800
108
3963
444
2909
192
0
3914
116
67
59
0
163
314
459
0
4650
0
961
0
4999
124
186
2923
2640
0
187
2861
0
488
0
54
87
68
0
0
2714
0
132
0
98
0
0
4650
3966
236
98
0
0
226
176
4653
4648
2874
4644
2642
322
3964
0
196
0
0
3969
57
0
0
0
142
233
4644
2922
449
330
439
2713
785
107
3961
0
0
57
0
96
0
953
0
487
0
39
244
2864
0
2868
374
0
202
2898
0
2898
0
2862
2923
189
0
803
3961
575
408
226
0
570
0
0
126
4999
0
2709
172
3977
4650
83
988
64
0
179
51
2898
155
331
111
28
2900
0
4649
173
0
2709
4
2900
0
0
2862
2715
2717
69
136
779
0
2906
0
131
25
32
0
238
2860
47
415
2866
0
70
4645
0
0
471
391
0
2864
0
2909
47
0
2868
47
0
240
465
2909
67
384
2716
4545
0
3967
188
3961
163
2642
0
2901
0
0
2898
0
3976
134
0
0
0
0
956
0
987
570
0
0
412
0
67
296
0
0
1796
59
412
0
0
0
2127
2128
0
0
4545
105
2642
189
0
0
2709
446
0
125
446
250
2872
0
2639
241
0
0
783
470
66
2902
88
0
0
198
0
0
988
50
495
0
0
63
207
0
0
0
0
555
4543
4655
0
2900
2862
0
0
0
197
2861
440
2709
147
0
3977
419
6
332
0
291
0
101
570
785
575
0
0
443
192
69
290
0
3961
2870
145
85
0
0
0
324
0
2638
422
421
46
0
2126
47
0
47
130
57
423
0
480
153
4653
2126
4
161
3966
35
420
48
956
167
59
327
989
0
69
800
0
0
555
412
0
424
81
0
295
44
29
203
0
0
2710
484
2127
2861
0
589
0
0
0
0
314
330
0
2901
0
455
0
2716
352
3962
2899
3964
25
957
0
0
0
130
3913
20
354
465
1798
127
232
0
2909
18
4647
39
0
0
558
783
0
0
0
0
171
250
0
777
43
3969
2864
139
178
0
115
7
3968
184
2863
2909
0
0
168
0
65
3966
3977
498
2868
2864
2868
251
19
442
2
0
0
0
0
0
0
2900
230
190
0
0
2862
2716
0
480
0
249
27
2713
2869
177
0
2899
469
0
392
3
0
239
14
217
2900
0
778
0
0
2874
2868
58
23
0
0
0
958
0
395
0
241
477
0
0
98
142
0
2715
109
48
0
0
134
0
1796
202
423
1798
0
3967
41
3963
162
0
0
145
414
2716
0
559
0
803
0
0
2709
0
2898
168
0
382
0
4651
0
0
0
42
0
1798
0
0
253
2874
495
23
0
0
0
2907
2863
0
136
86
0
49
0
3962
2874
315
36
0
3977
0
0
245
2127
0
591
136
19
0
0
0
0
0
1798
0
0
570
780
2907
0
4649
251
41
2860
251
0
2715
0
3971
0
74
0
989
2127
0
312
131
301
2709
0
0
471
177
50
2906
0
0
1798
2706
2902
0
0
2640
2901
3961
99
469
1798
3969
2866
2910
2874
0
2872
43
577
353
80
3969
10
0
0
2866
0
0
0
198
0
3968
0
0
102
0
2710
501
2900
104
989
0
0
2907
2867
2864
0
0
0
19
0
1797
0
1797
0
4
0
778
242
107
0
0
0
156
800
151
0
60
3971
3968
2909
0
37
0
2912
446
0
0
232
2902
2709
0
0
0
3967
0
442
0
573
42
0
987
162
0
114
0
0
2861
0
2870
0
0
773
3963
2913
0
2912
0
477
987
176
420
0
389
317
0
0
58
424
0
803
0
2870
0
0
0
2923
0
2126
0
2124
0
0
324
498
397
0
0
0
778
0
443
0
0
0
2907
3969
333
2868
293
255
96
801
385
0
0
3963
570
0
4648
0
0
2902
95
0
103
0
439
458
183
0
37
3914
178
330
47
0
2126
987
987
4644
0
4999
66
0
101
0
184
0
469
1797
2899
0
501
0
0
0
2717
127
0
956
2709
143
199
0
234
0
0
49
3965
0
0
0
587
2898
2872
68
3963
0
465
2909
45
469
509
56
0
446
0
2897
956
2909
93
0
39
414
100
59
4643
232
986
2909
477
4651
0
0
394
4997
0
508
0
1796
3962
2872
194
2897
2909
38
6
2908
193
0
2871
0
0
0
456
113
2897
100
0
181
0
173
0
353
50
3966
0
0
0
390
2868
330
492
0
0
0
0
3961
2642
0
465
0
385
156
0
49
0
93
0
786
0
318
0
0
13
229
191
0
0
495
0
0
15
2874
35
2716
0
2715
0
572
788
2907
2909
41
0
0
318
3966
236
2922
989
2907
0
191
2906
3961
251
0
0
2127
0
0
0
501
2874
0
397
39
556
0
0
452
2902
1798
50
8
323
0
0
0
0
0
13
0
0
0
2871
2859
0
0
803
221
2640
0
0
0
0
2909
2868
774
2642
0
2863
209
3967
0
3914
19
48
0
0
158
153
249
2907
0
3971
0
2710
768
2714
2867
989
0
292
4543
409
987
243
136
0
0
986
4651
0
2902
205
2
2898
0
2128
2874
2639
2714
2906
3961
30
239
2909
19
779
4645
0
125
14
0
0
481
169
2872
159
3964
774
0
3964
64
2909
0
339
4642
0
0
0
0
2909
0
954
327
0
0
247
290
448
108
492
2709
184
0
2868
2715
0
110
392
0
20
0
2907
0
0
0
175
0
0
953
769
3967
32
508
250
2126
2923
4997
23
0
0
0
316
0
52
0
2716
0
318
0
117
217
0
167
200
61
0
0
480
166
2861
52
0
2866
3971
1800
959
50
242
0
772
317
215
291
0
79
0
4999
458
319
2126
49
0
186
292
2910
21
0
9
3963
0
182
2861
220
1796
0
0
0
131
424
0
0
3969
0
7
0
582
2710
112
321
0
0
1797
35
492
0
227
986
0
3968
2864
78
0
3914
2909
0
0
1800
0
207
0
988
3967
2861
178
4649
0
108
0
0
460
98
0
2870
489
4646
0
290
0
800
0
85
13
2863
0
0
171
0
586
0
424
0
387
4999
2867
2898
488
14
0
988
0
21
0
393
987
2127
26
768
55
0
89
123
586
3963
0
50
0
553
0
0
4997
3965
0
2710
783
202
442
2714
0
803
326
455
0
0
0
452
2901
68
0
2874
2714
248
252
4655
0
205
509
2901
0
3970
2126
32
492
0
229
2874
439
0
577
4651
55
30
84
774
987
0
0
0
0
2908
468
217
3912
0
493
4649
2907
0
181
0
4648
0
204
0
3968
2716
491
0
774
3969
783
2127
3963
420
424
453
0
0
2126
0
0
0
2709
0
2907
0
4651
4643
0
0
40
2868
54
0
986
0
24
250
769
2715
453
24
0
3970
101
3968
0
151
3976
0
489
4647
0
0
0
301
0
3968
0
0
2710
50
163
491
4545
0
0
0
0
0
0
0
0
2872
2642
53
33
0
0
508
187
0
957
501
987
30
0
57
785
0
0
552
0
38
0
2900
0
0
4653
1796
0
244
147
0
0
74
2898
2715
1800
0
2874
3914
2907
0
0
496
180
0
158
58
987
131
2642
2866
0
0
106
0
46
3965
41
2874
0
776
373
0
2899
0
1798
121
186
0
142
954
3968
0
0
69
0
127
2869
0
0
0
0
2714
0
3969
40
0
0
241
112
151
0
0
0
2867
141
0
479
2870
0
2909
2861
0
0
553
488
27
9
0
786
176
248
144
0
64
189
0
954
0
439
3965
2912
784
954
0
82
778
0
988
0
0
2923
0
0
0
188
55
119
989
2923
142
1797
785
0
53
986
4545
72
0
0
2715
3968
173
3963
217
2874
0
3977
67
234
0
478
0
2714
0
0
491
3914
3965
3968
36
0
1796
244
0
4655
145
0
353
957
0
0
987
2642
4543
988
2127
2126
2864
56
2907
0
0
0
0
555
0
397
2864
33
0
0
0
107
130
0
78
395
0
111
2713
0
0
0
3969
0
2909
0
0
0
2907
391
2913
118
3963
2911
2907
0
0
113
320
108
93
12
957
0
0
2868
254
425
68
0
62
0
0
0
45
2872
38
2870
2869
552
0
2127
460
289
0
0
4645
201
2638
2
0
0
2869
76
3964
0
323
2907
2859
0
202
233
491
0
113
2859
956
0
330
446
231
0
0
2716
0
60
119
0
108
3967
0
241
2913
0
2899
2862
0
0
0
2860
150
139
2710
0
3964
0
0
0
2861
73
2127
777
2710
2715
236
3966
0
0
2906
0
22
0
2709
988
0
3970
0
954
0
4651
2909
6
956
62
53
161
2909
0
455
0
2865
440
421
166
3968
0
100
487
782
390
0
0
0
0
2717
988
122
2863
2860
0
0
0
0
0
0
0
492
39
4644
2899
772
12
0
2902
157
0
2868
1799
0
3963
0
2899
253
176
248
195
0
23
0
0
3969
0
168
0
0
326
0
2898
2127
161
4645
81
0
214
0
2860
66
0
2710
0
800
87
0
0
0
0
0
491
1799
0
0
0
0
2898
0
0
0
2714
0
1798
0
0
176
0
118
2126
480
0
0
1799
232
156
2872
2868
109
4997
4999
0
312
2910
87
0
114
384
322
0
0
2717
0
0
2910
86
561
0
118
3977
0
956
0
202
0
46
0
0
0
0
0
0
3968
138
2923
412
0
1798
0
0
0
2640
0
2899
0
2709
587
289
385
4651
68
58
3961
472
2642
38
2716
4650
769
110
2642
233
2909
985
0
47
184
290
146
0
247
0
3968
800
2907
328
769
2907
0
4653
0
0
786
485
3967
4543
0
2640
2907
0
0
0
2899
0
163
0
480
143
0
2718
69
771
2907
0
327
42
0
2127
1797
54
2716
559
475
351
423
0
0
38
590
18
335
0
0
2913
255
2710
4545
2909
2899
88
508
0
0
768
232
9
0
988
957
0
382
27
382
54
0
419
0
0
229
0
4651
36
0
0
0
0
0
229
189
0
4649
0
1797
4654
0
33
147
2711
2911
0
2127
0
451
2640
558
457
988
317
3965
24
0
802
788
108
0
75
800
2866
164
1796
2865
496
142
0
2716
590
0
196
2866
313
0
0
450
167
959
4644
0
590
0
24
1800
81
2864
0
4654
785
0
0
0
2869
210
2127
226
0
227
0
331
0
2707
0
77
0
47
91
71
3968
2711
2901
0
313
0
4647
389
0
0
2716
382
0
488
0
201
157
3963
2869
0
208
33
475
0
0
2866
0
101
0
0
0
103
219
35
185
41
26
4647
2923
0
2866
194
0
3965
2716
776
0
582
0
178
169
237
2871
250
0
185
0
0
0
213
989
2710
164
3969
19
63
2864
211
584
101
0
3970
2874
392
3969
4646
0
0
0
776
0
2866
332
1795
138
330
0
2127
987
80
2873
445
2912
455
2865
0
34
0
85
16
446
2864
0
2865
150
1
465
0
11
0
0
3977
179
783
91
54
1798
0
0
2714
2902
0
986
166
3914
0
290
4645
3964
4651
157
0
99
0
496
2861
780
202
0
3963
2861
2923
0
0
43
4642
17
0
0
0
137
1798
786
0
4654
0
988
787
0
3969
3963
0
0
167
2909
0
0
0
0
0
0
0
0
0
0
0
2911
780
441
108
1796
0
0
2870
2909
953
957
0
4654
333
0
2713
143
2638
442
88
2715
0
32
0
307
2912
2900
0
2907
4646
0
2715
125
0
0
1798
0
4643
0
0
296
989
56
0
0
0
0
0
64
0
315
0
229
73
4648
0
151
442
4644
0
2868
2713
481
0
137
0
38
0
0
0
0
1796
102
6
58
0
496
0
0
74
2923
0
4644
143
314
0
0
161
783
0
0
80
0
492
147
0
1800
186
189
0
184
163
0
2864
2874
0
4999
588
0
0
10
4999
0
2870
3964
0
0
572
2909
0
0
0
2907
0
987
0
320
0
18
3963
72
251
0
0
312
448
324
2874
0
125
0
0
0
0
3965
104
242
204
2714
420
564
2907
37
2868
139
2124
180
201
2642
0
0
0
0
51
2898
2711
327
0
0
138
0
0
2907
482
423
0
4642
91
384
4643
62
321
986
0
0
0
1800
2716
193
0
0
0
442
0
2907
0
0
0
0
1798
319
0
76
2869
2899
232
989
168
2870
4653
0
0
0
0
227
102
103
0
986
0
242
0
420
0
394
408
0
0
0
2868
2874
163
0
2714
0
0
313
465
381
238
0
0
0
0
492
0
2710
0
2709
44
0
0
2126
121
0
2714
3976
0
394
0
0
0
0
164
64
2859
169
954
484
2871
0
31
13
240
0
558
1798
0
26
3965
0
2716
2863
0
0
15
237
0
0
0
2922
162
455
0
0
2127
3971
0
0
0
16
444
39
0
3965
0
0
989
2899
0
463
0
3966
0
0
317
955
2907
588
374
184
2127
0
230
0
2873
83
0
66
3971
4650
184
3963
444
0
2869
2710
0
0
1798
802
14
0
51
2866
2127
956
3967
57
2868
1799
0
0
772
0
781
0
472
4648
0
2714
0
0
97
112
0
988
2125
0
0
321
988
0
773
0
247
208
446
0
0
354
495
2901
2870
0
0
0
4545
3969
155
0
44
454
0
75
956
0
234
209
783
0
591
32
465
0
2126
2714
0
2900
0
3968
0
0
573
0
2907
2866
988
52
782
148
0
4651
180
4997
102
0
4653
149
414
0
0
2911
0
0
23
291
67
570
2869
586
2870
498
2867
0
0
3971
292
91
0
48
0
0
587
0
0
956
0
2870
31
38
239
467
239
0
3968
0
0
1797
96
479
954
424
2860
4651
768
89
0
0
0
0
3965
2872
2858
149
786
157
0
329
986
4648
786
0
2861
61
3976
0
167
77
182
48
414
589
71
0
500
2907
557
173
509
100
556
318
495
2861
2711
0
574
150
2867
0
2874
2906
0
2864
181
0
588
105
318
0
0
167
2127
94
0
397
552
144
40
230
0
54
4643
0
177
2907
0
0
0
0
0
57
2907
2902
0
0
389
0
0
769
2906
0
489
988
66
91
2898
3963
0
78
3969
2715
2868
2899
2874
2909
0
0
2909
456
0
0
0
0
0
2909
2127
0
0
487
0
0
0
3914
959
953
0
2899
0
0
3965
0
226
0
2923
96
2126
2717
0
2710
327
0
0
448
105
153
0
0
2870
0
0
0
0
74
150
781
0
0
0
0
0
116
0
0
0
4651
1798
768
291
2898
0
0
424
4649
2861
769
0
0
390
0
385
2638
0
374
0
0
987
4645
0
182
0
475
382
784
74
50
14
0
0
0
0
0
469
191
0
0
772
0
0
324
0
2902
0
105
168
0
989
2907
55
488
0
0
954
452
0
0
2868
84
0
0
7
2866
416
0
454
0
0
0
216
0
0
4650
2716
0
0
61
0
2868
2127
0
0
496
0
2907
0
105
0
240
0
0
0
0
0
341
2899
0
0
772
0
1799
785
787
2128
2909
0
0
2711
0
0
0
0
2710
2874
259
13
787
124
181
0
39
0
2909
115
0
0
988
11
342
954
988
488
147
176
0
2714
0
3965
0
2714
2867
105
209
40
986
1798
240
0
0
4649
53
0
0
2865
32
324
42
16
0
2861
4999
117
353
0
0
113
0
0
450
0
0
0
442
2899
0
0
13
2714
51
0
32
445
0
68
415
2125
0
44
2716
0
0
784
0
954
580
58
460
0
508
4649
2898
0
184
2716
986
0
3963
0
162
0
2867
780
481
2899
325
987
0
209
0
0
0
561
3969
323
150
0
555
0
0
104
239
52
2870
4644
2864
0
447
0
108
2922
147
484
0
63
0
0
0
0
0
236
239
1797
2862
0
409
0
0
3965
98
2868
0
4997
0
4654
317
552
60
0
390
0
0
0
239
251
3966
134
244
0
508
0
0
365
2860
56
0
0
230
175
482
0
86
139
0
2715
0
0
0
0
0
0
254
0
3970
2911
0
481
0
3963
0
4648
292
109
2714
0
0
0
769
117
3962
0
0
0
2714
332
99
0
167
0
2923
0
4999
450
144
987
4545
0
0
2715
4645
2710
72
0
1800
392
0
2863
0
161
0
0
4644
464
392
3914
0
3967
11
4649
0
2865
184
0
0
0
4644
0
488
327
2864
0
0
2867
24
3963
490
956
2715
129
322
3964
0
439
954
234
563
99
0
2909
3965
3963
389
164
0
1796
0
2125
0
555
0
0
2899
0
150
103
3964
109
0
4999
0
32
117
3961
3968
185
314
335
2907
2907
131
2866
139
2638
0
120
0
488
0
1800
987
2909
40
485
2869
3977
306
2909
83
0
0
217
148
30
341
0
139
101
2127
3964
0
396
0
3961
2714
0
0
0
2907
2911
2638
366
2711
0
3968
2861
2922
2923
0
0
0
68
801
0
2872
2717
2872
2715
4650
374
1799
3914
0
0
297
2899
2907
112
0
107
115
2906
0
4645
2715
125
111
2874
2907
102
0
572
0
2898
958
321
181
4644
0
4642
2864
3977
0
0
0
46
0
2716
22
0
423
188
477
800
580
33
408
0
0
0
2859
0
202
0
2922
0
489
3961
4545
0
123
492
0
2127
785
955
0
4648
109
139
0
2902
22
0
310
2716
38
0
0
2874
2863
2909
0
135
953
2711
2874
0
2642
0
957
480
0
0
0
117
0
0
229
204
147
0
10
175
4642
338
60
98
987
469
163
