10000000000000000000000000000000000000000000000000000000000000000000000
10000000000000000000000000000000000000000000000000000000000000000000001
10000000000000000000000000000000000000000000000000000000000000000000002
10000000000000000000000000000000000000000000000000000000000000000000003
1000000000000000000000000000000000000000000000000000000000000000000001
100000000000000000000000000000000000000000000000000000000000000000001
10000000000000000000000000000000000000000000000000000000000000000001
1000000000000000000000000000000000000000000000000000000000000000001
100000000000000000000000000000000000000000000000000000000000000001
10000000000000000000000000000000000000000000000000000000000000001
1000000000000000000000000000000000000000000000000000000000000001
100000000000000000000000000000000000000000000000000000000000001
10000000000000000000000000000000000000000000000000000000000001
1000000000000000000000000000000000000000000000000000000000001
100000000000000000000000000000000000000000000000000000000001
10000000000000000000000000000000000000000000000000000000001
1000000000000000000000000000000000000000000000000000000001
100000000000000000000000000000000000000000000000000000001
10000000000000000000000000000000000000000000000000000001
1000000000000000000000000000000000000000000000000000001
100000000000000000000000000000000000000000000000000001
10000000000000000000000000000000000000000000000000001
1000000000000000000000000000000000000000000000000001
100000000000000000000000000000000000000000000000001
10000000000000000000000000000000000000000000000001
1000000000000000000000000000000000000000000000001
100000000000000000000000000000000000000000000001
10000000000000000000000000000000000000000000001
1000000000000000000000000000000000000000000001
100000000000000000000000000000000000000000001
10000000000000000000000000000000000000000001
1000000000000000000000000000000000000000001
100000000000000000000000000000000000000001
10000000000000000000000000000000000000001
10000000000000000000000001
1000000000000000000000000100000000000
10000000000000000000000002
100000000000000000000001
1000000000000000000001
1000000000000000000001000000000000
100000000000000000000100000000000000000
1000000000000000000001000000000000001
100000000000000000000100000000000000100000
100000000000000000000100000000001
10000000000000000000010000000001
10000000000000000000010000000001000000000
1000000000000000000002
100000000000000000000200
1000000000000000000002000000000
10000000000000000000020000000000000000
1000000000000000000002000000000000001
10000000000000000000021
1000000000000000000002100
100000000000000000000210000000000000
1000000000000000000003
100000000000000000000300000000000000000
10000000000000000000030000000000001
1000000000000000000003000000000000100000
100000000000000000000300000001
1000000000000000000003000001
10000000000000000000030000010000000000000
100000000000000000000301
10000000000000000000030100000
1000000000000000000003010000000000
1000000000000000000003011
100000000000000000000301100000000000000000
100000000000000000000301100000000000001
100000000000000000000301101
1000000000000000000004
10000000000000000000040000
10000000000000000000040000000
1000000000000000000004000000000000
1000000000000000000004000001
100000000000000000001
10000000000000000001
1000000000000000001
100000000000000001
10000000000000001
1000000000000001
100000000000001
10000000000001
1000000000001
100000000001
10000000001
100000001
1000000010
100000002
10000001
1000001
10001
100010
10002
100020
10003
1001
101
101000
11
2
3
