218997
63535319
1
23901686
56089974
34534942
35315945
35488041
35636263
36544482
36959330
37635382
37800196
38018848
38086010
38723633
38907718
39089883
39946986
40503386
41233460
41854687
42638843
42717631
43221752
43991880
44776809
45373825
46130003
46749725
47508550
48200811
48553670
49181166
49615982
49539585
48832345
48375633
47389266
47059267
46373121
46282559
45981951
45698738
44920966
0
91
91
184
184
279
279
376
376
91
91
184
184
279
279
376
376
0
93
93
188
188
285
285
93
93
188
188
285
285
0
95
95
192
192
95
95
192
192
0
97
97
97
97
0
7856220
55947265
34488041
12815945
7368959
5725870
40534942
36638843
27150806
32000000
